You are now connected to database "tpch" as user "postgres".
SET
                                                   QUERY PLAN                                                    
-----------------------------------------------------------------------------------------------------------------
 Seq Scan on customer  (cost=0.00..5460.00 rows=13407 width=159) (actual time=0.410..152.391 rows=13559 loops=1)
   Filter: (c_acctbal < '-10'::numeric)
   Rows Removed by Filter: 136441
 Planning Time: 7.784 ms
 Execution Time: 154.016 ms
(5 rows)



You are now connected to database "tpch" as user "postgres".
SET
                                                   QUERY PLAN                                                    
-----------------------------------------------------------------------------------------------------------------
 Seq Scan on customer  (cost=0.00..5460.00 rows=13407 width=159) (actual time=0.282..122.922 rows=13559 loops=1)
   Filter: (c_acctbal < '-10'::numeric)
   Rows Removed by Filter: 136441
 Planning Time: 5.634 ms
 Execution Time: 124.508 ms
(5 rows)



You are now connected to database "tpch" as user "postgres".
SET
                                                   QUERY PLAN                                                    
-----------------------------------------------------------------------------------------------------------------
 Seq Scan on customer  (cost=0.00..5460.00 rows=13407 width=159) (actual time=0.429..135.171 rows=13559 loops=1)
   Filter: (c_acctbal < '-10'::numeric)
   Rows Removed by Filter: 136441
 Planning Time: 7.171 ms
 Execution Time: 136.794 ms
(5 rows)



You are now connected to database "tpch" as user "postgres".
SET
                                                   QUERY PLAN                                                    
-----------------------------------------------------------------------------------------------------------------
 Seq Scan on customer  (cost=0.00..5460.00 rows=13407 width=159) (actual time=0.385..101.284 rows=13559 loops=1)
   Filter: (c_acctbal < '-10'::numeric)
   Rows Removed by Filter: 136441
 Planning Time: 7.480 ms
 Execution Time: 102.796 ms
(5 rows)



You are now connected to database "tpch" as user "postgres".
SET
                                                   QUERY PLAN                                                    
-----------------------------------------------------------------------------------------------------------------
 Seq Scan on customer  (cost=0.00..5460.00 rows=13407 width=159) (actual time=0.448..141.093 rows=13559 loops=1)
   Filter: (c_acctbal < '-10'::numeric)
   Rows Removed by Filter: 136441
 Planning Time: 8.187 ms
 Execution Time: 142.938 ms
(5 rows)



