MongoDB shell version v4.4.10
connecting to: mongodb://mt-mongo-1:27011,mt-mongo-2:27012,mt-mongo-3:27013/?compressors=disabled&gssapiServiceName=mongodb&replicaSet=mt-exp-rs-001
Implicit session: session { "id" : UUID("5c237eb0-9ec0-49b7-9d7c-8c1387026977") }
MongoDB server version: 4.4.10
{
	"stages" : [
		{
			"$cursor" : {
				"queryPlanner" : {
					"plannerVersion" : 1,
					"namespace" : "tpch_mongo_3c.orders",
					"indexFilterSet" : false,
					"parsedQuery" : {
						"$and" : [
							{
								"o_orderdate" : {
									"$lt" : ISODate("1992-04-01T00:00:00Z")
								}
							},
							{
								"o_orderdate" : {
									"$gte" : ISODate("1992-01-01T00:00:00Z")
								}
							}
						]
					},
					"queryHash" : "9DFA955F",
					"planCacheKey" : "07D0F9DF",
					"winningPlan" : {
						"stage" : "PROJECTION_SIMPLE",
						"transformBy" : {
							"_id" : 1,
							"o_lineitems" : 1,
							"o_orderpriority" : 1
						},
						"inputStage" : {
							"stage" : "FETCH",
							"inputStage" : {
								"stage" : "IXSCAN",
								"keyPattern" : {
									"o_orderdate" : 1
								},
								"indexName" : "idx_o_orderdate",
								"isMultiKey" : false,
								"multiKeyPaths" : {
									"o_orderdate" : [ ]
								},
								"isUnique" : false,
								"isSparse" : false,
								"isPartial" : false,
								"indexVersion" : 2,
								"direction" : "forward",
								"indexBounds" : {
									"o_orderdate" : [
										"[new Date(694224000000), new Date(702086400000))"
									]
								}
							}
						}
					},
					"rejectedPlans" : [ ]
				},
				"executionStats" : {
					"executionSuccess" : true,
					"nReturned" : 56741,
					"executionTimeMillis" : 11641,
					"totalKeysExamined" : 56741,
					"totalDocsExamined" : 56741,
					"executionStages" : {
						"stage" : "PROJECTION_SIMPLE",
						"nReturned" : 56741,
						"executionTimeMillisEstimate" : 523,
						"works" : 56742,
						"advanced" : 56741,
						"needTime" : 0,
						"needYield" : 0,
						"saveState" : 66,
						"restoreState" : 66,
						"isEOF" : 1,
						"transformBy" : {
							"_id" : 1,
							"o_lineitems" : 1,
							"o_orderpriority" : 1
						},
						"inputStage" : {
							"stage" : "FETCH",
							"nReturned" : 56741,
							"executionTimeMillisEstimate" : 491,
							"works" : 56742,
							"advanced" : 56741,
							"needTime" : 0,
							"needYield" : 0,
							"saveState" : 66,
							"restoreState" : 66,
							"isEOF" : 1,
							"docsExamined" : 56741,
							"alreadyHasObj" : 0,
							"inputStage" : {
								"stage" : "IXSCAN",
								"nReturned" : 56741,
								"executionTimeMillisEstimate" : 23,
								"works" : 56742,
								"advanced" : 56741,
								"needTime" : 0,
								"needYield" : 0,
								"saveState" : 66,
								"restoreState" : 66,
								"isEOF" : 1,
								"keyPattern" : {
									"o_orderdate" : 1
								},
								"indexName" : "idx_o_orderdate",
								"isMultiKey" : false,
								"multiKeyPaths" : {
									"o_orderdate" : [ ]
								},
								"isUnique" : false,
								"isSparse" : false,
								"isPartial" : false,
								"indexVersion" : 2,
								"direction" : "forward",
								"indexBounds" : {
									"o_orderdate" : [
										"[new Date(694224000000), new Date(702086400000))"
									]
								},
								"keysExamined" : 56741,
								"seeks" : 1,
								"dupsTested" : 0,
								"dupsDropped" : 0
							}
						}
					},
					"allPlansExecution" : [ ]
				}
			},
			"nReturned" : NumberLong(56741),
			"executionTimeMillisEstimate" : NumberLong(715)
		},
		{
			"$lookup" : {
				"from" : "lineitem",
				"as" : "o_lineitems",
				"localField" : "_id",
				"foreignField" : "_id.l_orderkey"
			},
			"nReturned" : NumberLong(56741),
			"executionTimeMillisEstimate" : NumberLong(11580)
		},
		{
			"$project" : {
				"_id" : true,
				"orderpriority" : "$o_orderpriority",
				"lineitems" : {
					"$filter" : {
						"input" : "$o_lineitems",
						"as" : "l",
						"cond" : {
							"$lt" : [
								"$$l.l_commitdate",
								"$$l.l_receiptdate"
							]
						}
					}
				}
			},
			"nReturned" : NumberLong(56741),
			"executionTimeMillisEstimate" : NumberLong(11611)
		},
		{
			"$match" : {
				"lineitems" : {
					"$not" : {
						"$eq" : [ ]
					}
				}
			},
			"nReturned" : NumberLong(52002),
			"executionTimeMillisEstimate" : NumberLong(11638)
		},
		{
			"$group" : {
				"_id" : "$orderpriority",
				"order_count" : {
					"$sum" : {
						"$const" : 1
					}
				}
			},
			"nReturned" : NumberLong(5),
			"executionTimeMillisEstimate" : NumberLong(11639)
		},
		{
			"$sort" : {
				"sortKey" : {
					"_id" : 1
				}
			},
			"nReturned" : NumberLong(5),
			"executionTimeMillisEstimate" : NumberLong(11639)
		}
	],
	"serverInfo" : {
		"host" : "mt-mongo-2",
		"port" : 27012,
		"version" : "4.4.10",
		"gitVersion" : "58971da1ef93435a9f62bf4708a81713def6e88c"
	},
	"ok" : 1,
	"$clusterTime" : {
		"clusterTime" : Timestamp(1639537130, 4),
		"signature" : {
			"hash" : BinData(0,"AAAAAAAAAAAAAAAAAAAAAAAAAAA="),
			"keyId" : NumberLong(0)
		}
	},
	"operationTime" : Timestamp(1639537130, 4)
}


MongoDB shell version v4.4.10
connecting to: mongodb://mt-mongo-1:27011,mt-mongo-2:27012,mt-mongo-3:27013/?compressors=disabled&gssapiServiceName=mongodb&replicaSet=mt-exp-rs-001
Implicit session: session { "id" : UUID("42d9efee-147f-4c30-9845-5ede66b555c3") }
MongoDB server version: 4.4.10
{
	"stages" : [
		{
			"$cursor" : {
				"queryPlanner" : {
					"plannerVersion" : 1,
					"namespace" : "tpch_mongo_3c.orders",
					"indexFilterSet" : false,
					"parsedQuery" : {
						"$and" : [
							{
								"o_orderdate" : {
									"$lt" : ISODate("1992-04-01T00:00:00Z")
								}
							},
							{
								"o_orderdate" : {
									"$gte" : ISODate("1992-01-01T00:00:00Z")
								}
							}
						]
					},
					"queryHash" : "9DFA955F",
					"planCacheKey" : "07D0F9DF",
					"winningPlan" : {
						"stage" : "PROJECTION_SIMPLE",
						"transformBy" : {
							"_id" : 1,
							"o_lineitems" : 1,
							"o_orderpriority" : 1
						},
						"inputStage" : {
							"stage" : "FETCH",
							"inputStage" : {
								"stage" : "IXSCAN",
								"keyPattern" : {
									"o_orderdate" : 1
								},
								"indexName" : "idx_o_orderdate",
								"isMultiKey" : false,
								"multiKeyPaths" : {
									"o_orderdate" : [ ]
								},
								"isUnique" : false,
								"isSparse" : false,
								"isPartial" : false,
								"indexVersion" : 2,
								"direction" : "forward",
								"indexBounds" : {
									"o_orderdate" : [
										"[new Date(694224000000), new Date(702086400000))"
									]
								}
							}
						}
					},
					"rejectedPlans" : [ ]
				},
				"executionStats" : {
					"executionSuccess" : true,
					"nReturned" : 56741,
					"executionTimeMillis" : 12701,
					"totalKeysExamined" : 56741,
					"totalDocsExamined" : 56741,
					"executionStages" : {
						"stage" : "PROJECTION_SIMPLE",
						"nReturned" : 56741,
						"executionTimeMillisEstimate" : 396,
						"works" : 56742,
						"advanced" : 56741,
						"needTime" : 0,
						"needYield" : 0,
						"saveState" : 62,
						"restoreState" : 62,
						"isEOF" : 1,
						"transformBy" : {
							"_id" : 1,
							"o_lineitems" : 1,
							"o_orderpriority" : 1
						},
						"inputStage" : {
							"stage" : "FETCH",
							"nReturned" : 56741,
							"executionTimeMillisEstimate" : 390,
							"works" : 56742,
							"advanced" : 56741,
							"needTime" : 0,
							"needYield" : 0,
							"saveState" : 62,
							"restoreState" : 62,
							"isEOF" : 1,
							"docsExamined" : 56741,
							"alreadyHasObj" : 0,
							"inputStage" : {
								"stage" : "IXSCAN",
								"nReturned" : 56741,
								"executionTimeMillisEstimate" : 33,
								"works" : 56742,
								"advanced" : 56741,
								"needTime" : 0,
								"needYield" : 0,
								"saveState" : 62,
								"restoreState" : 62,
								"isEOF" : 1,
								"keyPattern" : {
									"o_orderdate" : 1
								},
								"indexName" : "idx_o_orderdate",
								"isMultiKey" : false,
								"multiKeyPaths" : {
									"o_orderdate" : [ ]
								},
								"isUnique" : false,
								"isSparse" : false,
								"isPartial" : false,
								"indexVersion" : 2,
								"direction" : "forward",
								"indexBounds" : {
									"o_orderdate" : [
										"[new Date(694224000000), new Date(702086400000))"
									]
								},
								"keysExamined" : 56741,
								"seeks" : 1,
								"dupsTested" : 0,
								"dupsDropped" : 0
							}
						}
					},
					"allPlansExecution" : [ ]
				}
			},
			"nReturned" : NumberLong(56741),
			"executionTimeMillisEstimate" : NumberLong(648)
		},
		{
			"$lookup" : {
				"from" : "lineitem",
				"as" : "o_lineitems",
				"localField" : "_id",
				"foreignField" : "_id.l_orderkey"
			},
			"nReturned" : NumberLong(56741),
			"executionTimeMillisEstimate" : NumberLong(12647)
		},
		{
			"$project" : {
				"_id" : true,
				"orderpriority" : "$o_orderpriority",
				"lineitems" : {
					"$filter" : {
						"input" : "$o_lineitems",
						"as" : "l",
						"cond" : {
							"$lt" : [
								"$$l.l_commitdate",
								"$$l.l_receiptdate"
							]
						}
					}
				}
			},
			"nReturned" : NumberLong(56741),
			"executionTimeMillisEstimate" : NumberLong(12676)
		},
		{
			"$match" : {
				"lineitems" : {
					"$not" : {
						"$eq" : [ ]
					}
				}
			},
			"nReturned" : NumberLong(52002),
			"executionTimeMillisEstimate" : NumberLong(12694)
		},
		{
			"$group" : {
				"_id" : "$orderpriority",
				"order_count" : {
					"$sum" : {
						"$const" : 1
					}
				}
			},
			"nReturned" : NumberLong(5),
			"executionTimeMillisEstimate" : NumberLong(12700)
		},
		{
			"$sort" : {
				"sortKey" : {
					"_id" : 1
				}
			},
			"nReturned" : NumberLong(5),
			"executionTimeMillisEstimate" : NumberLong(12700)
		}
	],
	"serverInfo" : {
		"host" : "mt-mongo-2",
		"port" : 27012,
		"version" : "4.4.10",
		"gitVersion" : "58971da1ef93435a9f62bf4708a81713def6e88c"
	},
	"ok" : 1,
	"$clusterTime" : {
		"clusterTime" : Timestamp(1639537233, 1),
		"signature" : {
			"hash" : BinData(0,"AAAAAAAAAAAAAAAAAAAAAAAAAAA="),
			"keyId" : NumberLong(0)
		}
	},
	"operationTime" : Timestamp(1639537233, 1)
}


MongoDB shell version v4.4.10
connecting to: mongodb://mt-mongo-1:27011,mt-mongo-2:27012,mt-mongo-3:27013/?compressors=disabled&gssapiServiceName=mongodb&replicaSet=mt-exp-rs-001
Implicit session: session { "id" : UUID("e3a84b8c-7d1b-46fe-a687-9ac226f9b214") }
MongoDB server version: 4.4.10
{
	"stages" : [
		{
			"$cursor" : {
				"queryPlanner" : {
					"plannerVersion" : 1,
					"namespace" : "tpch_mongo_3c.orders",
					"indexFilterSet" : false,
					"parsedQuery" : {
						"$and" : [
							{
								"o_orderdate" : {
									"$lt" : ISODate("1992-04-01T00:00:00Z")
								}
							},
							{
								"o_orderdate" : {
									"$gte" : ISODate("1992-01-01T00:00:00Z")
								}
							}
						]
					},
					"queryHash" : "9DFA955F",
					"planCacheKey" : "07D0F9DF",
					"winningPlan" : {
						"stage" : "PROJECTION_SIMPLE",
						"transformBy" : {
							"_id" : 1,
							"o_lineitems" : 1,
							"o_orderpriority" : 1
						},
						"inputStage" : {
							"stage" : "FETCH",
							"inputStage" : {
								"stage" : "IXSCAN",
								"keyPattern" : {
									"o_orderdate" : 1
								},
								"indexName" : "idx_o_orderdate",
								"isMultiKey" : false,
								"multiKeyPaths" : {
									"o_orderdate" : [ ]
								},
								"isUnique" : false,
								"isSparse" : false,
								"isPartial" : false,
								"indexVersion" : 2,
								"direction" : "forward",
								"indexBounds" : {
									"o_orderdate" : [
										"[new Date(694224000000), new Date(702086400000))"
									]
								}
							}
						}
					},
					"rejectedPlans" : [ ]
				},
				"executionStats" : {
					"executionSuccess" : true,
					"nReturned" : 56741,
					"executionTimeMillis" : 12448,
					"totalKeysExamined" : 56741,
					"totalDocsExamined" : 56741,
					"executionStages" : {
						"stage" : "PROJECTION_SIMPLE",
						"nReturned" : 56741,
						"executionTimeMillisEstimate" : 515,
						"works" : 56742,
						"advanced" : 56741,
						"needTime" : 0,
						"needYield" : 0,
						"saveState" : 65,
						"restoreState" : 65,
						"isEOF" : 1,
						"transformBy" : {
							"_id" : 1,
							"o_lineitems" : 1,
							"o_orderpriority" : 1
						},
						"inputStage" : {
							"stage" : "FETCH",
							"nReturned" : 56741,
							"executionTimeMillisEstimate" : 494,
							"works" : 56742,
							"advanced" : 56741,
							"needTime" : 0,
							"needYield" : 0,
							"saveState" : 65,
							"restoreState" : 65,
							"isEOF" : 1,
							"docsExamined" : 56741,
							"alreadyHasObj" : 0,
							"inputStage" : {
								"stage" : "IXSCAN",
								"nReturned" : 56741,
								"executionTimeMillisEstimate" : 37,
								"works" : 56742,
								"advanced" : 56741,
								"needTime" : 0,
								"needYield" : 0,
								"saveState" : 65,
								"restoreState" : 65,
								"isEOF" : 1,
								"keyPattern" : {
									"o_orderdate" : 1
								},
								"indexName" : "idx_o_orderdate",
								"isMultiKey" : false,
								"multiKeyPaths" : {
									"o_orderdate" : [ ]
								},
								"isUnique" : false,
								"isSparse" : false,
								"isPartial" : false,
								"indexVersion" : 2,
								"direction" : "forward",
								"indexBounds" : {
									"o_orderdate" : [
										"[new Date(694224000000), new Date(702086400000))"
									]
								},
								"keysExamined" : 56741,
								"seeks" : 1,
								"dupsTested" : 0,
								"dupsDropped" : 0
							}
						}
					},
					"allPlansExecution" : [ ]
				}
			},
			"nReturned" : NumberLong(56741),
			"executionTimeMillisEstimate" : NumberLong(717)
		},
		{
			"$lookup" : {
				"from" : "lineitem",
				"as" : "o_lineitems",
				"localField" : "_id",
				"foreignField" : "_id.l_orderkey"
			},
			"nReturned" : NumberLong(56741),
			"executionTimeMillisEstimate" : NumberLong(12378)
		},
		{
			"$project" : {
				"_id" : true,
				"orderpriority" : "$o_orderpriority",
				"lineitems" : {
					"$filter" : {
						"input" : "$o_lineitems",
						"as" : "l",
						"cond" : {
							"$lt" : [
								"$$l.l_commitdate",
								"$$l.l_receiptdate"
							]
						}
					}
				}
			},
			"nReturned" : NumberLong(56741),
			"executionTimeMillisEstimate" : NumberLong(12405)
		},
		{
			"$match" : {
				"lineitems" : {
					"$not" : {
						"$eq" : [ ]
					}
				}
			},
			"nReturned" : NumberLong(52002),
			"executionTimeMillisEstimate" : NumberLong(12441)
		},
		{
			"$group" : {
				"_id" : "$orderpriority",
				"order_count" : {
					"$sum" : {
						"$const" : 1
					}
				}
			},
			"nReturned" : NumberLong(5),
			"executionTimeMillisEstimate" : NumberLong(12446)
		},
		{
			"$sort" : {
				"sortKey" : {
					"_id" : 1
				}
			},
			"nReturned" : NumberLong(5),
			"executionTimeMillisEstimate" : NumberLong(12446)
		}
	],
	"serverInfo" : {
		"host" : "mt-mongo-2",
		"port" : 27012,
		"version" : "4.4.10",
		"gitVersion" : "58971da1ef93435a9f62bf4708a81713def6e88c"
	},
	"ok" : 1,
	"$clusterTime" : {
		"clusterTime" : Timestamp(1639537325, 1),
		"signature" : {
			"hash" : BinData(0,"AAAAAAAAAAAAAAAAAAAAAAAAAAA="),
			"keyId" : NumberLong(0)
		}
	},
	"operationTime" : Timestamp(1639537325, 1)
}


MongoDB shell version v4.4.10
connecting to: mongodb://mt-mongo-1:27011,mt-mongo-2:27012,mt-mongo-3:27013/?compressors=disabled&gssapiServiceName=mongodb&replicaSet=mt-exp-rs-001
Implicit session: session { "id" : UUID("6c86cb98-10e7-4d38-8c78-9e0f5b6f7412") }
MongoDB server version: 4.4.10
{
	"stages" : [
		{
			"$cursor" : {
				"queryPlanner" : {
					"plannerVersion" : 1,
					"namespace" : "tpch_mongo_3c.orders",
					"indexFilterSet" : false,
					"parsedQuery" : {
						"$and" : [
							{
								"o_orderdate" : {
									"$lt" : ISODate("1992-04-01T00:00:00Z")
								}
							},
							{
								"o_orderdate" : {
									"$gte" : ISODate("1992-01-01T00:00:00Z")
								}
							}
						]
					},
					"queryHash" : "9DFA955F",
					"planCacheKey" : "07D0F9DF",
					"winningPlan" : {
						"stage" : "PROJECTION_SIMPLE",
						"transformBy" : {
							"_id" : 1,
							"o_lineitems" : 1,
							"o_orderpriority" : 1
						},
						"inputStage" : {
							"stage" : "FETCH",
							"inputStage" : {
								"stage" : "IXSCAN",
								"keyPattern" : {
									"o_orderdate" : 1
								},
								"indexName" : "idx_o_orderdate",
								"isMultiKey" : false,
								"multiKeyPaths" : {
									"o_orderdate" : [ ]
								},
								"isUnique" : false,
								"isSparse" : false,
								"isPartial" : false,
								"indexVersion" : 2,
								"direction" : "forward",
								"indexBounds" : {
									"o_orderdate" : [
										"[new Date(694224000000), new Date(702086400000))"
									]
								}
							}
						}
					},
					"rejectedPlans" : [ ]
				},
				"executionStats" : {
					"executionSuccess" : true,
					"nReturned" : 56741,
					"executionTimeMillis" : 11156,
					"totalKeysExamined" : 56741,
					"totalDocsExamined" : 56741,
					"executionStages" : {
						"stage" : "PROJECTION_SIMPLE",
						"nReturned" : 56741,
						"executionTimeMillisEstimate" : 439,
						"works" : 56742,
						"advanced" : 56741,
						"needTime" : 0,
						"needYield" : 0,
						"saveState" : 64,
						"restoreState" : 64,
						"isEOF" : 1,
						"transformBy" : {
							"_id" : 1,
							"o_lineitems" : 1,
							"o_orderpriority" : 1
						},
						"inputStage" : {
							"stage" : "FETCH",
							"nReturned" : 56741,
							"executionTimeMillisEstimate" : 427,
							"works" : 56742,
							"advanced" : 56741,
							"needTime" : 0,
							"needYield" : 0,
							"saveState" : 64,
							"restoreState" : 64,
							"isEOF" : 1,
							"docsExamined" : 56741,
							"alreadyHasObj" : 0,
							"inputStage" : {
								"stage" : "IXSCAN",
								"nReturned" : 56741,
								"executionTimeMillisEstimate" : 26,
								"works" : 56742,
								"advanced" : 56741,
								"needTime" : 0,
								"needYield" : 0,
								"saveState" : 64,
								"restoreState" : 64,
								"isEOF" : 1,
								"keyPattern" : {
									"o_orderdate" : 1
								},
								"indexName" : "idx_o_orderdate",
								"isMultiKey" : false,
								"multiKeyPaths" : {
									"o_orderdate" : [ ]
								},
								"isUnique" : false,
								"isSparse" : false,
								"isPartial" : false,
								"indexVersion" : 2,
								"direction" : "forward",
								"indexBounds" : {
									"o_orderdate" : [
										"[new Date(694224000000), new Date(702086400000))"
									]
								},
								"keysExamined" : 56741,
								"seeks" : 1,
								"dupsTested" : 0,
								"dupsDropped" : 0
							}
						}
					},
					"allPlansExecution" : [ ]
				}
			},
			"nReturned" : NumberLong(56741),
			"executionTimeMillisEstimate" : NumberLong(671)
		},
		{
			"$lookup" : {
				"from" : "lineitem",
				"as" : "o_lineitems",
				"localField" : "_id",
				"foreignField" : "_id.l_orderkey"
			},
			"nReturned" : NumberLong(56741),
			"executionTimeMillisEstimate" : NumberLong(11100)
		},
		{
			"$project" : {
				"_id" : true,
				"orderpriority" : "$o_orderpriority",
				"lineitems" : {
					"$filter" : {
						"input" : "$o_lineitems",
						"as" : "l",
						"cond" : {
							"$lt" : [
								"$$l.l_commitdate",
								"$$l.l_receiptdate"
							]
						}
					}
				}
			},
			"nReturned" : NumberLong(56741),
			"executionTimeMillisEstimate" : NumberLong(11123)
		},
		{
			"$match" : {
				"lineitems" : {
					"$not" : {
						"$eq" : [ ]
					}
				}
			},
			"nReturned" : NumberLong(52002),
			"executionTimeMillisEstimate" : NumberLong(11147)
		},
		{
			"$group" : {
				"_id" : "$orderpriority",
				"order_count" : {
					"$sum" : {
						"$const" : 1
					}
				}
			},
			"nReturned" : NumberLong(5),
			"executionTimeMillisEstimate" : NumberLong(11154)
		},
		{
			"$sort" : {
				"sortKey" : {
					"_id" : 1
				}
			},
			"nReturned" : NumberLong(5),
			"executionTimeMillisEstimate" : NumberLong(11154)
		}
	],
	"serverInfo" : {
		"host" : "mt-mongo-3",
		"port" : 27013,
		"version" : "4.4.10",
		"gitVersion" : "58971da1ef93435a9f62bf4708a81713def6e88c"
	},
	"ok" : 1,
	"$clusterTime" : {
		"clusterTime" : Timestamp(1639537403, 3),
		"signature" : {
			"hash" : BinData(0,"AAAAAAAAAAAAAAAAAAAAAAAAAAA="),
			"keyId" : NumberLong(0)
		}
	},
	"operationTime" : Timestamp(1639537403, 3)
}


MongoDB shell version v4.4.10
connecting to: mongodb://mt-mongo-1:27011,mt-mongo-2:27012,mt-mongo-3:27013/?compressors=disabled&gssapiServiceName=mongodb&replicaSet=mt-exp-rs-001
Implicit session: session { "id" : UUID("aedbbf9d-0dab-4738-8c0a-53cb20925937") }
MongoDB server version: 4.4.10
{
	"stages" : [
		{
			"$cursor" : {
				"queryPlanner" : {
					"plannerVersion" : 1,
					"namespace" : "tpch_mongo_3c.orders",
					"indexFilterSet" : false,
					"parsedQuery" : {
						"$and" : [
							{
								"o_orderdate" : {
									"$lt" : ISODate("1992-04-01T00:00:00Z")
								}
							},
							{
								"o_orderdate" : {
									"$gte" : ISODate("1992-01-01T00:00:00Z")
								}
							}
						]
					},
					"queryHash" : "9DFA955F",
					"planCacheKey" : "07D0F9DF",
					"winningPlan" : {
						"stage" : "PROJECTION_SIMPLE",
						"transformBy" : {
							"_id" : 1,
							"o_lineitems" : 1,
							"o_orderpriority" : 1
						},
						"inputStage" : {
							"stage" : "FETCH",
							"inputStage" : {
								"stage" : "IXSCAN",
								"keyPattern" : {
									"o_orderdate" : 1
								},
								"indexName" : "idx_o_orderdate",
								"isMultiKey" : false,
								"multiKeyPaths" : {
									"o_orderdate" : [ ]
								},
								"isUnique" : false,
								"isSparse" : false,
								"isPartial" : false,
								"indexVersion" : 2,
								"direction" : "forward",
								"indexBounds" : {
									"o_orderdate" : [
										"[new Date(694224000000), new Date(702086400000))"
									]
								}
							}
						}
					},
					"rejectedPlans" : [ ]
				},
				"executionStats" : {
					"executionSuccess" : true,
					"nReturned" : 56741,
					"executionTimeMillis" : 11309,
					"totalKeysExamined" : 56741,
					"totalDocsExamined" : 56741,
					"executionStages" : {
						"stage" : "PROJECTION_SIMPLE",
						"nReturned" : 56741,
						"executionTimeMillisEstimate" : 428,
						"works" : 56742,
						"advanced" : 56741,
						"needTime" : 0,
						"needYield" : 0,
						"saveState" : 62,
						"restoreState" : 62,
						"isEOF" : 1,
						"transformBy" : {
							"_id" : 1,
							"o_lineitems" : 1,
							"o_orderpriority" : 1
						},
						"inputStage" : {
							"stage" : "FETCH",
							"nReturned" : 56741,
							"executionTimeMillisEstimate" : 420,
							"works" : 56742,
							"advanced" : 56741,
							"needTime" : 0,
							"needYield" : 0,
							"saveState" : 62,
							"restoreState" : 62,
							"isEOF" : 1,
							"docsExamined" : 56741,
							"alreadyHasObj" : 0,
							"inputStage" : {
								"stage" : "IXSCAN",
								"nReturned" : 56741,
								"executionTimeMillisEstimate" : 28,
								"works" : 56742,
								"advanced" : 56741,
								"needTime" : 0,
								"needYield" : 0,
								"saveState" : 62,
								"restoreState" : 62,
								"isEOF" : 1,
								"keyPattern" : {
									"o_orderdate" : 1
								},
								"indexName" : "idx_o_orderdate",
								"isMultiKey" : false,
								"multiKeyPaths" : {
									"o_orderdate" : [ ]
								},
								"isUnique" : false,
								"isSparse" : false,
								"isPartial" : false,
								"indexVersion" : 2,
								"direction" : "forward",
								"indexBounds" : {
									"o_orderdate" : [
										"[new Date(694224000000), new Date(702086400000))"
									]
								},
								"keysExamined" : 56741,
								"seeks" : 1,
								"dupsTested" : 0,
								"dupsDropped" : 0
							}
						}
					},
					"allPlansExecution" : [ ]
				}
			},
			"nReturned" : NumberLong(56741),
			"executionTimeMillisEstimate" : NumberLong(598)
		},
		{
			"$lookup" : {
				"from" : "lineitem",
				"as" : "o_lineitems",
				"localField" : "_id",
				"foreignField" : "_id.l_orderkey"
			},
			"nReturned" : NumberLong(56741),
			"executionTimeMillisEstimate" : NumberLong(11265)
		},
		{
			"$project" : {
				"_id" : true,
				"orderpriority" : "$o_orderpriority",
				"lineitems" : {
					"$filter" : {
						"input" : "$o_lineitems",
						"as" : "l",
						"cond" : {
							"$lt" : [
								"$$l.l_commitdate",
								"$$l.l_receiptdate"
							]
						}
					}
				}
			},
			"nReturned" : NumberLong(56741),
			"executionTimeMillisEstimate" : NumberLong(11281)
		},
		{
			"$match" : {
				"lineitems" : {
					"$not" : {
						"$eq" : [ ]
					}
				}
			},
			"nReturned" : NumberLong(52002),
			"executionTimeMillisEstimate" : NumberLong(11301)
		},
		{
			"$group" : {
				"_id" : "$orderpriority",
				"order_count" : {
					"$sum" : {
						"$const" : 1
					}
				}
			},
			"nReturned" : NumberLong(5),
			"executionTimeMillisEstimate" : NumberLong(11306)
		},
		{
			"$sort" : {
				"sortKey" : {
					"_id" : 1
				}
			},
			"nReturned" : NumberLong(5),
			"executionTimeMillisEstimate" : NumberLong(11306)
		}
	],
	"serverInfo" : {
		"host" : "mt-mongo-1",
		"port" : 27011,
		"version" : "4.4.10",
		"gitVersion" : "58971da1ef93435a9f62bf4708a81713def6e88c"
	},
	"ok" : 1,
	"$clusterTime" : {
		"clusterTime" : Timestamp(1639537503, 1),
		"signature" : {
			"hash" : BinData(0,"AAAAAAAAAAAAAAAAAAAAAAAAAAA="),
			"keyId" : NumberLong(0)
		}
	},
	"operationTime" : Timestamp(1639537503, 1)
}


