MongoDB shell version v4.4.10
connecting to: mongodb://mt-mongo-1:27011,mt-mongo-2:27012,mt-mongo-3:27013/?compressors=disabled&gssapiServiceName=mongodb&replicaSet=mt-exp-rs-001
Implicit session: session { "id" : UUID("b350b75f-267e-42dc-b5ad-a2d8ae6558de") }
MongoDB server version: 4.4.10
{
	"queryPlanner" : {
		"plannerVersion" : 1,
		"namespace" : "tpch_mongo_3c.customer",
		"indexFilterSet" : false,
		"parsedQuery" : {
			"c_acctbal" : {
				"$lt" : -10
			}
		},
		"optimizedPipeline" : true,
		"winningPlan" : {
			"stage" : "COLLSCAN",
			"filter" : {
				"c_acctbal" : {
					"$lt" : -10
				}
			},
			"direction" : "forward"
		},
		"rejectedPlans" : [ ]
	},
	"executionStats" : {
		"executionSuccess" : true,
		"nReturned" : 13559,
		"executionTimeMillis" : 209,
		"totalKeysExamined" : 0,
		"totalDocsExamined" : 150000,
		"executionStages" : {
			"stage" : "COLLSCAN",
			"filter" : {
				"c_acctbal" : {
					"$lt" : -10
				}
			},
			"nReturned" : 13559,
			"executionTimeMillisEstimate" : 38,
			"works" : 150002,
			"advanced" : 13559,
			"needTime" : 136442,
			"needYield" : 0,
			"saveState" : 150,
			"restoreState" : 150,
			"isEOF" : 1,
			"direction" : "forward",
			"docsExamined" : 150000
		},
		"allPlansExecution" : [ ]
	},
	"serverInfo" : {
		"host" : "mt-mongo-2",
		"port" : 27012,
		"version" : "4.4.10",
		"gitVersion" : "58971da1ef93435a9f62bf4708a81713def6e88c"
	},
	"ok" : 1,
	"$clusterTime" : {
		"clusterTime" : Timestamp(1639476404, 2),
		"signature" : {
			"hash" : BinData(0,"AAAAAAAAAAAAAAAAAAAAAAAAAAA="),
			"keyId" : NumberLong(0)
		}
	},
	"operationTime" : Timestamp(1639476404, 2)
}


MongoDB shell version v4.4.10
connecting to: mongodb://mt-mongo-1:27011,mt-mongo-2:27012,mt-mongo-3:27013/?compressors=disabled&gssapiServiceName=mongodb&replicaSet=mt-exp-rs-001
Implicit session: session { "id" : UUID("260e33ef-abc3-4403-b69d-82d96362ca34") }
MongoDB server version: 4.4.10
{
	"queryPlanner" : {
		"plannerVersion" : 1,
		"namespace" : "tpch_mongo_3c.customer",
		"indexFilterSet" : false,
		"parsedQuery" : {
			"c_acctbal" : {
				"$lt" : -10
			}
		},
		"optimizedPipeline" : true,
		"winningPlan" : {
			"stage" : "COLLSCAN",
			"filter" : {
				"c_acctbal" : {
					"$lt" : -10
				}
			},
			"direction" : "forward"
		},
		"rejectedPlans" : [ ]
	},
	"executionStats" : {
		"executionSuccess" : true,
		"nReturned" : 13559,
		"executionTimeMillis" : 251,
		"totalKeysExamined" : 0,
		"totalDocsExamined" : 150000,
		"executionStages" : {
			"stage" : "COLLSCAN",
			"filter" : {
				"c_acctbal" : {
					"$lt" : -10
				}
			},
			"nReturned" : 13559,
			"executionTimeMillisEstimate" : 38,
			"works" : 150002,
			"advanced" : 13559,
			"needTime" : 136442,
			"needYield" : 0,
			"saveState" : 150,
			"restoreState" : 150,
			"isEOF" : 1,
			"direction" : "forward",
			"docsExamined" : 150000
		},
		"allPlansExecution" : [ ]
	},
	"serverInfo" : {
		"host" : "mt-mongo-1",
		"port" : 27011,
		"version" : "4.4.10",
		"gitVersion" : "58971da1ef93435a9f62bf4708a81713def6e88c"
	},
	"ok" : 1,
	"$clusterTime" : {
		"clusterTime" : Timestamp(1639476445, 2),
		"signature" : {
			"hash" : BinData(0,"AAAAAAAAAAAAAAAAAAAAAAAAAAA="),
			"keyId" : NumberLong(0)
		}
	},
	"operationTime" : Timestamp(1639476445, 2)
}


MongoDB shell version v4.4.10
connecting to: mongodb://mt-mongo-1:27011,mt-mongo-2:27012,mt-mongo-3:27013/?compressors=disabled&gssapiServiceName=mongodb&replicaSet=mt-exp-rs-001
Implicit session: session { "id" : UUID("5f364806-64b2-4a35-9216-fd0bddd5467b") }
MongoDB server version: 4.4.10
{
	"queryPlanner" : {
		"plannerVersion" : 1,
		"namespace" : "tpch_mongo_3c.customer",
		"indexFilterSet" : false,
		"parsedQuery" : {
			"c_acctbal" : {
				"$lt" : -10
			}
		},
		"optimizedPipeline" : true,
		"winningPlan" : {
			"stage" : "COLLSCAN",
			"filter" : {
				"c_acctbal" : {
					"$lt" : -10
				}
			},
			"direction" : "forward"
		},
		"rejectedPlans" : [ ]
	},
	"executionStats" : {
		"executionSuccess" : true,
		"nReturned" : 13559,
		"executionTimeMillis" : 206,
		"totalKeysExamined" : 0,
		"totalDocsExamined" : 150000,
		"executionStages" : {
			"stage" : "COLLSCAN",
			"filter" : {
				"c_acctbal" : {
					"$lt" : -10
				}
			},
			"nReturned" : 13559,
			"executionTimeMillisEstimate" : 32,
			"works" : 150002,
			"advanced" : 13559,
			"needTime" : 136442,
			"needYield" : 0,
			"saveState" : 150,
			"restoreState" : 150,
			"isEOF" : 1,
			"direction" : "forward",
			"docsExamined" : 150000
		},
		"allPlansExecution" : [ ]
	},
	"serverInfo" : {
		"host" : "mt-mongo-2",
		"port" : 27012,
		"version" : "4.4.10",
		"gitVersion" : "58971da1ef93435a9f62bf4708a81713def6e88c"
	},
	"ok" : 1,
	"$clusterTime" : {
		"clusterTime" : Timestamp(1639476487, 2),
		"signature" : {
			"hash" : BinData(0,"AAAAAAAAAAAAAAAAAAAAAAAAAAA="),
			"keyId" : NumberLong(0)
		}
	},
	"operationTime" : Timestamp(1639476487, 2)
}


MongoDB shell version v4.4.10
connecting to: mongodb://mt-mongo-1:27011,mt-mongo-2:27012,mt-mongo-3:27013/?compressors=disabled&gssapiServiceName=mongodb&replicaSet=mt-exp-rs-001
Implicit session: session { "id" : UUID("6f3af896-c25f-461c-809d-3ff0411d8bd2") }
MongoDB server version: 4.4.10
{
	"queryPlanner" : {
		"plannerVersion" : 1,
		"namespace" : "tpch_mongo_3c.customer",
		"indexFilterSet" : false,
		"parsedQuery" : {
			"c_acctbal" : {
				"$lt" : -10
			}
		},
		"optimizedPipeline" : true,
		"winningPlan" : {
			"stage" : "COLLSCAN",
			"filter" : {
				"c_acctbal" : {
					"$lt" : -10
				}
			},
			"direction" : "forward"
		},
		"rejectedPlans" : [ ]
	},
	"executionStats" : {
		"executionSuccess" : true,
		"nReturned" : 13559,
		"executionTimeMillis" : 220,
		"totalKeysExamined" : 0,
		"totalDocsExamined" : 150000,
		"executionStages" : {
			"stage" : "COLLSCAN",
			"filter" : {
				"c_acctbal" : {
					"$lt" : -10
				}
			},
			"nReturned" : 13559,
			"executionTimeMillisEstimate" : 47,
			"works" : 150002,
			"advanced" : 13559,
			"needTime" : 136442,
			"needYield" : 0,
			"saveState" : 150,
			"restoreState" : 150,
			"isEOF" : 1,
			"direction" : "forward",
			"docsExamined" : 150000
		},
		"allPlansExecution" : [ ]
	},
	"serverInfo" : {
		"host" : "mt-mongo-3",
		"port" : 27013,
		"version" : "4.4.10",
		"gitVersion" : "58971da1ef93435a9f62bf4708a81713def6e88c"
	},
	"ok" : 1,
	"$clusterTime" : {
		"clusterTime" : Timestamp(1639476523, 2),
		"signature" : {
			"hash" : BinData(0,"AAAAAAAAAAAAAAAAAAAAAAAAAAA="),
			"keyId" : NumberLong(0)
		}
	},
	"operationTime" : Timestamp(1639476523, 2)
}


MongoDB shell version v4.4.10
connecting to: mongodb://mt-mongo-1:27011,mt-mongo-2:27012,mt-mongo-3:27013/?compressors=disabled&gssapiServiceName=mongodb&replicaSet=mt-exp-rs-001
Implicit session: session { "id" : UUID("3e7f4253-9c12-422a-823f-82114bd75739") }
MongoDB server version: 4.4.10
{
	"queryPlanner" : {
		"plannerVersion" : 1,
		"namespace" : "tpch_mongo_3c.customer",
		"indexFilterSet" : false,
		"parsedQuery" : {
			"c_acctbal" : {
				"$lt" : -10
			}
		},
		"optimizedPipeline" : true,
		"winningPlan" : {
			"stage" : "COLLSCAN",
			"filter" : {
				"c_acctbal" : {
					"$lt" : -10
				}
			},
			"direction" : "forward"
		},
		"rejectedPlans" : [ ]
	},
	"executionStats" : {
		"executionSuccess" : true,
		"nReturned" : 13559,
		"executionTimeMillis" : 263,
		"totalKeysExamined" : 0,
		"totalDocsExamined" : 150000,
		"executionStages" : {
			"stage" : "COLLSCAN",
			"filter" : {
				"c_acctbal" : {
					"$lt" : -10
				}
			},
			"nReturned" : 13559,
			"executionTimeMillisEstimate" : 49,
			"works" : 150002,
			"advanced" : 13559,
			"needTime" : 136442,
			"needYield" : 0,
			"saveState" : 150,
			"restoreState" : 150,
			"isEOF" : 1,
			"direction" : "forward",
			"docsExamined" : 150000
		},
		"allPlansExecution" : [ ]
	},
	"serverInfo" : {
		"host" : "mt-mongo-1",
		"port" : 27011,
		"version" : "4.4.10",
		"gitVersion" : "58971da1ef93435a9f62bf4708a81713def6e88c"
	},
	"ok" : 1,
	"$clusterTime" : {
		"clusterTime" : Timestamp(1639476558, 1),
		"signature" : {
			"hash" : BinData(0,"AAAAAAAAAAAAAAAAAAAAAAAAAAA="),
			"keyId" : NumberLong(0)
		}
	},
	"operationTime" : Timestamp(1639476558, 1)
}


