MongoDB shell version v4.4.10
connecting to: mongodb://mt-mongo-1:27011,mt-mongo-2:27012,mt-mongo-3:27013/?compressors=disabled&gssapiServiceName=mongodb&replicaSet=mt-exp-rs-001
Implicit session: session { "id" : UUID("b0c8f531-cd96-4823-93d5-5ec1e68e5a8d") }
MongoDB server version: 4.4.10
{
	"stages" : [
		{
			"$cursor" : {
				"queryPlanner" : {
					"plannerVersion" : 1,
					"namespace" : "tpch_mongo_1c.scale1",
					"indexFilterSet" : false,
					"parsedQuery" : {
						"c_mktsegment" : {
							"$eq" : "AUTOMOBILE"
						}
					},
					"queryHash" : "A133A489",
					"planCacheKey" : "E485CD54",
					"winningPlan" : {
						"stage" : "PROJECTION_DEFAULT",
						"transformBy" : {
							"_id" : true,
							"c_mktsegment" : true,
							"c_orders" : {
								"$filter" : {
									"input" : "$c_orders",
									"as" : "o",
									"cond" : {
										"$lt" : [
											"$$o.o_orderdate",
											{
												"$const" : ISODate("1992-01-02T00:00:00Z")
											}
										]
									}
								}
							}
						},
						"inputStage" : {
							"stage" : "FETCH",
							"inputStage" : {
								"stage" : "IXSCAN",
								"keyPattern" : {
									"c_mktsegment" : 1
								},
								"indexName" : "idx_c_mktsegment",
								"isMultiKey" : false,
								"multiKeyPaths" : {
									"c_mktsegment" : [ ]
								},
								"isUnique" : false,
								"isSparse" : false,
								"isPartial" : false,
								"indexVersion" : 2,
								"direction" : "forward",
								"indexBounds" : {
									"c_mktsegment" : [
										"[\"AUTOMOBILE\", \"AUTOMOBILE\"]"
									]
								}
							}
						}
					},
					"rejectedPlans" : [ ]
				},
				"executionStats" : {
					"executionSuccess" : true,
					"nReturned" : 29752,
					"executionTimeMillis" : 631,
					"totalKeysExamined" : 29752,
					"totalDocsExamined" : 29752,
					"executionStages" : {
						"stage" : "PROJECTION_DEFAULT",
						"nReturned" : 29752,
						"executionTimeMillisEstimate" : 538,
						"works" : 29753,
						"advanced" : 29752,
						"needTime" : 0,
						"needYield" : 0,
						"saveState" : 42,
						"restoreState" : 42,
						"isEOF" : 1,
						"transformBy" : {
							"_id" : true,
							"c_mktsegment" : true,
							"c_orders" : {
								"$filter" : {
									"input" : "$c_orders",
									"as" : "o",
									"cond" : {
										"$lt" : [
											"$$o.o_orderdate",
											{
												"$const" : ISODate("1992-01-02T00:00:00Z")
											}
										]
									}
								}
							}
						},
						"inputStage" : {
							"stage" : "FETCH",
							"nReturned" : 29752,
							"executionTimeMillisEstimate" : 185,
							"works" : 29753,
							"advanced" : 29752,
							"needTime" : 0,
							"needYield" : 0,
							"saveState" : 42,
							"restoreState" : 42,
							"isEOF" : 1,
							"docsExamined" : 29752,
							"alreadyHasObj" : 0,
							"inputStage" : {
								"stage" : "IXSCAN",
								"nReturned" : 29752,
								"executionTimeMillisEstimate" : 10,
								"works" : 29753,
								"advanced" : 29752,
								"needTime" : 0,
								"needYield" : 0,
								"saveState" : 42,
								"restoreState" : 42,
								"isEOF" : 1,
								"keyPattern" : {
									"c_mktsegment" : 1
								},
								"indexName" : "idx_c_mktsegment",
								"isMultiKey" : false,
								"multiKeyPaths" : {
									"c_mktsegment" : [ ]
								},
								"isUnique" : false,
								"isSparse" : false,
								"isPartial" : false,
								"indexVersion" : 2,
								"direction" : "forward",
								"indexBounds" : {
									"c_mktsegment" : [
										"[\"AUTOMOBILE\", \"AUTOMOBILE\"]"
									]
								},
								"keysExamined" : 29752,
								"seeks" : 1,
								"dupsTested" : 0,
								"dupsDropped" : 0
							}
						}
					},
					"allPlansExecution" : [ ]
				}
			},
			"nReturned" : NumberLong(29752),
			"executionTimeMillisEstimate" : NumberLong(618)
		},
		{
			"$unwind" : {
				"path" : "$c_orders"
			},
			"nReturned" : NumberLong(113),
			"executionTimeMillisEstimate" : NumberLong(628)
		},
		{
			"$project" : {
				"_id" : true,
				"o_orderkey" : "$c_orders.o_orderkey",
				"o_orderdate" : "$c_orders.o_orderdate",
				"o_shippriority" : "$c_orders.o_shippriority",
				"lineitems" : "$c_orders.o_lineitems"
			},
			"nReturned" : NumberLong(113),
			"executionTimeMillisEstimate" : NumberLong(628)
		},
		{
			"$unwind" : {
				"path" : "$lineitems"
			},
			"nReturned" : NumberLong(440),
			"executionTimeMillisEstimate" : NumberLong(628)
		},
		{
			"$match" : {
				"lineitems.l_shipdate" : {
					"$gt" : ISODate("1992-01-02T00:00:00Z")
				}
			},
			"nReturned" : NumberLong(439),
			"executionTimeMillisEstimate" : NumberLong(628)
		},
		{
			"$group" : {
				"_id" : {
					"l_orderkey" : "$o_orderkey",
					"o_orderdate" : "$o_orderdate",
					"o_shippriority" : "$o_shippriority"
				},
				"revenue" : {
					"$sum" : {
						"$multiply" : [
							"$lineitems.l_extendedprice",
							{
								"$subtract" : [
									{
										"$const" : 1
									},
									"$lineitems.l_discount"
								]
							}
						]
					}
				}
			},
			"nReturned" : NumberLong(113),
			"executionTimeMillisEstimate" : NumberLong(628)
		},
		{
			"$sort" : {
				"sortKey" : {
					"revenue" : -1,
					"_id.o_orderdate" : 1
				},
				"limit" : NumberLong(10)
			},
			"nReturned" : NumberLong(10),
			"executionTimeMillisEstimate" : NumberLong(628)
		}
	],
	"serverInfo" : {
		"host" : "mt-mongo-3",
		"port" : 27013,
		"version" : "4.4.10",
		"gitVersion" : "58971da1ef93435a9f62bf4708a81713def6e88c"
	},
	"ok" : 1,
	"$clusterTime" : {
		"clusterTime" : Timestamp(1639532188, 5),
		"signature" : {
			"hash" : BinData(0,"AAAAAAAAAAAAAAAAAAAAAAAAAAA="),
			"keyId" : NumberLong(0)
		}
	},
	"operationTime" : Timestamp(1639532188, 5)
}


MongoDB shell version v4.4.10
connecting to: mongodb://mt-mongo-1:27011,mt-mongo-2:27012,mt-mongo-3:27013/?compressors=disabled&gssapiServiceName=mongodb&replicaSet=mt-exp-rs-001
Implicit session: session { "id" : UUID("7c08d1d0-f513-4998-ae59-8d14ad10946d") }
MongoDB server version: 4.4.10
{
	"stages" : [
		{
			"$cursor" : {
				"queryPlanner" : {
					"plannerVersion" : 1,
					"namespace" : "tpch_mongo_1c.scale1",
					"indexFilterSet" : false,
					"parsedQuery" : {
						"c_mktsegment" : {
							"$eq" : "AUTOMOBILE"
						}
					},
					"queryHash" : "A133A489",
					"planCacheKey" : "E485CD54",
					"winningPlan" : {
						"stage" : "PROJECTION_DEFAULT",
						"transformBy" : {
							"_id" : true,
							"c_mktsegment" : true,
							"c_orders" : {
								"$filter" : {
									"input" : "$c_orders",
									"as" : "o",
									"cond" : {
										"$lt" : [
											"$$o.o_orderdate",
											{
												"$const" : ISODate("1992-01-02T00:00:00Z")
											}
										]
									}
								}
							}
						},
						"inputStage" : {
							"stage" : "FETCH",
							"inputStage" : {
								"stage" : "IXSCAN",
								"keyPattern" : {
									"c_mktsegment" : 1
								},
								"indexName" : "idx_c_mktsegment",
								"isMultiKey" : false,
								"multiKeyPaths" : {
									"c_mktsegment" : [ ]
								},
								"isUnique" : false,
								"isSparse" : false,
								"isPartial" : false,
								"indexVersion" : 2,
								"direction" : "forward",
								"indexBounds" : {
									"c_mktsegment" : [
										"[\"AUTOMOBILE\", \"AUTOMOBILE\"]"
									]
								}
							}
						}
					},
					"rejectedPlans" : [ ]
				},
				"executionStats" : {
					"executionSuccess" : true,
					"nReturned" : 29752,
					"executionTimeMillis" : 668,
					"totalKeysExamined" : 29752,
					"totalDocsExamined" : 29752,
					"executionStages" : {
						"stage" : "PROJECTION_DEFAULT",
						"nReturned" : 29752,
						"executionTimeMillisEstimate" : 544,
						"works" : 29753,
						"advanced" : 29752,
						"needTime" : 0,
						"needYield" : 0,
						"saveState" : 43,
						"restoreState" : 43,
						"isEOF" : 1,
						"transformBy" : {
							"_id" : true,
							"c_mktsegment" : true,
							"c_orders" : {
								"$filter" : {
									"input" : "$c_orders",
									"as" : "o",
									"cond" : {
										"$lt" : [
											"$$o.o_orderdate",
											{
												"$const" : ISODate("1992-01-02T00:00:00Z")
											}
										]
									}
								}
							}
						},
						"inputStage" : {
							"stage" : "FETCH",
							"nReturned" : 29752,
							"executionTimeMillisEstimate" : 272,
							"works" : 29753,
							"advanced" : 29752,
							"needTime" : 0,
							"needYield" : 0,
							"saveState" : 43,
							"restoreState" : 43,
							"isEOF" : 1,
							"docsExamined" : 29752,
							"alreadyHasObj" : 0,
							"inputStage" : {
								"stage" : "IXSCAN",
								"nReturned" : 29752,
								"executionTimeMillisEstimate" : 56,
								"works" : 29753,
								"advanced" : 29752,
								"needTime" : 0,
								"needYield" : 0,
								"saveState" : 43,
								"restoreState" : 43,
								"isEOF" : 1,
								"keyPattern" : {
									"c_mktsegment" : 1
								},
								"indexName" : "idx_c_mktsegment",
								"isMultiKey" : false,
								"multiKeyPaths" : {
									"c_mktsegment" : [ ]
								},
								"isUnique" : false,
								"isSparse" : false,
								"isPartial" : false,
								"indexVersion" : 2,
								"direction" : "forward",
								"indexBounds" : {
									"c_mktsegment" : [
										"[\"AUTOMOBILE\", \"AUTOMOBILE\"]"
									]
								},
								"keysExamined" : 29752,
								"seeks" : 1,
								"dupsTested" : 0,
								"dupsDropped" : 0
							}
						}
					},
					"allPlansExecution" : [ ]
				}
			},
			"nReturned" : NumberLong(29752),
			"executionTimeMillisEstimate" : NumberLong(645)
		},
		{
			"$unwind" : {
				"path" : "$c_orders"
			},
			"nReturned" : NumberLong(113),
			"executionTimeMillisEstimate" : NumberLong(657)
		},
		{
			"$project" : {
				"_id" : true,
				"o_orderkey" : "$c_orders.o_orderkey",
				"o_orderdate" : "$c_orders.o_orderdate",
				"o_shippriority" : "$c_orders.o_shippriority",
				"lineitems" : "$c_orders.o_lineitems"
			},
			"nReturned" : NumberLong(113),
			"executionTimeMillisEstimate" : NumberLong(657)
		},
		{
			"$unwind" : {
				"path" : "$lineitems"
			},
			"nReturned" : NumberLong(440),
			"executionTimeMillisEstimate" : NumberLong(657)
		},
		{
			"$match" : {
				"lineitems.l_shipdate" : {
					"$gt" : ISODate("1992-01-02T00:00:00Z")
				}
			},
			"nReturned" : NumberLong(439),
			"executionTimeMillisEstimate" : NumberLong(657)
		},
		{
			"$group" : {
				"_id" : {
					"l_orderkey" : "$o_orderkey",
					"o_orderdate" : "$o_orderdate",
					"o_shippriority" : "$o_shippriority"
				},
				"revenue" : {
					"$sum" : {
						"$multiply" : [
							"$lineitems.l_extendedprice",
							{
								"$subtract" : [
									{
										"$const" : 1
									},
									"$lineitems.l_discount"
								]
							}
						]
					}
				}
			},
			"nReturned" : NumberLong(113),
			"executionTimeMillisEstimate" : NumberLong(667)
		},
		{
			"$sort" : {
				"sortKey" : {
					"revenue" : -1,
					"_id.o_orderdate" : 1
				},
				"limit" : NumberLong(10)
			},
			"nReturned" : NumberLong(10),
			"executionTimeMillisEstimate" : NumberLong(667)
		}
	],
	"serverInfo" : {
		"host" : "mt-mongo-1",
		"port" : 27011,
		"version" : "4.4.10",
		"gitVersion" : "58971da1ef93435a9f62bf4708a81713def6e88c"
	},
	"ok" : 1,
	"$clusterTime" : {
		"clusterTime" : Timestamp(1639532241, 4),
		"signature" : {
			"hash" : BinData(0,"AAAAAAAAAAAAAAAAAAAAAAAAAAA="),
			"keyId" : NumberLong(0)
		}
	},
	"operationTime" : Timestamp(1639532241, 4)
}


MongoDB shell version v4.4.10
connecting to: mongodb://mt-mongo-1:27011,mt-mongo-2:27012,mt-mongo-3:27013/?compressors=disabled&gssapiServiceName=mongodb&replicaSet=mt-exp-rs-001
Implicit session: session { "id" : UUID("cb045fbb-da3e-4fc3-bf6c-b0e2b1f1a0c8") }
MongoDB server version: 4.4.10
{
	"stages" : [
		{
			"$cursor" : {
				"queryPlanner" : {
					"plannerVersion" : 1,
					"namespace" : "tpch_mongo_1c.scale1",
					"indexFilterSet" : false,
					"parsedQuery" : {
						"c_mktsegment" : {
							"$eq" : "AUTOMOBILE"
						}
					},
					"queryHash" : "A133A489",
					"planCacheKey" : "E485CD54",
					"winningPlan" : {
						"stage" : "PROJECTION_DEFAULT",
						"transformBy" : {
							"_id" : true,
							"c_mktsegment" : true,
							"c_orders" : {
								"$filter" : {
									"input" : "$c_orders",
									"as" : "o",
									"cond" : {
										"$lt" : [
											"$$o.o_orderdate",
											{
												"$const" : ISODate("1992-01-02T00:00:00Z")
											}
										]
									}
								}
							}
						},
						"inputStage" : {
							"stage" : "FETCH",
							"inputStage" : {
								"stage" : "IXSCAN",
								"keyPattern" : {
									"c_mktsegment" : 1
								},
								"indexName" : "idx_c_mktsegment",
								"isMultiKey" : false,
								"multiKeyPaths" : {
									"c_mktsegment" : [ ]
								},
								"isUnique" : false,
								"isSparse" : false,
								"isPartial" : false,
								"indexVersion" : 2,
								"direction" : "forward",
								"indexBounds" : {
									"c_mktsegment" : [
										"[\"AUTOMOBILE\", \"AUTOMOBILE\"]"
									]
								}
							}
						}
					},
					"rejectedPlans" : [ ]
				},
				"executionStats" : {
					"executionSuccess" : true,
					"nReturned" : 29752,
					"executionTimeMillis" : 775,
					"totalKeysExamined" : 29752,
					"totalDocsExamined" : 29752,
					"executionStages" : {
						"stage" : "PROJECTION_DEFAULT",
						"nReturned" : 29752,
						"executionTimeMillisEstimate" : 712,
						"works" : 29753,
						"advanced" : 29752,
						"needTime" : 0,
						"needYield" : 0,
						"saveState" : 45,
						"restoreState" : 45,
						"isEOF" : 1,
						"transformBy" : {
							"_id" : true,
							"c_mktsegment" : true,
							"c_orders" : {
								"$filter" : {
									"input" : "$c_orders",
									"as" : "o",
									"cond" : {
										"$lt" : [
											"$$o.o_orderdate",
											{
												"$const" : ISODate("1992-01-02T00:00:00Z")
											}
										]
									}
								}
							}
						},
						"inputStage" : {
							"stage" : "FETCH",
							"nReturned" : 29752,
							"executionTimeMillisEstimate" : 269,
							"works" : 29753,
							"advanced" : 29752,
							"needTime" : 0,
							"needYield" : 0,
							"saveState" : 45,
							"restoreState" : 45,
							"isEOF" : 1,
							"docsExamined" : 29752,
							"alreadyHasObj" : 0,
							"inputStage" : {
								"stage" : "IXSCAN",
								"nReturned" : 29752,
								"executionTimeMillisEstimate" : 56,
								"works" : 29753,
								"advanced" : 29752,
								"needTime" : 0,
								"needYield" : 0,
								"saveState" : 45,
								"restoreState" : 45,
								"isEOF" : 1,
								"keyPattern" : {
									"c_mktsegment" : 1
								},
								"indexName" : "idx_c_mktsegment",
								"isMultiKey" : false,
								"multiKeyPaths" : {
									"c_mktsegment" : [ ]
								},
								"isUnique" : false,
								"isSparse" : false,
								"isPartial" : false,
								"indexVersion" : 2,
								"direction" : "forward",
								"indexBounds" : {
									"c_mktsegment" : [
										"[\"AUTOMOBILE\", \"AUTOMOBILE\"]"
									]
								},
								"keysExamined" : 29752,
								"seeks" : 1,
								"dupsTested" : 0,
								"dupsDropped" : 0
							}
						}
					},
					"allPlansExecution" : [ ]
				}
			},
			"nReturned" : NumberLong(29752),
			"executionTimeMillisEstimate" : NumberLong(773)
		},
		{
			"$unwind" : {
				"path" : "$c_orders"
			},
			"nReturned" : NumberLong(113),
			"executionTimeMillisEstimate" : NumberLong(773)
		},
		{
			"$project" : {
				"_id" : true,
				"o_orderkey" : "$c_orders.o_orderkey",
				"o_orderdate" : "$c_orders.o_orderdate",
				"o_shippriority" : "$c_orders.o_shippriority",
				"lineitems" : "$c_orders.o_lineitems"
			},
			"nReturned" : NumberLong(113),
			"executionTimeMillisEstimate" : NumberLong(773)
		},
		{
			"$unwind" : {
				"path" : "$lineitems"
			},
			"nReturned" : NumberLong(440),
			"executionTimeMillisEstimate" : NumberLong(773)
		},
		{
			"$match" : {
				"lineitems.l_shipdate" : {
					"$gt" : ISODate("1992-01-02T00:00:00Z")
				}
			},
			"nReturned" : NumberLong(439),
			"executionTimeMillisEstimate" : NumberLong(773)
		},
		{
			"$group" : {
				"_id" : {
					"l_orderkey" : "$o_orderkey",
					"o_orderdate" : "$o_orderdate",
					"o_shippriority" : "$o_shippriority"
				},
				"revenue" : {
					"$sum" : {
						"$multiply" : [
							"$lineitems.l_extendedprice",
							{
								"$subtract" : [
									{
										"$const" : 1
									},
									"$lineitems.l_discount"
								]
							}
						]
					}
				}
			},
			"nReturned" : NumberLong(113),
			"executionTimeMillisEstimate" : NumberLong(773)
		},
		{
			"$sort" : {
				"sortKey" : {
					"revenue" : -1,
					"_id.o_orderdate" : 1
				},
				"limit" : NumberLong(10)
			},
			"nReturned" : NumberLong(10),
			"executionTimeMillisEstimate" : NumberLong(773)
		}
	],
	"serverInfo" : {
		"host" : "mt-mongo-2",
		"port" : 27012,
		"version" : "4.4.10",
		"gitVersion" : "58971da1ef93435a9f62bf4708a81713def6e88c"
	},
	"ok" : 1,
	"$clusterTime" : {
		"clusterTime" : Timestamp(1639532289, 5),
		"signature" : {
			"hash" : BinData(0,"AAAAAAAAAAAAAAAAAAAAAAAAAAA="),
			"keyId" : NumberLong(0)
		}
	},
	"operationTime" : Timestamp(1639532289, 5)
}


MongoDB shell version v4.4.10
connecting to: mongodb://mt-mongo-1:27011,mt-mongo-2:27012,mt-mongo-3:27013/?compressors=disabled&gssapiServiceName=mongodb&replicaSet=mt-exp-rs-001
Implicit session: session { "id" : UUID("82e084fa-6dbb-4cc3-80e8-6dccd6475923") }
MongoDB server version: 4.4.10
{
	"stages" : [
		{
			"$cursor" : {
				"queryPlanner" : {
					"plannerVersion" : 1,
					"namespace" : "tpch_mongo_1c.scale1",
					"indexFilterSet" : false,
					"parsedQuery" : {
						"c_mktsegment" : {
							"$eq" : "AUTOMOBILE"
						}
					},
					"queryHash" : "A133A489",
					"planCacheKey" : "E485CD54",
					"winningPlan" : {
						"stage" : "PROJECTION_DEFAULT",
						"transformBy" : {
							"_id" : true,
							"c_mktsegment" : true,
							"c_orders" : {
								"$filter" : {
									"input" : "$c_orders",
									"as" : "o",
									"cond" : {
										"$lt" : [
											"$$o.o_orderdate",
											{
												"$const" : ISODate("1992-01-02T00:00:00Z")
											}
										]
									}
								}
							}
						},
						"inputStage" : {
							"stage" : "FETCH",
							"inputStage" : {
								"stage" : "IXSCAN",
								"keyPattern" : {
									"c_mktsegment" : 1
								},
								"indexName" : "idx_c_mktsegment",
								"isMultiKey" : false,
								"multiKeyPaths" : {
									"c_mktsegment" : [ ]
								},
								"isUnique" : false,
								"isSparse" : false,
								"isPartial" : false,
								"indexVersion" : 2,
								"direction" : "forward",
								"indexBounds" : {
									"c_mktsegment" : [
										"[\"AUTOMOBILE\", \"AUTOMOBILE\"]"
									]
								}
							}
						}
					},
					"rejectedPlans" : [ ]
				},
				"executionStats" : {
					"executionSuccess" : true,
					"nReturned" : 29752,
					"executionTimeMillis" : 628,
					"totalKeysExamined" : 29752,
					"totalDocsExamined" : 29752,
					"executionStages" : {
						"stage" : "PROJECTION_DEFAULT",
						"nReturned" : 29752,
						"executionTimeMillisEstimate" : 486,
						"works" : 29753,
						"advanced" : 29752,
						"needTime" : 0,
						"needYield" : 0,
						"saveState" : 42,
						"restoreState" : 42,
						"isEOF" : 1,
						"transformBy" : {
							"_id" : true,
							"c_mktsegment" : true,
							"c_orders" : {
								"$filter" : {
									"input" : "$c_orders",
									"as" : "o",
									"cond" : {
										"$lt" : [
											"$$o.o_orderdate",
											{
												"$const" : ISODate("1992-01-02T00:00:00Z")
											}
										]
									}
								}
							}
						},
						"inputStage" : {
							"stage" : "FETCH",
							"nReturned" : 29752,
							"executionTimeMillisEstimate" : 136,
							"works" : 29753,
							"advanced" : 29752,
							"needTime" : 0,
							"needYield" : 0,
							"saveState" : 42,
							"restoreState" : 42,
							"isEOF" : 1,
							"docsExamined" : 29752,
							"alreadyHasObj" : 0,
							"inputStage" : {
								"stage" : "IXSCAN",
								"nReturned" : 29752,
								"executionTimeMillisEstimate" : 31,
								"works" : 29753,
								"advanced" : 29752,
								"needTime" : 0,
								"needYield" : 0,
								"saveState" : 42,
								"restoreState" : 42,
								"isEOF" : 1,
								"keyPattern" : {
									"c_mktsegment" : 1
								},
								"indexName" : "idx_c_mktsegment",
								"isMultiKey" : false,
								"multiKeyPaths" : {
									"c_mktsegment" : [ ]
								},
								"isUnique" : false,
								"isSparse" : false,
								"isPartial" : false,
								"indexVersion" : 2,
								"direction" : "forward",
								"indexBounds" : {
									"c_mktsegment" : [
										"[\"AUTOMOBILE\", \"AUTOMOBILE\"]"
									]
								},
								"keysExamined" : 29752,
								"seeks" : 1,
								"dupsTested" : 0,
								"dupsDropped" : 0
							}
						}
					},
					"allPlansExecution" : [ ]
				}
			},
			"nReturned" : NumberLong(29752),
			"executionTimeMillisEstimate" : NumberLong(607)
		},
		{
			"$unwind" : {
				"path" : "$c_orders"
			},
			"nReturned" : NumberLong(113),
			"executionTimeMillisEstimate" : NumberLong(610)
		},
		{
			"$project" : {
				"_id" : true,
				"o_orderkey" : "$c_orders.o_orderkey",
				"o_orderdate" : "$c_orders.o_orderdate",
				"o_shippriority" : "$c_orders.o_shippriority",
				"lineitems" : "$c_orders.o_lineitems"
			},
			"nReturned" : NumberLong(113),
			"executionTimeMillisEstimate" : NumberLong(617)
		},
		{
			"$unwind" : {
				"path" : "$lineitems"
			},
			"nReturned" : NumberLong(440),
			"executionTimeMillisEstimate" : NumberLong(617)
		},
		{
			"$match" : {
				"lineitems.l_shipdate" : {
					"$gt" : ISODate("1992-01-02T00:00:00Z")
				}
			},
			"nReturned" : NumberLong(439),
			"executionTimeMillisEstimate" : NumberLong(617)
		},
		{
			"$group" : {
				"_id" : {
					"l_orderkey" : "$o_orderkey",
					"o_orderdate" : "$o_orderdate",
					"o_shippriority" : "$o_shippriority"
				},
				"revenue" : {
					"$sum" : {
						"$multiply" : [
							"$lineitems.l_extendedprice",
							{
								"$subtract" : [
									{
										"$const" : 1
									},
									"$lineitems.l_discount"
								]
							}
						]
					}
				}
			},
			"nReturned" : NumberLong(113),
			"executionTimeMillisEstimate" : NumberLong(617)
		},
		{
			"$sort" : {
				"sortKey" : {
					"revenue" : -1,
					"_id.o_orderdate" : 1
				},
				"limit" : NumberLong(10)
			},
			"nReturned" : NumberLong(10),
			"executionTimeMillisEstimate" : NumberLong(617)
		}
	],
	"serverInfo" : {
		"host" : "mt-mongo-1",
		"port" : 27011,
		"version" : "4.4.10",
		"gitVersion" : "58971da1ef93435a9f62bf4708a81713def6e88c"
	},
	"ok" : 1,
	"$clusterTime" : {
		"clusterTime" : Timestamp(1639532349, 3),
		"signature" : {
			"hash" : BinData(0,"AAAAAAAAAAAAAAAAAAAAAAAAAAA="),
			"keyId" : NumberLong(0)
		}
	},
	"operationTime" : Timestamp(1639532349, 3)
}


MongoDB shell version v4.4.10
connecting to: mongodb://mt-mongo-1:27011,mt-mongo-2:27012,mt-mongo-3:27013/?compressors=disabled&gssapiServiceName=mongodb&replicaSet=mt-exp-rs-001
Implicit session: session { "id" : UUID("3a5a636c-270a-41d6-8dc7-a667248b42d2") }
MongoDB server version: 4.4.10
{
	"stages" : [
		{
			"$cursor" : {
				"queryPlanner" : {
					"plannerVersion" : 1,
					"namespace" : "tpch_mongo_1c.scale1",
					"indexFilterSet" : false,
					"parsedQuery" : {
						"c_mktsegment" : {
							"$eq" : "AUTOMOBILE"
						}
					},
					"queryHash" : "A133A489",
					"planCacheKey" : "E485CD54",
					"winningPlan" : {
						"stage" : "PROJECTION_DEFAULT",
						"transformBy" : {
							"_id" : true,
							"c_mktsegment" : true,
							"c_orders" : {
								"$filter" : {
									"input" : "$c_orders",
									"as" : "o",
									"cond" : {
										"$lt" : [
											"$$o.o_orderdate",
											{
												"$const" : ISODate("1992-01-02T00:00:00Z")
											}
										]
									}
								}
							}
						},
						"inputStage" : {
							"stage" : "FETCH",
							"inputStage" : {
								"stage" : "IXSCAN",
								"keyPattern" : {
									"c_mktsegment" : 1
								},
								"indexName" : "idx_c_mktsegment",
								"isMultiKey" : false,
								"multiKeyPaths" : {
									"c_mktsegment" : [ ]
								},
								"isUnique" : false,
								"isSparse" : false,
								"isPartial" : false,
								"indexVersion" : 2,
								"direction" : "forward",
								"indexBounds" : {
									"c_mktsegment" : [
										"[\"AUTOMOBILE\", \"AUTOMOBILE\"]"
									]
								}
							}
						}
					},
					"rejectedPlans" : [ ]
				},
				"executionStats" : {
					"executionSuccess" : true,
					"nReturned" : 29752,
					"executionTimeMillis" : 740,
					"totalKeysExamined" : 29752,
					"totalDocsExamined" : 29752,
					"executionStages" : {
						"stage" : "PROJECTION_DEFAULT",
						"nReturned" : 29752,
						"executionTimeMillisEstimate" : 687,
						"works" : 29753,
						"advanced" : 29752,
						"needTime" : 0,
						"needYield" : 0,
						"saveState" : 44,
						"restoreState" : 44,
						"isEOF" : 1,
						"transformBy" : {
							"_id" : true,
							"c_mktsegment" : true,
							"c_orders" : {
								"$filter" : {
									"input" : "$c_orders",
									"as" : "o",
									"cond" : {
										"$lt" : [
											"$$o.o_orderdate",
											{
												"$const" : ISODate("1992-01-02T00:00:00Z")
											}
										]
									}
								}
							}
						},
						"inputStage" : {
							"stage" : "FETCH",
							"nReturned" : 29752,
							"executionTimeMillisEstimate" : 214,
							"works" : 29753,
							"advanced" : 29752,
							"needTime" : 0,
							"needYield" : 0,
							"saveState" : 44,
							"restoreState" : 44,
							"isEOF" : 1,
							"docsExamined" : 29752,
							"alreadyHasObj" : 0,
							"inputStage" : {
								"stage" : "IXSCAN",
								"nReturned" : 29752,
								"executionTimeMillisEstimate" : 43,
								"works" : 29753,
								"advanced" : 29752,
								"needTime" : 0,
								"needYield" : 0,
								"saveState" : 44,
								"restoreState" : 44,
								"isEOF" : 1,
								"keyPattern" : {
									"c_mktsegment" : 1
								},
								"indexName" : "idx_c_mktsegment",
								"isMultiKey" : false,
								"multiKeyPaths" : {
									"c_mktsegment" : [ ]
								},
								"isUnique" : false,
								"isSparse" : false,
								"isPartial" : false,
								"indexVersion" : 2,
								"direction" : "forward",
								"indexBounds" : {
									"c_mktsegment" : [
										"[\"AUTOMOBILE\", \"AUTOMOBILE\"]"
									]
								},
								"keysExamined" : 29752,
								"seeks" : 1,
								"dupsTested" : 0,
								"dupsDropped" : 0
							}
						}
					},
					"allPlansExecution" : [ ]
				}
			},
			"nReturned" : NumberLong(29752),
			"executionTimeMillisEstimate" : NumberLong(738)
		},
		{
			"$unwind" : {
				"path" : "$c_orders"
			},
			"nReturned" : NumberLong(113),
			"executionTimeMillisEstimate" : NumberLong(738)
		},
		{
			"$project" : {
				"_id" : true,
				"o_orderkey" : "$c_orders.o_orderkey",
				"o_orderdate" : "$c_orders.o_orderdate",
				"o_shippriority" : "$c_orders.o_shippriority",
				"lineitems" : "$c_orders.o_lineitems"
			},
			"nReturned" : NumberLong(113),
			"executionTimeMillisEstimate" : NumberLong(738)
		},
		{
			"$unwind" : {
				"path" : "$lineitems"
			},
			"nReturned" : NumberLong(440),
			"executionTimeMillisEstimate" : NumberLong(738)
		},
		{
			"$match" : {
				"lineitems.l_shipdate" : {
					"$gt" : ISODate("1992-01-02T00:00:00Z")
				}
			},
			"nReturned" : NumberLong(439),
			"executionTimeMillisEstimate" : NumberLong(738)
		},
		{
			"$group" : {
				"_id" : {
					"l_orderkey" : "$o_orderkey",
					"o_orderdate" : "$o_orderdate",
					"o_shippriority" : "$o_shippriority"
				},
				"revenue" : {
					"$sum" : {
						"$multiply" : [
							"$lineitems.l_extendedprice",
							{
								"$subtract" : [
									{
										"$const" : 1
									},
									"$lineitems.l_discount"
								]
							}
						]
					}
				}
			},
			"nReturned" : NumberLong(113),
			"executionTimeMillisEstimate" : NumberLong(738)
		},
		{
			"$sort" : {
				"sortKey" : {
					"revenue" : -1,
					"_id.o_orderdate" : 1
				},
				"limit" : NumberLong(10)
			},
			"nReturned" : NumberLong(10),
			"executionTimeMillisEstimate" : NumberLong(738)
		}
	],
	"serverInfo" : {
		"host" : "mt-mongo-2",
		"port" : 27012,
		"version" : "4.4.10",
		"gitVersion" : "58971da1ef93435a9f62bf4708a81713def6e88c"
	},
	"ok" : 1,
	"$clusterTime" : {
		"clusterTime" : Timestamp(1639532402, 5),
		"signature" : {
			"hash" : BinData(0,"AAAAAAAAAAAAAAAAAAAAAAAAAAA="),
			"keyId" : NumberLong(0)
		}
	},
	"operationTime" : Timestamp(1639532402, 5)
}


