MongoDB shell version v4.4.10
connecting to: mongodb://mt-mongo-1:27011,mt-mongo-2:27012,mt-mongo-3:27013/?compressors=disabled&gssapiServiceName=mongodb&replicaSet=mt-exp-rs-001
Implicit session: session { "id" : UUID("5a52cfc0-f639-48d6-b13e-6c1a5be5ee17") }
MongoDB server version: 4.4.10
{
	"stages" : [
		{
			"$cursor" : {
				"queryPlanner" : {
					"plannerVersion" : 1,
					"namespace" : "tpch_mongo_1c.scale1",
					"indexFilterSet" : false,
					"parsedQuery" : {
						
					},
					"queryHash" : "7D406A01",
					"planCacheKey" : "7D406A01",
					"winningPlan" : {
						"stage" : "PROJECTION_DEFAULT",
						"transformBy" : {
							"orders" : {
								"$filter" : {
									"input" : "$c_orders",
									"as" : "o",
									"cond" : {
										"$and" : [
											{
												"$anyElementTrue" : [
													{
														"$map" : {
															"input" : "$$o.o_lineitems",
															"as" : "l",
															"in" : {
																"$lt" : [
																	"$$l.l_commitdate",
																	"$$l.l_receiptdate"
																]
															}
														}
													}
												]
											},
											{
												"$gte" : [
													"$$o.o_orderdate",
													{
														"$const" : ISODate("1992-01-01T00:00:00Z")
													}
												]
											},
											{
												"$lt" : [
													"$$o.o_orderdate",
													{
														"$const" : ISODate("1992-04-01T00:00:00Z")
													}
												]
											}
										]
									}
								}
							},
							"_id" : false
						},
						"inputStage" : {
							"stage" : "COLLSCAN",
							"direction" : "forward"
						}
					},
					"rejectedPlans" : [ ]
				},
				"executionStats" : {
					"executionSuccess" : true,
					"nReturned" : 150000,
					"executionTimeMillis" : 11157,
					"totalKeysExamined" : 0,
					"totalDocsExamined" : 150000,
					"executionStages" : {
						"stage" : "PROJECTION_DEFAULT",
						"nReturned" : 150000,
						"executionTimeMillisEstimate" : 10586,
						"works" : 150002,
						"advanced" : 150000,
						"needTime" : 1,
						"needYield" : 0,
						"saveState" : 682,
						"restoreState" : 682,
						"isEOF" : 1,
						"transformBy" : {
							"orders" : {
								"$filter" : {
									"input" : "$c_orders",
									"as" : "o",
									"cond" : {
										"$and" : [
											{
												"$anyElementTrue" : [
													{
														"$map" : {
															"input" : "$$o.o_lineitems",
															"as" : "l",
															"in" : {
																"$lt" : [
																	"$$l.l_commitdate",
																	"$$l.l_receiptdate"
																]
															}
														}
													}
												]
											},
											{
												"$gte" : [
													"$$o.o_orderdate",
													{
														"$const" : ISODate("1992-01-01T00:00:00Z")
													}
												]
											},
											{
												"$lt" : [
													"$$o.o_orderdate",
													{
														"$const" : ISODate("1992-04-01T00:00:00Z")
													}
												]
											}
										]
									}
								}
							},
							"_id" : false
						},
						"inputStage" : {
							"stage" : "COLLSCAN",
							"nReturned" : 150000,
							"executionTimeMillisEstimate" : 324,
							"works" : 150002,
							"advanced" : 150000,
							"needTime" : 1,
							"needYield" : 0,
							"saveState" : 682,
							"restoreState" : 682,
							"isEOF" : 1,
							"direction" : "forward",
							"docsExamined" : 150000
						}
					},
					"allPlansExecution" : [ ]
				}
			},
			"nReturned" : NumberLong(150000),
			"executionTimeMillisEstimate" : NumberLong(10973)
		},
		{
			"$unwind" : {
				"path" : "$orders"
			},
			"nReturned" : NumberLong(52002),
			"executionTimeMillisEstimate" : NumberLong(11071)
		},
		{
			"$project" : {
				"_id" : true,
				"orderpriority" : "$orders.o_orderpriority"
			},
			"nReturned" : NumberLong(52002),
			"executionTimeMillisEstimate" : NumberLong(11137)
		},
		{
			"$group" : {
				"_id" : "$orderpriority",
				"order_count" : {
					"$sum" : {
						"$const" : 1
					}
				}
			},
			"nReturned" : NumberLong(5),
			"executionTimeMillisEstimate" : NumberLong(11147)
		},
		{
			"$sort" : {
				"sortKey" : {
					"_id" : 1
				}
			},
			"nReturned" : NumberLong(5),
			"executionTimeMillisEstimate" : NumberLong(11147)
		}
	],
	"serverInfo" : {
		"host" : "mt-mongo-2",
		"port" : 27012,
		"version" : "4.4.10",
		"gitVersion" : "58971da1ef93435a9f62bf4708a81713def6e88c"
	},
	"ok" : 1,
	"$clusterTime" : {
		"clusterTime" : Timestamp(1639536221, 4),
		"signature" : {
			"hash" : BinData(0,"AAAAAAAAAAAAAAAAAAAAAAAAAAA="),
			"keyId" : NumberLong(0)
		}
	},
	"operationTime" : Timestamp(1639536221, 4)
}


MongoDB shell version v4.4.10
connecting to: mongodb://mt-mongo-1:27011,mt-mongo-2:27012,mt-mongo-3:27013/?compressors=disabled&gssapiServiceName=mongodb&replicaSet=mt-exp-rs-001
Implicit session: session { "id" : UUID("ce42bb43-450c-4bab-a18a-84071d030407") }
MongoDB server version: 4.4.10
{
	"stages" : [
		{
			"$cursor" : {
				"queryPlanner" : {
					"plannerVersion" : 1,
					"namespace" : "tpch_mongo_1c.scale1",
					"indexFilterSet" : false,
					"parsedQuery" : {
						
					},
					"queryHash" : "7D406A01",
					"planCacheKey" : "7D406A01",
					"winningPlan" : {
						"stage" : "PROJECTION_DEFAULT",
						"transformBy" : {
							"orders" : {
								"$filter" : {
									"input" : "$c_orders",
									"as" : "o",
									"cond" : {
										"$and" : [
											{
												"$anyElementTrue" : [
													{
														"$map" : {
															"input" : "$$o.o_lineitems",
															"as" : "l",
															"in" : {
																"$lt" : [
																	"$$l.l_commitdate",
																	"$$l.l_receiptdate"
																]
															}
														}
													}
												]
											},
											{
												"$gte" : [
													"$$o.o_orderdate",
													{
														"$const" : ISODate("1992-01-01T00:00:00Z")
													}
												]
											},
											{
												"$lt" : [
													"$$o.o_orderdate",
													{
														"$const" : ISODate("1992-04-01T00:00:00Z")
													}
												]
											}
										]
									}
								}
							},
							"_id" : false
						},
						"inputStage" : {
							"stage" : "COLLSCAN",
							"direction" : "forward"
						}
					},
					"rejectedPlans" : [ ]
				},
				"executionStats" : {
					"executionSuccess" : true,
					"nReturned" : 150000,
					"executionTimeMillis" : 11505,
					"totalKeysExamined" : 0,
					"totalDocsExamined" : 150000,
					"executionStages" : {
						"stage" : "PROJECTION_DEFAULT",
						"nReturned" : 150000,
						"executionTimeMillisEstimate" : 10903,
						"works" : 150002,
						"advanced" : 150000,
						"needTime" : 1,
						"needYield" : 0,
						"saveState" : 694,
						"restoreState" : 694,
						"isEOF" : 1,
						"transformBy" : {
							"orders" : {
								"$filter" : {
									"input" : "$c_orders",
									"as" : "o",
									"cond" : {
										"$and" : [
											{
												"$anyElementTrue" : [
													{
														"$map" : {
															"input" : "$$o.o_lineitems",
															"as" : "l",
															"in" : {
																"$lt" : [
																	"$$l.l_commitdate",
																	"$$l.l_receiptdate"
																]
															}
														}
													}
												]
											},
											{
												"$gte" : [
													"$$o.o_orderdate",
													{
														"$const" : ISODate("1992-01-01T00:00:00Z")
													}
												]
											},
											{
												"$lt" : [
													"$$o.o_orderdate",
													{
														"$const" : ISODate("1992-04-01T00:00:00Z")
													}
												]
											}
										]
									}
								}
							},
							"_id" : false
						},
						"inputStage" : {
							"stage" : "COLLSCAN",
							"nReturned" : 150000,
							"executionTimeMillisEstimate" : 473,
							"works" : 150002,
							"advanced" : 150000,
							"needTime" : 1,
							"needYield" : 0,
							"saveState" : 694,
							"restoreState" : 694,
							"isEOF" : 1,
							"direction" : "forward",
							"docsExamined" : 150000
						}
					},
					"allPlansExecution" : [ ]
				}
			},
			"nReturned" : NumberLong(150000),
			"executionTimeMillisEstimate" : NumberLong(11295)
		},
		{
			"$unwind" : {
				"path" : "$orders"
			},
			"nReturned" : NumberLong(52002),
			"executionTimeMillisEstimate" : NumberLong(11428)
		},
		{
			"$project" : {
				"_id" : true,
				"orderpriority" : "$orders.o_orderpriority"
			},
			"nReturned" : NumberLong(52002),
			"executionTimeMillisEstimate" : NumberLong(11498)
		},
		{
			"$group" : {
				"_id" : "$orderpriority",
				"order_count" : {
					"$sum" : {
						"$const" : 1
					}
				}
			},
			"nReturned" : NumberLong(5),
			"executionTimeMillisEstimate" : NumberLong(11498)
		},
		{
			"$sort" : {
				"sortKey" : {
					"_id" : 1
				}
			},
			"nReturned" : NumberLong(5),
			"executionTimeMillisEstimate" : NumberLong(11498)
		}
	],
	"serverInfo" : {
		"host" : "mt-mongo-2",
		"port" : 27012,
		"version" : "4.4.10",
		"gitVersion" : "58971da1ef93435a9f62bf4708a81713def6e88c"
	},
	"ok" : 1,
	"$clusterTime" : {
		"clusterTime" : Timestamp(1639536284, 3),
		"signature" : {
			"hash" : BinData(0,"AAAAAAAAAAAAAAAAAAAAAAAAAAA="),
			"keyId" : NumberLong(0)
		}
	},
	"operationTime" : Timestamp(1639536284, 3)
}


MongoDB shell version v4.4.10
connecting to: mongodb://mt-mongo-1:27011,mt-mongo-2:27012,mt-mongo-3:27013/?compressors=disabled&gssapiServiceName=mongodb&replicaSet=mt-exp-rs-001
Implicit session: session { "id" : UUID("1202b881-ab5b-4b83-957f-d6fc5f3da5ef") }
MongoDB server version: 4.4.10
{
	"stages" : [
		{
			"$cursor" : {
				"queryPlanner" : {
					"plannerVersion" : 1,
					"namespace" : "tpch_mongo_1c.scale1",
					"indexFilterSet" : false,
					"parsedQuery" : {
						
					},
					"queryHash" : "7D406A01",
					"planCacheKey" : "7D406A01",
					"winningPlan" : {
						"stage" : "PROJECTION_DEFAULT",
						"transformBy" : {
							"orders" : {
								"$filter" : {
									"input" : "$c_orders",
									"as" : "o",
									"cond" : {
										"$and" : [
											{
												"$anyElementTrue" : [
													{
														"$map" : {
															"input" : "$$o.o_lineitems",
															"as" : "l",
															"in" : {
																"$lt" : [
																	"$$l.l_commitdate",
																	"$$l.l_receiptdate"
																]
															}
														}
													}
												]
											},
											{
												"$gte" : [
													"$$o.o_orderdate",
													{
														"$const" : ISODate("1992-01-01T00:00:00Z")
													}
												]
											},
											{
												"$lt" : [
													"$$o.o_orderdate",
													{
														"$const" : ISODate("1992-04-01T00:00:00Z")
													}
												]
											}
										]
									}
								}
							},
							"_id" : false
						},
						"inputStage" : {
							"stage" : "COLLSCAN",
							"direction" : "forward"
						}
					},
					"rejectedPlans" : [ ]
				},
				"executionStats" : {
					"executionSuccess" : true,
					"nReturned" : 150000,
					"executionTimeMillis" : 10463,
					"totalKeysExamined" : 0,
					"totalDocsExamined" : 150000,
					"executionStages" : {
						"stage" : "PROJECTION_DEFAULT",
						"nReturned" : 150000,
						"executionTimeMillisEstimate" : 9902,
						"works" : 150002,
						"advanced" : 150000,
						"needTime" : 1,
						"needYield" : 0,
						"saveState" : 628,
						"restoreState" : 628,
						"isEOF" : 1,
						"transformBy" : {
							"orders" : {
								"$filter" : {
									"input" : "$c_orders",
									"as" : "o",
									"cond" : {
										"$and" : [
											{
												"$anyElementTrue" : [
													{
														"$map" : {
															"input" : "$$o.o_lineitems",
															"as" : "l",
															"in" : {
																"$lt" : [
																	"$$l.l_commitdate",
																	"$$l.l_receiptdate"
																]
															}
														}
													}
												]
											},
											{
												"$gte" : [
													"$$o.o_orderdate",
													{
														"$const" : ISODate("1992-01-01T00:00:00Z")
													}
												]
											},
											{
												"$lt" : [
													"$$o.o_orderdate",
													{
														"$const" : ISODate("1992-04-01T00:00:00Z")
													}
												]
											}
										]
									}
								}
							},
							"_id" : false
						},
						"inputStage" : {
							"stage" : "COLLSCAN",
							"nReturned" : 150000,
							"executionTimeMillisEstimate" : 343,
							"works" : 150002,
							"advanced" : 150000,
							"needTime" : 1,
							"needYield" : 0,
							"saveState" : 628,
							"restoreState" : 628,
							"isEOF" : 1,
							"direction" : "forward",
							"docsExamined" : 150000
						}
					},
					"allPlansExecution" : [ ]
				}
			},
			"nReturned" : NumberLong(150000),
			"executionTimeMillisEstimate" : NumberLong(10243)
		},
		{
			"$unwind" : {
				"path" : "$orders"
			},
			"nReturned" : NumberLong(52002),
			"executionTimeMillisEstimate" : NumberLong(10387)
		},
		{
			"$project" : {
				"_id" : true,
				"orderpriority" : "$orders.o_orderpriority"
			},
			"nReturned" : NumberLong(52002),
			"executionTimeMillisEstimate" : NumberLong(10443)
		},
		{
			"$group" : {
				"_id" : "$orderpriority",
				"order_count" : {
					"$sum" : {
						"$const" : 1
					}
				}
			},
			"nReturned" : NumberLong(5),
			"executionTimeMillisEstimate" : NumberLong(10454)
		},
		{
			"$sort" : {
				"sortKey" : {
					"_id" : 1
				}
			},
			"nReturned" : NumberLong(5),
			"executionTimeMillisEstimate" : NumberLong(10454)
		}
	],
	"serverInfo" : {
		"host" : "mt-mongo-3",
		"port" : 27013,
		"version" : "4.4.10",
		"gitVersion" : "58971da1ef93435a9f62bf4708a81713def6e88c"
	},
	"ok" : 1,
	"$clusterTime" : {
		"clusterTime" : Timestamp(1639536346, 3),
		"signature" : {
			"hash" : BinData(0,"AAAAAAAAAAAAAAAAAAAAAAAAAAA="),
			"keyId" : NumberLong(0)
		}
	},
	"operationTime" : Timestamp(1639536346, 3)
}


MongoDB shell version v4.4.10
connecting to: mongodb://mt-mongo-1:27011,mt-mongo-2:27012,mt-mongo-3:27013/?compressors=disabled&gssapiServiceName=mongodb&replicaSet=mt-exp-rs-001
Implicit session: session { "id" : UUID("cb122e26-b863-41f4-8ceb-1c6cdbbead24") }
MongoDB server version: 4.4.10
{
	"stages" : [
		{
			"$cursor" : {
				"queryPlanner" : {
					"plannerVersion" : 1,
					"namespace" : "tpch_mongo_1c.scale1",
					"indexFilterSet" : false,
					"parsedQuery" : {
						
					},
					"queryHash" : "7D406A01",
					"planCacheKey" : "7D406A01",
					"winningPlan" : {
						"stage" : "PROJECTION_DEFAULT",
						"transformBy" : {
							"orders" : {
								"$filter" : {
									"input" : "$c_orders",
									"as" : "o",
									"cond" : {
										"$and" : [
											{
												"$anyElementTrue" : [
													{
														"$map" : {
															"input" : "$$o.o_lineitems",
															"as" : "l",
															"in" : {
																"$lt" : [
																	"$$l.l_commitdate",
																	"$$l.l_receiptdate"
																]
															}
														}
													}
												]
											},
											{
												"$gte" : [
													"$$o.o_orderdate",
													{
														"$const" : ISODate("1992-01-01T00:00:00Z")
													}
												]
											},
											{
												"$lt" : [
													"$$o.o_orderdate",
													{
														"$const" : ISODate("1992-04-01T00:00:00Z")
													}
												]
											}
										]
									}
								}
							},
							"_id" : false
						},
						"inputStage" : {
							"stage" : "COLLSCAN",
							"direction" : "forward"
						}
					},
					"rejectedPlans" : [ ]
				},
				"executionStats" : {
					"executionSuccess" : true,
					"nReturned" : 150000,
					"executionTimeMillis" : 10116,
					"totalKeysExamined" : 0,
					"totalDocsExamined" : 150000,
					"executionStages" : {
						"stage" : "PROJECTION_DEFAULT",
						"nReturned" : 150000,
						"executionTimeMillisEstimate" : 9589,
						"works" : 150002,
						"advanced" : 150000,
						"needTime" : 1,
						"needYield" : 0,
						"saveState" : 624,
						"restoreState" : 624,
						"isEOF" : 1,
						"transformBy" : {
							"orders" : {
								"$filter" : {
									"input" : "$c_orders",
									"as" : "o",
									"cond" : {
										"$and" : [
											{
												"$anyElementTrue" : [
													{
														"$map" : {
															"input" : "$$o.o_lineitems",
															"as" : "l",
															"in" : {
																"$lt" : [
																	"$$l.l_commitdate",
																	"$$l.l_receiptdate"
																]
															}
														}
													}
												]
											},
											{
												"$gte" : [
													"$$o.o_orderdate",
													{
														"$const" : ISODate("1992-01-01T00:00:00Z")
													}
												]
											},
											{
												"$lt" : [
													"$$o.o_orderdate",
													{
														"$const" : ISODate("1992-04-01T00:00:00Z")
													}
												]
											}
										]
									}
								}
							},
							"_id" : false
						},
						"inputStage" : {
							"stage" : "COLLSCAN",
							"nReturned" : 150000,
							"executionTimeMillisEstimate" : 322,
							"works" : 150002,
							"advanced" : 150000,
							"needTime" : 1,
							"needYield" : 0,
							"saveState" : 624,
							"restoreState" : 624,
							"isEOF" : 1,
							"direction" : "forward",
							"docsExamined" : 150000
						}
					},
					"allPlansExecution" : [ ]
				}
			},
			"nReturned" : NumberLong(150000),
			"executionTimeMillisEstimate" : NumberLong(9937)
		},
		{
			"$unwind" : {
				"path" : "$orders"
			},
			"nReturned" : NumberLong(52002),
			"executionTimeMillisEstimate" : NumberLong(10071)
		},
		{
			"$project" : {
				"_id" : true,
				"orderpriority" : "$orders.o_orderpriority"
			},
			"nReturned" : NumberLong(52002),
			"executionTimeMillisEstimate" : NumberLong(10105)
		},
		{
			"$group" : {
				"_id" : "$orderpriority",
				"order_count" : {
					"$sum" : {
						"$const" : 1
					}
				}
			},
			"nReturned" : NumberLong(5),
			"executionTimeMillisEstimate" : NumberLong(10108)
		},
		{
			"$sort" : {
				"sortKey" : {
					"_id" : 1
				}
			},
			"nReturned" : NumberLong(5),
			"executionTimeMillisEstimate" : NumberLong(10108)
		}
	],
	"serverInfo" : {
		"host" : "mt-mongo-1",
		"port" : 27011,
		"version" : "4.4.10",
		"gitVersion" : "58971da1ef93435a9f62bf4708a81713def6e88c"
	},
	"ok" : 1,
	"$clusterTime" : {
		"clusterTime" : Timestamp(1639536409, 5),
		"signature" : {
			"hash" : BinData(0,"AAAAAAAAAAAAAAAAAAAAAAAAAAA="),
			"keyId" : NumberLong(0)
		}
	},
	"operationTime" : Timestamp(1639536409, 5)
}


MongoDB shell version v4.4.10
connecting to: mongodb://mt-mongo-1:27011,mt-mongo-2:27012,mt-mongo-3:27013/?compressors=disabled&gssapiServiceName=mongodb&replicaSet=mt-exp-rs-001
Implicit session: session { "id" : UUID("cb0a18e5-a174-48f5-b6fa-5cef88afe6ca") }
MongoDB server version: 4.4.10
{
	"stages" : [
		{
			"$cursor" : {
				"queryPlanner" : {
					"plannerVersion" : 1,
					"namespace" : "tpch_mongo_1c.scale1",
					"indexFilterSet" : false,
					"parsedQuery" : {
						
					},
					"queryHash" : "7D406A01",
					"planCacheKey" : "7D406A01",
					"winningPlan" : {
						"stage" : "PROJECTION_DEFAULT",
						"transformBy" : {
							"orders" : {
								"$filter" : {
									"input" : "$c_orders",
									"as" : "o",
									"cond" : {
										"$and" : [
											{
												"$anyElementTrue" : [
													{
														"$map" : {
															"input" : "$$o.o_lineitems",
															"as" : "l",
															"in" : {
																"$lt" : [
																	"$$l.l_commitdate",
																	"$$l.l_receiptdate"
																]
															}
														}
													}
												]
											},
											{
												"$gte" : [
													"$$o.o_orderdate",
													{
														"$const" : ISODate("1992-01-01T00:00:00Z")
													}
												]
											},
											{
												"$lt" : [
													"$$o.o_orderdate",
													{
														"$const" : ISODate("1992-04-01T00:00:00Z")
													}
												]
											}
										]
									}
								}
							},
							"_id" : false
						},
						"inputStage" : {
							"stage" : "COLLSCAN",
							"direction" : "forward"
						}
					},
					"rejectedPlans" : [ ]
				},
				"executionStats" : {
					"executionSuccess" : true,
					"nReturned" : 150000,
					"executionTimeMillis" : 9887,
					"totalKeysExamined" : 0,
					"totalDocsExamined" : 150000,
					"executionStages" : {
						"stage" : "PROJECTION_DEFAULT",
						"nReturned" : 150000,
						"executionTimeMillisEstimate" : 9469,
						"works" : 150002,
						"advanced" : 150000,
						"needTime" : 1,
						"needYield" : 0,
						"saveState" : 601,
						"restoreState" : 601,
						"isEOF" : 1,
						"transformBy" : {
							"orders" : {
								"$filter" : {
									"input" : "$c_orders",
									"as" : "o",
									"cond" : {
										"$and" : [
											{
												"$anyElementTrue" : [
													{
														"$map" : {
															"input" : "$$o.o_lineitems",
															"as" : "l",
															"in" : {
																"$lt" : [
																	"$$l.l_commitdate",
																	"$$l.l_receiptdate"
																]
															}
														}
													}
												]
											},
											{
												"$gte" : [
													"$$o.o_orderdate",
													{
														"$const" : ISODate("1992-01-01T00:00:00Z")
													}
												]
											},
											{
												"$lt" : [
													"$$o.o_orderdate",
													{
														"$const" : ISODate("1992-04-01T00:00:00Z")
													}
												]
											}
										]
									}
								}
							},
							"_id" : false
						},
						"inputStage" : {
							"stage" : "COLLSCAN",
							"nReturned" : 150000,
							"executionTimeMillisEstimate" : 307,
							"works" : 150002,
							"advanced" : 150000,
							"needTime" : 1,
							"needYield" : 0,
							"saveState" : 601,
							"restoreState" : 601,
							"isEOF" : 1,
							"direction" : "forward",
							"docsExamined" : 150000
						}
					},
					"allPlansExecution" : [ ]
				}
			},
			"nReturned" : NumberLong(150000),
			"executionTimeMillisEstimate" : NumberLong(9759)
		},
		{
			"$unwind" : {
				"path" : "$orders"
			},
			"nReturned" : NumberLong(52002),
			"executionTimeMillisEstimate" : NumberLong(9830)
		},
		{
			"$project" : {
				"_id" : true,
				"orderpriority" : "$orders.o_orderpriority"
			},
			"nReturned" : NumberLong(52002),
			"executionTimeMillisEstimate" : NumberLong(9874)
		},
		{
			"$group" : {
				"_id" : "$orderpriority",
				"order_count" : {
					"$sum" : {
						"$const" : 1
					}
				}
			},
			"nReturned" : NumberLong(5),
			"executionTimeMillisEstimate" : NumberLong(9884)
		},
		{
			"$sort" : {
				"sortKey" : {
					"_id" : 1
				}
			},
			"nReturned" : NumberLong(5),
			"executionTimeMillisEstimate" : NumberLong(9884)
		}
	],
	"serverInfo" : {
		"host" : "mt-mongo-1",
		"port" : 27011,
		"version" : "4.4.10",
		"gitVersion" : "58971da1ef93435a9f62bf4708a81713def6e88c"
	},
	"ok" : 1,
	"$clusterTime" : {
		"clusterTime" : Timestamp(1639536470, 5),
		"signature" : {
			"hash" : BinData(0,"AAAAAAAAAAAAAAAAAAAAAAAAAAA="),
			"keyId" : NumberLong(0)
		}
	},
	"operationTime" : Timestamp(1639536470, 5)
}


