You are now connected to database "tpch" as user "postgres".
                                                                          QUERY PLAN                                                                          
--------------------------------------------------------------------------------------------------------------------------------------------------------------
 Finalize GroupAggregate  (cost=57528.16..57629.09 rows=757 width=72) (actual time=1808.371..1826.165 rows=7 loops=1)
   Group Key: ("substring"((customer.c_phone)::text, 1, 2))
   InitPlan 1 (returns $1)
     ->  Finalize Aggregate  (cost=6230.82..6230.84 rows=1 width=32) (actual time=261.439..261.559 rows=1 loops=1)
           ->  Gather  (cost=6230.60..6230.81 rows=2 width=32) (actual time=257.438..261.434 rows=3 loops=1)
                 Workers Planned: 2
                 Workers Launched: 2
                 ->  Partial Aggregate  (cost=5230.60..5230.61 rows=1 width=32) (actual time=246.292..246.294 rows=1 loops=3)
                       ->  Parallel Seq Scan on customer customer_1  (cost=0.00..5225.62 rows=1990 width=6) (actual time=0.072..243.776 rows=12559 loops=3)
                             Filter: ((c_acctbal > 0.00) AND ("substring"((c_phone)::text, 1, 2) = ANY ('{30,17,25,10,22,15,21}'::text[])))
                             Rows Removed by Filter: 37441
   ->  Gather Merge  (cost=51297.32..51378.70 rows=630 width=72) (actual time=1808.234..1825.975 rows=21 loops=1)
         Workers Planned: 2
         Params Evaluated: $1
         Workers Launched: 2
         ->  Partial GroupAggregate  (cost=50297.30..50305.96 rows=315 width=72) (actual time=1533.412..1533.942 rows=7 loops=3)
               Group Key: ("substring"((customer.c_phone)::text, 1, 2))
               ->  Sort  (cost=50297.30..50298.09 rows=315 width=38) (actual time=1533.282..1533.423 rows=2094 loops=3)
                     Sort Key: ("substring"((customer.c_phone)::text, 1, 2))
                     Sort Method: quicksort  Memory: 126kB
                     Worker 0:  Sort Method: quicksort  Memory: 206kB
                     Worker 1:  Sort Method: quicksort  Memory: 204kB
                     ->  Parallel Hash Anti Join  (cost=42599.50..50284.23 rows=315 width=38) (actual time=1413.500..1532.281 rows=2094 loops=3)
                           Hash Cond: (customer.c_custkey = orders.o_custkey)
                           ->  Parallel Seq Scan on customer  (cost=0.00..5225.62 rows=729 width=26) (actual time=0.063..44.466 rows=6249 loops=3)
                                 Filter: ((c_acctbal > $1) AND ("substring"((c_phone)::text, 1, 2) = ANY ('{30,17,25,10,22,15,21}'::text[])))
                                 Rows Removed by Filter: 43751
                           ->  Parallel Hash  (cost=32345.00..32345.00 rows=625000 width=4) (actual time=1334.448..1334.452 rows=500000 loops=3)
                                 Buckets: 131072  Batches: 32  Memory Usage: 2944kB
                                 ->  Parallel Seq Scan on orders  (cost=0.00..32345.00 rows=625000 width=4) (actual time=0.915..1155.548 rows=500000 loops=3)
 Planning Time: 17.876 ms
 Execution Time: 1826.880 ms
(32 rows)



You are now connected to database "tpch" as user "postgres".
                                                                         QUERY PLAN                                                                          
-------------------------------------------------------------------------------------------------------------------------------------------------------------
 Finalize GroupAggregate  (cost=57528.16..57629.09 rows=757 width=72) (actual time=874.397..897.745 rows=7 loops=1)
   Group Key: ("substring"((customer.c_phone)::text, 1, 2))
   InitPlan 1 (returns $1)
     ->  Finalize Aggregate  (cost=6230.82..6230.84 rows=1 width=32) (actual time=128.545..128.644 rows=1 loops=1)
           ->  Gather  (cost=6230.60..6230.81 rows=2 width=32) (actual time=128.492..128.595 rows=3 loops=1)
                 Workers Planned: 2
                 Workers Launched: 2
                 ->  Partial Aggregate  (cost=5230.60..5230.61 rows=1 width=32) (actual time=119.407..119.408 rows=1 loops=3)
                       ->  Parallel Seq Scan on customer customer_1  (cost=0.00..5225.62 rows=1990 width=6) (actual time=0.071..117.348 rows=12559 loops=3)
                             Filter: ((c_acctbal > 0.00) AND ("substring"((c_phone)::text, 1, 2) = ANY ('{30,17,25,10,22,15,21}'::text[])))
                             Rows Removed by Filter: 37441
   ->  Gather Merge  (cost=51297.32..51378.70 rows=630 width=72) (actual time=874.264..897.595 rows=21 loops=1)
         Workers Planned: 2
         Params Evaluated: $1
         Workers Launched: 2
         ->  Partial GroupAggregate  (cost=50297.30..50305.96 rows=315 width=72) (actual time=737.703..738.421 rows=7 loops=3)
               Group Key: ("substring"((customer.c_phone)::text, 1, 2))
               ->  Sort  (cost=50297.30..50298.09 rows=315 width=38) (actual time=737.604..737.745 rows=2094 loops=3)
                     Sort Key: ("substring"((customer.c_phone)::text, 1, 2))
                     Sort Method: quicksort  Memory: 204kB
                     Worker 0:  Sort Method: quicksort  Memory: 129kB
                     Worker 1:  Sort Method: quicksort  Memory: 203kB
                     ->  Parallel Hash Anti Join  (cost=42599.50..50284.23 rows=315 width=38) (actual time=647.799..736.665 rows=2094 loops=3)
                           Hash Cond: (customer.c_custkey = orders.o_custkey)
                           ->  Parallel Seq Scan on customer  (cost=0.00..5225.62 rows=729 width=26) (actual time=0.035..41.172 rows=6249 loops=3)
                                 Filter: ((c_acctbal > $1) AND ("substring"((c_phone)::text, 1, 2) = ANY ('{30,17,25,10,22,15,21}'::text[])))
                                 Rows Removed by Filter: 43751
                           ->  Parallel Hash  (cost=32345.00..32345.00 rows=625000 width=4) (actual time=580.312..580.312 rows=500000 loops=3)
                                 Buckets: 131072  Batches: 32  Memory Usage: 2944kB
                                 ->  Parallel Seq Scan on orders  (cost=0.00..32345.00 rows=625000 width=4) (actual time=3.709..439.431 rows=500000 loops=3)
 Planning Time: 13.943 ms
 Execution Time: 898.749 ms
(32 rows)



You are now connected to database "tpch" as user "postgres".
                                                                         QUERY PLAN                                                                          
-------------------------------------------------------------------------------------------------------------------------------------------------------------
 Finalize GroupAggregate  (cost=57528.16..57629.09 rows=757 width=72) (actual time=1022.825..1045.813 rows=7 loops=1)
   Group Key: ("substring"((customer.c_phone)::text, 1, 2))
   InitPlan 1 (returns $1)
     ->  Finalize Aggregate  (cost=6230.82..6230.84 rows=1 width=32) (actual time=162.109..162.196 rows=1 loops=1)
           ->  Gather  (cost=6230.60..6230.81 rows=2 width=32) (actual time=158.116..161.965 rows=3 loops=1)
                 Workers Planned: 2
                 Workers Launched: 2
                 ->  Partial Aggregate  (cost=5230.60..5230.61 rows=1 width=32) (actual time=147.810..147.811 rows=1 loops=3)
                       ->  Parallel Seq Scan on customer customer_1  (cost=0.00..5225.62 rows=1990 width=6) (actual time=0.171..145.614 rows=12559 loops=3)
                             Filter: ((c_acctbal > 0.00) AND ("substring"((c_phone)::text, 1, 2) = ANY ('{30,17,25,10,22,15,21}'::text[])))
                             Rows Removed by Filter: 37441
   ->  Gather Merge  (cost=51297.32..51378.70 rows=630 width=72) (actual time=1022.722..1045.686 rows=21 loops=1)
         Workers Planned: 2
         Params Evaluated: $1
         Workers Launched: 2
         ->  Partial GroupAggregate  (cost=50297.30..50305.96 rows=315 width=72) (actual time=848.903..849.442 rows=7 loops=3)
               Group Key: ("substring"((customer.c_phone)::text, 1, 2))
               ->  Sort  (cost=50297.30..50298.09 rows=315 width=38) (actual time=848.766..848.904 rows=2094 loops=3)
                     Sort Key: ("substring"((customer.c_phone)::text, 1, 2))
                     Sort Method: quicksort  Memory: 140kB
                     Worker 0:  Sort Method: quicksort  Memory: 221kB
                     Worker 1:  Sort Method: quicksort  Memory: 127kB
                     ->  Parallel Hash Anti Join  (cost=42599.50..50284.23 rows=315 width=38) (actual time=727.915..847.709 rows=2094 loops=3)
                           Hash Cond: (customer.c_custkey = orders.o_custkey)
                           ->  Parallel Seq Scan on customer  (cost=0.00..5225.62 rows=729 width=26) (actual time=0.038..44.238 rows=6249 loops=3)
                                 Filter: ((c_acctbal > $1) AND ("substring"((c_phone)::text, 1, 2) = ANY ('{30,17,25,10,22,15,21}'::text[])))
                                 Rows Removed by Filter: 43751
                           ->  Parallel Hash  (cost=32345.00..32345.00 rows=625000 width=4) (actual time=652.990..652.991 rows=500000 loops=3)
                                 Buckets: 131072  Batches: 32  Memory Usage: 2944kB
                                 ->  Parallel Seq Scan on orders  (cost=0.00..32345.00 rows=625000 width=4) (actual time=0.813..495.625 rows=500000 loops=3)
 Planning Time: 17.020 ms
 Execution Time: 1046.928 ms
(32 rows)



You are now connected to database "tpch" as user "postgres".
                                                                         QUERY PLAN                                                                          
-------------------------------------------------------------------------------------------------------------------------------------------------------------
 Finalize GroupAggregate  (cost=57528.16..57629.09 rows=757 width=72) (actual time=876.606..896.367 rows=7 loops=1)
   Group Key: ("substring"((customer.c_phone)::text, 1, 2))
   InitPlan 1 (returns $1)
     ->  Finalize Aggregate  (cost=6230.82..6230.84 rows=1 width=32) (actual time=116.915..117.023 rows=1 loops=1)
           ->  Gather  (cost=6230.60..6230.81 rows=2 width=32) (actual time=116.887..116.999 rows=3 loops=1)
                 Workers Planned: 2
                 Workers Launched: 2
                 ->  Partial Aggregate  (cost=5230.60..5230.61 rows=1 width=32) (actual time=107.406..107.407 rows=1 loops=3)
                       ->  Parallel Seq Scan on customer customer_1  (cost=0.00..5225.62 rows=1990 width=6) (actual time=0.390..104.570 rows=12559 loops=3)
                             Filter: ((c_acctbal > 0.00) AND ("substring"((c_phone)::text, 1, 2) = ANY ('{30,17,25,10,22,15,21}'::text[])))
                             Rows Removed by Filter: 37441
   ->  Gather Merge  (cost=51297.32..51378.70 rows=630 width=72) (actual time=876.511..896.218 rows=21 loops=1)
         Workers Planned: 2
         Params Evaluated: $1
         Workers Launched: 2
         ->  Partial GroupAggregate  (cost=50297.30..50305.96 rows=315 width=72) (actual time=752.557..753.087 rows=7 loops=3)
               Group Key: ("substring"((customer.c_phone)::text, 1, 2))
               ->  Sort  (cost=50297.30..50298.09 rows=315 width=38) (actual time=752.450..752.587 rows=2094 loops=3)
                     Sort Key: ("substring"((customer.c_phone)::text, 1, 2))
                     Sort Method: quicksort  Memory: 129kB
                     Worker 0:  Sort Method: quicksort  Memory: 204kB
                     Worker 1:  Sort Method: quicksort  Memory: 203kB
                     ->  Parallel Hash Anti Join  (cost=42599.50..50284.23 rows=315 width=38) (actual time=656.567..751.529 rows=2094 loops=3)
                           Hash Cond: (customer.c_custkey = orders.o_custkey)
                           ->  Parallel Seq Scan on customer  (cost=0.00..5225.62 rows=729 width=26) (actual time=0.047..44.253 rows=6249 loops=3)
                                 Filter: ((c_acctbal > $1) AND ("substring"((c_phone)::text, 1, 2) = ANY ('{30,17,25,10,22,15,21}'::text[])))
                                 Rows Removed by Filter: 43751
                           ->  Parallel Hash  (cost=32345.00..32345.00 rows=625000 width=4) (actual time=583.463..583.465 rows=500000 loops=3)
                                 Buckets: 131072  Batches: 32  Memory Usage: 2944kB
                                 ->  Parallel Seq Scan on orders  (cost=0.00..32345.00 rows=625000 width=4) (actual time=0.220..450.754 rows=500000 loops=3)
 Planning Time: 12.919 ms
 Execution Time: 897.070 ms
(32 rows)



You are now connected to database "tpch" as user "postgres".
                                                                         QUERY PLAN                                                                          
-------------------------------------------------------------------------------------------------------------------------------------------------------------
 Finalize GroupAggregate  (cost=57528.16..57629.09 rows=757 width=72) (actual time=945.342..967.039 rows=7 loops=1)
   Group Key: ("substring"((customer.c_phone)::text, 1, 2))
   InitPlan 1 (returns $1)
     ->  Finalize Aggregate  (cost=6230.82..6230.84 rows=1 width=32) (actual time=153.658..153.754 rows=1 loops=1)
           ->  Gather  (cost=6230.60..6230.81 rows=2 width=32) (actual time=149.362..153.601 rows=3 loops=1)
                 Workers Planned: 2
                 Workers Launched: 2
                 ->  Partial Aggregate  (cost=5230.60..5230.61 rows=1 width=32) (actual time=138.656..138.658 rows=1 loops=3)
                       ->  Parallel Seq Scan on customer customer_1  (cost=0.00..5225.62 rows=1990 width=6) (actual time=0.215..136.413 rows=12559 loops=3)
                             Filter: ((c_acctbal > 0.00) AND ("substring"((c_phone)::text, 1, 2) = ANY ('{30,17,25,10,22,15,21}'::text[])))
                             Rows Removed by Filter: 37441
   ->  Gather Merge  (cost=51297.32..51378.70 rows=630 width=72) (actual time=945.018..966.889 rows=21 loops=1)
         Workers Planned: 2
         Params Evaluated: $1
         Workers Launched: 2
         ->  Partial GroupAggregate  (cost=50297.30..50305.96 rows=315 width=72) (actual time=784.149..784.731 rows=7 loops=3)
               Group Key: ("substring"((customer.c_phone)::text, 1, 2))
               ->  Sort  (cost=50297.30..50298.09 rows=315 width=38) (actual time=784.025..784.165 rows=2094 loops=3)
                     Sort Key: ("substring"((customer.c_phone)::text, 1, 2))
                     Sort Method: quicksort  Memory: 142kB
                     Worker 0:  Sort Method: quicksort  Memory: 139kB
                     Worker 1:  Sort Method: quicksort  Memory: 207kB
                     ->  Parallel Hash Anti Join  (cost=42599.50..50284.23 rows=315 width=38) (actual time=673.568..783.050 rows=2094 loops=3)
                           Hash Cond: (customer.c_custkey = orders.o_custkey)
                           ->  Parallel Seq Scan on customer  (cost=0.00..5225.62 rows=729 width=26) (actual time=0.032..41.316 rows=6249 loops=3)
                                 Filter: ((c_acctbal > $1) AND ("substring"((c_phone)::text, 1, 2) = ANY ('{30,17,25,10,22,15,21}'::text[])))
                                 Rows Removed by Filter: 43751
                           ->  Parallel Hash  (cost=32345.00..32345.00 rows=625000 width=4) (actual time=605.990..605.991 rows=500000 loops=3)
                                 Buckets: 131072  Batches: 32  Memory Usage: 2944kB
                                 ->  Parallel Seq Scan on orders  (cost=0.00..32345.00 rows=625000 width=4) (actual time=0.333..459.624 rows=500000 loops=3)
 Planning Time: 16.192 ms
 Execution Time: 968.038 ms
(32 rows)



