MongoDB shell version v4.4.10
connecting to: mongodb://mt-mongo-1:27011,mt-mongo-2:27012,mt-mongo-3:27013/?compressors=disabled&gssapiServiceName=mongodb&replicaSet=mt-exp-rs-001
Implicit session: session { "id" : UUID("0ce5308f-e669-4927-ac91-2d557255aa1c") }
MongoDB server version: 4.4.10
{
	"stages" : [
		{
			"$cursor" : {
				"queryPlanner" : {
					"plannerVersion" : 1,
					"namespace" : "tpch_mongo_1c.scale1",
					"indexFilterSet" : false,
					"parsedQuery" : {
						
					},
					"queryHash" : "7D406A01",
					"planCacheKey" : "7D406A01",
					"winningPlan" : {
						"stage" : "PROJECTION_DEFAULT",
						"transformBy" : {
							"orders" : {
								"$filter" : {
									"input" : "$c_orders",
									"as" : "o",
									"cond" : {
										"$and" : [
											{
												"$gte" : [
													"$$o.o_orderdate",
													{
														"$const" : ISODate("1992-01-01T00:00:00Z")
													}
												]
											},
											{
												"$lt" : [
													"$$o.o_orderdate",
													{
														"$const" : ISODate("1992-04-01T00:00:00Z")
													}
												]
											}
										]
									}
								}
							},
							"_id" : false
						},
						"inputStage" : {
							"stage" : "COLLSCAN",
							"direction" : "forward"
						}
					},
					"rejectedPlans" : [ ]
				},
				"executionStats" : {
					"executionSuccess" : true,
					"nReturned" : 150000,
					"executionTimeMillis" : 9035,
					"totalKeysExamined" : 0,
					"totalDocsExamined" : 150000,
					"executionStages" : {
						"stage" : "PROJECTION_DEFAULT",
						"nReturned" : 150000,
						"executionTimeMillisEstimate" : 7865,
						"works" : 150002,
						"advanced" : 150000,
						"needTime" : 1,
						"needYield" : 0,
						"saveState" : 496,
						"restoreState" : 496,
						"isEOF" : 1,
						"transformBy" : {
							"orders" : {
								"$filter" : {
									"input" : "$c_orders",
									"as" : "o",
									"cond" : {
										"$and" : [
											{
												"$gte" : [
													"$$o.o_orderdate",
													{
														"$const" : ISODate("1992-01-01T00:00:00Z")
													}
												]
											},
											{
												"$lt" : [
													"$$o.o_orderdate",
													{
														"$const" : ISODate("1992-04-01T00:00:00Z")
													}
												]
											}
										]
									}
								}
							},
							"_id" : false
						},
						"inputStage" : {
							"stage" : "COLLSCAN",
							"nReturned" : 150000,
							"executionTimeMillisEstimate" : 6267,
							"works" : 150002,
							"advanced" : 150000,
							"needTime" : 1,
							"needYield" : 0,
							"saveState" : 496,
							"restoreState" : 496,
							"isEOF" : 1,
							"direction" : "forward",
							"docsExamined" : 150000
						}
					},
					"allPlansExecution" : [ ]
				}
			},
			"nReturned" : NumberLong(150000),
			"executionTimeMillisEstimate" : NumberLong(8120)
		},
		{
			"$unwind" : {
				"path" : "$orders"
			},
			"nReturned" : NumberLong(56741),
			"executionTimeMillisEstimate" : NumberLong(8155)
		},
		{
			"$project" : {
				"_id" : true,
				"orderkey" : "$orders.o_orderkey",
				"orderpriority" : "$orders.o_orderpriority",
				"lineitems" : "$orders.o_lineitems"
			},
			"nReturned" : NumberLong(56741),
			"executionTimeMillisEstimate" : NumberLong(8266)
		},
		{
			"$unwind" : {
				"path" : "$lineitems"
			},
			"nReturned" : NumberLong(226736),
			"executionTimeMillisEstimate" : NumberLong(8306)
		},
		{
			"$match" : {
				"$expr" : {
					"$lt" : [
						"$lineitems.l_commitdate",
						"$lineitems.l_receiptdate"
					]
				}
			},
			"nReturned" : NumberLong(143353),
			"executionTimeMillisEstimate" : NumberLong(8921)
		},
		{
			"$group" : {
				"_id" : {
					"orderkey" : "$orderkey",
					"orderprioriry" : "$orderpriority"
				}
			},
			"nReturned" : NumberLong(52002),
			"executionTimeMillisEstimate" : NumberLong(9009)
		},
		{
			"$group" : {
				"_id" : "$_id.orderprioriry",
				"order_count" : {
					"$sum" : {
						"$const" : 1
					}
				}
			},
			"nReturned" : NumberLong(5),
			"executionTimeMillisEstimate" : NumberLong(9029)
		},
		{
			"$sort" : {
				"sortKey" : {
					"_id" : 1
				}
			},
			"nReturned" : NumberLong(5),
			"executionTimeMillisEstimate" : NumberLong(9029)
		}
	],
	"serverInfo" : {
		"host" : "mt-mongo-3",
		"port" : 27013,
		"version" : "4.4.10",
		"gitVersion" : "58971da1ef93435a9f62bf4708a81713def6e88c"
	},
	"ok" : 1,
	"$clusterTime" : {
		"clusterTime" : Timestamp(1639020199, 2),
		"signature" : {
			"hash" : BinData(0,"AAAAAAAAAAAAAAAAAAAAAAAAAAA="),
			"keyId" : NumberLong(0)
		}
	},
	"operationTime" : Timestamp(1639020199, 2)
}


MongoDB shell version v4.4.10
connecting to: mongodb://mt-mongo-1:27011,mt-mongo-2:27012,mt-mongo-3:27013/?compressors=disabled&gssapiServiceName=mongodb&replicaSet=mt-exp-rs-001
Implicit session: session { "id" : UUID("3f7fcb3a-cf5a-4a89-9556-840fbf546e7f") }
MongoDB server version: 4.4.10
{
	"stages" : [
		{
			"$cursor" : {
				"queryPlanner" : {
					"plannerVersion" : 1,
					"namespace" : "tpch_mongo_1c.scale1",
					"indexFilterSet" : false,
					"parsedQuery" : {
						
					},
					"queryHash" : "7D406A01",
					"planCacheKey" : "7D406A01",
					"winningPlan" : {
						"stage" : "PROJECTION_DEFAULT",
						"transformBy" : {
							"orders" : {
								"$filter" : {
									"input" : "$c_orders",
									"as" : "o",
									"cond" : {
										"$and" : [
											{
												"$gte" : [
													"$$o.o_orderdate",
													{
														"$const" : ISODate("1992-01-01T00:00:00Z")
													}
												]
											},
											{
												"$lt" : [
													"$$o.o_orderdate",
													{
														"$const" : ISODate("1992-04-01T00:00:00Z")
													}
												]
											}
										]
									}
								}
							},
							"_id" : false
						},
						"inputStage" : {
							"stage" : "COLLSCAN",
							"direction" : "forward"
						}
					},
					"rejectedPlans" : [ ]
				},
				"executionStats" : {
					"executionSuccess" : true,
					"nReturned" : 150000,
					"executionTimeMillis" : 7339,
					"totalKeysExamined" : 0,
					"totalDocsExamined" : 150000,
					"executionStages" : {
						"stage" : "PROJECTION_DEFAULT",
						"nReturned" : 150000,
						"executionTimeMillisEstimate" : 6201,
						"works" : 150002,
						"advanced" : 150000,
						"needTime" : 1,
						"needYield" : 0,
						"saveState" : 400,
						"restoreState" : 400,
						"isEOF" : 1,
						"transformBy" : {
							"orders" : {
								"$filter" : {
									"input" : "$c_orders",
									"as" : "o",
									"cond" : {
										"$and" : [
											{
												"$gte" : [
													"$$o.o_orderdate",
													{
														"$const" : ISODate("1992-01-01T00:00:00Z")
													}
												]
											},
											{
												"$lt" : [
													"$$o.o_orderdate",
													{
														"$const" : ISODate("1992-04-01T00:00:00Z")
													}
												]
											}
										]
									}
								}
							},
							"_id" : false
						},
						"inputStage" : {
							"stage" : "COLLSCAN",
							"nReturned" : 150000,
							"executionTimeMillisEstimate" : 4587,
							"works" : 150002,
							"advanced" : 150000,
							"needTime" : 1,
							"needYield" : 0,
							"saveState" : 400,
							"restoreState" : 400,
							"isEOF" : 1,
							"direction" : "forward",
							"docsExamined" : 150000
						}
					},
					"allPlansExecution" : [ ]
				}
			},
			"nReturned" : NumberLong(150000),
			"executionTimeMillisEstimate" : NumberLong(6368)
		},
		{
			"$unwind" : {
				"path" : "$orders"
			},
			"nReturned" : NumberLong(56741),
			"executionTimeMillisEstimate" : NumberLong(6415)
		},
		{
			"$project" : {
				"_id" : true,
				"orderkey" : "$orders.o_orderkey",
				"orderpriority" : "$orders.o_orderpriority",
				"lineitems" : "$orders.o_lineitems"
			},
			"nReturned" : NumberLong(56741),
			"executionTimeMillisEstimate" : NumberLong(6589)
		},
		{
			"$unwind" : {
				"path" : "$lineitems"
			},
			"nReturned" : NumberLong(226736),
			"executionTimeMillisEstimate" : NumberLong(6613)
		},
		{
			"$match" : {
				"$expr" : {
					"$lt" : [
						"$lineitems.l_commitdate",
						"$lineitems.l_receiptdate"
					]
				}
			},
			"nReturned" : NumberLong(143353),
			"executionTimeMillisEstimate" : NumberLong(7217)
		},
		{
			"$group" : {
				"_id" : {
					"orderkey" : "$orderkey",
					"orderprioriry" : "$orderpriority"
				}
			},
			"nReturned" : NumberLong(52002),
			"executionTimeMillisEstimate" : NumberLong(7339)
		},
		{
			"$group" : {
				"_id" : "$_id.orderprioriry",
				"order_count" : {
					"$sum" : {
						"$const" : 1
					}
				}
			},
			"nReturned" : NumberLong(5),
			"executionTimeMillisEstimate" : NumberLong(7339)
		},
		{
			"$sort" : {
				"sortKey" : {
					"_id" : 1
				}
			},
			"nReturned" : NumberLong(5),
			"executionTimeMillisEstimate" : NumberLong(7339)
		}
	],
	"serverInfo" : {
		"host" : "mt-mongo-2",
		"port" : 27012,
		"version" : "4.4.10",
		"gitVersion" : "58971da1ef93435a9f62bf4708a81713def6e88c"
	},
	"ok" : 1,
	"$clusterTime" : {
		"clusterTime" : Timestamp(1639020245, 1),
		"signature" : {
			"hash" : BinData(0,"AAAAAAAAAAAAAAAAAAAAAAAAAAA="),
			"keyId" : NumberLong(0)
		}
	},
	"operationTime" : Timestamp(1639020245, 1)
}


MongoDB shell version v4.4.10
connecting to: mongodb://mt-mongo-1:27011,mt-mongo-2:27012,mt-mongo-3:27013/?compressors=disabled&gssapiServiceName=mongodb&replicaSet=mt-exp-rs-001
Implicit session: session { "id" : UUID("dd934712-82f7-4e0f-8859-156f41261018") }
MongoDB server version: 4.4.10
{
	"stages" : [
		{
			"$cursor" : {
				"queryPlanner" : {
					"plannerVersion" : 1,
					"namespace" : "tpch_mongo_1c.scale1",
					"indexFilterSet" : false,
					"parsedQuery" : {
						
					},
					"queryHash" : "7D406A01",
					"planCacheKey" : "7D406A01",
					"winningPlan" : {
						"stage" : "PROJECTION_DEFAULT",
						"transformBy" : {
							"orders" : {
								"$filter" : {
									"input" : "$c_orders",
									"as" : "o",
									"cond" : {
										"$and" : [
											{
												"$gte" : [
													"$$o.o_orderdate",
													{
														"$const" : ISODate("1992-01-01T00:00:00Z")
													}
												]
											},
											{
												"$lt" : [
													"$$o.o_orderdate",
													{
														"$const" : ISODate("1992-04-01T00:00:00Z")
													}
												]
											}
										]
									}
								}
							},
							"_id" : false
						},
						"inputStage" : {
							"stage" : "COLLSCAN",
							"direction" : "forward"
						}
					},
					"rejectedPlans" : [ ]
				},
				"executionStats" : {
					"executionSuccess" : true,
					"nReturned" : 150000,
					"executionTimeMillis" : 12880,
					"totalKeysExamined" : 0,
					"totalDocsExamined" : 150000,
					"executionStages" : {
						"stage" : "PROJECTION_DEFAULT",
						"nReturned" : 150000,
						"executionTimeMillisEstimate" : 11609,
						"works" : 150002,
						"advanced" : 150000,
						"needTime" : 1,
						"needYield" : 0,
						"saveState" : 703,
						"restoreState" : 703,
						"isEOF" : 1,
						"transformBy" : {
							"orders" : {
								"$filter" : {
									"input" : "$c_orders",
									"as" : "o",
									"cond" : {
										"$and" : [
											{
												"$gte" : [
													"$$o.o_orderdate",
													{
														"$const" : ISODate("1992-01-01T00:00:00Z")
													}
												]
											},
											{
												"$lt" : [
													"$$o.o_orderdate",
													{
														"$const" : ISODate("1992-04-01T00:00:00Z")
													}
												]
											}
										]
									}
								}
							},
							"_id" : false
						},
						"inputStage" : {
							"stage" : "COLLSCAN",
							"nReturned" : 150000,
							"executionTimeMillisEstimate" : 9621,
							"works" : 150002,
							"advanced" : 150000,
							"needTime" : 1,
							"needYield" : 0,
							"saveState" : 703,
							"restoreState" : 703,
							"isEOF" : 1,
							"direction" : "forward",
							"docsExamined" : 150000
						}
					},
					"allPlansExecution" : [ ]
				}
			},
			"nReturned" : NumberLong(150000),
			"executionTimeMillisEstimate" : NumberLong(11849)
		},
		{
			"$unwind" : {
				"path" : "$orders"
			},
			"nReturned" : NumberLong(56741),
			"executionTimeMillisEstimate" : NumberLong(11909)
		},
		{
			"$project" : {
				"_id" : true,
				"orderkey" : "$orders.o_orderkey",
				"orderpriority" : "$orders.o_orderpriority",
				"lineitems" : "$orders.o_lineitems"
			},
			"nReturned" : NumberLong(56741),
			"executionTimeMillisEstimate" : NumberLong(12116)
		},
		{
			"$unwind" : {
				"path" : "$lineitems"
			},
			"nReturned" : NumberLong(226736),
			"executionTimeMillisEstimate" : NumberLong(12169)
		},
		{
			"$match" : {
				"$expr" : {
					"$lt" : [
						"$lineitems.l_commitdate",
						"$lineitems.l_receiptdate"
					]
				}
			},
			"nReturned" : NumberLong(143353),
			"executionTimeMillisEstimate" : NumberLong(12749)
		},
		{
			"$group" : {
				"_id" : {
					"orderkey" : "$orderkey",
					"orderprioriry" : "$orderpriority"
				}
			},
			"nReturned" : NumberLong(52002),
			"executionTimeMillisEstimate" : NumberLong(12870)
		},
		{
			"$group" : {
				"_id" : "$_id.orderprioriry",
				"order_count" : {
					"$sum" : {
						"$const" : 1
					}
				}
			},
			"nReturned" : NumberLong(5),
			"executionTimeMillisEstimate" : NumberLong(12880)
		},
		{
			"$sort" : {
				"sortKey" : {
					"_id" : 1
				}
			},
			"nReturned" : NumberLong(5),
			"executionTimeMillisEstimate" : NumberLong(12880)
		}
	],
	"serverInfo" : {
		"host" : "mt-mongo-1",
		"port" : 27011,
		"version" : "4.4.10",
		"gitVersion" : "58971da1ef93435a9f62bf4708a81713def6e88c"
	},
	"ok" : 1,
	"$clusterTime" : {
		"clusterTime" : Timestamp(1639020284, 1),
		"signature" : {
			"hash" : BinData(0,"AAAAAAAAAAAAAAAAAAAAAAAAAAA="),
			"keyId" : NumberLong(0)
		}
	},
	"operationTime" : Timestamp(1639020284, 1)
}


MongoDB shell version v4.4.10
connecting to: mongodb://mt-mongo-1:27011,mt-mongo-2:27012,mt-mongo-3:27013/?compressors=disabled&gssapiServiceName=mongodb&replicaSet=mt-exp-rs-001
Implicit session: session { "id" : UUID("e0cc6b01-f0ec-46d8-ba7c-a0ef4da964ca") }
MongoDB server version: 4.4.10
{
	"stages" : [
		{
			"$cursor" : {
				"queryPlanner" : {
					"plannerVersion" : 1,
					"namespace" : "tpch_mongo_1c.scale1",
					"indexFilterSet" : false,
					"parsedQuery" : {
						
					},
					"queryHash" : "7D406A01",
					"planCacheKey" : "7D406A01",
					"winningPlan" : {
						"stage" : "PROJECTION_DEFAULT",
						"transformBy" : {
							"orders" : {
								"$filter" : {
									"input" : "$c_orders",
									"as" : "o",
									"cond" : {
										"$and" : [
											{
												"$gte" : [
													"$$o.o_orderdate",
													{
														"$const" : ISODate("1992-01-01T00:00:00Z")
													}
												]
											},
											{
												"$lt" : [
													"$$o.o_orderdate",
													{
														"$const" : ISODate("1992-04-01T00:00:00Z")
													}
												]
											}
										]
									}
								}
							},
							"_id" : false
						},
						"inputStage" : {
							"stage" : "COLLSCAN",
							"direction" : "forward"
						}
					},
					"rejectedPlans" : [ ]
				},
				"executionStats" : {
					"executionSuccess" : true,
					"nReturned" : 150000,
					"executionTimeMillis" : 4005,
					"totalKeysExamined" : 0,
					"totalDocsExamined" : 150000,
					"executionStages" : {
						"stage" : "PROJECTION_DEFAULT",
						"nReturned" : 150000,
						"executionTimeMillisEstimate" : 2383,
						"works" : 150002,
						"advanced" : 150000,
						"needTime" : 1,
						"needYield" : 0,
						"saveState" : 239,
						"restoreState" : 239,
						"isEOF" : 1,
						"transformBy" : {
							"orders" : {
								"$filter" : {
									"input" : "$c_orders",
									"as" : "o",
									"cond" : {
										"$and" : [
											{
												"$gte" : [
													"$$o.o_orderdate",
													{
														"$const" : ISODate("1992-01-01T00:00:00Z")
													}
												]
											},
											{
												"$lt" : [
													"$$o.o_orderdate",
													{
														"$const" : ISODate("1992-04-01T00:00:00Z")
													}
												]
											}
										]
									}
								}
							},
							"_id" : false
						},
						"inputStage" : {
							"stage" : "COLLSCAN",
							"nReturned" : 150000,
							"executionTimeMillisEstimate" : 156,
							"works" : 150002,
							"advanced" : 150000,
							"needTime" : 1,
							"needYield" : 0,
							"saveState" : 239,
							"restoreState" : 239,
							"isEOF" : 1,
							"direction" : "forward",
							"docsExamined" : 150000
						}
					},
					"allPlansExecution" : [ ]
				}
			},
			"nReturned" : NumberLong(150000),
			"executionTimeMillisEstimate" : NumberLong(2957)
		},
		{
			"$unwind" : {
				"path" : "$orders"
			},
			"nReturned" : NumberLong(56741),
			"executionTimeMillisEstimate" : NumberLong(3012)
		},
		{
			"$project" : {
				"_id" : true,
				"orderkey" : "$orders.o_orderkey",
				"orderpriority" : "$orders.o_orderpriority",
				"lineitems" : "$orders.o_lineitems"
			},
			"nReturned" : NumberLong(56741),
			"executionTimeMillisEstimate" : NumberLong(3192)
		},
		{
			"$unwind" : {
				"path" : "$lineitems"
			},
			"nReturned" : NumberLong(226736),
			"executionTimeMillisEstimate" : NumberLong(3228)
		},
		{
			"$match" : {
				"$expr" : {
					"$lt" : [
						"$lineitems.l_commitdate",
						"$lineitems.l_receiptdate"
					]
				}
			},
			"nReturned" : NumberLong(143353),
			"executionTimeMillisEstimate" : NumberLong(3846)
		},
		{
			"$group" : {
				"_id" : {
					"orderkey" : "$orderkey",
					"orderprioriry" : "$orderpriority"
				}
			},
			"nReturned" : NumberLong(52002),
			"executionTimeMillisEstimate" : NumberLong(4004)
		},
		{
			"$group" : {
				"_id" : "$_id.orderprioriry",
				"order_count" : {
					"$sum" : {
						"$const" : 1
					}
				}
			},
			"nReturned" : NumberLong(5),
			"executionTimeMillisEstimate" : NumberLong(4004)
		},
		{
			"$sort" : {
				"sortKey" : {
					"_id" : 1
				}
			},
			"nReturned" : NumberLong(5),
			"executionTimeMillisEstimate" : NumberLong(4004)
		}
	],
	"serverInfo" : {
		"host" : "mt-mongo-1",
		"port" : 27011,
		"version" : "4.4.10",
		"gitVersion" : "58971da1ef93435a9f62bf4708a81713def6e88c"
	},
	"ok" : 1,
	"$clusterTime" : {
		"clusterTime" : Timestamp(1639020304, 1),
		"signature" : {
			"hash" : BinData(0,"AAAAAAAAAAAAAAAAAAAAAAAAAAA="),
			"keyId" : NumberLong(0)
		}
	},
	"operationTime" : Timestamp(1639020304, 1)
}


MongoDB shell version v4.4.10
connecting to: mongodb://mt-mongo-1:27011,mt-mongo-2:27012,mt-mongo-3:27013/?compressors=disabled&gssapiServiceName=mongodb&replicaSet=mt-exp-rs-001
Implicit session: session { "id" : UUID("a0815801-9f8a-44b7-8c85-b0f110b599fd") }
MongoDB server version: 4.4.10
{
	"stages" : [
		{
			"$cursor" : {
				"queryPlanner" : {
					"plannerVersion" : 1,
					"namespace" : "tpch_mongo_1c.scale1",
					"indexFilterSet" : false,
					"parsedQuery" : {
						
					},
					"queryHash" : "7D406A01",
					"planCacheKey" : "7D406A01",
					"winningPlan" : {
						"stage" : "PROJECTION_DEFAULT",
						"transformBy" : {
							"orders" : {
								"$filter" : {
									"input" : "$c_orders",
									"as" : "o",
									"cond" : {
										"$and" : [
											{
												"$gte" : [
													"$$o.o_orderdate",
													{
														"$const" : ISODate("1992-01-01T00:00:00Z")
													}
												]
											},
											{
												"$lt" : [
													"$$o.o_orderdate",
													{
														"$const" : ISODate("1992-04-01T00:00:00Z")
													}
												]
											}
										]
									}
								}
							},
							"_id" : false
						},
						"inputStage" : {
							"stage" : "COLLSCAN",
							"direction" : "forward"
						}
					},
					"rejectedPlans" : [ ]
				},
				"executionStats" : {
					"executionSuccess" : true,
					"nReturned" : 150000,
					"executionTimeMillis" : 8621,
					"totalKeysExamined" : 0,
					"totalDocsExamined" : 150000,
					"executionStages" : {
						"stage" : "PROJECTION_DEFAULT",
						"nReturned" : 150000,
						"executionTimeMillisEstimate" : 7451,
						"works" : 150002,
						"advanced" : 150000,
						"needTime" : 1,
						"needYield" : 0,
						"saveState" : 466,
						"restoreState" : 466,
						"isEOF" : 1,
						"transformBy" : {
							"orders" : {
								"$filter" : {
									"input" : "$c_orders",
									"as" : "o",
									"cond" : {
										"$and" : [
											{
												"$gte" : [
													"$$o.o_orderdate",
													{
														"$const" : ISODate("1992-01-01T00:00:00Z")
													}
												]
											},
											{
												"$lt" : [
													"$$o.o_orderdate",
													{
														"$const" : ISODate("1992-04-01T00:00:00Z")
													}
												]
											}
										]
									}
								}
							},
							"_id" : false
						},
						"inputStage" : {
							"stage" : "COLLSCAN",
							"nReturned" : 150000,
							"executionTimeMillisEstimate" : 5572,
							"works" : 150002,
							"advanced" : 150000,
							"needTime" : 1,
							"needYield" : 0,
							"saveState" : 466,
							"restoreState" : 466,
							"isEOF" : 1,
							"direction" : "forward",
							"docsExamined" : 150000
						}
					},
					"allPlansExecution" : [ ]
				}
			},
			"nReturned" : NumberLong(150000),
			"executionTimeMillisEstimate" : NumberLong(7669)
		},
		{
			"$unwind" : {
				"path" : "$orders"
			},
			"nReturned" : NumberLong(56741),
			"executionTimeMillisEstimate" : NumberLong(7748)
		},
		{
			"$project" : {
				"_id" : true,
				"orderkey" : "$orders.o_orderkey",
				"orderpriority" : "$orders.o_orderpriority",
				"lineitems" : "$orders.o_lineitems"
			},
			"nReturned" : NumberLong(56741),
			"executionTimeMillisEstimate" : NumberLong(7892)
		},
		{
			"$unwind" : {
				"path" : "$lineitems"
			},
			"nReturned" : NumberLong(226736),
			"executionTimeMillisEstimate" : NumberLong(7929)
		},
		{
			"$match" : {
				"$expr" : {
					"$lt" : [
						"$lineitems.l_commitdate",
						"$lineitems.l_receiptdate"
					]
				}
			},
			"nReturned" : NumberLong(143353),
			"executionTimeMillisEstimate" : NumberLong(8425)
		},
		{
			"$group" : {
				"_id" : {
					"orderkey" : "$orderkey",
					"orderprioriry" : "$orderpriority"
				}
			},
			"nReturned" : NumberLong(52002),
			"executionTimeMillisEstimate" : NumberLong(8621)
		},
		{
			"$group" : {
				"_id" : "$_id.orderprioriry",
				"order_count" : {
					"$sum" : {
						"$const" : 1
					}
				}
			},
			"nReturned" : NumberLong(5),
			"executionTimeMillisEstimate" : NumberLong(8621)
		},
		{
			"$sort" : {
				"sortKey" : {
					"_id" : 1
				}
			},
			"nReturned" : NumberLong(5),
			"executionTimeMillisEstimate" : NumberLong(8621)
		}
	],
	"serverInfo" : {
		"host" : "mt-mongo-2",
		"port" : 27012,
		"version" : "4.4.10",
		"gitVersion" : "58971da1ef93435a9f62bf4708a81713def6e88c"
	},
	"ok" : 1,
	"$clusterTime" : {
		"clusterTime" : Timestamp(1639020330, 1),
		"signature" : {
			"hash" : BinData(0,"AAAAAAAAAAAAAAAAAAAAAAAAAAA="),
			"keyId" : NumberLong(0)
		}
	},
	"operationTime" : Timestamp(1639020330, 1)
}


