MongoDB shell version v4.4.10
connecting to: mongodb://mt-mongo-1:27011,mt-mongo-2:27012,mt-mongo-3:27013/?compressors=disabled&gssapiServiceName=mongodb&replicaSet=mt-exp-rs-001
Implicit session: session { "id" : UUID("f7730821-510d-46ca-ad86-fc34072cb5f6") }
MongoDB server version: 4.4.10
{
	"stages" : [
		{
			"$cursor" : {
				"queryPlanner" : {
					"plannerVersion" : 1,
					"namespace" : "tpch_mongo_1c.scale1",
					"indexFilterSet" : false,
					"parsedQuery" : {
						
					},
					"queryHash" : "7D406A01",
					"planCacheKey" : "7D406A01",
					"winningPlan" : {
						"stage" : "PROJECTION_DEFAULT",
						"transformBy" : {
							"orders" : {
								"$filter" : {
									"input" : "$c_orders",
									"as" : "o",
									"cond" : {
										"$and" : [
											{
												"$anyElementTrue" : [
													{
														"$map" : {
															"input" : "$$o.o_lineitems",
															"as" : "l",
															"in" : {
																"$lt" : [
																	"$$l.l_commitdate",
																	"$$l.l_receiptdate"
																]
															}
														}
													}
												]
											},
											{
												"$gte" : [
													"$$o.o_orderdate",
													{
														"$const" : ISODate("1992-01-01T00:00:00Z")
													}
												]
											},
											{
												"$lt" : [
													"$$o.o_orderdate",
													{
														"$const" : ISODate("1992-04-01T00:00:00Z")
													}
												]
											}
										]
									}
								}
							},
							"_id" : false
						},
						"inputStage" : {
							"stage" : "COLLSCAN",
							"direction" : "forward"
						}
					},
					"rejectedPlans" : [ ]
				},
				"executionStats" : {
					"executionSuccess" : true,
					"nReturned" : 150000,
					"executionTimeMillis" : 19697,
					"totalKeysExamined" : 0,
					"totalDocsExamined" : 150000,
					"executionStages" : {
						"stage" : "PROJECTION_DEFAULT",
						"nReturned" : 150000,
						"executionTimeMillisEstimate" : 19189,
						"works" : 150002,
						"advanced" : 150000,
						"needTime" : 1,
						"needYield" : 0,
						"saveState" : 1132,
						"restoreState" : 1132,
						"isEOF" : 1,
						"transformBy" : {
							"orders" : {
								"$filter" : {
									"input" : "$c_orders",
									"as" : "o",
									"cond" : {
										"$and" : [
											{
												"$anyElementTrue" : [
													{
														"$map" : {
															"input" : "$$o.o_lineitems",
															"as" : "l",
															"in" : {
																"$lt" : [
																	"$$l.l_commitdate",
																	"$$l.l_receiptdate"
																]
															}
														}
													}
												]
											},
											{
												"$gte" : [
													"$$o.o_orderdate",
													{
														"$const" : ISODate("1992-01-01T00:00:00Z")
													}
												]
											},
											{
												"$lt" : [
													"$$o.o_orderdate",
													{
														"$const" : ISODate("1992-04-01T00:00:00Z")
													}
												]
											}
										]
									}
								}
							},
							"_id" : false
						},
						"inputStage" : {
							"stage" : "COLLSCAN",
							"nReturned" : 150000,
							"executionTimeMillisEstimate" : 9117,
							"works" : 150002,
							"advanced" : 150000,
							"needTime" : 1,
							"needYield" : 0,
							"saveState" : 1132,
							"restoreState" : 1132,
							"isEOF" : 1,
							"direction" : "forward",
							"docsExamined" : 150000
						}
					},
					"allPlansExecution" : [ ]
				}
			},
			"nReturned" : NumberLong(150000),
			"executionTimeMillisEstimate" : NumberLong(19538)
		},
		{
			"$unwind" : {
				"path" : "$orders"
			},
			"nReturned" : NumberLong(52002),
			"executionTimeMillisEstimate" : NumberLong(19638)
		},
		{
			"$project" : {
				"_id" : true,
				"orderpriority" : "$orders.o_orderpriority"
			},
			"nReturned" : NumberLong(52002),
			"executionTimeMillisEstimate" : NumberLong(19666)
		},
		{
			"$group" : {
				"_id" : "$orderpriority",
				"order_count" : {
					"$sum" : {
						"$const" : 1
					}
				}
			},
			"nReturned" : NumberLong(5),
			"executionTimeMillisEstimate" : NumberLong(19688)
		},
		{
			"$sort" : {
				"sortKey" : {
					"_id" : 1
				}
			},
			"nReturned" : NumberLong(5),
			"executionTimeMillisEstimate" : NumberLong(19688)
		}
	],
	"serverInfo" : {
		"host" : "mt-mongo-1",
		"port" : 27011,
		"version" : "4.4.10",
		"gitVersion" : "58971da1ef93435a9f62bf4708a81713def6e88c"
	},
	"ok" : 1,
	"$clusterTime" : {
		"clusterTime" : Timestamp(1639476935, 1),
		"signature" : {
			"hash" : BinData(0,"AAAAAAAAAAAAAAAAAAAAAAAAAAA="),
			"keyId" : NumberLong(0)
		}
	},
	"operationTime" : Timestamp(1639476935, 1)
}


MongoDB shell version v4.4.10
connecting to: mongodb://mt-mongo-1:27011,mt-mongo-2:27012,mt-mongo-3:27013/?compressors=disabled&gssapiServiceName=mongodb&replicaSet=mt-exp-rs-001
Implicit session: session { "id" : UUID("85698b6e-ca25-43c5-9f81-098df53f2398") }
MongoDB server version: 4.4.10
{
	"stages" : [
		{
			"$cursor" : {
				"queryPlanner" : {
					"plannerVersion" : 1,
					"namespace" : "tpch_mongo_1c.scale1",
					"indexFilterSet" : false,
					"parsedQuery" : {
						
					},
					"queryHash" : "7D406A01",
					"planCacheKey" : "7D406A01",
					"winningPlan" : {
						"stage" : "PROJECTION_DEFAULT",
						"transformBy" : {
							"orders" : {
								"$filter" : {
									"input" : "$c_orders",
									"as" : "o",
									"cond" : {
										"$and" : [
											{
												"$anyElementTrue" : [
													{
														"$map" : {
															"input" : "$$o.o_lineitems",
															"as" : "l",
															"in" : {
																"$lt" : [
																	"$$l.l_commitdate",
																	"$$l.l_receiptdate"
																]
															}
														}
													}
												]
											},
											{
												"$gte" : [
													"$$o.o_orderdate",
													{
														"$const" : ISODate("1992-01-01T00:00:00Z")
													}
												]
											},
											{
												"$lt" : [
													"$$o.o_orderdate",
													{
														"$const" : ISODate("1992-04-01T00:00:00Z")
													}
												]
											}
										]
									}
								}
							},
							"_id" : false
						},
						"inputStage" : {
							"stage" : "COLLSCAN",
							"direction" : "forward"
						}
					},
					"rejectedPlans" : [ ]
				},
				"executionStats" : {
					"executionSuccess" : true,
					"nReturned" : 150000,
					"executionTimeMillis" : 19705,
					"totalKeysExamined" : 0,
					"totalDocsExamined" : 150000,
					"executionStages" : {
						"stage" : "PROJECTION_DEFAULT",
						"nReturned" : 150000,
						"executionTimeMillisEstimate" : 19116,
						"works" : 150002,
						"advanced" : 150000,
						"needTime" : 1,
						"needYield" : 0,
						"saveState" : 1118,
						"restoreState" : 1118,
						"isEOF" : 1,
						"transformBy" : {
							"orders" : {
								"$filter" : {
									"input" : "$c_orders",
									"as" : "o",
									"cond" : {
										"$and" : [
											{
												"$anyElementTrue" : [
													{
														"$map" : {
															"input" : "$$o.o_lineitems",
															"as" : "l",
															"in" : {
																"$lt" : [
																	"$$l.l_commitdate",
																	"$$l.l_receiptdate"
																]
															}
														}
													}
												]
											},
											{
												"$gte" : [
													"$$o.o_orderdate",
													{
														"$const" : ISODate("1992-01-01T00:00:00Z")
													}
												]
											},
											{
												"$lt" : [
													"$$o.o_orderdate",
													{
														"$const" : ISODate("1992-04-01T00:00:00Z")
													}
												]
											}
										]
									}
								}
							},
							"_id" : false
						},
						"inputStage" : {
							"stage" : "COLLSCAN",
							"nReturned" : 150000,
							"executionTimeMillisEstimate" : 9207,
							"works" : 150002,
							"advanced" : 150000,
							"needTime" : 1,
							"needYield" : 0,
							"saveState" : 1118,
							"restoreState" : 1118,
							"isEOF" : 1,
							"direction" : "forward",
							"docsExamined" : 150000
						}
					},
					"allPlansExecution" : [ ]
				}
			},
			"nReturned" : NumberLong(150000),
			"executionTimeMillisEstimate" : NumberLong(19479)
		},
		{
			"$unwind" : {
				"path" : "$orders"
			},
			"nReturned" : NumberLong(52002),
			"executionTimeMillisEstimate" : NumberLong(19643)
		},
		{
			"$project" : {
				"_id" : true,
				"orderpriority" : "$orders.o_orderpriority"
			},
			"nReturned" : NumberLong(52002),
			"executionTimeMillisEstimate" : NumberLong(19691)
		},
		{
			"$group" : {
				"_id" : "$orderpriority",
				"order_count" : {
					"$sum" : {
						"$const" : 1
					}
				}
			},
			"nReturned" : NumberLong(5),
			"executionTimeMillisEstimate" : NumberLong(19700)
		},
		{
			"$sort" : {
				"sortKey" : {
					"_id" : 1
				}
			},
			"nReturned" : NumberLong(5),
			"executionTimeMillisEstimate" : NumberLong(19700)
		}
	],
	"serverInfo" : {
		"host" : "mt-mongo-1",
		"port" : 27011,
		"version" : "4.4.10",
		"gitVersion" : "58971da1ef93435a9f62bf4708a81713def6e88c"
	},
	"ok" : 1,
	"$clusterTime" : {
		"clusterTime" : Timestamp(1639476996, 1),
		"signature" : {
			"hash" : BinData(0,"AAAAAAAAAAAAAAAAAAAAAAAAAAA="),
			"keyId" : NumberLong(0)
		}
	},
	"operationTime" : Timestamp(1639476996, 1)
}


MongoDB shell version v4.4.10
connecting to: mongodb://mt-mongo-1:27011,mt-mongo-2:27012,mt-mongo-3:27013/?compressors=disabled&gssapiServiceName=mongodb&replicaSet=mt-exp-rs-001
Implicit session: session { "id" : UUID("3e4a5797-9ceb-4801-aa14-d8889fe3ec47") }
MongoDB server version: 4.4.10
{
	"stages" : [
		{
			"$cursor" : {
				"queryPlanner" : {
					"plannerVersion" : 1,
					"namespace" : "tpch_mongo_1c.scale1",
					"indexFilterSet" : false,
					"parsedQuery" : {
						
					},
					"queryHash" : "7D406A01",
					"planCacheKey" : "7D406A01",
					"winningPlan" : {
						"stage" : "PROJECTION_DEFAULT",
						"transformBy" : {
							"orders" : {
								"$filter" : {
									"input" : "$c_orders",
									"as" : "o",
									"cond" : {
										"$and" : [
											{
												"$anyElementTrue" : [
													{
														"$map" : {
															"input" : "$$o.o_lineitems",
															"as" : "l",
															"in" : {
																"$lt" : [
																	"$$l.l_commitdate",
																	"$$l.l_receiptdate"
																]
															}
														}
													}
												]
											},
											{
												"$gte" : [
													"$$o.o_orderdate",
													{
														"$const" : ISODate("1992-01-01T00:00:00Z")
													}
												]
											},
											{
												"$lt" : [
													"$$o.o_orderdate",
													{
														"$const" : ISODate("1992-04-01T00:00:00Z")
													}
												]
											}
										]
									}
								}
							},
							"_id" : false
						},
						"inputStage" : {
							"stage" : "COLLSCAN",
							"direction" : "forward"
						}
					},
					"rejectedPlans" : [ ]
				},
				"executionStats" : {
					"executionSuccess" : true,
					"nReturned" : 150000,
					"executionTimeMillis" : 17374,
					"totalKeysExamined" : 0,
					"totalDocsExamined" : 150000,
					"executionStages" : {
						"stage" : "PROJECTION_DEFAULT",
						"nReturned" : 150000,
						"executionTimeMillisEstimate" : 16776,
						"works" : 150002,
						"advanced" : 150000,
						"needTime" : 1,
						"needYield" : 0,
						"saveState" : 1014,
						"restoreState" : 1014,
						"isEOF" : 1,
						"transformBy" : {
							"orders" : {
								"$filter" : {
									"input" : "$c_orders",
									"as" : "o",
									"cond" : {
										"$and" : [
											{
												"$anyElementTrue" : [
													{
														"$map" : {
															"input" : "$$o.o_lineitems",
															"as" : "l",
															"in" : {
																"$lt" : [
																	"$$l.l_commitdate",
																	"$$l.l_receiptdate"
																]
															}
														}
													}
												]
											},
											{
												"$gte" : [
													"$$o.o_orderdate",
													{
														"$const" : ISODate("1992-01-01T00:00:00Z")
													}
												]
											},
											{
												"$lt" : [
													"$$o.o_orderdate",
													{
														"$const" : ISODate("1992-04-01T00:00:00Z")
													}
												]
											}
										]
									}
								}
							},
							"_id" : false
						},
						"inputStage" : {
							"stage" : "COLLSCAN",
							"nReturned" : 150000,
							"executionTimeMillisEstimate" : 6157,
							"works" : 150002,
							"advanced" : 150000,
							"needTime" : 1,
							"needYield" : 0,
							"saveState" : 1014,
							"restoreState" : 1014,
							"isEOF" : 1,
							"direction" : "forward",
							"docsExamined" : 150000
						}
					},
					"allPlansExecution" : [ ]
				}
			},
			"nReturned" : NumberLong(150000),
			"executionTimeMillisEstimate" : NumberLong(17161)
		},
		{
			"$unwind" : {
				"path" : "$orders"
			},
			"nReturned" : NumberLong(52002),
			"executionTimeMillisEstimate" : NumberLong(17322)
		},
		{
			"$project" : {
				"_id" : true,
				"orderpriority" : "$orders.o_orderpriority"
			},
			"nReturned" : NumberLong(52002),
			"executionTimeMillisEstimate" : NumberLong(17362)
		},
		{
			"$group" : {
				"_id" : "$orderpriority",
				"order_count" : {
					"$sum" : {
						"$const" : 1
					}
				}
			},
			"nReturned" : NumberLong(5),
			"executionTimeMillisEstimate" : NumberLong(17374)
		},
		{
			"$sort" : {
				"sortKey" : {
					"_id" : 1
				}
			},
			"nReturned" : NumberLong(5),
			"executionTimeMillisEstimate" : NumberLong(17374)
		}
	],
	"serverInfo" : {
		"host" : "mt-mongo-3",
		"port" : 27013,
		"version" : "4.4.10",
		"gitVersion" : "58971da1ef93435a9f62bf4708a81713def6e88c"
	},
	"ok" : 1,
	"$clusterTime" : {
		"clusterTime" : Timestamp(1639477054, 1),
		"signature" : {
			"hash" : BinData(0,"AAAAAAAAAAAAAAAAAAAAAAAAAAA="),
			"keyId" : NumberLong(0)
		}
	},
	"operationTime" : Timestamp(1639477054, 1)
}


MongoDB shell version v4.4.10
connecting to: mongodb://mt-mongo-1:27011,mt-mongo-2:27012,mt-mongo-3:27013/?compressors=disabled&gssapiServiceName=mongodb&replicaSet=mt-exp-rs-001
Implicit session: session { "id" : UUID("1d3e9677-3131-4b0d-90ff-d5f3545a3eda") }
MongoDB server version: 4.4.10
{
	"stages" : [
		{
			"$cursor" : {
				"queryPlanner" : {
					"plannerVersion" : 1,
					"namespace" : "tpch_mongo_1c.scale1",
					"indexFilterSet" : false,
					"parsedQuery" : {
						
					},
					"queryHash" : "7D406A01",
					"planCacheKey" : "7D406A01",
					"winningPlan" : {
						"stage" : "PROJECTION_DEFAULT",
						"transformBy" : {
							"orders" : {
								"$filter" : {
									"input" : "$c_orders",
									"as" : "o",
									"cond" : {
										"$and" : [
											{
												"$anyElementTrue" : [
													{
														"$map" : {
															"input" : "$$o.o_lineitems",
															"as" : "l",
															"in" : {
																"$lt" : [
																	"$$l.l_commitdate",
																	"$$l.l_receiptdate"
																]
															}
														}
													}
												]
											},
											{
												"$gte" : [
													"$$o.o_orderdate",
													{
														"$const" : ISODate("1992-01-01T00:00:00Z")
													}
												]
											},
											{
												"$lt" : [
													"$$o.o_orderdate",
													{
														"$const" : ISODate("1992-04-01T00:00:00Z")
													}
												]
											}
										]
									}
								}
							},
							"_id" : false
						},
						"inputStage" : {
							"stage" : "COLLSCAN",
							"direction" : "forward"
						}
					},
					"rejectedPlans" : [ ]
				},
				"executionStats" : {
					"executionSuccess" : true,
					"nReturned" : 150000,
					"executionTimeMillis" : 20426,
					"totalKeysExamined" : 0,
					"totalDocsExamined" : 150000,
					"executionStages" : {
						"stage" : "PROJECTION_DEFAULT",
						"nReturned" : 150000,
						"executionTimeMillisEstimate" : 19841,
						"works" : 150002,
						"advanced" : 150000,
						"needTime" : 1,
						"needYield" : 0,
						"saveState" : 1165,
						"restoreState" : 1165,
						"isEOF" : 1,
						"transformBy" : {
							"orders" : {
								"$filter" : {
									"input" : "$c_orders",
									"as" : "o",
									"cond" : {
										"$and" : [
											{
												"$anyElementTrue" : [
													{
														"$map" : {
															"input" : "$$o.o_lineitems",
															"as" : "l",
															"in" : {
																"$lt" : [
																	"$$l.l_commitdate",
																	"$$l.l_receiptdate"
																]
															}
														}
													}
												]
											},
											{
												"$gte" : [
													"$$o.o_orderdate",
													{
														"$const" : ISODate("1992-01-01T00:00:00Z")
													}
												]
											},
											{
												"$lt" : [
													"$$o.o_orderdate",
													{
														"$const" : ISODate("1992-04-01T00:00:00Z")
													}
												]
											}
										]
									}
								}
							},
							"_id" : false
						},
						"inputStage" : {
							"stage" : "COLLSCAN",
							"nReturned" : 150000,
							"executionTimeMillisEstimate" : 9709,
							"works" : 150002,
							"advanced" : 150000,
							"needTime" : 1,
							"needYield" : 0,
							"saveState" : 1165,
							"restoreState" : 1165,
							"isEOF" : 1,
							"direction" : "forward",
							"docsExamined" : 150000
						}
					},
					"allPlansExecution" : [ ]
				}
			},
			"nReturned" : NumberLong(150000),
			"executionTimeMillisEstimate" : NumberLong(20269)
		},
		{
			"$unwind" : {
				"path" : "$orders"
			},
			"nReturned" : NumberLong(52002),
			"executionTimeMillisEstimate" : NumberLong(20381)
		},
		{
			"$project" : {
				"_id" : true,
				"orderpriority" : "$orders.o_orderpriority"
			},
			"nReturned" : NumberLong(52002),
			"executionTimeMillisEstimate" : NumberLong(20411)
		},
		{
			"$group" : {
				"_id" : "$orderpriority",
				"order_count" : {
					"$sum" : {
						"$const" : 1
					}
				}
			},
			"nReturned" : NumberLong(5),
			"executionTimeMillisEstimate" : NumberLong(20421)
		},
		{
			"$sort" : {
				"sortKey" : {
					"_id" : 1
				}
			},
			"nReturned" : NumberLong(5),
			"executionTimeMillisEstimate" : NumberLong(20421)
		}
	],
	"serverInfo" : {
		"host" : "mt-mongo-1",
		"port" : 27011,
		"version" : "4.4.10",
		"gitVersion" : "58971da1ef93435a9f62bf4708a81713def6e88c"
	},
	"ok" : 1,
	"$clusterTime" : {
		"clusterTime" : Timestamp(1639477121, 1),
		"signature" : {
			"hash" : BinData(0,"AAAAAAAAAAAAAAAAAAAAAAAAAAA="),
			"keyId" : NumberLong(0)
		}
	},
	"operationTime" : Timestamp(1639477121, 1)
}


MongoDB shell version v4.4.10
connecting to: mongodb://mt-mongo-1:27011,mt-mongo-2:27012,mt-mongo-3:27013/?compressors=disabled&gssapiServiceName=mongodb&replicaSet=mt-exp-rs-001
Implicit session: session { "id" : UUID("c17c7354-7006-4517-b6ae-f0e147385106") }
MongoDB server version: 4.4.10
{
	"stages" : [
		{
			"$cursor" : {
				"queryPlanner" : {
					"plannerVersion" : 1,
					"namespace" : "tpch_mongo_1c.scale1",
					"indexFilterSet" : false,
					"parsedQuery" : {
						
					},
					"queryHash" : "7D406A01",
					"planCacheKey" : "7D406A01",
					"winningPlan" : {
						"stage" : "PROJECTION_DEFAULT",
						"transformBy" : {
							"orders" : {
								"$filter" : {
									"input" : "$c_orders",
									"as" : "o",
									"cond" : {
										"$and" : [
											{
												"$anyElementTrue" : [
													{
														"$map" : {
															"input" : "$$o.o_lineitems",
															"as" : "l",
															"in" : {
																"$lt" : [
																	"$$l.l_commitdate",
																	"$$l.l_receiptdate"
																]
															}
														}
													}
												]
											},
											{
												"$gte" : [
													"$$o.o_orderdate",
													{
														"$const" : ISODate("1992-01-01T00:00:00Z")
													}
												]
											},
											{
												"$lt" : [
													"$$o.o_orderdate",
													{
														"$const" : ISODate("1992-04-01T00:00:00Z")
													}
												]
											}
										]
									}
								}
							},
							"_id" : false
						},
						"inputStage" : {
							"stage" : "COLLSCAN",
							"direction" : "forward"
						}
					},
					"rejectedPlans" : [ ]
				},
				"executionStats" : {
					"executionSuccess" : true,
					"nReturned" : 150000,
					"executionTimeMillis" : 15978,
					"totalKeysExamined" : 0,
					"totalDocsExamined" : 150000,
					"executionStages" : {
						"stage" : "PROJECTION_DEFAULT",
						"nReturned" : 150000,
						"executionTimeMillisEstimate" : 15462,
						"works" : 150002,
						"advanced" : 150000,
						"needTime" : 1,
						"needYield" : 0,
						"saveState" : 923,
						"restoreState" : 923,
						"isEOF" : 1,
						"transformBy" : {
							"orders" : {
								"$filter" : {
									"input" : "$c_orders",
									"as" : "o",
									"cond" : {
										"$and" : [
											{
												"$anyElementTrue" : [
													{
														"$map" : {
															"input" : "$$o.o_lineitems",
															"as" : "l",
															"in" : {
																"$lt" : [
																	"$$l.l_commitdate",
																	"$$l.l_receiptdate"
																]
															}
														}
													}
												]
											},
											{
												"$gte" : [
													"$$o.o_orderdate",
													{
														"$const" : ISODate("1992-01-01T00:00:00Z")
													}
												]
											},
											{
												"$lt" : [
													"$$o.o_orderdate",
													{
														"$const" : ISODate("1992-04-01T00:00:00Z")
													}
												]
											}
										]
									}
								}
							},
							"_id" : false
						},
						"inputStage" : {
							"stage" : "COLLSCAN",
							"nReturned" : 150000,
							"executionTimeMillisEstimate" : 5653,
							"works" : 150002,
							"advanced" : 150000,
							"needTime" : 1,
							"needYield" : 0,
							"saveState" : 923,
							"restoreState" : 923,
							"isEOF" : 1,
							"direction" : "forward",
							"docsExamined" : 150000
						}
					},
					"allPlansExecution" : [ ]
				}
			},
			"nReturned" : NumberLong(150000),
			"executionTimeMillisEstimate" : NumberLong(15835)
		},
		{
			"$unwind" : {
				"path" : "$orders"
			},
			"nReturned" : NumberLong(52002),
			"executionTimeMillisEstimate" : NumberLong(15897)
		},
		{
			"$project" : {
				"_id" : true,
				"orderpriority" : "$orders.o_orderpriority"
			},
			"nReturned" : NumberLong(52002),
			"executionTimeMillisEstimate" : NumberLong(15953)
		},
		{
			"$group" : {
				"_id" : "$orderpriority",
				"order_count" : {
					"$sum" : {
						"$const" : 1
					}
				}
			},
			"nReturned" : NumberLong(5),
			"executionTimeMillisEstimate" : NumberLong(15973)
		},
		{
			"$sort" : {
				"sortKey" : {
					"_id" : 1
				}
			},
			"nReturned" : NumberLong(5),
			"executionTimeMillisEstimate" : NumberLong(15973)
		}
	],
	"serverInfo" : {
		"host" : "mt-mongo-3",
		"port" : 27013,
		"version" : "4.4.10",
		"gitVersion" : "58971da1ef93435a9f62bf4708a81713def6e88c"
	},
	"ok" : 1,
	"$clusterTime" : {
		"clusterTime" : Timestamp(1639477162, 1),
		"signature" : {
			"hash" : BinData(0,"AAAAAAAAAAAAAAAAAAAAAAAAAAA="),
			"keyId" : NumberLong(0)
		}
	},
	"operationTime" : Timestamp(1639477162, 1)
}


