MongoDB shell version v4.4.10
connecting to: mongodb://mt-mongo-1:27011,mt-mongo-2:27012,mt-mongo-3:27013/?compressors=disabled&gssapiServiceName=mongodb&replicaSet=mt-exp-rs-001
Implicit session: session { "id" : UUID("ed001427-eb9b-46a9-a9b6-820496127e99") }
MongoDB server version: 4.4.10
{
	"queryPlanner" : {
		"plannerVersion" : 1,
		"namespace" : "tpch_mongo_1c.scale1",
		"indexFilterSet" : false,
		"parsedQuery" : {
			"c_acctbal" : {
				"$lt" : -10
			}
		},
		"optimizedPipeline" : true,
		"winningPlan" : {
			"stage" : "FETCH",
			"inputStage" : {
				"stage" : "IXSCAN",
				"keyPattern" : {
					"c_acctbal" : -1
				},
				"indexName" : "idx_customer_d",
				"isMultiKey" : false,
				"multiKeyPaths" : {
					"c_acctbal" : [ ]
				},
				"isUnique" : false,
				"isSparse" : false,
				"isPartial" : false,
				"indexVersion" : 2,
				"direction" : "forward",
				"indexBounds" : {
					"c_acctbal" : [
						"(-10.0, -inf.0]"
					]
				}
			}
		},
		"rejectedPlans" : [
			{
				"stage" : "FETCH",
				"inputStage" : {
					"stage" : "IXSCAN",
					"keyPattern" : {
						"c_acctbal" : 1
					},
					"indexName" : "idx_customer_a",
					"isMultiKey" : false,
					"multiKeyPaths" : {
						"c_acctbal" : [ ]
					},
					"isUnique" : false,
					"isSparse" : false,
					"isPartial" : false,
					"indexVersion" : 2,
					"direction" : "forward",
					"indexBounds" : {
						"c_acctbal" : [
							"[-inf.0, -10.0)"
						]
					}
				}
			}
		]
	},
	"executionStats" : {
		"executionSuccess" : true,
		"nReturned" : 13559,
		"executionTimeMillis" : 80,
		"totalKeysExamined" : 13559,
		"totalDocsExamined" : 13559,
		"executionStages" : {
			"stage" : "FETCH",
			"nReturned" : 13559,
			"executionTimeMillisEstimate" : 20,
			"works" : 13560,
			"advanced" : 13559,
			"needTime" : 0,
			"needYield" : 0,
			"saveState" : 13,
			"restoreState" : 13,
			"isEOF" : 1,
			"docsExamined" : 13559,
			"alreadyHasObj" : 0,
			"inputStage" : {
				"stage" : "IXSCAN",
				"nReturned" : 13559,
				"executionTimeMillisEstimate" : 8,
				"works" : 13560,
				"advanced" : 13559,
				"needTime" : 0,
				"needYield" : 0,
				"saveState" : 13,
				"restoreState" : 13,
				"isEOF" : 1,
				"keyPattern" : {
					"c_acctbal" : -1
				},
				"indexName" : "idx_customer_d",
				"isMultiKey" : false,
				"multiKeyPaths" : {
					"c_acctbal" : [ ]
				},
				"isUnique" : false,
				"isSparse" : false,
				"isPartial" : false,
				"indexVersion" : 2,
				"direction" : "forward",
				"indexBounds" : {
					"c_acctbal" : [
						"(-10.0, -inf.0]"
					]
				},
				"keysExamined" : 13559,
				"seeks" : 1,
				"dupsTested" : 0,
				"dupsDropped" : 0
			}
		},
		"allPlansExecution" : [
			{
				"nReturned" : 101,
				"executionTimeMillisEstimate" : 0,
				"totalKeysExamined" : 101,
				"totalDocsExamined" : 101,
				"executionStages" : {
					"stage" : "FETCH",
					"nReturned" : 101,
					"executionTimeMillisEstimate" : 0,
					"works" : 101,
					"advanced" : 101,
					"needTime" : 0,
					"needYield" : 0,
					"saveState" : 0,
					"restoreState" : 0,
					"isEOF" : 0,
					"docsExamined" : 101,
					"alreadyHasObj" : 0,
					"inputStage" : {
						"stage" : "IXSCAN",
						"nReturned" : 101,
						"executionTimeMillisEstimate" : 0,
						"works" : 101,
						"advanced" : 101,
						"needTime" : 0,
						"needYield" : 0,
						"saveState" : 0,
						"restoreState" : 0,
						"isEOF" : 0,
						"keyPattern" : {
							"c_acctbal" : -1
						},
						"indexName" : "idx_customer_d",
						"isMultiKey" : false,
						"multiKeyPaths" : {
							"c_acctbal" : [ ]
						},
						"isUnique" : false,
						"isSparse" : false,
						"isPartial" : false,
						"indexVersion" : 2,
						"direction" : "forward",
						"indexBounds" : {
							"c_acctbal" : [
								"(-10.0, -inf.0]"
							]
						},
						"keysExamined" : 101,
						"seeks" : 1,
						"dupsTested" : 0,
						"dupsDropped" : 0
					}
				}
			},
			{
				"nReturned" : 101,
				"executionTimeMillisEstimate" : 9,
				"totalKeysExamined" : 101,
				"totalDocsExamined" : 101,
				"executionStages" : {
					"stage" : "FETCH",
					"nReturned" : 101,
					"executionTimeMillisEstimate" : 9,
					"works" : 101,
					"advanced" : 101,
					"needTime" : 0,
					"needYield" : 0,
					"saveState" : 13,
					"restoreState" : 13,
					"isEOF" : 0,
					"docsExamined" : 101,
					"alreadyHasObj" : 0,
					"inputStage" : {
						"stage" : "IXSCAN",
						"nReturned" : 101,
						"executionTimeMillisEstimate" : 0,
						"works" : 101,
						"advanced" : 101,
						"needTime" : 0,
						"needYield" : 0,
						"saveState" : 13,
						"restoreState" : 13,
						"isEOF" : 0,
						"keyPattern" : {
							"c_acctbal" : 1
						},
						"indexName" : "idx_customer_a",
						"isMultiKey" : false,
						"multiKeyPaths" : {
							"c_acctbal" : [ ]
						},
						"isUnique" : false,
						"isSparse" : false,
						"isPartial" : false,
						"indexVersion" : 2,
						"direction" : "forward",
						"indexBounds" : {
							"c_acctbal" : [
								"[-inf.0, -10.0)"
							]
						},
						"keysExamined" : 101,
						"seeks" : 1,
						"dupsTested" : 0,
						"dupsDropped" : 0
					}
				}
			}
		]
	},
	"serverInfo" : {
		"host" : "mt-mongo-2",
		"port" : 27012,
		"version" : "4.4.10",
		"gitVersion" : "58971da1ef93435a9f62bf4708a81713def6e88c"
	},
	"ok" : 1,
	"$clusterTime" : {
		"clusterTime" : Timestamp(1639504618, 7),
		"signature" : {
			"hash" : BinData(0,"AAAAAAAAAAAAAAAAAAAAAAAAAAA="),
			"keyId" : NumberLong(0)
		}
	},
	"operationTime" : Timestamp(1639504618, 7)
}


MongoDB shell version v4.4.10
connecting to: mongodb://mt-mongo-1:27011,mt-mongo-2:27012,mt-mongo-3:27013/?compressors=disabled&gssapiServiceName=mongodb&replicaSet=mt-exp-rs-001
Implicit session: session { "id" : UUID("14280235-2f52-4a0f-ae81-f72cc1616937") }
MongoDB server version: 4.4.10
{
	"queryPlanner" : {
		"plannerVersion" : 1,
		"namespace" : "tpch_mongo_1c.scale1",
		"indexFilterSet" : false,
		"parsedQuery" : {
			"c_acctbal" : {
				"$lt" : -10
			}
		},
		"optimizedPipeline" : true,
		"winningPlan" : {
			"stage" : "FETCH",
			"inputStage" : {
				"stage" : "IXSCAN",
				"keyPattern" : {
					"c_acctbal" : -1
				},
				"indexName" : "idx_customer_d",
				"isMultiKey" : false,
				"multiKeyPaths" : {
					"c_acctbal" : [ ]
				},
				"isUnique" : false,
				"isSparse" : false,
				"isPartial" : false,
				"indexVersion" : 2,
				"direction" : "forward",
				"indexBounds" : {
					"c_acctbal" : [
						"(-10.0, -inf.0]"
					]
				}
			}
		},
		"rejectedPlans" : [
			{
				"stage" : "FETCH",
				"inputStage" : {
					"stage" : "IXSCAN",
					"keyPattern" : {
						"c_acctbal" : 1
					},
					"indexName" : "idx_customer_a",
					"isMultiKey" : false,
					"multiKeyPaths" : {
						"c_acctbal" : [ ]
					},
					"isUnique" : false,
					"isSparse" : false,
					"isPartial" : false,
					"indexVersion" : 2,
					"direction" : "forward",
					"indexBounds" : {
						"c_acctbal" : [
							"[-inf.0, -10.0)"
						]
					}
				}
			}
		]
	},
	"executionStats" : {
		"executionSuccess" : true,
		"nReturned" : 13559,
		"executionTimeMillis" : 72,
		"totalKeysExamined" : 13559,
		"totalDocsExamined" : 13559,
		"executionStages" : {
			"stage" : "FETCH",
			"nReturned" : 13559,
			"executionTimeMillisEstimate" : 24,
			"works" : 13560,
			"advanced" : 13559,
			"needTime" : 0,
			"needYield" : 0,
			"saveState" : 13,
			"restoreState" : 13,
			"isEOF" : 1,
			"docsExamined" : 13559,
			"alreadyHasObj" : 0,
			"inputStage" : {
				"stage" : "IXSCAN",
				"nReturned" : 13559,
				"executionTimeMillisEstimate" : 4,
				"works" : 13560,
				"advanced" : 13559,
				"needTime" : 0,
				"needYield" : 0,
				"saveState" : 13,
				"restoreState" : 13,
				"isEOF" : 1,
				"keyPattern" : {
					"c_acctbal" : -1
				},
				"indexName" : "idx_customer_d",
				"isMultiKey" : false,
				"multiKeyPaths" : {
					"c_acctbal" : [ ]
				},
				"isUnique" : false,
				"isSparse" : false,
				"isPartial" : false,
				"indexVersion" : 2,
				"direction" : "forward",
				"indexBounds" : {
					"c_acctbal" : [
						"(-10.0, -inf.0]"
					]
				},
				"keysExamined" : 13559,
				"seeks" : 1,
				"dupsTested" : 0,
				"dupsDropped" : 0
			}
		},
		"allPlansExecution" : [
			{
				"nReturned" : 101,
				"executionTimeMillisEstimate" : 0,
				"totalKeysExamined" : 101,
				"totalDocsExamined" : 101,
				"executionStages" : {
					"stage" : "FETCH",
					"nReturned" : 101,
					"executionTimeMillisEstimate" : 0,
					"works" : 101,
					"advanced" : 101,
					"needTime" : 0,
					"needYield" : 0,
					"saveState" : 0,
					"restoreState" : 0,
					"isEOF" : 0,
					"docsExamined" : 101,
					"alreadyHasObj" : 0,
					"inputStage" : {
						"stage" : "IXSCAN",
						"nReturned" : 101,
						"executionTimeMillisEstimate" : 0,
						"works" : 101,
						"advanced" : 101,
						"needTime" : 0,
						"needYield" : 0,
						"saveState" : 0,
						"restoreState" : 0,
						"isEOF" : 0,
						"keyPattern" : {
							"c_acctbal" : -1
						},
						"indexName" : "idx_customer_d",
						"isMultiKey" : false,
						"multiKeyPaths" : {
							"c_acctbal" : [ ]
						},
						"isUnique" : false,
						"isSparse" : false,
						"isPartial" : false,
						"indexVersion" : 2,
						"direction" : "forward",
						"indexBounds" : {
							"c_acctbal" : [
								"(-10.0, -inf.0]"
							]
						},
						"keysExamined" : 101,
						"seeks" : 1,
						"dupsTested" : 0,
						"dupsDropped" : 0
					}
				}
			},
			{
				"nReturned" : 101,
				"executionTimeMillisEstimate" : 0,
				"totalKeysExamined" : 101,
				"totalDocsExamined" : 101,
				"executionStages" : {
					"stage" : "FETCH",
					"nReturned" : 101,
					"executionTimeMillisEstimate" : 0,
					"works" : 101,
					"advanced" : 101,
					"needTime" : 0,
					"needYield" : 0,
					"saveState" : 13,
					"restoreState" : 13,
					"isEOF" : 0,
					"docsExamined" : 101,
					"alreadyHasObj" : 0,
					"inputStage" : {
						"stage" : "IXSCAN",
						"nReturned" : 101,
						"executionTimeMillisEstimate" : 0,
						"works" : 101,
						"advanced" : 101,
						"needTime" : 0,
						"needYield" : 0,
						"saveState" : 13,
						"restoreState" : 13,
						"isEOF" : 0,
						"keyPattern" : {
							"c_acctbal" : 1
						},
						"indexName" : "idx_customer_a",
						"isMultiKey" : false,
						"multiKeyPaths" : {
							"c_acctbal" : [ ]
						},
						"isUnique" : false,
						"isSparse" : false,
						"isPartial" : false,
						"indexVersion" : 2,
						"direction" : "forward",
						"indexBounds" : {
							"c_acctbal" : [
								"[-inf.0, -10.0)"
							]
						},
						"keysExamined" : 101,
						"seeks" : 1,
						"dupsTested" : 0,
						"dupsDropped" : 0
					}
				}
			}
		]
	},
	"serverInfo" : {
		"host" : "mt-mongo-3",
		"port" : 27013,
		"version" : "4.4.10",
		"gitVersion" : "58971da1ef93435a9f62bf4708a81713def6e88c"
	},
	"ok" : 1,
	"$clusterTime" : {
		"clusterTime" : Timestamp(1639504671, 12),
		"signature" : {
			"hash" : BinData(0,"AAAAAAAAAAAAAAAAAAAAAAAAAAA="),
			"keyId" : NumberLong(0)
		}
	},
	"operationTime" : Timestamp(1639504671, 12)
}


MongoDB shell version v4.4.10
connecting to: mongodb://mt-mongo-1:27011,mt-mongo-2:27012,mt-mongo-3:27013/?compressors=disabled&gssapiServiceName=mongodb&replicaSet=mt-exp-rs-001
Implicit session: session { "id" : UUID("58ae5e14-7403-4c18-a99a-19ecf7fe2a14") }
MongoDB server version: 4.4.10
{
	"queryPlanner" : {
		"plannerVersion" : 1,
		"namespace" : "tpch_mongo_1c.scale1",
		"indexFilterSet" : false,
		"parsedQuery" : {
			"c_acctbal" : {
				"$lt" : -10
			}
		},
		"optimizedPipeline" : true,
		"winningPlan" : {
			"stage" : "FETCH",
			"inputStage" : {
				"stage" : "IXSCAN",
				"keyPattern" : {
					"c_acctbal" : -1
				},
				"indexName" : "idx_customer_d",
				"isMultiKey" : false,
				"multiKeyPaths" : {
					"c_acctbal" : [ ]
				},
				"isUnique" : false,
				"isSparse" : false,
				"isPartial" : false,
				"indexVersion" : 2,
				"direction" : "forward",
				"indexBounds" : {
					"c_acctbal" : [
						"(-10.0, -inf.0]"
					]
				}
			}
		},
		"rejectedPlans" : [
			{
				"stage" : "FETCH",
				"inputStage" : {
					"stage" : "IXSCAN",
					"keyPattern" : {
						"c_acctbal" : 1
					},
					"indexName" : "idx_customer_a",
					"isMultiKey" : false,
					"multiKeyPaths" : {
						"c_acctbal" : [ ]
					},
					"isUnique" : false,
					"isSparse" : false,
					"isPartial" : false,
					"indexVersion" : 2,
					"direction" : "forward",
					"indexBounds" : {
						"c_acctbal" : [
							"[-inf.0, -10.0)"
						]
					}
				}
			}
		]
	},
	"executionStats" : {
		"executionSuccess" : true,
		"nReturned" : 13559,
		"executionTimeMillis" : 55,
		"totalKeysExamined" : 13559,
		"totalDocsExamined" : 13559,
		"executionStages" : {
			"stage" : "FETCH",
			"nReturned" : 13559,
			"executionTimeMillisEstimate" : 13,
			"works" : 13560,
			"advanced" : 13559,
			"needTime" : 0,
			"needYield" : 0,
			"saveState" : 13,
			"restoreState" : 13,
			"isEOF" : 1,
			"docsExamined" : 13559,
			"alreadyHasObj" : 0,
			"inputStage" : {
				"stage" : "IXSCAN",
				"nReturned" : 13559,
				"executionTimeMillisEstimate" : 4,
				"works" : 13560,
				"advanced" : 13559,
				"needTime" : 0,
				"needYield" : 0,
				"saveState" : 13,
				"restoreState" : 13,
				"isEOF" : 1,
				"keyPattern" : {
					"c_acctbal" : -1
				},
				"indexName" : "idx_customer_d",
				"isMultiKey" : false,
				"multiKeyPaths" : {
					"c_acctbal" : [ ]
				},
				"isUnique" : false,
				"isSparse" : false,
				"isPartial" : false,
				"indexVersion" : 2,
				"direction" : "forward",
				"indexBounds" : {
					"c_acctbal" : [
						"(-10.0, -inf.0]"
					]
				},
				"keysExamined" : 13559,
				"seeks" : 1,
				"dupsTested" : 0,
				"dupsDropped" : 0
			}
		},
		"allPlansExecution" : [
			{
				"nReturned" : 101,
				"executionTimeMillisEstimate" : 2,
				"totalKeysExamined" : 101,
				"totalDocsExamined" : 101,
				"executionStages" : {
					"stage" : "FETCH",
					"nReturned" : 101,
					"executionTimeMillisEstimate" : 2,
					"works" : 101,
					"advanced" : 101,
					"needTime" : 0,
					"needYield" : 0,
					"saveState" : 0,
					"restoreState" : 0,
					"isEOF" : 0,
					"docsExamined" : 101,
					"alreadyHasObj" : 0,
					"inputStage" : {
						"stage" : "IXSCAN",
						"nReturned" : 101,
						"executionTimeMillisEstimate" : 2,
						"works" : 101,
						"advanced" : 101,
						"needTime" : 0,
						"needYield" : 0,
						"saveState" : 0,
						"restoreState" : 0,
						"isEOF" : 0,
						"keyPattern" : {
							"c_acctbal" : -1
						},
						"indexName" : "idx_customer_d",
						"isMultiKey" : false,
						"multiKeyPaths" : {
							"c_acctbal" : [ ]
						},
						"isUnique" : false,
						"isSparse" : false,
						"isPartial" : false,
						"indexVersion" : 2,
						"direction" : "forward",
						"indexBounds" : {
							"c_acctbal" : [
								"(-10.0, -inf.0]"
							]
						},
						"keysExamined" : 101,
						"seeks" : 1,
						"dupsTested" : 0,
						"dupsDropped" : 0
					}
				}
			},
			{
				"nReturned" : 101,
				"executionTimeMillisEstimate" : 0,
				"totalKeysExamined" : 101,
				"totalDocsExamined" : 101,
				"executionStages" : {
					"stage" : "FETCH",
					"nReturned" : 101,
					"executionTimeMillisEstimate" : 0,
					"works" : 101,
					"advanced" : 101,
					"needTime" : 0,
					"needYield" : 0,
					"saveState" : 13,
					"restoreState" : 13,
					"isEOF" : 0,
					"docsExamined" : 101,
					"alreadyHasObj" : 0,
					"inputStage" : {
						"stage" : "IXSCAN",
						"nReturned" : 101,
						"executionTimeMillisEstimate" : 0,
						"works" : 101,
						"advanced" : 101,
						"needTime" : 0,
						"needYield" : 0,
						"saveState" : 13,
						"restoreState" : 13,
						"isEOF" : 0,
						"keyPattern" : {
							"c_acctbal" : 1
						},
						"indexName" : "idx_customer_a",
						"isMultiKey" : false,
						"multiKeyPaths" : {
							"c_acctbal" : [ ]
						},
						"isUnique" : false,
						"isSparse" : false,
						"isPartial" : false,
						"indexVersion" : 2,
						"direction" : "forward",
						"indexBounds" : {
							"c_acctbal" : [
								"[-inf.0, -10.0)"
							]
						},
						"keysExamined" : 101,
						"seeks" : 1,
						"dupsTested" : 0,
						"dupsDropped" : 0
					}
				}
			}
		]
	},
	"serverInfo" : {
		"host" : "mt-mongo-1",
		"port" : 27011,
		"version" : "4.4.10",
		"gitVersion" : "58971da1ef93435a9f62bf4708a81713def6e88c"
	},
	"ok" : 1,
	"$clusterTime" : {
		"clusterTime" : Timestamp(1639504724, 5),
		"signature" : {
			"hash" : BinData(0,"AAAAAAAAAAAAAAAAAAAAAAAAAAA="),
			"keyId" : NumberLong(0)
		}
	},
	"operationTime" : Timestamp(1639504724, 5)
}


MongoDB shell version v4.4.10
connecting to: mongodb://mt-mongo-1:27011,mt-mongo-2:27012,mt-mongo-3:27013/?compressors=disabled&gssapiServiceName=mongodb&replicaSet=mt-exp-rs-001
Implicit session: session { "id" : UUID("7978a725-7078-4251-90b7-db9d65818d58") }
MongoDB server version: 4.4.10
{
	"queryPlanner" : {
		"plannerVersion" : 1,
		"namespace" : "tpch_mongo_1c.scale1",
		"indexFilterSet" : false,
		"parsedQuery" : {
			"c_acctbal" : {
				"$lt" : -10
			}
		},
		"optimizedPipeline" : true,
		"winningPlan" : {
			"stage" : "FETCH",
			"inputStage" : {
				"stage" : "IXSCAN",
				"keyPattern" : {
					"c_acctbal" : -1
				},
				"indexName" : "idx_customer_d",
				"isMultiKey" : false,
				"multiKeyPaths" : {
					"c_acctbal" : [ ]
				},
				"isUnique" : false,
				"isSparse" : false,
				"isPartial" : false,
				"indexVersion" : 2,
				"direction" : "forward",
				"indexBounds" : {
					"c_acctbal" : [
						"(-10.0, -inf.0]"
					]
				}
			}
		},
		"rejectedPlans" : [
			{
				"stage" : "FETCH",
				"inputStage" : {
					"stage" : "IXSCAN",
					"keyPattern" : {
						"c_acctbal" : 1
					},
					"indexName" : "idx_customer_a",
					"isMultiKey" : false,
					"multiKeyPaths" : {
						"c_acctbal" : [ ]
					},
					"isUnique" : false,
					"isSparse" : false,
					"isPartial" : false,
					"indexVersion" : 2,
					"direction" : "forward",
					"indexBounds" : {
						"c_acctbal" : [
							"[-inf.0, -10.0)"
						]
					}
				}
			}
		]
	},
	"executionStats" : {
		"executionSuccess" : true,
		"nReturned" : 13559,
		"executionTimeMillis" : 86,
		"totalKeysExamined" : 13559,
		"totalDocsExamined" : 13559,
		"executionStages" : {
			"stage" : "FETCH",
			"nReturned" : 13559,
			"executionTimeMillisEstimate" : 25,
			"works" : 13560,
			"advanced" : 13559,
			"needTime" : 0,
			"needYield" : 0,
			"saveState" : 14,
			"restoreState" : 14,
			"isEOF" : 1,
			"docsExamined" : 13559,
			"alreadyHasObj" : 0,
			"inputStage" : {
				"stage" : "IXSCAN",
				"nReturned" : 13559,
				"executionTimeMillisEstimate" : 7,
				"works" : 13560,
				"advanced" : 13559,
				"needTime" : 0,
				"needYield" : 0,
				"saveState" : 14,
				"restoreState" : 14,
				"isEOF" : 1,
				"keyPattern" : {
					"c_acctbal" : -1
				},
				"indexName" : "idx_customer_d",
				"isMultiKey" : false,
				"multiKeyPaths" : {
					"c_acctbal" : [ ]
				},
				"isUnique" : false,
				"isSparse" : false,
				"isPartial" : false,
				"indexVersion" : 2,
				"direction" : "forward",
				"indexBounds" : {
					"c_acctbal" : [
						"(-10.0, -inf.0]"
					]
				},
				"keysExamined" : 13559,
				"seeks" : 1,
				"dupsTested" : 0,
				"dupsDropped" : 0
			}
		},
		"allPlansExecution" : [
			{
				"nReturned" : 101,
				"executionTimeMillisEstimate" : 1,
				"totalKeysExamined" : 101,
				"totalDocsExamined" : 101,
				"executionStages" : {
					"stage" : "FETCH",
					"nReturned" : 101,
					"executionTimeMillisEstimate" : 1,
					"works" : 101,
					"advanced" : 101,
					"needTime" : 0,
					"needYield" : 0,
					"saveState" : 0,
					"restoreState" : 0,
					"isEOF" : 0,
					"docsExamined" : 101,
					"alreadyHasObj" : 0,
					"inputStage" : {
						"stage" : "IXSCAN",
						"nReturned" : 101,
						"executionTimeMillisEstimate" : 1,
						"works" : 101,
						"advanced" : 101,
						"needTime" : 0,
						"needYield" : 0,
						"saveState" : 0,
						"restoreState" : 0,
						"isEOF" : 0,
						"keyPattern" : {
							"c_acctbal" : -1
						},
						"indexName" : "idx_customer_d",
						"isMultiKey" : false,
						"multiKeyPaths" : {
							"c_acctbal" : [ ]
						},
						"isUnique" : false,
						"isSparse" : false,
						"isPartial" : false,
						"indexVersion" : 2,
						"direction" : "forward",
						"indexBounds" : {
							"c_acctbal" : [
								"(-10.0, -inf.0]"
							]
						},
						"keysExamined" : 101,
						"seeks" : 1,
						"dupsTested" : 0,
						"dupsDropped" : 0
					}
				}
			},
			{
				"nReturned" : 101,
				"executionTimeMillisEstimate" : 0,
				"totalKeysExamined" : 101,
				"totalDocsExamined" : 101,
				"executionStages" : {
					"stage" : "FETCH",
					"nReturned" : 101,
					"executionTimeMillisEstimate" : 0,
					"works" : 101,
					"advanced" : 101,
					"needTime" : 0,
					"needYield" : 0,
					"saveState" : 14,
					"restoreState" : 14,
					"isEOF" : 0,
					"docsExamined" : 101,
					"alreadyHasObj" : 0,
					"inputStage" : {
						"stage" : "IXSCAN",
						"nReturned" : 101,
						"executionTimeMillisEstimate" : 0,
						"works" : 101,
						"advanced" : 101,
						"needTime" : 0,
						"needYield" : 0,
						"saveState" : 14,
						"restoreState" : 14,
						"isEOF" : 0,
						"keyPattern" : {
							"c_acctbal" : 1
						},
						"indexName" : "idx_customer_a",
						"isMultiKey" : false,
						"multiKeyPaths" : {
							"c_acctbal" : [ ]
						},
						"isUnique" : false,
						"isSparse" : false,
						"isPartial" : false,
						"indexVersion" : 2,
						"direction" : "forward",
						"indexBounds" : {
							"c_acctbal" : [
								"[-inf.0, -10.0)"
							]
						},
						"keysExamined" : 101,
						"seeks" : 1,
						"dupsTested" : 0,
						"dupsDropped" : 0
					}
				}
			}
		]
	},
	"serverInfo" : {
		"host" : "mt-mongo-2",
		"port" : 27012,
		"version" : "4.4.10",
		"gitVersion" : "58971da1ef93435a9f62bf4708a81713def6e88c"
	},
	"ok" : 1,
	"$clusterTime" : {
		"clusterTime" : Timestamp(1639504780, 10),
		"signature" : {
			"hash" : BinData(0,"AAAAAAAAAAAAAAAAAAAAAAAAAAA="),
			"keyId" : NumberLong(0)
		}
	},
	"operationTime" : Timestamp(1639504780, 10)
}


MongoDB shell version v4.4.10
connecting to: mongodb://mt-mongo-1:27011,mt-mongo-2:27012,mt-mongo-3:27013/?compressors=disabled&gssapiServiceName=mongodb&replicaSet=mt-exp-rs-001
Implicit session: session { "id" : UUID("2ef80b4e-5eba-496e-88b1-17f3ac66d682") }
MongoDB server version: 4.4.10
{
	"queryPlanner" : {
		"plannerVersion" : 1,
		"namespace" : "tpch_mongo_1c.scale1",
		"indexFilterSet" : false,
		"parsedQuery" : {
			"c_acctbal" : {
				"$lt" : -10
			}
		},
		"optimizedPipeline" : true,
		"winningPlan" : {
			"stage" : "FETCH",
			"inputStage" : {
				"stage" : "IXSCAN",
				"keyPattern" : {
					"c_acctbal" : -1
				},
				"indexName" : "idx_customer_d",
				"isMultiKey" : false,
				"multiKeyPaths" : {
					"c_acctbal" : [ ]
				},
				"isUnique" : false,
				"isSparse" : false,
				"isPartial" : false,
				"indexVersion" : 2,
				"direction" : "forward",
				"indexBounds" : {
					"c_acctbal" : [
						"(-10.0, -inf.0]"
					]
				}
			}
		},
		"rejectedPlans" : [
			{
				"stage" : "FETCH",
				"inputStage" : {
					"stage" : "IXSCAN",
					"keyPattern" : {
						"c_acctbal" : 1
					},
					"indexName" : "idx_customer_a",
					"isMultiKey" : false,
					"multiKeyPaths" : {
						"c_acctbal" : [ ]
					},
					"isUnique" : false,
					"isSparse" : false,
					"isPartial" : false,
					"indexVersion" : 2,
					"direction" : "forward",
					"indexBounds" : {
						"c_acctbal" : [
							"[-inf.0, -10.0)"
						]
					}
				}
			}
		]
	},
	"executionStats" : {
		"executionSuccess" : true,
		"nReturned" : 13559,
		"executionTimeMillis" : 76,
		"totalKeysExamined" : 13559,
		"totalDocsExamined" : 13559,
		"executionStages" : {
			"stage" : "FETCH",
			"nReturned" : 13559,
			"executionTimeMillisEstimate" : 31,
			"works" : 13560,
			"advanced" : 13559,
			"needTime" : 0,
			"needYield" : 0,
			"saveState" : 14,
			"restoreState" : 14,
			"isEOF" : 1,
			"docsExamined" : 13559,
			"alreadyHasObj" : 0,
			"inputStage" : {
				"stage" : "IXSCAN",
				"nReturned" : 13559,
				"executionTimeMillisEstimate" : 1,
				"works" : 13560,
				"advanced" : 13559,
				"needTime" : 0,
				"needYield" : 0,
				"saveState" : 14,
				"restoreState" : 14,
				"isEOF" : 1,
				"keyPattern" : {
					"c_acctbal" : -1
				},
				"indexName" : "idx_customer_d",
				"isMultiKey" : false,
				"multiKeyPaths" : {
					"c_acctbal" : [ ]
				},
				"isUnique" : false,
				"isSparse" : false,
				"isPartial" : false,
				"indexVersion" : 2,
				"direction" : "forward",
				"indexBounds" : {
					"c_acctbal" : [
						"(-10.0, -inf.0]"
					]
				},
				"keysExamined" : 13559,
				"seeks" : 1,
				"dupsTested" : 0,
				"dupsDropped" : 0
			}
		},
		"allPlansExecution" : [
			{
				"nReturned" : 101,
				"executionTimeMillisEstimate" : 1,
				"totalKeysExamined" : 101,
				"totalDocsExamined" : 101,
				"executionStages" : {
					"stage" : "FETCH",
					"nReturned" : 101,
					"executionTimeMillisEstimate" : 1,
					"works" : 101,
					"advanced" : 101,
					"needTime" : 0,
					"needYield" : 0,
					"saveState" : 0,
					"restoreState" : 0,
					"isEOF" : 0,
					"docsExamined" : 101,
					"alreadyHasObj" : 0,
					"inputStage" : {
						"stage" : "IXSCAN",
						"nReturned" : 101,
						"executionTimeMillisEstimate" : 1,
						"works" : 101,
						"advanced" : 101,
						"needTime" : 0,
						"needYield" : 0,
						"saveState" : 0,
						"restoreState" : 0,
						"isEOF" : 0,
						"keyPattern" : {
							"c_acctbal" : -1
						},
						"indexName" : "idx_customer_d",
						"isMultiKey" : false,
						"multiKeyPaths" : {
							"c_acctbal" : [ ]
						},
						"isUnique" : false,
						"isSparse" : false,
						"isPartial" : false,
						"indexVersion" : 2,
						"direction" : "forward",
						"indexBounds" : {
							"c_acctbal" : [
								"(-10.0, -inf.0]"
							]
						},
						"keysExamined" : 101,
						"seeks" : 1,
						"dupsTested" : 0,
						"dupsDropped" : 0
					}
				}
			},
			{
				"nReturned" : 101,
				"executionTimeMillisEstimate" : 0,
				"totalKeysExamined" : 101,
				"totalDocsExamined" : 101,
				"executionStages" : {
					"stage" : "FETCH",
					"nReturned" : 101,
					"executionTimeMillisEstimate" : 0,
					"works" : 101,
					"advanced" : 101,
					"needTime" : 0,
					"needYield" : 0,
					"saveState" : 14,
					"restoreState" : 14,
					"isEOF" : 0,
					"docsExamined" : 101,
					"alreadyHasObj" : 0,
					"inputStage" : {
						"stage" : "IXSCAN",
						"nReturned" : 101,
						"executionTimeMillisEstimate" : 0,
						"works" : 101,
						"advanced" : 101,
						"needTime" : 0,
						"needYield" : 0,
						"saveState" : 14,
						"restoreState" : 14,
						"isEOF" : 0,
						"keyPattern" : {
							"c_acctbal" : 1
						},
						"indexName" : "idx_customer_a",
						"isMultiKey" : false,
						"multiKeyPaths" : {
							"c_acctbal" : [ ]
						},
						"isUnique" : false,
						"isSparse" : false,
						"isPartial" : false,
						"indexVersion" : 2,
						"direction" : "forward",
						"indexBounds" : {
							"c_acctbal" : [
								"[-inf.0, -10.0)"
							]
						},
						"keysExamined" : 101,
						"seeks" : 1,
						"dupsTested" : 0,
						"dupsDropped" : 0
					}
				}
			}
		]
	},
	"serverInfo" : {
		"host" : "mt-mongo-2",
		"port" : 27012,
		"version" : "4.4.10",
		"gitVersion" : "58971da1ef93435a9f62bf4708a81713def6e88c"
	},
	"ok" : 1,
	"$clusterTime" : {
		"clusterTime" : Timestamp(1639504833, 5),
		"signature" : {
			"hash" : BinData(0,"AAAAAAAAAAAAAAAAAAAAAAAAAAA="),
			"keyId" : NumberLong(0)
		}
	},
	"operationTime" : Timestamp(1639504833, 5)
}


