MongoDB shell version v4.4.10
connecting to: mongodb://mt-mongo-1:27011,mt-mongo-2:27012,mt-mongo-3:27013/?compressors=disabled&gssapiServiceName=mongodb&replicaSet=mt-exp-rs-001
Implicit session: session { "id" : UUID("9a4596bc-5383-43a7-a21d-0ab6aaebdd10") }
MongoDB server version: 4.4.10
{
	"queryPlanner" : {
		"plannerVersion" : 1,
		"namespace" : "tpch_mongo_3c.customer",
		"indexFilterSet" : false,
		"parsedQuery" : {
			"c_acctbal" : {
				"$lt" : -10
			}
		},
		"optimizedPipeline" : true,
		"winningPlan" : {
			"stage" : "FETCH",
			"inputStage" : {
				"stage" : "IXSCAN",
				"keyPattern" : {
					"c_acctbal" : 1
				},
				"indexName" : "idx_customer_e",
				"isMultiKey" : false,
				"multiKeyPaths" : {
					"c_acctbal" : [ ]
				},
				"isUnique" : false,
				"isSparse" : false,
				"isPartial" : false,
				"indexVersion" : 2,
				"direction" : "forward",
				"indexBounds" : {
					"c_acctbal" : [
						"[-inf.0, -10.0)"
					]
				}
			}
		},
		"rejectedPlans" : [ ]
	},
	"executionStats" : {
		"executionSuccess" : true,
		"nReturned" : 13559,
		"executionTimeMillis" : 75,
		"totalKeysExamined" : 13559,
		"totalDocsExamined" : 13559,
		"executionStages" : {
			"stage" : "FETCH",
			"nReturned" : 13559,
			"executionTimeMillisEstimate" : 42,
			"works" : 13560,
			"advanced" : 13559,
			"needTime" : 0,
			"needYield" : 0,
			"saveState" : 14,
			"restoreState" : 14,
			"isEOF" : 1,
			"docsExamined" : 13559,
			"alreadyHasObj" : 0,
			"inputStage" : {
				"stage" : "IXSCAN",
				"nReturned" : 13559,
				"executionTimeMillisEstimate" : 5,
				"works" : 13560,
				"advanced" : 13559,
				"needTime" : 0,
				"needYield" : 0,
				"saveState" : 14,
				"restoreState" : 14,
				"isEOF" : 1,
				"keyPattern" : {
					"c_acctbal" : 1
				},
				"indexName" : "idx_customer_e",
				"isMultiKey" : false,
				"multiKeyPaths" : {
					"c_acctbal" : [ ]
				},
				"isUnique" : false,
				"isSparse" : false,
				"isPartial" : false,
				"indexVersion" : 2,
				"direction" : "forward",
				"indexBounds" : {
					"c_acctbal" : [
						"[-inf.0, -10.0)"
					]
				},
				"keysExamined" : 13559,
				"seeks" : 1,
				"dupsTested" : 0,
				"dupsDropped" : 0
			}
		},
		"allPlansExecution" : [ ]
	},
	"serverInfo" : {
		"host" : "mt-mongo-1",
		"port" : 27011,
		"version" : "4.4.10",
		"gitVersion" : "58971da1ef93435a9f62bf4708a81713def6e88c"
	},
	"ok" : 1,
	"$clusterTime" : {
		"clusterTime" : Timestamp(1639505580, 10),
		"signature" : {
			"hash" : BinData(0,"AAAAAAAAAAAAAAAAAAAAAAAAAAA="),
			"keyId" : NumberLong(0)
		}
	},
	"operationTime" : Timestamp(1639505580, 10)
}


MongoDB shell version v4.4.10
connecting to: mongodb://mt-mongo-1:27011,mt-mongo-2:27012,mt-mongo-3:27013/?compressors=disabled&gssapiServiceName=mongodb&replicaSet=mt-exp-rs-001
Implicit session: session { "id" : UUID("b53f7b4f-f79a-438f-902f-b796a8ac2dc4") }
MongoDB server version: 4.4.10
{
	"queryPlanner" : {
		"plannerVersion" : 1,
		"namespace" : "tpch_mongo_3c.customer",
		"indexFilterSet" : false,
		"parsedQuery" : {
			"c_acctbal" : {
				"$lt" : -10
			}
		},
		"optimizedPipeline" : true,
		"winningPlan" : {
			"stage" : "FETCH",
			"inputStage" : {
				"stage" : "IXSCAN",
				"keyPattern" : {
					"c_acctbal" : 1
				},
				"indexName" : "idx_customer_e",
				"isMultiKey" : false,
				"multiKeyPaths" : {
					"c_acctbal" : [ ]
				},
				"isUnique" : false,
				"isSparse" : false,
				"isPartial" : false,
				"indexVersion" : 2,
				"direction" : "forward",
				"indexBounds" : {
					"c_acctbal" : [
						"[-inf.0, -10.0)"
					]
				}
			}
		},
		"rejectedPlans" : [ ]
	},
	"executionStats" : {
		"executionSuccess" : true,
		"nReturned" : 13559,
		"executionTimeMillis" : 41,
		"totalKeysExamined" : 13559,
		"totalDocsExamined" : 13559,
		"executionStages" : {
			"stage" : "FETCH",
			"nReturned" : 13559,
			"executionTimeMillisEstimate" : 7,
			"works" : 13560,
			"advanced" : 13559,
			"needTime" : 0,
			"needYield" : 0,
			"saveState" : 13,
			"restoreState" : 13,
			"isEOF" : 1,
			"docsExamined" : 13559,
			"alreadyHasObj" : 0,
			"inputStage" : {
				"stage" : "IXSCAN",
				"nReturned" : 13559,
				"executionTimeMillisEstimate" : 4,
				"works" : 13560,
				"advanced" : 13559,
				"needTime" : 0,
				"needYield" : 0,
				"saveState" : 13,
				"restoreState" : 13,
				"isEOF" : 1,
				"keyPattern" : {
					"c_acctbal" : 1
				},
				"indexName" : "idx_customer_e",
				"isMultiKey" : false,
				"multiKeyPaths" : {
					"c_acctbal" : [ ]
				},
				"isUnique" : false,
				"isSparse" : false,
				"isPartial" : false,
				"indexVersion" : 2,
				"direction" : "forward",
				"indexBounds" : {
					"c_acctbal" : [
						"[-inf.0, -10.0)"
					]
				},
				"keysExamined" : 13559,
				"seeks" : 1,
				"dupsTested" : 0,
				"dupsDropped" : 0
			}
		},
		"allPlansExecution" : [ ]
	},
	"serverInfo" : {
		"host" : "mt-mongo-3",
		"port" : 27013,
		"version" : "4.4.10",
		"gitVersion" : "58971da1ef93435a9f62bf4708a81713def6e88c"
	},
	"ok" : 1,
	"$clusterTime" : {
		"clusterTime" : Timestamp(1639505651, 11),
		"signature" : {
			"hash" : BinData(0,"AAAAAAAAAAAAAAAAAAAAAAAAAAA="),
			"keyId" : NumberLong(0)
		}
	},
	"operationTime" : Timestamp(1639505651, 11)
}


MongoDB shell version v4.4.10
connecting to: mongodb://mt-mongo-1:27011,mt-mongo-2:27012,mt-mongo-3:27013/?compressors=disabled&gssapiServiceName=mongodb&replicaSet=mt-exp-rs-001
Implicit session: session { "id" : UUID("60710347-f1c8-4819-a2b0-b15332b50f07") }
MongoDB server version: 4.4.10
{
	"queryPlanner" : {
		"plannerVersion" : 1,
		"namespace" : "tpch_mongo_3c.customer",
		"indexFilterSet" : false,
		"parsedQuery" : {
			"c_acctbal" : {
				"$lt" : -10
			}
		},
		"optimizedPipeline" : true,
		"winningPlan" : {
			"stage" : "FETCH",
			"inputStage" : {
				"stage" : "IXSCAN",
				"keyPattern" : {
					"c_acctbal" : 1
				},
				"indexName" : "idx_customer_e",
				"isMultiKey" : false,
				"multiKeyPaths" : {
					"c_acctbal" : [ ]
				},
				"isUnique" : false,
				"isSparse" : false,
				"isPartial" : false,
				"indexVersion" : 2,
				"direction" : "forward",
				"indexBounds" : {
					"c_acctbal" : [
						"[-inf.0, -10.0)"
					]
				}
			}
		},
		"rejectedPlans" : [ ]
	},
	"executionStats" : {
		"executionSuccess" : true,
		"nReturned" : 13559,
		"executionTimeMillis" : 44,
		"totalKeysExamined" : 13559,
		"totalDocsExamined" : 13559,
		"executionStages" : {
			"stage" : "FETCH",
			"nReturned" : 13559,
			"executionTimeMillisEstimate" : 10,
			"works" : 13560,
			"advanced" : 13559,
			"needTime" : 0,
			"needYield" : 0,
			"saveState" : 13,
			"restoreState" : 13,
			"isEOF" : 1,
			"docsExamined" : 13559,
			"alreadyHasObj" : 0,
			"inputStage" : {
				"stage" : "IXSCAN",
				"nReturned" : 13559,
				"executionTimeMillisEstimate" : 2,
				"works" : 13560,
				"advanced" : 13559,
				"needTime" : 0,
				"needYield" : 0,
				"saveState" : 13,
				"restoreState" : 13,
				"isEOF" : 1,
				"keyPattern" : {
					"c_acctbal" : 1
				},
				"indexName" : "idx_customer_e",
				"isMultiKey" : false,
				"multiKeyPaths" : {
					"c_acctbal" : [ ]
				},
				"isUnique" : false,
				"isSparse" : false,
				"isPartial" : false,
				"indexVersion" : 2,
				"direction" : "forward",
				"indexBounds" : {
					"c_acctbal" : [
						"[-inf.0, -10.0)"
					]
				},
				"keysExamined" : 13559,
				"seeks" : 1,
				"dupsTested" : 0,
				"dupsDropped" : 0
			}
		},
		"allPlansExecution" : [ ]
	},
	"serverInfo" : {
		"host" : "mt-mongo-1",
		"port" : 27011,
		"version" : "4.4.10",
		"gitVersion" : "58971da1ef93435a9f62bf4708a81713def6e88c"
	},
	"ok" : 1,
	"$clusterTime" : {
		"clusterTime" : Timestamp(1639505721, 12),
		"signature" : {
			"hash" : BinData(0,"AAAAAAAAAAAAAAAAAAAAAAAAAAA="),
			"keyId" : NumberLong(0)
		}
	},
	"operationTime" : Timestamp(1639505721, 12)
}


MongoDB shell version v4.4.10
connecting to: mongodb://mt-mongo-1:27011,mt-mongo-2:27012,mt-mongo-3:27013/?compressors=disabled&gssapiServiceName=mongodb&replicaSet=mt-exp-rs-001
Implicit session: session { "id" : UUID("bb6d13a1-f085-4c00-9b5f-f42358faca5e") }
MongoDB server version: 4.4.10
{
	"queryPlanner" : {
		"plannerVersion" : 1,
		"namespace" : "tpch_mongo_3c.customer",
		"indexFilterSet" : false,
		"parsedQuery" : {
			"c_acctbal" : {
				"$lt" : -10
			}
		},
		"optimizedPipeline" : true,
		"winningPlan" : {
			"stage" : "FETCH",
			"inputStage" : {
				"stage" : "IXSCAN",
				"keyPattern" : {
					"c_acctbal" : 1
				},
				"indexName" : "idx_customer_e",
				"isMultiKey" : false,
				"multiKeyPaths" : {
					"c_acctbal" : [ ]
				},
				"isUnique" : false,
				"isSparse" : false,
				"isPartial" : false,
				"indexVersion" : 2,
				"direction" : "forward",
				"indexBounds" : {
					"c_acctbal" : [
						"[-inf.0, -10.0)"
					]
				}
			}
		},
		"rejectedPlans" : [ ]
	},
	"executionStats" : {
		"executionSuccess" : true,
		"nReturned" : 13559,
		"executionTimeMillis" : 48,
		"totalKeysExamined" : 13559,
		"totalDocsExamined" : 13559,
		"executionStages" : {
			"stage" : "FETCH",
			"nReturned" : 13559,
			"executionTimeMillisEstimate" : 7,
			"works" : 13560,
			"advanced" : 13559,
			"needTime" : 0,
			"needYield" : 0,
			"saveState" : 13,
			"restoreState" : 13,
			"isEOF" : 1,
			"docsExamined" : 13559,
			"alreadyHasObj" : 0,
			"inputStage" : {
				"stage" : "IXSCAN",
				"nReturned" : 13559,
				"executionTimeMillisEstimate" : 3,
				"works" : 13560,
				"advanced" : 13559,
				"needTime" : 0,
				"needYield" : 0,
				"saveState" : 13,
				"restoreState" : 13,
				"isEOF" : 1,
				"keyPattern" : {
					"c_acctbal" : 1
				},
				"indexName" : "idx_customer_e",
				"isMultiKey" : false,
				"multiKeyPaths" : {
					"c_acctbal" : [ ]
				},
				"isUnique" : false,
				"isSparse" : false,
				"isPartial" : false,
				"indexVersion" : 2,
				"direction" : "forward",
				"indexBounds" : {
					"c_acctbal" : [
						"[-inf.0, -10.0)"
					]
				},
				"keysExamined" : 13559,
				"seeks" : 1,
				"dupsTested" : 0,
				"dupsDropped" : 0
			}
		},
		"allPlansExecution" : [ ]
	},
	"serverInfo" : {
		"host" : "mt-mongo-1",
		"port" : 27011,
		"version" : "4.4.10",
		"gitVersion" : "58971da1ef93435a9f62bf4708a81713def6e88c"
	},
	"ok" : 1,
	"$clusterTime" : {
		"clusterTime" : Timestamp(1639505792, 12),
		"signature" : {
			"hash" : BinData(0,"AAAAAAAAAAAAAAAAAAAAAAAAAAA="),
			"keyId" : NumberLong(0)
		}
	},
	"operationTime" : Timestamp(1639505792, 12)
}


MongoDB shell version v4.4.10
connecting to: mongodb://mt-mongo-1:27011,mt-mongo-2:27012,mt-mongo-3:27013/?compressors=disabled&gssapiServiceName=mongodb&replicaSet=mt-exp-rs-001
Implicit session: session { "id" : UUID("fd97261e-404b-40de-9ebf-83eb6c7453dd") }
MongoDB server version: 4.4.10
{
	"queryPlanner" : {
		"plannerVersion" : 1,
		"namespace" : "tpch_mongo_3c.customer",
		"indexFilterSet" : false,
		"parsedQuery" : {
			"c_acctbal" : {
				"$lt" : -10
			}
		},
		"optimizedPipeline" : true,
		"winningPlan" : {
			"stage" : "FETCH",
			"inputStage" : {
				"stage" : "IXSCAN",
				"keyPattern" : {
					"c_acctbal" : 1
				},
				"indexName" : "idx_customer_e",
				"isMultiKey" : false,
				"multiKeyPaths" : {
					"c_acctbal" : [ ]
				},
				"isUnique" : false,
				"isSparse" : false,
				"isPartial" : false,
				"indexVersion" : 2,
				"direction" : "forward",
				"indexBounds" : {
					"c_acctbal" : [
						"[-inf.0, -10.0)"
					]
				}
			}
		},
		"rejectedPlans" : [ ]
	},
	"executionStats" : {
		"executionSuccess" : true,
		"nReturned" : 13559,
		"executionTimeMillis" : 86,
		"totalKeysExamined" : 13559,
		"totalDocsExamined" : 13559,
		"executionStages" : {
			"stage" : "FETCH",
			"nReturned" : 13559,
			"executionTimeMillisEstimate" : 58,
			"works" : 13560,
			"advanced" : 13559,
			"needTime" : 0,
			"needYield" : 0,
			"saveState" : 14,
			"restoreState" : 14,
			"isEOF" : 1,
			"docsExamined" : 13559,
			"alreadyHasObj" : 0,
			"inputStage" : {
				"stage" : "IXSCAN",
				"nReturned" : 13559,
				"executionTimeMillisEstimate" : 24,
				"works" : 13560,
				"advanced" : 13559,
				"needTime" : 0,
				"needYield" : 0,
				"saveState" : 14,
				"restoreState" : 14,
				"isEOF" : 1,
				"keyPattern" : {
					"c_acctbal" : 1
				},
				"indexName" : "idx_customer_e",
				"isMultiKey" : false,
				"multiKeyPaths" : {
					"c_acctbal" : [ ]
				},
				"isUnique" : false,
				"isSparse" : false,
				"isPartial" : false,
				"indexVersion" : 2,
				"direction" : "forward",
				"indexBounds" : {
					"c_acctbal" : [
						"[-inf.0, -10.0)"
					]
				},
				"keysExamined" : 13559,
				"seeks" : 1,
				"dupsTested" : 0,
				"dupsDropped" : 0
			}
		},
		"allPlansExecution" : [ ]
	},
	"serverInfo" : {
		"host" : "mt-mongo-2",
		"port" : 27012,
		"version" : "4.4.10",
		"gitVersion" : "58971da1ef93435a9f62bf4708a81713def6e88c"
	},
	"ok" : 1,
	"$clusterTime" : {
		"clusterTime" : Timestamp(1639505866, 5),
		"signature" : {
			"hash" : BinData(0,"AAAAAAAAAAAAAAAAAAAAAAAAAAA="),
			"keyId" : NumberLong(0)
		}
	},
	"operationTime" : Timestamp(1639505866, 5)
}


