MongoDB shell version v4.4.10
connecting to: mongodb://mt-mongo-1:27011,mt-mongo-2:27012,mt-mongo-3:27013/?compressors=disabled&gssapiServiceName=mongodb&replicaSet=mt-exp-rs-001
Implicit session: session { "id" : UUID("3efeffc6-bce1-4e40-8cb6-aed947744258") }
MongoDB server version: 4.4.10
{
	"stages" : [
		{
			"$cursor" : {
				"queryPlanner" : {
					"plannerVersion" : 1,
					"namespace" : "tpch_mongo_1c.scale1",
					"indexFilterSet" : false,
					"parsedQuery" : {
						"c_mktsegment" : {
							"$eq" : "AUTOMOBILE"
						}
					},
					"queryHash" : "8ECC6016",
					"planCacheKey" : "ACC14EBB",
					"winningPlan" : {
						"stage" : "PROJECTION_SIMPLE",
						"transformBy" : {
							"_id" : 1,
							"c_orders" : 1
						},
						"inputStage" : {
							"stage" : "FETCH",
							"inputStage" : {
								"stage" : "IXSCAN",
								"keyPattern" : {
									"c_mktsegment" : 1
								},
								"indexName" : "idx_customer_b",
								"isMultiKey" : false,
								"multiKeyPaths" : {
									"c_mktsegment" : [ ]
								},
								"isUnique" : false,
								"isSparse" : false,
								"isPartial" : false,
								"indexVersion" : 2,
								"direction" : "forward",
								"indexBounds" : {
									"c_mktsegment" : [
										"[\"AUTOMOBILE\", \"AUTOMOBILE\"]"
									]
								}
							}
						}
					},
					"rejectedPlans" : [ ]
				},
				"executionStats" : {
					"executionSuccess" : true,
					"nReturned" : 29752,
					"executionTimeMillis" : 1267,
					"totalKeysExamined" : 29752,
					"totalDocsExamined" : 29752,
					"executionStages" : {
						"stage" : "PROJECTION_SIMPLE",
						"nReturned" : 29752,
						"executionTimeMillisEstimate" : 53,
						"works" : 29753,
						"advanced" : 29752,
						"needTime" : 0,
						"needYield" : 0,
						"saveState" : 206,
						"restoreState" : 206,
						"isEOF" : 1,
						"transformBy" : {
							"_id" : 1,
							"c_orders" : 1
						},
						"inputStage" : {
							"stage" : "FETCH",
							"nReturned" : 29752,
							"executionTimeMillisEstimate" : 31,
							"works" : 29753,
							"advanced" : 29752,
							"needTime" : 0,
							"needYield" : 0,
							"saveState" : 206,
							"restoreState" : 206,
							"isEOF" : 1,
							"docsExamined" : 29752,
							"alreadyHasObj" : 0,
							"inputStage" : {
								"stage" : "IXSCAN",
								"nReturned" : 29752,
								"executionTimeMillisEstimate" : 11,
								"works" : 29753,
								"advanced" : 29752,
								"needTime" : 0,
								"needYield" : 0,
								"saveState" : 206,
								"restoreState" : 206,
								"isEOF" : 1,
								"keyPattern" : {
									"c_mktsegment" : 1
								},
								"indexName" : "idx_customer_b",
								"isMultiKey" : false,
								"multiKeyPaths" : {
									"c_mktsegment" : [ ]
								},
								"isUnique" : false,
								"isSparse" : false,
								"isPartial" : false,
								"indexVersion" : 2,
								"direction" : "forward",
								"indexBounds" : {
									"c_mktsegment" : [
										"[\"AUTOMOBILE\", \"AUTOMOBILE\"]"
									]
								},
								"keysExamined" : 29752,
								"seeks" : 1,
								"dupsTested" : 0,
								"dupsDropped" : 0
							}
						}
					},
					"allPlansExecution" : [ ]
				}
			},
			"nReturned" : NumberLong(29752),
			"executionTimeMillisEstimate" : NumberLong(503)
		},
		{
			"$unwind" : {
				"path" : "$c_orders"
			},
			"nReturned" : NumberLong(297452),
			"executionTimeMillisEstimate" : NumberLong(771)
		},
		{
			"$match" : {
				"c_orders.o_orderdate" : {
					"$lt" : ISODate("1992-01-02T00:00:00Z")
				}
			},
			"nReturned" : NumberLong(113),
			"executionTimeMillisEstimate" : NumberLong(1261)
		},
		{
			"$project" : {
				"_id" : true,
				"o_orderkey" : "$c_orders.o_orderkey",
				"o_orderdate" : "$c_orders.o_orderdate",
				"o_shippriority" : "$c_orders.o_shippriority",
				"lineitems" : "$c_orders.o_lineitems"
			},
			"nReturned" : NumberLong(113),
			"executionTimeMillisEstimate" : NumberLong(1261)
		},
		{
			"$unwind" : {
				"path" : "$lineitems"
			},
			"nReturned" : NumberLong(440),
			"executionTimeMillisEstimate" : NumberLong(1261)
		},
		{
			"$match" : {
				"lineitems.l_shipdate" : {
					"$gt" : ISODate("1992-01-02T00:00:00Z")
				}
			},
			"nReturned" : NumberLong(439),
			"executionTimeMillisEstimate" : NumberLong(1261)
		},
		{
			"$group" : {
				"_id" : {
					"l_orderkey" : "$o_orderkey",
					"o_orderdate" : "$o_orderdate",
					"o_shippriority" : "$o_shippriority"
				},
				"revenue" : {
					"$sum" : {
						"$multiply" : [
							"$lineitems.l_extendedprice",
							{
								"$subtract" : [
									{
										"$const" : 1
									},
									"$lineitems.l_discount"
								]
							}
						]
					}
				}
			},
			"nReturned" : NumberLong(113),
			"executionTimeMillisEstimate" : NumberLong(1261)
		},
		{
			"$sort" : {
				"sortKey" : {
					"revenue" : -1,
					"_id.o_orderdate" : 1
				},
				"limit" : NumberLong(10)
			},
			"nReturned" : NumberLong(10),
			"executionTimeMillisEstimate" : NumberLong(1261)
		}
	],
	"serverInfo" : {
		"host" : "mt-mongo-3",
		"port" : 27013,
		"version" : "4.4.10",
		"gitVersion" : "58971da1ef93435a9f62bf4708a81713def6e88c"
	},
	"ok" : 1,
	"$clusterTime" : {
		"clusterTime" : Timestamp(1639038683, 3),
		"signature" : {
			"hash" : BinData(0,"AAAAAAAAAAAAAAAAAAAAAAAAAAA="),
			"keyId" : NumberLong(0)
		}
	},
	"operationTime" : Timestamp(1639038683, 3)
}


MongoDB shell version v4.4.10
connecting to: mongodb://mt-mongo-1:27011,mt-mongo-2:27012,mt-mongo-3:27013/?compressors=disabled&gssapiServiceName=mongodb&replicaSet=mt-exp-rs-001
Implicit session: session { "id" : UUID("a9a588bf-9af7-48fd-bbab-127eef5eee61") }
MongoDB server version: 4.4.10
{
	"stages" : [
		{
			"$cursor" : {
				"queryPlanner" : {
					"plannerVersion" : 1,
					"namespace" : "tpch_mongo_1c.scale1",
					"indexFilterSet" : false,
					"parsedQuery" : {
						"c_mktsegment" : {
							"$eq" : "AUTOMOBILE"
						}
					},
					"queryHash" : "8ECC6016",
					"planCacheKey" : "ACC14EBB",
					"winningPlan" : {
						"stage" : "PROJECTION_SIMPLE",
						"transformBy" : {
							"_id" : 1,
							"c_orders" : 1
						},
						"inputStage" : {
							"stage" : "FETCH",
							"inputStage" : {
								"stage" : "IXSCAN",
								"keyPattern" : {
									"c_mktsegment" : 1
								},
								"indexName" : "idx_customer_b",
								"isMultiKey" : false,
								"multiKeyPaths" : {
									"c_mktsegment" : [ ]
								},
								"isUnique" : false,
								"isSparse" : false,
								"isPartial" : false,
								"indexVersion" : 2,
								"direction" : "forward",
								"indexBounds" : {
									"c_mktsegment" : [
										"[\"AUTOMOBILE\", \"AUTOMOBILE\"]"
									]
								}
							}
						}
					},
					"rejectedPlans" : [ ]
				},
				"executionStats" : {
					"executionSuccess" : true,
					"nReturned" : 29752,
					"executionTimeMillis" : 1397,
					"totalKeysExamined" : 29752,
					"totalDocsExamined" : 29752,
					"executionStages" : {
						"stage" : "PROJECTION_SIMPLE",
						"nReturned" : 29752,
						"executionTimeMillisEstimate" : 158,
						"works" : 29753,
						"advanced" : 29752,
						"needTime" : 0,
						"needYield" : 0,
						"saveState" : 226,
						"restoreState" : 226,
						"isEOF" : 1,
						"transformBy" : {
							"_id" : 1,
							"c_orders" : 1
						},
						"inputStage" : {
							"stage" : "FETCH",
							"nReturned" : 29752,
							"executionTimeMillisEstimate" : 81,
							"works" : 29753,
							"advanced" : 29752,
							"needTime" : 0,
							"needYield" : 0,
							"saveState" : 226,
							"restoreState" : 226,
							"isEOF" : 1,
							"docsExamined" : 29752,
							"alreadyHasObj" : 0,
							"inputStage" : {
								"stage" : "IXSCAN",
								"nReturned" : 29752,
								"executionTimeMillisEstimate" : 15,
								"works" : 29753,
								"advanced" : 29752,
								"needTime" : 0,
								"needYield" : 0,
								"saveState" : 226,
								"restoreState" : 226,
								"isEOF" : 1,
								"keyPattern" : {
									"c_mktsegment" : 1
								},
								"indexName" : "idx_customer_b",
								"isMultiKey" : false,
								"multiKeyPaths" : {
									"c_mktsegment" : [ ]
								},
								"isUnique" : false,
								"isSparse" : false,
								"isPartial" : false,
								"indexVersion" : 2,
								"direction" : "forward",
								"indexBounds" : {
									"c_mktsegment" : [
										"[\"AUTOMOBILE\", \"AUTOMOBILE\"]"
									]
								},
								"keysExamined" : 29752,
								"seeks" : 1,
								"dupsTested" : 0,
								"dupsDropped" : 0
							}
						}
					},
					"allPlansExecution" : [ ]
				}
			},
			"nReturned" : NumberLong(29752),
			"executionTimeMillisEstimate" : NumberLong(629)
		},
		{
			"$unwind" : {
				"path" : "$c_orders"
			},
			"nReturned" : NumberLong(297452),
			"executionTimeMillisEstimate" : NumberLong(890)
		},
		{
			"$match" : {
				"c_orders.o_orderdate" : {
					"$lt" : ISODate("1992-01-02T00:00:00Z")
				}
			},
			"nReturned" : NumberLong(113),
			"executionTimeMillisEstimate" : NumberLong(1377)
		},
		{
			"$project" : {
				"_id" : true,
				"o_orderkey" : "$c_orders.o_orderkey",
				"o_orderdate" : "$c_orders.o_orderdate",
				"o_shippriority" : "$c_orders.o_shippriority",
				"lineitems" : "$c_orders.o_lineitems"
			},
			"nReturned" : NumberLong(113),
			"executionTimeMillisEstimate" : NumberLong(1387)
		},
		{
			"$unwind" : {
				"path" : "$lineitems"
			},
			"nReturned" : NumberLong(440),
			"executionTimeMillisEstimate" : NumberLong(1387)
		},
		{
			"$match" : {
				"lineitems.l_shipdate" : {
					"$gt" : ISODate("1992-01-02T00:00:00Z")
				}
			},
			"nReturned" : NumberLong(439),
			"executionTimeMillisEstimate" : NumberLong(1387)
		},
		{
			"$group" : {
				"_id" : {
					"l_orderkey" : "$o_orderkey",
					"o_orderdate" : "$o_orderdate",
					"o_shippriority" : "$o_shippriority"
				},
				"revenue" : {
					"$sum" : {
						"$multiply" : [
							"$lineitems.l_extendedprice",
							{
								"$subtract" : [
									{
										"$const" : 1
									},
									"$lineitems.l_discount"
								]
							}
						]
					}
				}
			},
			"nReturned" : NumberLong(113),
			"executionTimeMillisEstimate" : NumberLong(1392)
		},
		{
			"$sort" : {
				"sortKey" : {
					"revenue" : -1,
					"_id.o_orderdate" : 1
				},
				"limit" : NumberLong(10)
			},
			"nReturned" : NumberLong(10),
			"executionTimeMillisEstimate" : NumberLong(1392)
		}
	],
	"serverInfo" : {
		"host" : "mt-mongo-1",
		"port" : 27011,
		"version" : "4.4.10",
		"gitVersion" : "58971da1ef93435a9f62bf4708a81713def6e88c"
	},
	"ok" : 1,
	"$clusterTime" : {
		"clusterTime" : Timestamp(1639038731, 5),
		"signature" : {
			"hash" : BinData(0,"AAAAAAAAAAAAAAAAAAAAAAAAAAA="),
			"keyId" : NumberLong(0)
		}
	},
	"operationTime" : Timestamp(1639038731, 5)
}


MongoDB shell version v4.4.10
connecting to: mongodb://mt-mongo-1:27011,mt-mongo-2:27012,mt-mongo-3:27013/?compressors=disabled&gssapiServiceName=mongodb&replicaSet=mt-exp-rs-001
Implicit session: session { "id" : UUID("7ca623da-f5e7-4276-a018-c20e60241549") }
MongoDB server version: 4.4.10
{
	"stages" : [
		{
			"$cursor" : {
				"queryPlanner" : {
					"plannerVersion" : 1,
					"namespace" : "tpch_mongo_1c.scale1",
					"indexFilterSet" : false,
					"parsedQuery" : {
						"c_mktsegment" : {
							"$eq" : "AUTOMOBILE"
						}
					},
					"queryHash" : "8ECC6016",
					"planCacheKey" : "ACC14EBB",
					"winningPlan" : {
						"stage" : "PROJECTION_SIMPLE",
						"transformBy" : {
							"_id" : 1,
							"c_orders" : 1
						},
						"inputStage" : {
							"stage" : "FETCH",
							"inputStage" : {
								"stage" : "IXSCAN",
								"keyPattern" : {
									"c_mktsegment" : 1
								},
								"indexName" : "idx_customer_b",
								"isMultiKey" : false,
								"multiKeyPaths" : {
									"c_mktsegment" : [ ]
								},
								"isUnique" : false,
								"isSparse" : false,
								"isPartial" : false,
								"indexVersion" : 2,
								"direction" : "forward",
								"indexBounds" : {
									"c_mktsegment" : [
										"[\"AUTOMOBILE\", \"AUTOMOBILE\"]"
									]
								}
							}
						}
					},
					"rejectedPlans" : [ ]
				},
				"executionStats" : {
					"executionSuccess" : true,
					"nReturned" : 29752,
					"executionTimeMillis" : 1393,
					"totalKeysExamined" : 29752,
					"totalDocsExamined" : 29752,
					"executionStages" : {
						"stage" : "PROJECTION_SIMPLE",
						"nReturned" : 29752,
						"executionTimeMillisEstimate" : 163,
						"works" : 29753,
						"advanced" : 29752,
						"needTime" : 0,
						"needYield" : 0,
						"saveState" : 226,
						"restoreState" : 226,
						"isEOF" : 1,
						"transformBy" : {
							"_id" : 1,
							"c_orders" : 1
						},
						"inputStage" : {
							"stage" : "FETCH",
							"nReturned" : 29752,
							"executionTimeMillisEstimate" : 65,
							"works" : 29753,
							"advanced" : 29752,
							"needTime" : 0,
							"needYield" : 0,
							"saveState" : 226,
							"restoreState" : 226,
							"isEOF" : 1,
							"docsExamined" : 29752,
							"alreadyHasObj" : 0,
							"inputStage" : {
								"stage" : "IXSCAN",
								"nReturned" : 29752,
								"executionTimeMillisEstimate" : 11,
								"works" : 29753,
								"advanced" : 29752,
								"needTime" : 0,
								"needYield" : 0,
								"saveState" : 226,
								"restoreState" : 226,
								"isEOF" : 1,
								"keyPattern" : {
									"c_mktsegment" : 1
								},
								"indexName" : "idx_customer_b",
								"isMultiKey" : false,
								"multiKeyPaths" : {
									"c_mktsegment" : [ ]
								},
								"isUnique" : false,
								"isSparse" : false,
								"isPartial" : false,
								"indexVersion" : 2,
								"direction" : "forward",
								"indexBounds" : {
									"c_mktsegment" : [
										"[\"AUTOMOBILE\", \"AUTOMOBILE\"]"
									]
								},
								"keysExamined" : 29752,
								"seeks" : 1,
								"dupsTested" : 0,
								"dupsDropped" : 0
							}
						}
					},
					"allPlansExecution" : [ ]
				}
			},
			"nReturned" : NumberLong(29752),
			"executionTimeMillisEstimate" : NumberLong(679)
		},
		{
			"$unwind" : {
				"path" : "$c_orders"
			},
			"nReturned" : NumberLong(297452),
			"executionTimeMillisEstimate" : NumberLong(843)
		},
		{
			"$match" : {
				"c_orders.o_orderdate" : {
					"$lt" : ISODate("1992-01-02T00:00:00Z")
				}
			},
			"nReturned" : NumberLong(113),
			"executionTimeMillisEstimate" : NumberLong(1375)
		},
		{
			"$project" : {
				"_id" : true,
				"o_orderkey" : "$c_orders.o_orderkey",
				"o_orderdate" : "$c_orders.o_orderdate",
				"o_shippriority" : "$c_orders.o_shippriority",
				"lineitems" : "$c_orders.o_lineitems"
			},
			"nReturned" : NumberLong(113),
			"executionTimeMillisEstimate" : NumberLong(1382)
		},
		{
			"$unwind" : {
				"path" : "$lineitems"
			},
			"nReturned" : NumberLong(440),
			"executionTimeMillisEstimate" : NumberLong(1382)
		},
		{
			"$match" : {
				"lineitems.l_shipdate" : {
					"$gt" : ISODate("1992-01-02T00:00:00Z")
				}
			},
			"nReturned" : NumberLong(439),
			"executionTimeMillisEstimate" : NumberLong(1382)
		},
		{
			"$group" : {
				"_id" : {
					"l_orderkey" : "$o_orderkey",
					"o_orderdate" : "$o_orderdate",
					"o_shippriority" : "$o_shippriority"
				},
				"revenue" : {
					"$sum" : {
						"$multiply" : [
							"$lineitems.l_extendedprice",
							{
								"$subtract" : [
									{
										"$const" : 1
									},
									"$lineitems.l_discount"
								]
							}
						]
					}
				}
			},
			"nReturned" : NumberLong(113),
			"executionTimeMillisEstimate" : NumberLong(1387)
		},
		{
			"$sort" : {
				"sortKey" : {
					"revenue" : -1,
					"_id.o_orderdate" : 1
				},
				"limit" : NumberLong(10)
			},
			"nReturned" : NumberLong(10),
			"executionTimeMillisEstimate" : NumberLong(1387)
		}
	],
	"serverInfo" : {
		"host" : "mt-mongo-1",
		"port" : 27011,
		"version" : "4.4.10",
		"gitVersion" : "58971da1ef93435a9f62bf4708a81713def6e88c"
	},
	"ok" : 1,
	"$clusterTime" : {
		"clusterTime" : Timestamp(1639038772, 5),
		"signature" : {
			"hash" : BinData(0,"AAAAAAAAAAAAAAAAAAAAAAAAAAA="),
			"keyId" : NumberLong(0)
		}
	},
	"operationTime" : Timestamp(1639038772, 5)
}


MongoDB shell version v4.4.10
connecting to: mongodb://mt-mongo-1:27011,mt-mongo-2:27012,mt-mongo-3:27013/?compressors=disabled&gssapiServiceName=mongodb&replicaSet=mt-exp-rs-001
Implicit session: session { "id" : UUID("41967ad3-dc7a-47b5-b23e-14e59af4c08a") }
MongoDB server version: 4.4.10
{
	"stages" : [
		{
			"$cursor" : {
				"queryPlanner" : {
					"plannerVersion" : 1,
					"namespace" : "tpch_mongo_1c.scale1",
					"indexFilterSet" : false,
					"parsedQuery" : {
						"c_mktsegment" : {
							"$eq" : "AUTOMOBILE"
						}
					},
					"queryHash" : "8ECC6016",
					"planCacheKey" : "ACC14EBB",
					"winningPlan" : {
						"stage" : "PROJECTION_SIMPLE",
						"transformBy" : {
							"_id" : 1,
							"c_orders" : 1
						},
						"inputStage" : {
							"stage" : "FETCH",
							"inputStage" : {
								"stage" : "IXSCAN",
								"keyPattern" : {
									"c_mktsegment" : 1
								},
								"indexName" : "idx_customer_b",
								"isMultiKey" : false,
								"multiKeyPaths" : {
									"c_mktsegment" : [ ]
								},
								"isUnique" : false,
								"isSparse" : false,
								"isPartial" : false,
								"indexVersion" : 2,
								"direction" : "forward",
								"indexBounds" : {
									"c_mktsegment" : [
										"[\"AUTOMOBILE\", \"AUTOMOBILE\"]"
									]
								}
							}
						}
					},
					"rejectedPlans" : [ ]
				},
				"executionStats" : {
					"executionSuccess" : true,
					"nReturned" : 29752,
					"executionTimeMillis" : 1264,
					"totalKeysExamined" : 29752,
					"totalDocsExamined" : 29752,
					"executionStages" : {
						"stage" : "PROJECTION_SIMPLE",
						"nReturned" : 29752,
						"executionTimeMillisEstimate" : 115,
						"works" : 29753,
						"advanced" : 29752,
						"needTime" : 0,
						"needYield" : 0,
						"saveState" : 197,
						"restoreState" : 197,
						"isEOF" : 1,
						"transformBy" : {
							"_id" : 1,
							"c_orders" : 1
						},
						"inputStage" : {
							"stage" : "FETCH",
							"nReturned" : 29752,
							"executionTimeMillisEstimate" : 69,
							"works" : 29753,
							"advanced" : 29752,
							"needTime" : 0,
							"needYield" : 0,
							"saveState" : 197,
							"restoreState" : 197,
							"isEOF" : 1,
							"docsExamined" : 29752,
							"alreadyHasObj" : 0,
							"inputStage" : {
								"stage" : "IXSCAN",
								"nReturned" : 29752,
								"executionTimeMillisEstimate" : 4,
								"works" : 29753,
								"advanced" : 29752,
								"needTime" : 0,
								"needYield" : 0,
								"saveState" : 197,
								"restoreState" : 197,
								"isEOF" : 1,
								"keyPattern" : {
									"c_mktsegment" : 1
								},
								"indexName" : "idx_customer_b",
								"isMultiKey" : false,
								"multiKeyPaths" : {
									"c_mktsegment" : [ ]
								},
								"isUnique" : false,
								"isSparse" : false,
								"isPartial" : false,
								"indexVersion" : 2,
								"direction" : "forward",
								"indexBounds" : {
									"c_mktsegment" : [
										"[\"AUTOMOBILE\", \"AUTOMOBILE\"]"
									]
								},
								"keysExamined" : 29752,
								"seeks" : 1,
								"dupsTested" : 0,
								"dupsDropped" : 0
							}
						}
					},
					"allPlansExecution" : [ ]
				}
			},
			"nReturned" : NumberLong(29752),
			"executionTimeMillisEstimate" : NumberLong(628)
		},
		{
			"$unwind" : {
				"path" : "$c_orders"
			},
			"nReturned" : NumberLong(297452),
			"executionTimeMillisEstimate" : NumberLong(823)
		},
		{
			"$match" : {
				"c_orders.o_orderdate" : {
					"$lt" : ISODate("1992-01-02T00:00:00Z")
				}
			},
			"nReturned" : NumberLong(113),
			"executionTimeMillisEstimate" : NumberLong(1264)
		},
		{
			"$project" : {
				"_id" : true,
				"o_orderkey" : "$c_orders.o_orderkey",
				"o_orderdate" : "$c_orders.o_orderdate",
				"o_shippriority" : "$c_orders.o_shippriority",
				"lineitems" : "$c_orders.o_lineitems"
			},
			"nReturned" : NumberLong(113),
			"executionTimeMillisEstimate" : NumberLong(1264)
		},
		{
			"$unwind" : {
				"path" : "$lineitems"
			},
			"nReturned" : NumberLong(440),
			"executionTimeMillisEstimate" : NumberLong(1264)
		},
		{
			"$match" : {
				"lineitems.l_shipdate" : {
					"$gt" : ISODate("1992-01-02T00:00:00Z")
				}
			},
			"nReturned" : NumberLong(439),
			"executionTimeMillisEstimate" : NumberLong(1264)
		},
		{
			"$group" : {
				"_id" : {
					"l_orderkey" : "$o_orderkey",
					"o_orderdate" : "$o_orderdate",
					"o_shippriority" : "$o_shippriority"
				},
				"revenue" : {
					"$sum" : {
						"$multiply" : [
							"$lineitems.l_extendedprice",
							{
								"$subtract" : [
									{
										"$const" : 1
									},
									"$lineitems.l_discount"
								]
							}
						]
					}
				}
			},
			"nReturned" : NumberLong(113),
			"executionTimeMillisEstimate" : NumberLong(1264)
		},
		{
			"$sort" : {
				"sortKey" : {
					"revenue" : -1,
					"_id.o_orderdate" : 1
				},
				"limit" : NumberLong(10)
			},
			"nReturned" : NumberLong(10),
			"executionTimeMillisEstimate" : NumberLong(1264)
		}
	],
	"serverInfo" : {
		"host" : "mt-mongo-1",
		"port" : 27011,
		"version" : "4.4.10",
		"gitVersion" : "58971da1ef93435a9f62bf4708a81713def6e88c"
	},
	"ok" : 1,
	"$clusterTime" : {
		"clusterTime" : Timestamp(1639038826, 5),
		"signature" : {
			"hash" : BinData(0,"AAAAAAAAAAAAAAAAAAAAAAAAAAA="),
			"keyId" : NumberLong(0)
		}
	},
	"operationTime" : Timestamp(1639038826, 5)
}


MongoDB shell version v4.4.10
connecting to: mongodb://mt-mongo-1:27011,mt-mongo-2:27012,mt-mongo-3:27013/?compressors=disabled&gssapiServiceName=mongodb&replicaSet=mt-exp-rs-001
Implicit session: session { "id" : UUID("60c927c3-a2b1-4148-8b9c-151942153de4") }
MongoDB server version: 4.4.10
{
	"stages" : [
		{
			"$cursor" : {
				"queryPlanner" : {
					"plannerVersion" : 1,
					"namespace" : "tpch_mongo_1c.scale1",
					"indexFilterSet" : false,
					"parsedQuery" : {
						"c_mktsegment" : {
							"$eq" : "AUTOMOBILE"
						}
					},
					"queryHash" : "8ECC6016",
					"planCacheKey" : "ACC14EBB",
					"winningPlan" : {
						"stage" : "PROJECTION_SIMPLE",
						"transformBy" : {
							"_id" : 1,
							"c_orders" : 1
						},
						"inputStage" : {
							"stage" : "FETCH",
							"inputStage" : {
								"stage" : "IXSCAN",
								"keyPattern" : {
									"c_mktsegment" : 1
								},
								"indexName" : "idx_customer_b",
								"isMultiKey" : false,
								"multiKeyPaths" : {
									"c_mktsegment" : [ ]
								},
								"isUnique" : false,
								"isSparse" : false,
								"isPartial" : false,
								"indexVersion" : 2,
								"direction" : "forward",
								"indexBounds" : {
									"c_mktsegment" : [
										"[\"AUTOMOBILE\", \"AUTOMOBILE\"]"
									]
								}
							}
						}
					},
					"rejectedPlans" : [ ]
				},
				"executionStats" : {
					"executionSuccess" : true,
					"nReturned" : 29752,
					"executionTimeMillis" : 1191,
					"totalKeysExamined" : 29752,
					"totalDocsExamined" : 29752,
					"executionStages" : {
						"stage" : "PROJECTION_SIMPLE",
						"nReturned" : 29752,
						"executionTimeMillisEstimate" : 83,
						"works" : 29753,
						"advanced" : 29752,
						"needTime" : 0,
						"needYield" : 0,
						"saveState" : 186,
						"restoreState" : 186,
						"isEOF" : 1,
						"transformBy" : {
							"_id" : 1,
							"c_orders" : 1
						},
						"inputStage" : {
							"stage" : "FETCH",
							"nReturned" : 29752,
							"executionTimeMillisEstimate" : 42,
							"works" : 29753,
							"advanced" : 29752,
							"needTime" : 0,
							"needYield" : 0,
							"saveState" : 186,
							"restoreState" : 186,
							"isEOF" : 1,
							"docsExamined" : 29752,
							"alreadyHasObj" : 0,
							"inputStage" : {
								"stage" : "IXSCAN",
								"nReturned" : 29752,
								"executionTimeMillisEstimate" : 11,
								"works" : 29753,
								"advanced" : 29752,
								"needTime" : 0,
								"needYield" : 0,
								"saveState" : 186,
								"restoreState" : 186,
								"isEOF" : 1,
								"keyPattern" : {
									"c_mktsegment" : 1
								},
								"indexName" : "idx_customer_b",
								"isMultiKey" : false,
								"multiKeyPaths" : {
									"c_mktsegment" : [ ]
								},
								"isUnique" : false,
								"isSparse" : false,
								"isPartial" : false,
								"indexVersion" : 2,
								"direction" : "forward",
								"indexBounds" : {
									"c_mktsegment" : [
										"[\"AUTOMOBILE\", \"AUTOMOBILE\"]"
									]
								},
								"keysExamined" : 29752,
								"seeks" : 1,
								"dupsTested" : 0,
								"dupsDropped" : 0
							}
						}
					},
					"allPlansExecution" : [ ]
				}
			},
			"nReturned" : NumberLong(29752),
			"executionTimeMillisEstimate" : NumberLong(456)
		},
		{
			"$unwind" : {
				"path" : "$c_orders"
			},
			"nReturned" : NumberLong(297452),
			"executionTimeMillisEstimate" : NumberLong(728)
		},
		{
			"$match" : {
				"c_orders.o_orderdate" : {
					"$lt" : ISODate("1992-01-02T00:00:00Z")
				}
			},
			"nReturned" : NumberLong(113),
			"executionTimeMillisEstimate" : NumberLong(1191)
		},
		{
			"$project" : {
				"_id" : true,
				"o_orderkey" : "$c_orders.o_orderkey",
				"o_orderdate" : "$c_orders.o_orderdate",
				"o_shippriority" : "$c_orders.o_shippriority",
				"lineitems" : "$c_orders.o_lineitems"
			},
			"nReturned" : NumberLong(113),
			"executionTimeMillisEstimate" : NumberLong(1191)
		},
		{
			"$unwind" : {
				"path" : "$lineitems"
			},
			"nReturned" : NumberLong(440),
			"executionTimeMillisEstimate" : NumberLong(1191)
		},
		{
			"$match" : {
				"lineitems.l_shipdate" : {
					"$gt" : ISODate("1992-01-02T00:00:00Z")
				}
			},
			"nReturned" : NumberLong(439),
			"executionTimeMillisEstimate" : NumberLong(1191)
		},
		{
			"$group" : {
				"_id" : {
					"l_orderkey" : "$o_orderkey",
					"o_orderdate" : "$o_orderdate",
					"o_shippriority" : "$o_shippriority"
				},
				"revenue" : {
					"$sum" : {
						"$multiply" : [
							"$lineitems.l_extendedprice",
							{
								"$subtract" : [
									{
										"$const" : 1
									},
									"$lineitems.l_discount"
								]
							}
						]
					}
				}
			},
			"nReturned" : NumberLong(113),
			"executionTimeMillisEstimate" : NumberLong(1191)
		},
		{
			"$sort" : {
				"sortKey" : {
					"revenue" : -1,
					"_id.o_orderdate" : 1
				},
				"limit" : NumberLong(10)
			},
			"nReturned" : NumberLong(10),
			"executionTimeMillisEstimate" : NumberLong(1191)
		}
	],
	"serverInfo" : {
		"host" : "mt-mongo-2",
		"port" : 27012,
		"version" : "4.4.10",
		"gitVersion" : "58971da1ef93435a9f62bf4708a81713def6e88c"
	},
	"ok" : 1,
	"$clusterTime" : {
		"clusterTime" : Timestamp(1639038868, 5),
		"signature" : {
			"hash" : BinData(0,"AAAAAAAAAAAAAAAAAAAAAAAAAAA="),
			"keyId" : NumberLong(0)
		}
	},
	"operationTime" : Timestamp(1639038868, 5)
}


