MongoDB shell version v4.4.10
connecting to: mongodb://mt-mongo-1:27011,mt-mongo-2:27012,mt-mongo-3:27013/?compressors=disabled&gssapiServiceName=mongodb&replicaSet=mt-exp-rs-001
Implicit session: session { "id" : UUID("ab44fff2-1d0b-4be5-86c4-d48e093c311a") }
MongoDB server version: 4.4.10
{
	"stages" : [
		{
			"$cursor" : {
				"queryPlanner" : {
					"plannerVersion" : 1,
					"namespace" : "tpch_mongo_1c.scale1",
					"indexFilterSet" : false,
					"parsedQuery" : {
						
					},
					"queryHash" : "7D406A01",
					"planCacheKey" : "7D406A01",
					"winningPlan" : {
						"stage" : "PROJECTION_DEFAULT",
						"transformBy" : {
							"orders" : {
								"$filter" : {
									"input" : "$c_orders",
									"as" : "o",
									"cond" : {
										"$and" : [
											{
												"$gte" : [
													"$$o.o_orderdate",
													{
														"$const" : ISODate("1992-01-01T00:00:00Z")
													}
												]
											},
											{
												"$lt" : [
													"$$o.o_orderdate",
													{
														"$const" : ISODate("1992-04-01T00:00:00Z")
													}
												]
											}
										]
									}
								}
							},
							"_id" : false
						},
						"inputStage" : {
							"stage" : "COLLSCAN",
							"direction" : "forward"
						}
					},
					"rejectedPlans" : [ ]
				},
				"executionStats" : {
					"executionSuccess" : true,
					"nReturned" : 150000,
					"executionTimeMillis" : 3222,
					"totalKeysExamined" : 0,
					"totalDocsExamined" : 150000,
					"executionStages" : {
						"stage" : "PROJECTION_DEFAULT",
						"nReturned" : 150000,
						"executionTimeMillisEstimate" : 1562,
						"works" : 150002,
						"advanced" : 150000,
						"needTime" : 1,
						"needYield" : 0,
						"saveState" : 204,
						"restoreState" : 204,
						"isEOF" : 1,
						"transformBy" : {
							"orders" : {
								"$filter" : {
									"input" : "$c_orders",
									"as" : "o",
									"cond" : {
										"$and" : [
											{
												"$gte" : [
													"$$o.o_orderdate",
													{
														"$const" : ISODate("1992-01-01T00:00:00Z")
													}
												]
											},
											{
												"$lt" : [
													"$$o.o_orderdate",
													{
														"$const" : ISODate("1992-04-01T00:00:00Z")
													}
												]
											}
										]
									}
								}
							},
							"_id" : false
						},
						"inputStage" : {
							"stage" : "COLLSCAN",
							"nReturned" : 150000,
							"executionTimeMillisEstimate" : 118,
							"works" : 150002,
							"advanced" : 150000,
							"needTime" : 1,
							"needYield" : 0,
							"saveState" : 204,
							"restoreState" : 204,
							"isEOF" : 1,
							"direction" : "forward",
							"docsExamined" : 150000
						}
					},
					"allPlansExecution" : [ ]
				}
			},
			"nReturned" : NumberLong(150000),
			"executionTimeMillisEstimate" : NumberLong(2175)
		},
		{
			"$unwind" : {
				"path" : "$orders"
			},
			"nReturned" : NumberLong(56741),
			"executionTimeMillisEstimate" : NumberLong(2235)
		},
		{
			"$project" : {
				"_id" : true,
				"orderkey" : "$orders.o_orderkey",
				"orderpriority" : "$orders.o_orderpriority",
				"lineitems" : "$orders.o_lineitems"
			},
			"nReturned" : NumberLong(56741),
			"executionTimeMillisEstimate" : NumberLong(2440)
		},
		{
			"$unwind" : {
				"path" : "$lineitems"
			},
			"nReturned" : NumberLong(226736),
			"executionTimeMillisEstimate" : NumberLong(2487)
		},
		{
			"$match" : {
				"$expr" : {
					"$lt" : [
						"$lineitems.l_commitdate",
						"$lineitems.l_receiptdate"
					]
				}
			},
			"nReturned" : NumberLong(143353),
			"executionTimeMillisEstimate" : NumberLong(3060)
		},
		{
			"$group" : {
				"_id" : {
					"orderkey" : "$orderkey",
					"orderprioriry" : "$orderpriority"
				}
			},
			"nReturned" : NumberLong(52002),
			"executionTimeMillisEstimate" : NumberLong(3201)
		},
		{
			"$group" : {
				"_id" : "$_id.orderprioriry",
				"order_count" : {
					"$sum" : {
						"$const" : 1
					}
				}
			},
			"nReturned" : NumberLong(5),
			"executionTimeMillisEstimate" : NumberLong(3221)
		},
		{
			"$sort" : {
				"sortKey" : {
					"_id" : 1
				}
			},
			"nReturned" : NumberLong(5),
			"executionTimeMillisEstimate" : NumberLong(3221)
		}
	],
	"serverInfo" : {
		"host" : "mt-mongo-1",
		"port" : 27011,
		"version" : "4.4.10",
		"gitVersion" : "58971da1ef93435a9f62bf4708a81713def6e88c"
	},
	"ok" : 1,
	"$clusterTime" : {
		"clusterTime" : Timestamp(1639046118, 5),
		"signature" : {
			"hash" : BinData(0,"AAAAAAAAAAAAAAAAAAAAAAAAAAA="),
			"keyId" : NumberLong(0)
		}
	},
	"operationTime" : Timestamp(1639046118, 5)
}


MongoDB shell version v4.4.10
connecting to: mongodb://mt-mongo-1:27011,mt-mongo-2:27012,mt-mongo-3:27013/?compressors=disabled&gssapiServiceName=mongodb&replicaSet=mt-exp-rs-001
Implicit session: session { "id" : UUID("0a38b538-0520-4875-a314-d3033101adbc") }
MongoDB server version: 4.4.10
{
	"stages" : [
		{
			"$cursor" : {
				"queryPlanner" : {
					"plannerVersion" : 1,
					"namespace" : "tpch_mongo_1c.scale1",
					"indexFilterSet" : false,
					"parsedQuery" : {
						
					},
					"queryHash" : "7D406A01",
					"planCacheKey" : "7D406A01",
					"winningPlan" : {
						"stage" : "PROJECTION_DEFAULT",
						"transformBy" : {
							"orders" : {
								"$filter" : {
									"input" : "$c_orders",
									"as" : "o",
									"cond" : {
										"$and" : [
											{
												"$gte" : [
													"$$o.o_orderdate",
													{
														"$const" : ISODate("1992-01-01T00:00:00Z")
													}
												]
											},
											{
												"$lt" : [
													"$$o.o_orderdate",
													{
														"$const" : ISODate("1992-04-01T00:00:00Z")
													}
												]
											}
										]
									}
								}
							},
							"_id" : false
						},
						"inputStage" : {
							"stage" : "COLLSCAN",
							"direction" : "forward"
						}
					},
					"rejectedPlans" : [ ]
				},
				"executionStats" : {
					"executionSuccess" : true,
					"nReturned" : 150000,
					"executionTimeMillis" : 3728,
					"totalKeysExamined" : 0,
					"totalDocsExamined" : 150000,
					"executionStages" : {
						"stage" : "PROJECTION_DEFAULT",
						"nReturned" : 150000,
						"executionTimeMillisEstimate" : 2050,
						"works" : 150002,
						"advanced" : 150000,
						"needTime" : 1,
						"needYield" : 0,
						"saveState" : 231,
						"restoreState" : 231,
						"isEOF" : 1,
						"transformBy" : {
							"orders" : {
								"$filter" : {
									"input" : "$c_orders",
									"as" : "o",
									"cond" : {
										"$and" : [
											{
												"$gte" : [
													"$$o.o_orderdate",
													{
														"$const" : ISODate("1992-01-01T00:00:00Z")
													}
												]
											},
											{
												"$lt" : [
													"$$o.o_orderdate",
													{
														"$const" : ISODate("1992-04-01T00:00:00Z")
													}
												]
											}
										]
									}
								}
							},
							"_id" : false
						},
						"inputStage" : {
							"stage" : "COLLSCAN",
							"nReturned" : 150000,
							"executionTimeMillisEstimate" : 164,
							"works" : 150002,
							"advanced" : 150000,
							"needTime" : 1,
							"needYield" : 0,
							"saveState" : 231,
							"restoreState" : 231,
							"isEOF" : 1,
							"direction" : "forward",
							"docsExamined" : 150000
						}
					},
					"allPlansExecution" : [ ]
				}
			},
			"nReturned" : NumberLong(150000),
			"executionTimeMillisEstimate" : NumberLong(2701)
		},
		{
			"$unwind" : {
				"path" : "$orders"
			},
			"nReturned" : NumberLong(56741),
			"executionTimeMillisEstimate" : NumberLong(2739)
		},
		{
			"$project" : {
				"_id" : true,
				"orderkey" : "$orders.o_orderkey",
				"orderpriority" : "$orders.o_orderpriority",
				"lineitems" : "$orders.o_lineitems"
			},
			"nReturned" : NumberLong(56741),
			"executionTimeMillisEstimate" : NumberLong(2970)
		},
		{
			"$unwind" : {
				"path" : "$lineitems"
			},
			"nReturned" : NumberLong(226736),
			"executionTimeMillisEstimate" : NumberLong(2990)
		},
		{
			"$match" : {
				"$expr" : {
					"$lt" : [
						"$lineitems.l_commitdate",
						"$lineitems.l_receiptdate"
					]
				}
			},
			"nReturned" : NumberLong(143353),
			"executionTimeMillisEstimate" : NumberLong(3623)
		},
		{
			"$group" : {
				"_id" : {
					"orderkey" : "$orderkey",
					"orderprioriry" : "$orderpriority"
				}
			},
			"nReturned" : NumberLong(52002),
			"executionTimeMillisEstimate" : NumberLong(3703)
		},
		{
			"$group" : {
				"_id" : "$_id.orderprioriry",
				"order_count" : {
					"$sum" : {
						"$const" : 1
					}
				}
			},
			"nReturned" : NumberLong(5),
			"executionTimeMillisEstimate" : NumberLong(3719)
		},
		{
			"$sort" : {
				"sortKey" : {
					"_id" : 1
				}
			},
			"nReturned" : NumberLong(5),
			"executionTimeMillisEstimate" : NumberLong(3719)
		}
	],
	"serverInfo" : {
		"host" : "mt-mongo-1",
		"port" : 27011,
		"version" : "4.4.10",
		"gitVersion" : "58971da1ef93435a9f62bf4708a81713def6e88c"
	},
	"ok" : 1,
	"$clusterTime" : {
		"clusterTime" : Timestamp(1639046156, 5),
		"signature" : {
			"hash" : BinData(0,"AAAAAAAAAAAAAAAAAAAAAAAAAAA="),
			"keyId" : NumberLong(0)
		}
	},
	"operationTime" : Timestamp(1639046156, 5)
}


MongoDB shell version v4.4.10
connecting to: mongodb://mt-mongo-1:27011,mt-mongo-2:27012,mt-mongo-3:27013/?compressors=disabled&gssapiServiceName=mongodb&replicaSet=mt-exp-rs-001
Implicit session: session { "id" : UUID("b3d551f5-ae70-41c5-b986-f776d3a9f595") }
MongoDB server version: 4.4.10
{
	"stages" : [
		{
			"$cursor" : {
				"queryPlanner" : {
					"plannerVersion" : 1,
					"namespace" : "tpch_mongo_1c.scale1",
					"indexFilterSet" : false,
					"parsedQuery" : {
						
					},
					"queryHash" : "7D406A01",
					"planCacheKey" : "7D406A01",
					"winningPlan" : {
						"stage" : "PROJECTION_DEFAULT",
						"transformBy" : {
							"orders" : {
								"$filter" : {
									"input" : "$c_orders",
									"as" : "o",
									"cond" : {
										"$and" : [
											{
												"$gte" : [
													"$$o.o_orderdate",
													{
														"$const" : ISODate("1992-01-01T00:00:00Z")
													}
												]
											},
											{
												"$lt" : [
													"$$o.o_orderdate",
													{
														"$const" : ISODate("1992-04-01T00:00:00Z")
													}
												]
											}
										]
									}
								}
							},
							"_id" : false
						},
						"inputStage" : {
							"stage" : "COLLSCAN",
							"direction" : "forward"
						}
					},
					"rejectedPlans" : [ ]
				},
				"executionStats" : {
					"executionSuccess" : true,
					"nReturned" : 150000,
					"executionTimeMillis" : 3273,
					"totalKeysExamined" : 0,
					"totalDocsExamined" : 150000,
					"executionStages" : {
						"stage" : "PROJECTION_DEFAULT",
						"nReturned" : 150000,
						"executionTimeMillisEstimate" : 1817,
						"works" : 150002,
						"advanced" : 150000,
						"needTime" : 1,
						"needYield" : 0,
						"saveState" : 213,
						"restoreState" : 213,
						"isEOF" : 1,
						"transformBy" : {
							"orders" : {
								"$filter" : {
									"input" : "$c_orders",
									"as" : "o",
									"cond" : {
										"$and" : [
											{
												"$gte" : [
													"$$o.o_orderdate",
													{
														"$const" : ISODate("1992-01-01T00:00:00Z")
													}
												]
											},
											{
												"$lt" : [
													"$$o.o_orderdate",
													{
														"$const" : ISODate("1992-04-01T00:00:00Z")
													}
												]
											}
										]
									}
								}
							},
							"_id" : false
						},
						"inputStage" : {
							"stage" : "COLLSCAN",
							"nReturned" : 150000,
							"executionTimeMillisEstimate" : 125,
							"works" : 150002,
							"advanced" : 150000,
							"needTime" : 1,
							"needYield" : 0,
							"saveState" : 213,
							"restoreState" : 213,
							"isEOF" : 1,
							"direction" : "forward",
							"docsExamined" : 150000
						}
					},
					"allPlansExecution" : [ ]
				}
			},
			"nReturned" : NumberLong(150000),
			"executionTimeMillisEstimate" : NumberLong(2369)
		},
		{
			"$unwind" : {
				"path" : "$orders"
			},
			"nReturned" : NumberLong(56741),
			"executionTimeMillisEstimate" : NumberLong(2416)
		},
		{
			"$project" : {
				"_id" : true,
				"orderkey" : "$orders.o_orderkey",
				"orderpriority" : "$orders.o_orderpriority",
				"lineitems" : "$orders.o_lineitems"
			},
			"nReturned" : NumberLong(56741),
			"executionTimeMillisEstimate" : NumberLong(2665)
		},
		{
			"$unwind" : {
				"path" : "$lineitems"
			},
			"nReturned" : NumberLong(226736),
			"executionTimeMillisEstimate" : NumberLong(2704)
		},
		{
			"$match" : {
				"$expr" : {
					"$lt" : [
						"$lineitems.l_commitdate",
						"$lineitems.l_receiptdate"
					]
				}
			},
			"nReturned" : NumberLong(143353),
			"executionTimeMillisEstimate" : NumberLong(3157)
		},
		{
			"$group" : {
				"_id" : {
					"orderkey" : "$orderkey",
					"orderprioriry" : "$orderpriority"
				}
			},
			"nReturned" : NumberLong(52002),
			"executionTimeMillisEstimate" : NumberLong(3253)
		},
		{
			"$group" : {
				"_id" : "$_id.orderprioriry",
				"order_count" : {
					"$sum" : {
						"$const" : 1
					}
				}
			},
			"nReturned" : NumberLong(5),
			"executionTimeMillisEstimate" : NumberLong(3273)
		},
		{
			"$sort" : {
				"sortKey" : {
					"_id" : 1
				}
			},
			"nReturned" : NumberLong(5),
			"executionTimeMillisEstimate" : NumberLong(3273)
		}
	],
	"serverInfo" : {
		"host" : "mt-mongo-2",
		"port" : 27012,
		"version" : "4.4.10",
		"gitVersion" : "58971da1ef93435a9f62bf4708a81713def6e88c"
	},
	"ok" : 1,
	"$clusterTime" : {
		"clusterTime" : Timestamp(1639046204, 3),
		"signature" : {
			"hash" : BinData(0,"AAAAAAAAAAAAAAAAAAAAAAAAAAA="),
			"keyId" : NumberLong(0)
		}
	},
	"operationTime" : Timestamp(1639046204, 3)
}


MongoDB shell version v4.4.10
connecting to: mongodb://mt-mongo-1:27011,mt-mongo-2:27012,mt-mongo-3:27013/?compressors=disabled&gssapiServiceName=mongodb&replicaSet=mt-exp-rs-001
Implicit session: session { "id" : UUID("197c752b-efef-4c0e-95d9-be43c33d2743") }
MongoDB server version: 4.4.10
{
	"stages" : [
		{
			"$cursor" : {
				"queryPlanner" : {
					"plannerVersion" : 1,
					"namespace" : "tpch_mongo_1c.scale1",
					"indexFilterSet" : false,
					"parsedQuery" : {
						
					},
					"queryHash" : "7D406A01",
					"planCacheKey" : "7D406A01",
					"winningPlan" : {
						"stage" : "PROJECTION_DEFAULT",
						"transformBy" : {
							"orders" : {
								"$filter" : {
									"input" : "$c_orders",
									"as" : "o",
									"cond" : {
										"$and" : [
											{
												"$gte" : [
													"$$o.o_orderdate",
													{
														"$const" : ISODate("1992-01-01T00:00:00Z")
													}
												]
											},
											{
												"$lt" : [
													"$$o.o_orderdate",
													{
														"$const" : ISODate("1992-04-01T00:00:00Z")
													}
												]
											}
										]
									}
								}
							},
							"_id" : false
						},
						"inputStage" : {
							"stage" : "COLLSCAN",
							"direction" : "forward"
						}
					},
					"rejectedPlans" : [ ]
				},
				"executionStats" : {
					"executionSuccess" : true,
					"nReturned" : 150000,
					"executionTimeMillis" : 3343,
					"totalKeysExamined" : 0,
					"totalDocsExamined" : 150000,
					"executionStages" : {
						"stage" : "PROJECTION_DEFAULT",
						"nReturned" : 150000,
						"executionTimeMillisEstimate" : 1750,
						"works" : 150002,
						"advanced" : 150000,
						"needTime" : 1,
						"needYield" : 0,
						"saveState" : 210,
						"restoreState" : 210,
						"isEOF" : 1,
						"transformBy" : {
							"orders" : {
								"$filter" : {
									"input" : "$c_orders",
									"as" : "o",
									"cond" : {
										"$and" : [
											{
												"$gte" : [
													"$$o.o_orderdate",
													{
														"$const" : ISODate("1992-01-01T00:00:00Z")
													}
												]
											},
											{
												"$lt" : [
													"$$o.o_orderdate",
													{
														"$const" : ISODate("1992-04-01T00:00:00Z")
													}
												]
											}
										]
									}
								}
							},
							"_id" : false
						},
						"inputStage" : {
							"stage" : "COLLSCAN",
							"nReturned" : 150000,
							"executionTimeMillisEstimate" : 131,
							"works" : 150002,
							"advanced" : 150000,
							"needTime" : 1,
							"needYield" : 0,
							"saveState" : 210,
							"restoreState" : 210,
							"isEOF" : 1,
							"direction" : "forward",
							"docsExamined" : 150000
						}
					},
					"allPlansExecution" : [ ]
				}
			},
			"nReturned" : NumberLong(150000),
			"executionTimeMillisEstimate" : NumberLong(2348)
		},
		{
			"$unwind" : {
				"path" : "$orders"
			},
			"nReturned" : NumberLong(56741),
			"executionTimeMillisEstimate" : NumberLong(2389)
		},
		{
			"$project" : {
				"_id" : true,
				"orderkey" : "$orders.o_orderkey",
				"orderpriority" : "$orders.o_orderpriority",
				"lineitems" : "$orders.o_lineitems"
			},
			"nReturned" : NumberLong(56741),
			"executionTimeMillisEstimate" : NumberLong(2554)
		},
		{
			"$unwind" : {
				"path" : "$lineitems"
			},
			"nReturned" : NumberLong(226736),
			"executionTimeMillisEstimate" : NumberLong(2574)
		},
		{
			"$match" : {
				"$expr" : {
					"$lt" : [
						"$lineitems.l_commitdate",
						"$lineitems.l_receiptdate"
					]
				}
			},
			"nReturned" : NumberLong(143353),
			"executionTimeMillisEstimate" : NumberLong(3226)
		},
		{
			"$group" : {
				"_id" : {
					"orderkey" : "$orderkey",
					"orderprioriry" : "$orderpriority"
				}
			},
			"nReturned" : NumberLong(52002),
			"executionTimeMillisEstimate" : NumberLong(3314)
		},
		{
			"$group" : {
				"_id" : "$_id.orderprioriry",
				"order_count" : {
					"$sum" : {
						"$const" : 1
					}
				}
			},
			"nReturned" : NumberLong(5),
			"executionTimeMillisEstimate" : NumberLong(3331)
		},
		{
			"$sort" : {
				"sortKey" : {
					"_id" : 1
				}
			},
			"nReturned" : NumberLong(5),
			"executionTimeMillisEstimate" : NumberLong(3331)
		}
	],
	"serverInfo" : {
		"host" : "mt-mongo-1",
		"port" : 27011,
		"version" : "4.4.10",
		"gitVersion" : "58971da1ef93435a9f62bf4708a81713def6e88c"
	},
	"ok" : 1,
	"$clusterTime" : {
		"clusterTime" : Timestamp(1639046233, 4),
		"signature" : {
			"hash" : BinData(0,"AAAAAAAAAAAAAAAAAAAAAAAAAAA="),
			"keyId" : NumberLong(0)
		}
	},
	"operationTime" : Timestamp(1639046233, 4)
}


MongoDB shell version v4.4.10
connecting to: mongodb://mt-mongo-1:27011,mt-mongo-2:27012,mt-mongo-3:27013/?compressors=disabled&gssapiServiceName=mongodb&replicaSet=mt-exp-rs-001
Implicit session: session { "id" : UUID("f166ea27-d6b3-4eab-9a4c-b11d3fb43000") }
MongoDB server version: 4.4.10
{
	"stages" : [
		{
			"$cursor" : {
				"queryPlanner" : {
					"plannerVersion" : 1,
					"namespace" : "tpch_mongo_1c.scale1",
					"indexFilterSet" : false,
					"parsedQuery" : {
						
					},
					"queryHash" : "7D406A01",
					"planCacheKey" : "7D406A01",
					"winningPlan" : {
						"stage" : "PROJECTION_DEFAULT",
						"transformBy" : {
							"orders" : {
								"$filter" : {
									"input" : "$c_orders",
									"as" : "o",
									"cond" : {
										"$and" : [
											{
												"$gte" : [
													"$$o.o_orderdate",
													{
														"$const" : ISODate("1992-01-01T00:00:00Z")
													}
												]
											},
											{
												"$lt" : [
													"$$o.o_orderdate",
													{
														"$const" : ISODate("1992-04-01T00:00:00Z")
													}
												]
											}
										]
									}
								}
							},
							"_id" : false
						},
						"inputStage" : {
							"stage" : "COLLSCAN",
							"direction" : "forward"
						}
					},
					"rejectedPlans" : [ ]
				},
				"executionStats" : {
					"executionSuccess" : true,
					"nReturned" : 150000,
					"executionTimeMillis" : 3538,
					"totalKeysExamined" : 0,
					"totalDocsExamined" : 150000,
					"executionStages" : {
						"stage" : "PROJECTION_DEFAULT",
						"nReturned" : 150000,
						"executionTimeMillisEstimate" : 1912,
						"works" : 150002,
						"advanced" : 150000,
						"needTime" : 1,
						"needYield" : 0,
						"saveState" : 223,
						"restoreState" : 223,
						"isEOF" : 1,
						"transformBy" : {
							"orders" : {
								"$filter" : {
									"input" : "$c_orders",
									"as" : "o",
									"cond" : {
										"$and" : [
											{
												"$gte" : [
													"$$o.o_orderdate",
													{
														"$const" : ISODate("1992-01-01T00:00:00Z")
													}
												]
											},
											{
												"$lt" : [
													"$$o.o_orderdate",
													{
														"$const" : ISODate("1992-04-01T00:00:00Z")
													}
												]
											}
										]
									}
								}
							},
							"_id" : false
						},
						"inputStage" : {
							"stage" : "COLLSCAN",
							"nReturned" : 150000,
							"executionTimeMillisEstimate" : 232,
							"works" : 150002,
							"advanced" : 150000,
							"needTime" : 1,
							"needYield" : 0,
							"saveState" : 223,
							"restoreState" : 223,
							"isEOF" : 1,
							"direction" : "forward",
							"docsExamined" : 150000
						}
					},
					"allPlansExecution" : [ ]
				}
			},
			"nReturned" : NumberLong(150000),
			"executionTimeMillisEstimate" : NumberLong(2542)
		},
		{
			"$unwind" : {
				"path" : "$orders"
			},
			"nReturned" : NumberLong(56741),
			"executionTimeMillisEstimate" : NumberLong(2598)
		},
		{
			"$project" : {
				"_id" : true,
				"orderkey" : "$orders.o_orderkey",
				"orderpriority" : "$orders.o_orderpriority",
				"lineitems" : "$orders.o_lineitems"
			},
			"nReturned" : NumberLong(56741),
			"executionTimeMillisEstimate" : NumberLong(2822)
		},
		{
			"$unwind" : {
				"path" : "$lineitems"
			},
			"nReturned" : NumberLong(226736),
			"executionTimeMillisEstimate" : NumberLong(2837)
		},
		{
			"$match" : {
				"$expr" : {
					"$lt" : [
						"$lineitems.l_commitdate",
						"$lineitems.l_receiptdate"
					]
				}
			},
			"nReturned" : NumberLong(143353),
			"executionTimeMillisEstimate" : NumberLong(3372)
		},
		{
			"$group" : {
				"_id" : {
					"orderkey" : "$orderkey",
					"orderprioriry" : "$orderpriority"
				}
			},
			"nReturned" : NumberLong(52002),
			"executionTimeMillisEstimate" : NumberLong(3526)
		},
		{
			"$group" : {
				"_id" : "$_id.orderprioriry",
				"order_count" : {
					"$sum" : {
						"$const" : 1
					}
				}
			},
			"nReturned" : NumberLong(5),
			"executionTimeMillisEstimate" : NumberLong(3536)
		},
		{
			"$sort" : {
				"sortKey" : {
					"_id" : 1
				}
			},
			"nReturned" : NumberLong(5),
			"executionTimeMillisEstimate" : NumberLong(3536)
		}
	],
	"serverInfo" : {
		"host" : "mt-mongo-2",
		"port" : 27012,
		"version" : "4.4.10",
		"gitVersion" : "58971da1ef93435a9f62bf4708a81713def6e88c"
	},
	"ok" : 1,
	"$clusterTime" : {
		"clusterTime" : Timestamp(1639046290, 3),
		"signature" : {
			"hash" : BinData(0,"AAAAAAAAAAAAAAAAAAAAAAAAAAA="),
			"keyId" : NumberLong(0)
		}
	},
	"operationTime" : Timestamp(1639046290, 3)
}


