MongoDB shell version v4.4.10
connecting to: mongodb://mt-mongo-1:27011,mt-mongo-2:27012,mt-mongo-3:27013/?compressors=disabled&gssapiServiceName=mongodb&replicaSet=mt-exp-rs-001
Implicit session: session { "id" : UUID("a2f87f41-6149-4b8e-9982-06ea3c5e56be") }
MongoDB server version: 4.4.10
{
	"stages" : [
		{
			"$cursor" : {
				"queryPlanner" : {
					"plannerVersion" : 1,
					"namespace" : "tpch_mongo_3c.orders",
					"indexFilterSet" : false,
					"parsedQuery" : {
						"o_orderdate" : {
							"$lt" : ISODate("1992-01-02T00:00:00Z")
						}
					},
					"queryHash" : "8C5262AA",
					"planCacheKey" : "56FB06F3",
					"winningPlan" : {
						"stage" : "PROJECTION_DEFAULT",
						"transformBy" : {
							"_id" : 1,
							"customer.c_mktsegment" : 1,
							"lineitems" : 1,
							"o_custkey" : 1,
							"o_orderdate" : 1,
							"o_shippriority" : 1
						},
						"inputStage" : {
							"stage" : "FETCH",
							"inputStage" : {
								"stage" : "IXSCAN",
								"keyPattern" : {
									"o_orderdate" : 1
								},
								"indexName" : "idx_orders_a",
								"isMultiKey" : false,
								"multiKeyPaths" : {
									"o_orderdate" : [ ]
								},
								"isUnique" : false,
								"isSparse" : false,
								"isPartial" : false,
								"indexVersion" : 2,
								"direction" : "forward",
								"indexBounds" : {
									"o_orderdate" : [
										"[new Date(-9223372036854775808), new Date(694310400000))"
									]
								}
							}
						}
					},
					"rejectedPlans" : [ ]
				},
				"executionStats" : {
					"executionSuccess" : true,
					"nReturned" : 621,
					"executionTimeMillis" : 331,
					"totalKeysExamined" : 621,
					"totalDocsExamined" : 621,
					"executionStages" : {
						"stage" : "PROJECTION_DEFAULT",
						"nReturned" : 621,
						"executionTimeMillisEstimate" : 9,
						"works" : 622,
						"advanced" : 621,
						"needTime" : 0,
						"needYield" : 0,
						"saveState" : 1,
						"restoreState" : 1,
						"isEOF" : 1,
						"transformBy" : {
							"_id" : 1,
							"customer.c_mktsegment" : 1,
							"lineitems" : 1,
							"o_custkey" : 1,
							"o_orderdate" : 1,
							"o_shippriority" : 1
						},
						"inputStage" : {
							"stage" : "FETCH",
							"nReturned" : 621,
							"executionTimeMillisEstimate" : 9,
							"works" : 622,
							"advanced" : 621,
							"needTime" : 0,
							"needYield" : 0,
							"saveState" : 1,
							"restoreState" : 1,
							"isEOF" : 1,
							"docsExamined" : 621,
							"alreadyHasObj" : 0,
							"inputStage" : {
								"stage" : "IXSCAN",
								"nReturned" : 621,
								"executionTimeMillisEstimate" : 0,
								"works" : 622,
								"advanced" : 621,
								"needTime" : 0,
								"needYield" : 0,
								"saveState" : 1,
								"restoreState" : 1,
								"isEOF" : 1,
								"keyPattern" : {
									"o_orderdate" : 1
								},
								"indexName" : "idx_orders_a",
								"isMultiKey" : false,
								"multiKeyPaths" : {
									"o_orderdate" : [ ]
								},
								"isUnique" : false,
								"isSparse" : false,
								"isPartial" : false,
								"indexVersion" : 2,
								"direction" : "forward",
								"indexBounds" : {
									"o_orderdate" : [
										"[new Date(-9223372036854775808), new Date(694310400000))"
									]
								},
								"keysExamined" : 621,
								"seeks" : 1,
								"dupsTested" : 0,
								"dupsDropped" : 0
							}
						}
					},
					"allPlansExecution" : [ ]
				}
			},
			"nReturned" : NumberLong(621),
			"executionTimeMillisEstimate" : NumberLong(9)
		},
		{
			"$lookup" : {
				"from" : "customer",
				"as" : "customer",
				"localField" : "o_custkey",
				"foreignField" : "_id"
			},
			"nReturned" : NumberLong(621),
			"executionTimeMillisEstimate" : NumberLong(270)
		},
		{
			"$match" : {
				"customer.c_mktsegment" : {
					"$eq" : "AUTOMOBILE"
				}
			},
			"nReturned" : NumberLong(113),
			"executionTimeMillisEstimate" : NumberLong(271)
		},
		{
			"$lookup" : {
				"from" : "lineitem",
				"as" : "lineitems",
				"localField" : "_id",
				"foreignField" : "_id.l_orderkey"
			},
			"nReturned" : NumberLong(113),
			"executionTimeMillisEstimate" : NumberLong(328)
		},
		{
			"$project" : {
				"_id" : true,
				"o_shippriority" : true,
				"o_orderdate" : true,
				"lineitems" : {
					"$filter" : {
						"input" : "$lineitems",
						"as" : "l",
						"cond" : {
							"$gt" : [
								"$$l.l_shipdate",
								{
									"$const" : ISODate("1992-01-02T00:00:00Z")
								}
							]
						}
					}
				}
			},
			"nReturned" : NumberLong(113),
			"executionTimeMillisEstimate" : NumberLong(328)
		},
		{
			"$unwind" : {
				"path" : "$lineitems"
			},
			"nReturned" : NumberLong(439),
			"executionTimeMillisEstimate" : NumberLong(328)
		},
		{
			"$group" : {
				"_id" : {
					"l_orderkey" : "$_id",
					"o_orderdate" : "$o_orderdate",
					"o_shippriority" : "$o_shippriority"
				},
				"revenue" : {
					"$sum" : {
						"$multiply" : [
							"$lineitems.l_extendedprice",
							{
								"$subtract" : [
									{
										"$const" : 1
									},
									"$lineitems.l_discount"
								]
							}
						]
					}
				}
			},
			"nReturned" : NumberLong(113),
			"executionTimeMillisEstimate" : NumberLong(329)
		},
		{
			"$sort" : {
				"sortKey" : {
					"revenue" : -1,
					"_id.o_orderdate" : 1
				},
				"limit" : NumberLong(10)
			},
			"nReturned" : NumberLong(10),
			"executionTimeMillisEstimate" : NumberLong(329)
		}
	],
	"serverInfo" : {
		"host" : "mt-mongo-1",
		"port" : 27011,
		"version" : "4.4.10",
		"gitVersion" : "58971da1ef93435a9f62bf4708a81713def6e88c"
	},
	"ok" : 1,
	"$clusterTime" : {
		"clusterTime" : Timestamp(1639041290, 3),
		"signature" : {
			"hash" : BinData(0,"AAAAAAAAAAAAAAAAAAAAAAAAAAA="),
			"keyId" : NumberLong(0)
		}
	},
	"operationTime" : Timestamp(1639041290, 3)
}


MongoDB shell version v4.4.10
connecting to: mongodb://mt-mongo-1:27011,mt-mongo-2:27012,mt-mongo-3:27013/?compressors=disabled&gssapiServiceName=mongodb&replicaSet=mt-exp-rs-001
Implicit session: session { "id" : UUID("e09cf749-b446-4d2b-8fc2-bbdcf29e0cdd") }
MongoDB server version: 4.4.10
{
	"stages" : [
		{
			"$cursor" : {
				"queryPlanner" : {
					"plannerVersion" : 1,
					"namespace" : "tpch_mongo_3c.orders",
					"indexFilterSet" : false,
					"parsedQuery" : {
						"o_orderdate" : {
							"$lt" : ISODate("1992-01-02T00:00:00Z")
						}
					},
					"queryHash" : "8C5262AA",
					"planCacheKey" : "56FB06F3",
					"winningPlan" : {
						"stage" : "PROJECTION_DEFAULT",
						"transformBy" : {
							"_id" : 1,
							"customer.c_mktsegment" : 1,
							"lineitems" : 1,
							"o_custkey" : 1,
							"o_orderdate" : 1,
							"o_shippriority" : 1
						},
						"inputStage" : {
							"stage" : "FETCH",
							"inputStage" : {
								"stage" : "IXSCAN",
								"keyPattern" : {
									"o_orderdate" : 1
								},
								"indexName" : "idx_orders_a",
								"isMultiKey" : false,
								"multiKeyPaths" : {
									"o_orderdate" : [ ]
								},
								"isUnique" : false,
								"isSparse" : false,
								"isPartial" : false,
								"indexVersion" : 2,
								"direction" : "forward",
								"indexBounds" : {
									"o_orderdate" : [
										"[new Date(-9223372036854775808), new Date(694310400000))"
									]
								}
							}
						}
					},
					"rejectedPlans" : [ ]
				},
				"executionStats" : {
					"executionSuccess" : true,
					"nReturned" : 621,
					"executionTimeMillis" : 360,
					"totalKeysExamined" : 621,
					"totalDocsExamined" : 621,
					"executionStages" : {
						"stage" : "PROJECTION_DEFAULT",
						"nReturned" : 621,
						"executionTimeMillisEstimate" : 17,
						"works" : 622,
						"advanced" : 621,
						"needTime" : 0,
						"needYield" : 0,
						"saveState" : 2,
						"restoreState" : 2,
						"isEOF" : 1,
						"transformBy" : {
							"_id" : 1,
							"customer.c_mktsegment" : 1,
							"lineitems" : 1,
							"o_custkey" : 1,
							"o_orderdate" : 1,
							"o_shippriority" : 1
						},
						"inputStage" : {
							"stage" : "FETCH",
							"nReturned" : 621,
							"executionTimeMillisEstimate" : 17,
							"works" : 622,
							"advanced" : 621,
							"needTime" : 0,
							"needYield" : 0,
							"saveState" : 2,
							"restoreState" : 2,
							"isEOF" : 1,
							"docsExamined" : 621,
							"alreadyHasObj" : 0,
							"inputStage" : {
								"stage" : "IXSCAN",
								"nReturned" : 621,
								"executionTimeMillisEstimate" : 7,
								"works" : 622,
								"advanced" : 621,
								"needTime" : 0,
								"needYield" : 0,
								"saveState" : 2,
								"restoreState" : 2,
								"isEOF" : 1,
								"keyPattern" : {
									"o_orderdate" : 1
								},
								"indexName" : "idx_orders_a",
								"isMultiKey" : false,
								"multiKeyPaths" : {
									"o_orderdate" : [ ]
								},
								"isUnique" : false,
								"isSparse" : false,
								"isPartial" : false,
								"indexVersion" : 2,
								"direction" : "forward",
								"indexBounds" : {
									"o_orderdate" : [
										"[new Date(-9223372036854775808), new Date(694310400000))"
									]
								},
								"keysExamined" : 621,
								"seeks" : 1,
								"dupsTested" : 0,
								"dupsDropped" : 0
							}
						}
					},
					"allPlansExecution" : [ ]
				}
			},
			"nReturned" : NumberLong(621),
			"executionTimeMillisEstimate" : NumberLong(17)
		},
		{
			"$lookup" : {
				"from" : "customer",
				"as" : "customer",
				"localField" : "o_custkey",
				"foreignField" : "_id"
			},
			"nReturned" : NumberLong(621),
			"executionTimeMillisEstimate" : NumberLong(302)
		},
		{
			"$match" : {
				"customer.c_mktsegment" : {
					"$eq" : "AUTOMOBILE"
				}
			},
			"nReturned" : NumberLong(113),
			"executionTimeMillisEstimate" : NumberLong(302)
		},
		{
			"$lookup" : {
				"from" : "lineitem",
				"as" : "lineitems",
				"localField" : "_id",
				"foreignField" : "_id.l_orderkey"
			},
			"nReturned" : NumberLong(113),
			"executionTimeMillisEstimate" : NumberLong(356)
		},
		{
			"$project" : {
				"_id" : true,
				"o_shippriority" : true,
				"o_orderdate" : true,
				"lineitems" : {
					"$filter" : {
						"input" : "$lineitems",
						"as" : "l",
						"cond" : {
							"$gt" : [
								"$$l.l_shipdate",
								{
									"$const" : ISODate("1992-01-02T00:00:00Z")
								}
							]
						}
					}
				}
			},
			"nReturned" : NumberLong(113),
			"executionTimeMillisEstimate" : NumberLong(356)
		},
		{
			"$unwind" : {
				"path" : "$lineitems"
			},
			"nReturned" : NumberLong(439),
			"executionTimeMillisEstimate" : NumberLong(356)
		},
		{
			"$group" : {
				"_id" : {
					"l_orderkey" : "$_id",
					"o_orderdate" : "$o_orderdate",
					"o_shippriority" : "$o_shippriority"
				},
				"revenue" : {
					"$sum" : {
						"$multiply" : [
							"$lineitems.l_extendedprice",
							{
								"$subtract" : [
									{
										"$const" : 1
									},
									"$lineitems.l_discount"
								]
							}
						]
					}
				}
			},
			"nReturned" : NumberLong(113),
			"executionTimeMillisEstimate" : NumberLong(357)
		},
		{
			"$sort" : {
				"sortKey" : {
					"revenue" : -1,
					"_id.o_orderdate" : 1
				},
				"limit" : NumberLong(10)
			},
			"nReturned" : NumberLong(10),
			"executionTimeMillisEstimate" : NumberLong(357)
		}
	],
	"serverInfo" : {
		"host" : "mt-mongo-1",
		"port" : 27011,
		"version" : "4.4.10",
		"gitVersion" : "58971da1ef93435a9f62bf4708a81713def6e88c"
	},
	"ok" : 1,
	"$clusterTime" : {
		"clusterTime" : Timestamp(1639041590, 3),
		"signature" : {
			"hash" : BinData(0,"AAAAAAAAAAAAAAAAAAAAAAAAAAA="),
			"keyId" : NumberLong(0)
		}
	},
	"operationTime" : Timestamp(1639041590, 3)
}


MongoDB shell version v4.4.10
connecting to: mongodb://mt-mongo-1:27011,mt-mongo-2:27012,mt-mongo-3:27013/?compressors=disabled&gssapiServiceName=mongodb&replicaSet=mt-exp-rs-001
Implicit session: session { "id" : UUID("24c4dbbd-62f5-4963-8687-5632e2bb8fb1") }
MongoDB server version: 4.4.10
{
	"stages" : [
		{
			"$cursor" : {
				"queryPlanner" : {
					"plannerVersion" : 1,
					"namespace" : "tpch_mongo_3c.orders",
					"indexFilterSet" : false,
					"parsedQuery" : {
						"o_orderdate" : {
							"$lt" : ISODate("1992-01-02T00:00:00Z")
						}
					},
					"queryHash" : "8C5262AA",
					"planCacheKey" : "56FB06F3",
					"winningPlan" : {
						"stage" : "PROJECTION_DEFAULT",
						"transformBy" : {
							"_id" : 1,
							"customer.c_mktsegment" : 1,
							"lineitems" : 1,
							"o_custkey" : 1,
							"o_orderdate" : 1,
							"o_shippriority" : 1
						},
						"inputStage" : {
							"stage" : "FETCH",
							"inputStage" : {
								"stage" : "IXSCAN",
								"keyPattern" : {
									"o_orderdate" : 1
								},
								"indexName" : "idx_orders_a",
								"isMultiKey" : false,
								"multiKeyPaths" : {
									"o_orderdate" : [ ]
								},
								"isUnique" : false,
								"isSparse" : false,
								"isPartial" : false,
								"indexVersion" : 2,
								"direction" : "forward",
								"indexBounds" : {
									"o_orderdate" : [
										"[new Date(-9223372036854775808), new Date(694310400000))"
									]
								}
							}
						}
					},
					"rejectedPlans" : [ ]
				},
				"executionStats" : {
					"executionSuccess" : true,
					"nReturned" : 621,
					"executionTimeMillis" : 186,
					"totalKeysExamined" : 621,
					"totalDocsExamined" : 621,
					"executionStages" : {
						"stage" : "PROJECTION_DEFAULT",
						"nReturned" : 621,
						"executionTimeMillisEstimate" : 9,
						"works" : 622,
						"advanced" : 621,
						"needTime" : 0,
						"needYield" : 0,
						"saveState" : 1,
						"restoreState" : 1,
						"isEOF" : 1,
						"transformBy" : {
							"_id" : 1,
							"customer.c_mktsegment" : 1,
							"lineitems" : 1,
							"o_custkey" : 1,
							"o_orderdate" : 1,
							"o_shippriority" : 1
						},
						"inputStage" : {
							"stage" : "FETCH",
							"nReturned" : 621,
							"executionTimeMillisEstimate" : 9,
							"works" : 622,
							"advanced" : 621,
							"needTime" : 0,
							"needYield" : 0,
							"saveState" : 1,
							"restoreState" : 1,
							"isEOF" : 1,
							"docsExamined" : 621,
							"alreadyHasObj" : 0,
							"inputStage" : {
								"stage" : "IXSCAN",
								"nReturned" : 621,
								"executionTimeMillisEstimate" : 1,
								"works" : 622,
								"advanced" : 621,
								"needTime" : 0,
								"needYield" : 0,
								"saveState" : 1,
								"restoreState" : 1,
								"isEOF" : 1,
								"keyPattern" : {
									"o_orderdate" : 1
								},
								"indexName" : "idx_orders_a",
								"isMultiKey" : false,
								"multiKeyPaths" : {
									"o_orderdate" : [ ]
								},
								"isUnique" : false,
								"isSparse" : false,
								"isPartial" : false,
								"indexVersion" : 2,
								"direction" : "forward",
								"indexBounds" : {
									"o_orderdate" : [
										"[new Date(-9223372036854775808), new Date(694310400000))"
									]
								},
								"keysExamined" : 621,
								"seeks" : 1,
								"dupsTested" : 0,
								"dupsDropped" : 0
							}
						}
					},
					"allPlansExecution" : [ ]
				}
			},
			"nReturned" : NumberLong(621),
			"executionTimeMillisEstimate" : NumberLong(9)
		},
		{
			"$lookup" : {
				"from" : "customer",
				"as" : "customer",
				"localField" : "o_custkey",
				"foreignField" : "_id"
			},
			"nReturned" : NumberLong(621),
			"executionTimeMillisEstimate" : NumberLong(160)
		},
		{
			"$match" : {
				"customer.c_mktsegment" : {
					"$eq" : "AUTOMOBILE"
				}
			},
			"nReturned" : NumberLong(113),
			"executionTimeMillisEstimate" : NumberLong(161)
		},
		{
			"$lookup" : {
				"from" : "lineitem",
				"as" : "lineitems",
				"localField" : "_id",
				"foreignField" : "_id.l_orderkey"
			},
			"nReturned" : NumberLong(113),
			"executionTimeMillisEstimate" : NumberLong(185)
		},
		{
			"$project" : {
				"_id" : true,
				"o_orderdate" : true,
				"o_shippriority" : true,
				"lineitems" : {
					"$filter" : {
						"input" : "$lineitems",
						"as" : "l",
						"cond" : {
							"$gt" : [
								"$$l.l_shipdate",
								{
									"$const" : ISODate("1992-01-02T00:00:00Z")
								}
							]
						}
					}
				}
			},
			"nReturned" : NumberLong(113),
			"executionTimeMillisEstimate" : NumberLong(185)
		},
		{
			"$unwind" : {
				"path" : "$lineitems"
			},
			"nReturned" : NumberLong(439),
			"executionTimeMillisEstimate" : NumberLong(185)
		},
		{
			"$group" : {
				"_id" : {
					"l_orderkey" : "$_id",
					"o_orderdate" : "$o_orderdate",
					"o_shippriority" : "$o_shippriority"
				},
				"revenue" : {
					"$sum" : {
						"$multiply" : [
							"$lineitems.l_extendedprice",
							{
								"$subtract" : [
									{
										"$const" : 1
									},
									"$lineitems.l_discount"
								]
							}
						]
					}
				}
			},
			"nReturned" : NumberLong(113),
			"executionTimeMillisEstimate" : NumberLong(185)
		},
		{
			"$sort" : {
				"sortKey" : {
					"revenue" : -1,
					"_id.o_orderdate" : 1
				},
				"limit" : NumberLong(10)
			},
			"nReturned" : NumberLong(10),
			"executionTimeMillisEstimate" : NumberLong(185)
		}
	],
	"serverInfo" : {
		"host" : "mt-mongo-3",
		"port" : 27013,
		"version" : "4.4.10",
		"gitVersion" : "58971da1ef93435a9f62bf4708a81713def6e88c"
	},
	"ok" : 1,
	"$clusterTime" : {
		"clusterTime" : Timestamp(1639041899, 4),
		"signature" : {
			"hash" : BinData(0,"AAAAAAAAAAAAAAAAAAAAAAAAAAA="),
			"keyId" : NumberLong(0)
		}
	},
	"operationTime" : Timestamp(1639041899, 4)
}


MongoDB shell version v4.4.10
connecting to: mongodb://mt-mongo-1:27011,mt-mongo-2:27012,mt-mongo-3:27013/?compressors=disabled&gssapiServiceName=mongodb&replicaSet=mt-exp-rs-001
Implicit session: session { "id" : UUID("c156db18-a699-4bad-9c0b-6af0d97b7cfc") }
MongoDB server version: 4.4.10
{
	"stages" : [
		{
			"$cursor" : {
				"queryPlanner" : {
					"plannerVersion" : 1,
					"namespace" : "tpch_mongo_3c.orders",
					"indexFilterSet" : false,
					"parsedQuery" : {
						"o_orderdate" : {
							"$lt" : ISODate("1992-01-02T00:00:00Z")
						}
					},
					"queryHash" : "8C5262AA",
					"planCacheKey" : "56FB06F3",
					"winningPlan" : {
						"stage" : "PROJECTION_DEFAULT",
						"transformBy" : {
							"_id" : 1,
							"customer.c_mktsegment" : 1,
							"lineitems" : 1,
							"o_custkey" : 1,
							"o_orderdate" : 1,
							"o_shippriority" : 1
						},
						"inputStage" : {
							"stage" : "FETCH",
							"inputStage" : {
								"stage" : "IXSCAN",
								"keyPattern" : {
									"o_orderdate" : 1
								},
								"indexName" : "idx_orders_a",
								"isMultiKey" : false,
								"multiKeyPaths" : {
									"o_orderdate" : [ ]
								},
								"isUnique" : false,
								"isSparse" : false,
								"isPartial" : false,
								"indexVersion" : 2,
								"direction" : "forward",
								"indexBounds" : {
									"o_orderdate" : [
										"[new Date(-9223372036854775808), new Date(694310400000))"
									]
								}
							}
						}
					},
					"rejectedPlans" : [ ]
				},
				"executionStats" : {
					"executionSuccess" : true,
					"nReturned" : 621,
					"executionTimeMillis" : 190,
					"totalKeysExamined" : 621,
					"totalDocsExamined" : 621,
					"executionStages" : {
						"stage" : "PROJECTION_DEFAULT",
						"nReturned" : 621,
						"executionTimeMillisEstimate" : 18,
						"works" : 622,
						"advanced" : 621,
						"needTime" : 0,
						"needYield" : 0,
						"saveState" : 2,
						"restoreState" : 2,
						"isEOF" : 1,
						"transformBy" : {
							"_id" : 1,
							"customer.c_mktsegment" : 1,
							"lineitems" : 1,
							"o_custkey" : 1,
							"o_orderdate" : 1,
							"o_shippriority" : 1
						},
						"inputStage" : {
							"stage" : "FETCH",
							"nReturned" : 621,
							"executionTimeMillisEstimate" : 18,
							"works" : 622,
							"advanced" : 621,
							"needTime" : 0,
							"needYield" : 0,
							"saveState" : 2,
							"restoreState" : 2,
							"isEOF" : 1,
							"docsExamined" : 621,
							"alreadyHasObj" : 0,
							"inputStage" : {
								"stage" : "IXSCAN",
								"nReturned" : 621,
								"executionTimeMillisEstimate" : 0,
								"works" : 622,
								"advanced" : 621,
								"needTime" : 0,
								"needYield" : 0,
								"saveState" : 2,
								"restoreState" : 2,
								"isEOF" : 1,
								"keyPattern" : {
									"o_orderdate" : 1
								},
								"indexName" : "idx_orders_a",
								"isMultiKey" : false,
								"multiKeyPaths" : {
									"o_orderdate" : [ ]
								},
								"isUnique" : false,
								"isSparse" : false,
								"isPartial" : false,
								"indexVersion" : 2,
								"direction" : "forward",
								"indexBounds" : {
									"o_orderdate" : [
										"[new Date(-9223372036854775808), new Date(694310400000))"
									]
								},
								"keysExamined" : 621,
								"seeks" : 1,
								"dupsTested" : 0,
								"dupsDropped" : 0
							}
						}
					},
					"allPlansExecution" : [ ]
				}
			},
			"nReturned" : NumberLong(621),
			"executionTimeMillisEstimate" : NumberLong(18)
		},
		{
			"$lookup" : {
				"from" : "customer",
				"as" : "customer",
				"localField" : "o_custkey",
				"foreignField" : "_id"
			},
			"nReturned" : NumberLong(621),
			"executionTimeMillisEstimate" : NumberLong(167)
		},
		{
			"$match" : {
				"customer.c_mktsegment" : {
					"$eq" : "AUTOMOBILE"
				}
			},
			"nReturned" : NumberLong(113),
			"executionTimeMillisEstimate" : NumberLong(168)
		},
		{
			"$lookup" : {
				"from" : "lineitem",
				"as" : "lineitems",
				"localField" : "_id",
				"foreignField" : "_id.l_orderkey"
			},
			"nReturned" : NumberLong(113),
			"executionTimeMillisEstimate" : NumberLong(189)
		},
		{
			"$project" : {
				"_id" : true,
				"o_shippriority" : true,
				"o_orderdate" : true,
				"lineitems" : {
					"$filter" : {
						"input" : "$lineitems",
						"as" : "l",
						"cond" : {
							"$gt" : [
								"$$l.l_shipdate",
								{
									"$const" : ISODate("1992-01-02T00:00:00Z")
								}
							]
						}
					}
				}
			},
			"nReturned" : NumberLong(113),
			"executionTimeMillisEstimate" : NumberLong(189)
		},
		{
			"$unwind" : {
				"path" : "$lineitems"
			},
			"nReturned" : NumberLong(439),
			"executionTimeMillisEstimate" : NumberLong(189)
		},
		{
			"$group" : {
				"_id" : {
					"l_orderkey" : "$_id",
					"o_orderdate" : "$o_orderdate",
					"o_shippriority" : "$o_shippriority"
				},
				"revenue" : {
					"$sum" : {
						"$multiply" : [
							"$lineitems.l_extendedprice",
							{
								"$subtract" : [
									{
										"$const" : 1
									},
									"$lineitems.l_discount"
								]
							}
						]
					}
				}
			},
			"nReturned" : NumberLong(113),
			"executionTimeMillisEstimate" : NumberLong(189)
		},
		{
			"$sort" : {
				"sortKey" : {
					"revenue" : -1,
					"_id.o_orderdate" : 1
				},
				"limit" : NumberLong(10)
			},
			"nReturned" : NumberLong(10),
			"executionTimeMillisEstimate" : NumberLong(189)
		}
	],
	"serverInfo" : {
		"host" : "mt-mongo-3",
		"port" : 27013,
		"version" : "4.4.10",
		"gitVersion" : "58971da1ef93435a9f62bf4708a81713def6e88c"
	},
	"ok" : 1,
	"$clusterTime" : {
		"clusterTime" : Timestamp(1639042201, 5),
		"signature" : {
			"hash" : BinData(0,"AAAAAAAAAAAAAAAAAAAAAAAAAAA="),
			"keyId" : NumberLong(0)
		}
	},
	"operationTime" : Timestamp(1639042201, 5)
}


MongoDB shell version v4.4.10
connecting to: mongodb://mt-mongo-1:27011,mt-mongo-2:27012,mt-mongo-3:27013/?compressors=disabled&gssapiServiceName=mongodb&replicaSet=mt-exp-rs-001
Implicit session: session { "id" : UUID("8d75d765-98ac-4985-9c11-e9ec5d38bcca") }
MongoDB server version: 4.4.10
{
	"stages" : [
		{
			"$cursor" : {
				"queryPlanner" : {
					"plannerVersion" : 1,
					"namespace" : "tpch_mongo_3c.orders",
					"indexFilterSet" : false,
					"parsedQuery" : {
						"o_orderdate" : {
							"$lt" : ISODate("1992-01-02T00:00:00Z")
						}
					},
					"queryHash" : "8C5262AA",
					"planCacheKey" : "56FB06F3",
					"winningPlan" : {
						"stage" : "PROJECTION_DEFAULT",
						"transformBy" : {
							"_id" : 1,
							"customer.c_mktsegment" : 1,
							"lineitems" : 1,
							"o_custkey" : 1,
							"o_orderdate" : 1,
							"o_shippriority" : 1
						},
						"inputStage" : {
							"stage" : "FETCH",
							"inputStage" : {
								"stage" : "IXSCAN",
								"keyPattern" : {
									"o_orderdate" : 1
								},
								"indexName" : "idx_orders_a",
								"isMultiKey" : false,
								"multiKeyPaths" : {
									"o_orderdate" : [ ]
								},
								"isUnique" : false,
								"isSparse" : false,
								"isPartial" : false,
								"indexVersion" : 2,
								"direction" : "forward",
								"indexBounds" : {
									"o_orderdate" : [
										"[new Date(-9223372036854775808), new Date(694310400000))"
									]
								}
							}
						}
					},
					"rejectedPlans" : [ ]
				},
				"executionStats" : {
					"executionSuccess" : true,
					"nReturned" : 621,
					"executionTimeMillis" : 178,
					"totalKeysExamined" : 621,
					"totalDocsExamined" : 621,
					"executionStages" : {
						"stage" : "PROJECTION_DEFAULT",
						"nReturned" : 621,
						"executionTimeMillisEstimate" : 9,
						"works" : 622,
						"advanced" : 621,
						"needTime" : 0,
						"needYield" : 0,
						"saveState" : 1,
						"restoreState" : 1,
						"isEOF" : 1,
						"transformBy" : {
							"_id" : 1,
							"customer.c_mktsegment" : 1,
							"lineitems" : 1,
							"o_custkey" : 1,
							"o_orderdate" : 1,
							"o_shippriority" : 1
						},
						"inputStage" : {
							"stage" : "FETCH",
							"nReturned" : 621,
							"executionTimeMillisEstimate" : 9,
							"works" : 622,
							"advanced" : 621,
							"needTime" : 0,
							"needYield" : 0,
							"saveState" : 1,
							"restoreState" : 1,
							"isEOF" : 1,
							"docsExamined" : 621,
							"alreadyHasObj" : 0,
							"inputStage" : {
								"stage" : "IXSCAN",
								"nReturned" : 621,
								"executionTimeMillisEstimate" : 0,
								"works" : 622,
								"advanced" : 621,
								"needTime" : 0,
								"needYield" : 0,
								"saveState" : 1,
								"restoreState" : 1,
								"isEOF" : 1,
								"keyPattern" : {
									"o_orderdate" : 1
								},
								"indexName" : "idx_orders_a",
								"isMultiKey" : false,
								"multiKeyPaths" : {
									"o_orderdate" : [ ]
								},
								"isUnique" : false,
								"isSparse" : false,
								"isPartial" : false,
								"indexVersion" : 2,
								"direction" : "forward",
								"indexBounds" : {
									"o_orderdate" : [
										"[new Date(-9223372036854775808), new Date(694310400000))"
									]
								},
								"keysExamined" : 621,
								"seeks" : 1,
								"dupsTested" : 0,
								"dupsDropped" : 0
							}
						}
					},
					"allPlansExecution" : [ ]
				}
			},
			"nReturned" : NumberLong(621),
			"executionTimeMillisEstimate" : NumberLong(9)
		},
		{
			"$lookup" : {
				"from" : "customer",
				"as" : "customer",
				"localField" : "o_custkey",
				"foreignField" : "_id"
			},
			"nReturned" : NumberLong(621),
			"executionTimeMillisEstimate" : NumberLong(148)
		},
		{
			"$match" : {
				"customer.c_mktsegment" : {
					"$eq" : "AUTOMOBILE"
				}
			},
			"nReturned" : NumberLong(113),
			"executionTimeMillisEstimate" : NumberLong(149)
		},
		{
			"$lookup" : {
				"from" : "lineitem",
				"as" : "lineitems",
				"localField" : "_id",
				"foreignField" : "_id.l_orderkey"
			},
			"nReturned" : NumberLong(113),
			"executionTimeMillisEstimate" : NumberLong(176)
		},
		{
			"$project" : {
				"_id" : true,
				"o_shippriority" : true,
				"o_orderdate" : true,
				"lineitems" : {
					"$filter" : {
						"input" : "$lineitems",
						"as" : "l",
						"cond" : {
							"$gt" : [
								"$$l.l_shipdate",
								{
									"$const" : ISODate("1992-01-02T00:00:00Z")
								}
							]
						}
					}
				}
			},
			"nReturned" : NumberLong(113),
			"executionTimeMillisEstimate" : NumberLong(176)
		},
		{
			"$unwind" : {
				"path" : "$lineitems"
			},
			"nReturned" : NumberLong(439),
			"executionTimeMillisEstimate" : NumberLong(176)
		},
		{
			"$group" : {
				"_id" : {
					"l_orderkey" : "$_id",
					"o_orderdate" : "$o_orderdate",
					"o_shippriority" : "$o_shippriority"
				},
				"revenue" : {
					"$sum" : {
						"$multiply" : [
							"$lineitems.l_extendedprice",
							{
								"$subtract" : [
									{
										"$const" : 1
									},
									"$lineitems.l_discount"
								]
							}
						]
					}
				}
			},
			"nReturned" : NumberLong(113),
			"executionTimeMillisEstimate" : NumberLong(176)
		},
		{
			"$sort" : {
				"sortKey" : {
					"revenue" : -1,
					"_id.o_orderdate" : 1
				},
				"limit" : NumberLong(10)
			},
			"nReturned" : NumberLong(10),
			"executionTimeMillisEstimate" : NumberLong(176)
		}
	],
	"serverInfo" : {
		"host" : "mt-mongo-2",
		"port" : 27012,
		"version" : "4.4.10",
		"gitVersion" : "58971da1ef93435a9f62bf4708a81713def6e88c"
	},
	"ok" : 1,
	"$clusterTime" : {
		"clusterTime" : Timestamp(1639042509, 5),
		"signature" : {
			"hash" : BinData(0,"AAAAAAAAAAAAAAAAAAAAAAAAAAA="),
			"keyId" : NumberLong(0)
		}
	},
	"operationTime" : Timestamp(1639042509, 5)
}


