MongoDB shell version v4.4.10
connecting to: mongodb://mt-mongo-1:27011,mt-mongo-2:27012,mt-mongo-3:27013/?compressors=disabled&gssapiServiceName=mongodb&replicaSet=mt-exp-rs-001
Implicit session: session { "id" : UUID("c0c078c3-86e3-4b3d-b09c-2765bfb14e27") }
MongoDB server version: 4.4.10
uncaught exception: Error: explain failed: {
	"operationTime" : Timestamp(1639010901, 1),
	"ok" : 0,
	"errmsg" : "operation exceeded time limit",
	"code" : 50,
	"codeName" : "MaxTimeMSExpired",
	"$clusterTime" : {
		"clusterTime" : Timestamp(1639010901, 1),
		"signature" : {
			"hash" : BinData(0,"AAAAAAAAAAAAAAAAAAAAAAAAAAA="),
			"keyId" : NumberLong(0)
		}
	}
} :
_getErrorWithCode@src/mongo/shell/utils.js:25:13
throwOrReturn@src/mongo/shell/explainable.js:25:19
constructor/this.aggregate@src/mongo/shell/explainable.js:125:24
@/home/captain/git/antw0n-dss-sql-vs-nosql-experiments/output/queries/point_queries_experiment/mongo/s3/q3v1_mongo_s3.js:1:11
failed to load: /home/captain/git/antw0n-dss-sql-vs-nosql-experiments/output/queries/point_queries_experiment/mongo/s3/q3v1_mongo_s3.js
exiting with code -3


MongoDB shell version v4.4.10
connecting to: mongodb://mt-mongo-1:27011,mt-mongo-2:27012,mt-mongo-3:27013/?compressors=disabled&gssapiServiceName=mongodb&replicaSet=mt-exp-rs-001
Implicit session: session { "id" : UUID("63b0dcda-ecc8-43bb-881f-51c61473d9d2") }
MongoDB server version: 4.4.10
uncaught exception: Error: explain failed: {
	"operationTime" : Timestamp(1639011063, 1),
	"ok" : 0,
	"errmsg" : "operation exceeded time limit",
	"code" : 50,
	"codeName" : "MaxTimeMSExpired",
	"$clusterTime" : {
		"clusterTime" : Timestamp(1639011063, 1),
		"signature" : {
			"hash" : BinData(0,"AAAAAAAAAAAAAAAAAAAAAAAAAAA="),
			"keyId" : NumberLong(0)
		}
	}
} :
_getErrorWithCode@src/mongo/shell/utils.js:25:13
throwOrReturn@src/mongo/shell/explainable.js:25:19
constructor/this.aggregate@src/mongo/shell/explainable.js:125:24
@/home/captain/git/antw0n-dss-sql-vs-nosql-experiments/output/queries/point_queries_experiment/mongo/s3/q3v1_mongo_s3.js:1:11
failed to load: /home/captain/git/antw0n-dss-sql-vs-nosql-experiments/output/queries/point_queries_experiment/mongo/s3/q3v1_mongo_s3.js
exiting with code -3


MongoDB shell version v4.4.10
connecting to: mongodb://mt-mongo-1:27011,mt-mongo-2:27012,mt-mongo-3:27013/?compressors=disabled&gssapiServiceName=mongodb&replicaSet=mt-exp-rs-001
Implicit session: session { "id" : UUID("20b210b4-252c-4882-8aa4-a8b203c6fe51") }
MongoDB server version: 4.4.10
uncaught exception: Error: explain failed: {
	"operationTime" : Timestamp(1639011233, 1),
	"ok" : 0,
	"errmsg" : "Error in $cursor stage :: caused by :: operation exceeded time limit",
	"code" : 50,
	"codeName" : "MaxTimeMSExpired",
	"$clusterTime" : {
		"clusterTime" : Timestamp(1639011233, 1),
		"signature" : {
			"hash" : BinData(0,"AAAAAAAAAAAAAAAAAAAAAAAAAAA="),
			"keyId" : NumberLong(0)
		}
	}
} :
_getErrorWithCode@src/mongo/shell/utils.js:25:13
throwOrReturn@src/mongo/shell/explainable.js:25:19
constructor/this.aggregate@src/mongo/shell/explainable.js:125:24
@/home/captain/git/antw0n-dss-sql-vs-nosql-experiments/output/queries/point_queries_experiment/mongo/s3/q3v1_mongo_s3.js:1:11
failed to load: /home/captain/git/antw0n-dss-sql-vs-nosql-experiments/output/queries/point_queries_experiment/mongo/s3/q3v1_mongo_s3.js
exiting with code -3


MongoDB shell version v4.4.10
connecting to: mongodb://mt-mongo-1:27011,mt-mongo-2:27012,mt-mongo-3:27013/?compressors=disabled&gssapiServiceName=mongodb&replicaSet=mt-exp-rs-001
Implicit session: session { "id" : UUID("f2f22ef4-d580-40d4-a4e9-b142981643c9") }
MongoDB server version: 4.4.10
uncaught exception: Error: explain failed: {
	"operationTime" : Timestamp(1639011403, 1),
	"ok" : 0,
	"errmsg" : "operation exceeded time limit",
	"code" : 50,
	"codeName" : "MaxTimeMSExpired",
	"$clusterTime" : {
		"clusterTime" : Timestamp(1639011403, 1),
		"signature" : {
			"hash" : BinData(0,"AAAAAAAAAAAAAAAAAAAAAAAAAAA="),
			"keyId" : NumberLong(0)
		}
	}
} :
_getErrorWithCode@src/mongo/shell/utils.js:25:13
throwOrReturn@src/mongo/shell/explainable.js:25:19
constructor/this.aggregate@src/mongo/shell/explainable.js:125:24
@/home/captain/git/antw0n-dss-sql-vs-nosql-experiments/output/queries/point_queries_experiment/mongo/s3/q3v1_mongo_s3.js:1:11
failed to load: /home/captain/git/antw0n-dss-sql-vs-nosql-experiments/output/queries/point_queries_experiment/mongo/s3/q3v1_mongo_s3.js
exiting with code -3


MongoDB shell version v4.4.10
connecting to: mongodb://mt-mongo-1:27011,mt-mongo-2:27012,mt-mongo-3:27013/?compressors=disabled&gssapiServiceName=mongodb&replicaSet=mt-exp-rs-001
Implicit session: session { "id" : UUID("fad2ac34-497f-4e6b-b246-0d86668865a1") }
MongoDB server version: 4.4.10
uncaught exception: Error: explain failed: {
	"operationTime" : Timestamp(1639011589, 1),
	"ok" : 0,
	"errmsg" : "operation exceeded time limit",
	"code" : 50,
	"codeName" : "MaxTimeMSExpired",
	"$clusterTime" : {
		"clusterTime" : Timestamp(1639011589, 1),
		"signature" : {
			"hash" : BinData(0,"AAAAAAAAAAAAAAAAAAAAAAAAAAA="),
			"keyId" : NumberLong(0)
		}
	}
} :
_getErrorWithCode@src/mongo/shell/utils.js:25:13
throwOrReturn@src/mongo/shell/explainable.js:25:19
constructor/this.aggregate@src/mongo/shell/explainable.js:125:24
@/home/captain/git/antw0n-dss-sql-vs-nosql-experiments/output/queries/point_queries_experiment/mongo/s3/q3v1_mongo_s3.js:1:11
failed to load: /home/captain/git/antw0n-dss-sql-vs-nosql-experiments/output/queries/point_queries_experiment/mongo/s3/q3v1_mongo_s3.js
exiting with code -3


