MongoDB shell version v4.4.10
connecting to: mongodb://mt-mongo-1:27011,mt-mongo-2:27012,mt-mongo-3:27013/?compressors=disabled&gssapiServiceName=mongodb&replicaSet=mt-exp-rs-001
Implicit session: session { "id" : UUID("e2779b61-ef96-44c9-bd2e-a6a80f5e9b12") }
MongoDB server version: 4.4.10
{
	"stages" : [
		{
			"$cursor" : {
				"queryPlanner" : {
					"plannerVersion" : 1,
					"namespace" : "tpch_mongo_1c.scale1",
					"indexFilterSet" : false,
					"parsedQuery" : {
						"c_acctbal" : {
							"$gt" : 0
						}
					},
					"queryHash" : "B4A855D2",
					"planCacheKey" : "B4A855D2",
					"winningPlan" : {
						"stage" : "PROJECTION_DEFAULT",
						"transformBy" : {
							"_id" : true,
							"c_acctbal" : true,
							"cntrycode" : {
								"$substrBytes" : [
									"$c_phone",
									{
										"$const" : 0
									},
									{
										"$const" : 2
									}
								]
							}
						},
						"inputStage" : {
							"stage" : "COLLSCAN",
							"filter" : {
								"c_acctbal" : {
									"$gt" : 0
								}
							},
							"direction" : "forward"
						}
					},
					"rejectedPlans" : [ ]
				},
				"executionStats" : {
					"executionSuccess" : true,
					"nReturned" : 136308,
					"executionTimeMillis" : 7133,
					"totalKeysExamined" : 0,
					"totalDocsExamined" : 150000,
					"executionStages" : {
						"stage" : "PROJECTION_DEFAULT",
						"nReturned" : 136308,
						"executionTimeMillisEstimate" : 6387,
						"works" : 150002,
						"advanced" : 136308,
						"needTime" : 13693,
						"needYield" : 0,
						"saveState" : 364,
						"restoreState" : 364,
						"isEOF" : 1,
						"transformBy" : {
							"_id" : true,
							"c_acctbal" : true,
							"cntrycode" : {
								"$substrBytes" : [
									"$c_phone",
									{
										"$const" : 0
									},
									{
										"$const" : 2
									}
								]
							}
						},
						"inputStage" : {
							"stage" : "COLLSCAN",
							"filter" : {
								"c_acctbal" : {
									"$gt" : 0
								}
							},
							"nReturned" : 136308,
							"executionTimeMillisEstimate" : 6016,
							"works" : 150002,
							"advanced" : 136308,
							"needTime" : 13693,
							"needYield" : 0,
							"saveState" : 364,
							"restoreState" : 364,
							"isEOF" : 1,
							"direction" : "forward",
							"docsExamined" : 150000
						}
					},
					"allPlansExecution" : [ ]
				}
			},
			"nReturned" : NumberLong(136308),
			"executionTimeMillisEstimate" : NumberLong(6449)
		},
		{
			"$match" : {
				"cntrycode" : {
					"$in" : [
						"10",
						"15",
						"17",
						"21",
						"22",
						"25",
						"30"
					]
				}
			},
			"nReturned" : NumberLong(37676),
			"executionTimeMillisEstimate" : NumberLong(6536)
		},
		{
			"$group" : {
				"_id" : {
					"$const" : null
				},
				"c_acctbal_avg" : {
					"$avg" : "$c_acctbal"
				}
			},
			"nReturned" : NumberLong(1),
			"executionTimeMillisEstimate" : NumberLong(6536)
		},
		{
			"$project" : {
				"c_acctbal_avg" : true,
				"_id" : false
			},
			"nReturned" : NumberLong(1),
			"executionTimeMillisEstimate" : NumberLong(6536)
		},
		{
			"$lookup" : {
				"from" : "scale1",
				"as" : "c_acctbals",
				"let" : {
					
				},
				"pipeline" : [
					{
						"$match" : {
							"c_acctbal" : {
								"$gt" : 0
							},
							"c_orders" : {
								"$eq" : [ ]
							}
						}
					},
					{
						"$project" : {
							"_id" : 0,
							"c_acctbal" : 1,
							"cntrycode" : {
								"$substr" : [
									"$c_phone",
									0,
									2
								]
							}
						}
					},
					{
						"$match" : {
							"cntrycode" : {
								"$in" : [
									"30",
									"17",
									"25",
									"10",
									"22",
									"15",
									"21"
								]
							}
						}
					}
				],
				"unwinding" : {
					"preserveNullAndEmptyArrays" : false
				}
			},
			"nReturned" : NumberLong(12568),
			"executionTimeMillisEstimate" : NumberLong(7106)
		},
		{
			"$match" : {
				"$expr" : {
					"$gt" : [
						"$c_acctbals.c_acctbal",
						"$c_acctbal_avg"
					]
				}
			},
			"nReturned" : NumberLong(6281),
			"executionTimeMillisEstimate" : NumberLong(7126)
		},
		{
			"$group" : {
				"_id" : "$c_acctbals.cntrycode",
				"numcust" : {
					"$sum" : {
						"$const" : 1
					}
				},
				"totacctbal" : {
					"$sum" : "$c_acctbals.c_acctbal"
				}
			},
			"nReturned" : NumberLong(7),
			"executionTimeMillisEstimate" : NumberLong(7126)
		},
		{
			"$sort" : {
				"sortKey" : {
					"_id" : 1
				}
			},
			"nReturned" : NumberLong(7),
			"executionTimeMillisEstimate" : NumberLong(7126)
		}
	],
	"serverInfo" : {
		"host" : "mt-mongo-3",
		"port" : 27013,
		"version" : "4.4.10",
		"gitVersion" : "58971da1ef93435a9f62bf4708a81713def6e88c"
	},
	"ok" : 1,
	"$clusterTime" : {
		"clusterTime" : Timestamp(1639032341, 2),
		"signature" : {
			"hash" : BinData(0,"AAAAAAAAAAAAAAAAAAAAAAAAAAA="),
			"keyId" : NumberLong(0)
		}
	},
	"operationTime" : Timestamp(1639032341, 2)
}


MongoDB shell version v4.4.10
connecting to: mongodb://mt-mongo-1:27011,mt-mongo-2:27012,mt-mongo-3:27013/?compressors=disabled&gssapiServiceName=mongodb&replicaSet=mt-exp-rs-001
Implicit session: session { "id" : UUID("fa2ea10c-b953-447e-9ded-6775bf3d3101") }
MongoDB server version: 4.4.10
{
	"stages" : [
		{
			"$cursor" : {
				"queryPlanner" : {
					"plannerVersion" : 1,
					"namespace" : "tpch_mongo_1c.scale1",
					"indexFilterSet" : false,
					"parsedQuery" : {
						"c_acctbal" : {
							"$gt" : 0
						}
					},
					"queryHash" : "B4A855D2",
					"planCacheKey" : "B4A855D2",
					"winningPlan" : {
						"stage" : "PROJECTION_DEFAULT",
						"transformBy" : {
							"_id" : true,
							"c_acctbal" : true,
							"cntrycode" : {
								"$substrBytes" : [
									"$c_phone",
									{
										"$const" : 0
									},
									{
										"$const" : 2
									}
								]
							}
						},
						"inputStage" : {
							"stage" : "COLLSCAN",
							"filter" : {
								"c_acctbal" : {
									"$gt" : 0
								}
							},
							"direction" : "forward"
						}
					},
					"rejectedPlans" : [ ]
				},
				"executionStats" : {
					"executionSuccess" : true,
					"nReturned" : 136308,
					"executionTimeMillis" : 6310,
					"totalKeysExamined" : 0,
					"totalDocsExamined" : 150000,
					"executionStages" : {
						"stage" : "PROJECTION_DEFAULT",
						"nReturned" : 136308,
						"executionTimeMillisEstimate" : 5497,
						"works" : 150002,
						"advanced" : 136308,
						"needTime" : 13693,
						"needYield" : 0,
						"saveState" : 312,
						"restoreState" : 312,
						"isEOF" : 1,
						"transformBy" : {
							"_id" : true,
							"c_acctbal" : true,
							"cntrycode" : {
								"$substrBytes" : [
									"$c_phone",
									{
										"$const" : 0
									},
									{
										"$const" : 2
									}
								]
							}
						},
						"inputStage" : {
							"stage" : "COLLSCAN",
							"filter" : {
								"c_acctbal" : {
									"$gt" : 0
								}
							},
							"nReturned" : 136308,
							"executionTimeMillisEstimate" : 5124,
							"works" : 150002,
							"advanced" : 136308,
							"needTime" : 13693,
							"needYield" : 0,
							"saveState" : 312,
							"restoreState" : 312,
							"isEOF" : 1,
							"direction" : "forward",
							"docsExamined" : 150000
						}
					},
					"allPlansExecution" : [ ]
				}
			},
			"nReturned" : NumberLong(136308),
			"executionTimeMillisEstimate" : NumberLong(5579)
		},
		{
			"$match" : {
				"cntrycode" : {
					"$in" : [
						"10",
						"15",
						"17",
						"21",
						"22",
						"25",
						"30"
					]
				}
			},
			"nReturned" : NumberLong(37676),
			"executionTimeMillisEstimate" : NumberLong(5646)
		},
		{
			"$group" : {
				"_id" : {
					"$const" : null
				},
				"c_acctbal_avg" : {
					"$avg" : "$c_acctbal"
				}
			},
			"nReturned" : NumberLong(1),
			"executionTimeMillisEstimate" : NumberLong(5666)
		},
		{
			"$project" : {
				"c_acctbal_avg" : true,
				"_id" : false
			},
			"nReturned" : NumberLong(1),
			"executionTimeMillisEstimate" : NumberLong(5666)
		},
		{
			"$lookup" : {
				"from" : "scale1",
				"as" : "c_acctbals",
				"let" : {
					
				},
				"pipeline" : [
					{
						"$match" : {
							"c_acctbal" : {
								"$gt" : 0
							},
							"c_orders" : {
								"$eq" : [ ]
							}
						}
					},
					{
						"$project" : {
							"_id" : 0,
							"c_acctbal" : 1,
							"cntrycode" : {
								"$substr" : [
									"$c_phone",
									0,
									2
								]
							}
						}
					},
					{
						"$match" : {
							"cntrycode" : {
								"$in" : [
									"30",
									"17",
									"25",
									"10",
									"22",
									"15",
									"21"
								]
							}
						}
					}
				],
				"unwinding" : {
					"preserveNullAndEmptyArrays" : false
				}
			},
			"nReturned" : NumberLong(12568),
			"executionTimeMillisEstimate" : NumberLong(6289)
		},
		{
			"$match" : {
				"$expr" : {
					"$gt" : [
						"$c_acctbals.c_acctbal",
						"$c_acctbal_avg"
					]
				}
			},
			"nReturned" : NumberLong(6281),
			"executionTimeMillisEstimate" : NumberLong(6299)
		},
		{
			"$group" : {
				"_id" : "$c_acctbals.cntrycode",
				"numcust" : {
					"$sum" : {
						"$const" : 1
					}
				},
				"totacctbal" : {
					"$sum" : "$c_acctbals.c_acctbal"
				}
			},
			"nReturned" : NumberLong(7),
			"executionTimeMillisEstimate" : NumberLong(6306)
		},
		{
			"$sort" : {
				"sortKey" : {
					"_id" : 1
				}
			},
			"nReturned" : NumberLong(7),
			"executionTimeMillisEstimate" : NumberLong(6306)
		}
	],
	"serverInfo" : {
		"host" : "mt-mongo-3",
		"port" : 27013,
		"version" : "4.4.10",
		"gitVersion" : "58971da1ef93435a9f62bf4708a81713def6e88c"
	},
	"ok" : 1,
	"$clusterTime" : {
		"clusterTime" : Timestamp(1639032371, 2),
		"signature" : {
			"hash" : BinData(0,"AAAAAAAAAAAAAAAAAAAAAAAAAAA="),
			"keyId" : NumberLong(0)
		}
	},
	"operationTime" : Timestamp(1639032371, 2)
}


MongoDB shell version v4.4.10
connecting to: mongodb://mt-mongo-1:27011,mt-mongo-2:27012,mt-mongo-3:27013/?compressors=disabled&gssapiServiceName=mongodb&replicaSet=mt-exp-rs-001
Implicit session: session { "id" : UUID("f07c5259-c34b-4329-85d4-37563b09da98") }
MongoDB server version: 4.4.10
{
	"stages" : [
		{
			"$cursor" : {
				"queryPlanner" : {
					"plannerVersion" : 1,
					"namespace" : "tpch_mongo_1c.scale1",
					"indexFilterSet" : false,
					"parsedQuery" : {
						"c_acctbal" : {
							"$gt" : 0
						}
					},
					"queryHash" : "B4A855D2",
					"planCacheKey" : "B4A855D2",
					"winningPlan" : {
						"stage" : "PROJECTION_DEFAULT",
						"transformBy" : {
							"_id" : true,
							"c_acctbal" : true,
							"cntrycode" : {
								"$substrBytes" : [
									"$c_phone",
									{
										"$const" : 0
									},
									{
										"$const" : 2
									}
								]
							}
						},
						"inputStage" : {
							"stage" : "COLLSCAN",
							"filter" : {
								"c_acctbal" : {
									"$gt" : 0
								}
							},
							"direction" : "forward"
						}
					},
					"rejectedPlans" : [ ]
				},
				"executionStats" : {
					"executionSuccess" : true,
					"nReturned" : 136308,
					"executionTimeMillis" : 7740,
					"totalKeysExamined" : 0,
					"totalDocsExamined" : 150000,
					"executionStages" : {
						"stage" : "PROJECTION_DEFAULT",
						"nReturned" : 136308,
						"executionTimeMillisEstimate" : 6792,
						"works" : 150002,
						"advanced" : 136308,
						"needTime" : 13693,
						"needYield" : 0,
						"saveState" : 377,
						"restoreState" : 377,
						"isEOF" : 1,
						"transformBy" : {
							"_id" : true,
							"c_acctbal" : true,
							"cntrycode" : {
								"$substrBytes" : [
									"$c_phone",
									{
										"$const" : 0
									},
									{
										"$const" : 2
									}
								]
							}
						},
						"inputStage" : {
							"stage" : "COLLSCAN",
							"filter" : {
								"c_acctbal" : {
									"$gt" : 0
								}
							},
							"nReturned" : 136308,
							"executionTimeMillisEstimate" : 6446,
							"works" : 150002,
							"advanced" : 136308,
							"needTime" : 13693,
							"needYield" : 0,
							"saveState" : 377,
							"restoreState" : 377,
							"isEOF" : 1,
							"direction" : "forward",
							"docsExamined" : 150000
						}
					},
					"allPlansExecution" : [ ]
				}
			},
			"nReturned" : NumberLong(136308),
			"executionTimeMillisEstimate" : NumberLong(6877)
		},
		{
			"$match" : {
				"cntrycode" : {
					"$in" : [
						"10",
						"15",
						"17",
						"21",
						"22",
						"25",
						"30"
					]
				}
			},
			"nReturned" : NumberLong(37676),
			"executionTimeMillisEstimate" : NumberLong(6942)
		},
		{
			"$group" : {
				"_id" : {
					"$const" : null
				},
				"c_acctbal_avg" : {
					"$avg" : "$c_acctbal"
				}
			},
			"nReturned" : NumberLong(1),
			"executionTimeMillisEstimate" : NumberLong(6942)
		},
		{
			"$project" : {
				"c_acctbal_avg" : true,
				"_id" : false
			},
			"nReturned" : NumberLong(1),
			"executionTimeMillisEstimate" : NumberLong(6942)
		},
		{
			"$lookup" : {
				"from" : "scale1",
				"as" : "c_acctbals",
				"let" : {
					
				},
				"pipeline" : [
					{
						"$match" : {
							"c_acctbal" : {
								"$gt" : 0
							},
							"c_orders" : {
								"$eq" : [ ]
							}
						}
					},
					{
						"$project" : {
							"_id" : 0,
							"c_acctbal" : 1,
							"cntrycode" : {
								"$substr" : [
									"$c_phone",
									0,
									2
								]
							}
						}
					},
					{
						"$match" : {
							"cntrycode" : {
								"$in" : [
									"30",
									"17",
									"25",
									"10",
									"22",
									"15",
									"21"
								]
							}
						}
					}
				],
				"unwinding" : {
					"preserveNullAndEmptyArrays" : false
				}
			},
			"nReturned" : NumberLong(12568),
			"executionTimeMillisEstimate" : NumberLong(7719)
		},
		{
			"$match" : {
				"$expr" : {
					"$gt" : [
						"$c_acctbals.c_acctbal",
						"$c_acctbal_avg"
					]
				}
			},
			"nReturned" : NumberLong(6281),
			"executionTimeMillisEstimate" : NumberLong(7740)
		},
		{
			"$group" : {
				"_id" : "$c_acctbals.cntrycode",
				"numcust" : {
					"$sum" : {
						"$const" : 1
					}
				},
				"totacctbal" : {
					"$sum" : "$c_acctbals.c_acctbal"
				}
			},
			"nReturned" : NumberLong(7),
			"executionTimeMillisEstimate" : NumberLong(7740)
		},
		{
			"$sort" : {
				"sortKey" : {
					"_id" : 1
				}
			},
			"nReturned" : NumberLong(7),
			"executionTimeMillisEstimate" : NumberLong(7740)
		}
	],
	"serverInfo" : {
		"host" : "mt-mongo-2",
		"port" : 27012,
		"version" : "4.4.10",
		"gitVersion" : "58971da1ef93435a9f62bf4708a81713def6e88c"
	},
	"ok" : 1,
	"$clusterTime" : {
		"clusterTime" : Timestamp(1639032404, 2),
		"signature" : {
			"hash" : BinData(0,"AAAAAAAAAAAAAAAAAAAAAAAAAAA="),
			"keyId" : NumberLong(0)
		}
	},
	"operationTime" : Timestamp(1639032404, 2)
}


MongoDB shell version v4.4.10
connecting to: mongodb://mt-mongo-1:27011,mt-mongo-2:27012,mt-mongo-3:27013/?compressors=disabled&gssapiServiceName=mongodb&replicaSet=mt-exp-rs-001
Implicit session: session { "id" : UUID("60afdac0-2642-41c9-82d9-3ae0888ba03f") }
MongoDB server version: 4.4.10
{
	"stages" : [
		{
			"$cursor" : {
				"queryPlanner" : {
					"plannerVersion" : 1,
					"namespace" : "tpch_mongo_1c.scale1",
					"indexFilterSet" : false,
					"parsedQuery" : {
						"c_acctbal" : {
							"$gt" : 0
						}
					},
					"queryHash" : "B4A855D2",
					"planCacheKey" : "B4A855D2",
					"winningPlan" : {
						"stage" : "PROJECTION_DEFAULT",
						"transformBy" : {
							"_id" : true,
							"c_acctbal" : true,
							"cntrycode" : {
								"$substrBytes" : [
									"$c_phone",
									{
										"$const" : 0
									},
									{
										"$const" : 2
									}
								]
							}
						},
						"inputStage" : {
							"stage" : "COLLSCAN",
							"filter" : {
								"c_acctbal" : {
									"$gt" : 0
								}
							},
							"direction" : "forward"
						}
					},
					"rejectedPlans" : [ ]
				},
				"executionStats" : {
					"executionSuccess" : true,
					"nReturned" : 136308,
					"executionTimeMillis" : 6348,
					"totalKeysExamined" : 0,
					"totalDocsExamined" : 150000,
					"executionStages" : {
						"stage" : "PROJECTION_DEFAULT",
						"nReturned" : 136308,
						"executionTimeMillisEstimate" : 5523,
						"works" : 150002,
						"advanced" : 136308,
						"needTime" : 13693,
						"needYield" : 0,
						"saveState" : 317,
						"restoreState" : 317,
						"isEOF" : 1,
						"transformBy" : {
							"_id" : true,
							"c_acctbal" : true,
							"cntrycode" : {
								"$substrBytes" : [
									"$c_phone",
									{
										"$const" : 0
									},
									{
										"$const" : 2
									}
								]
							}
						},
						"inputStage" : {
							"stage" : "COLLSCAN",
							"filter" : {
								"c_acctbal" : {
									"$gt" : 0
								}
							},
							"nReturned" : 136308,
							"executionTimeMillisEstimate" : 5189,
							"works" : 150002,
							"advanced" : 136308,
							"needTime" : 13693,
							"needYield" : 0,
							"saveState" : 317,
							"restoreState" : 317,
							"isEOF" : 1,
							"direction" : "forward",
							"docsExamined" : 150000
						}
					},
					"allPlansExecution" : [ ]
				}
			},
			"nReturned" : NumberLong(136308),
			"executionTimeMillisEstimate" : NumberLong(5644)
		},
		{
			"$match" : {
				"cntrycode" : {
					"$in" : [
						"10",
						"15",
						"17",
						"21",
						"22",
						"25",
						"30"
					]
				}
			},
			"nReturned" : NumberLong(37676),
			"executionTimeMillisEstimate" : NumberLong(5717)
		},
		{
			"$group" : {
				"_id" : {
					"$const" : null
				},
				"c_acctbal_avg" : {
					"$avg" : "$c_acctbal"
				}
			},
			"nReturned" : NumberLong(1),
			"executionTimeMillisEstimate" : NumberLong(5724)
		},
		{
			"$project" : {
				"c_acctbal_avg" : true,
				"_id" : false
			},
			"nReturned" : NumberLong(1),
			"executionTimeMillisEstimate" : NumberLong(5724)
		},
		{
			"$lookup" : {
				"from" : "scale1",
				"as" : "c_acctbals",
				"let" : {
					
				},
				"pipeline" : [
					{
						"$match" : {
							"c_acctbal" : {
								"$gt" : 0
							},
							"c_orders" : {
								"$eq" : [ ]
							}
						}
					},
					{
						"$project" : {
							"_id" : 0,
							"c_acctbal" : 1,
							"cntrycode" : {
								"$substr" : [
									"$c_phone",
									0,
									2
								]
							}
						}
					},
					{
						"$match" : {
							"cntrycode" : {
								"$in" : [
									"30",
									"17",
									"25",
									"10",
									"22",
									"15",
									"21"
								]
							}
						}
					}
				],
				"unwinding" : {
					"preserveNullAndEmptyArrays" : false
				}
			},
			"nReturned" : NumberLong(12568),
			"executionTimeMillisEstimate" : NumberLong(6313)
		},
		{
			"$match" : {
				"$expr" : {
					"$gt" : [
						"$c_acctbals.c_acctbal",
						"$c_acctbal_avg"
					]
				}
			},
			"nReturned" : NumberLong(6281),
			"executionTimeMillisEstimate" : NumberLong(6334)
		},
		{
			"$group" : {
				"_id" : "$c_acctbals.cntrycode",
				"numcust" : {
					"$sum" : {
						"$const" : 1
					}
				},
				"totacctbal" : {
					"$sum" : "$c_acctbals.c_acctbal"
				}
			},
			"nReturned" : NumberLong(7),
			"executionTimeMillisEstimate" : NumberLong(6345)
		},
		{
			"$sort" : {
				"sortKey" : {
					"_id" : 1
				}
			},
			"nReturned" : NumberLong(7),
			"executionTimeMillisEstimate" : NumberLong(6345)
		}
	],
	"serverInfo" : {
		"host" : "mt-mongo-2",
		"port" : 27012,
		"version" : "4.4.10",
		"gitVersion" : "58971da1ef93435a9f62bf4708a81713def6e88c"
	},
	"ok" : 1,
	"$clusterTime" : {
		"clusterTime" : Timestamp(1639032450, 1),
		"signature" : {
			"hash" : BinData(0,"AAAAAAAAAAAAAAAAAAAAAAAAAAA="),
			"keyId" : NumberLong(0)
		}
	},
	"operationTime" : Timestamp(1639032450, 1)
}


MongoDB shell version v4.4.10
connecting to: mongodb://mt-mongo-1:27011,mt-mongo-2:27012,mt-mongo-3:27013/?compressors=disabled&gssapiServiceName=mongodb&replicaSet=mt-exp-rs-001
Implicit session: session { "id" : UUID("766f3ad7-b6b2-46da-ac00-6f301b68950e") }
MongoDB server version: 4.4.10
uncaught exception: Error: error doing query: failed: network error while attempting to run command 'explain' on host 'mt-mongo-1:27011'  :
DB.prototype.runCommand@src/mongo/shell/db.js:169:19
DB.prototype.runReadCommand@src/mongo/shell/db.js:141:12
DBCollection.prototype._dbReadCommand@src/mongo/shell/collection.js:184:16
constructor/this.aggregate@src/mongo/shell/explainable.js:124:37
@/home/captain/git/antw0n-dss-sql-vs-nosql-experiments/output/queries/tpch_experiment/mongo/s1/q22_mongo_s1.js:1:11
failed to load: /home/captain/git/antw0n-dss-sql-vs-nosql-experiments/output/queries/tpch_experiment/mongo/s1/q22_mongo_s1.js
exiting with code -3
{"t":{"$date":"2021-12-09T06:48:05.201Z"},"s":"I",  "c":"NETWORK",  "id":4333208, "ctx":"ReplicaSetMonitor-TaskExecutor","msg":"RSM host selection timeout","attr":{"replicaSet":"mt-exp-rs-001","error":"FailedToSatisfyReadPreference: Could not find host matching read preference { mode: \"primary\", tags: [ {} ] } for set mt-exp-rs-001"}}
{"t":{"$date":"2021-12-09T06:48:05.207Z"},"s":"I",  "c":"QUERY",    "id":22791,   "ctx":"js","msg":"Failed to end logical session","attr":{"lsid":{"id":{"$uuid":"766f3ad7-b6b2-46da-ac00-6f301b68950e"}},"error":{"code":133,"codeName":"FailedToSatisfyReadPreference","errmsg":"Could not find host matching read preference { mode: \"primary\", tags: [ {} ] } for set mt-exp-rs-001"}}}


