MongoDB shell version v4.4.10
connecting to: mongodb://mt-mongo-1:27011,mt-mongo-2:27012,mt-mongo-3:27013/?compressors=disabled&gssapiServiceName=mongodb&replicaSet=mt-exp-rs-001
Implicit session: session { "id" : UUID("5be5c741-71a7-4003-8543-65d7d3f90f16") }
MongoDB server version: 4.4.10
{
	"queryPlanner" : {
		"plannerVersion" : 1,
		"namespace" : "tpch_mongo_1c.scale1",
		"indexFilterSet" : false,
		"parsedQuery" : {
			"c_acctbal" : {
				"$lt" : -10
			}
		},
		"optimizedPipeline" : true,
		"winningPlan" : {
			"stage" : "COLLSCAN",
			"filter" : {
				"c_acctbal" : {
					"$lt" : -10
				}
			},
			"direction" : "forward"
		},
		"rejectedPlans" : [ ]
	},
	"executionStats" : {
		"executionSuccess" : true,
		"nReturned" : 13559,
		"executionTimeMillis" : 5863,
		"totalKeysExamined" : 0,
		"totalDocsExamined" : 150000,
		"executionStages" : {
			"stage" : "COLLSCAN",
			"filter" : {
				"c_acctbal" : {
					"$lt" : -10
				}
			},
			"nReturned" : 13559,
			"executionTimeMillisEstimate" : 5828,
			"works" : 150002,
			"advanced" : 13559,
			"needTime" : 136442,
			"needYield" : 0,
			"saveState" : 308,
			"restoreState" : 308,
			"isEOF" : 1,
			"direction" : "forward",
			"docsExamined" : 150000
		},
		"allPlansExecution" : [ ]
	},
	"serverInfo" : {
		"host" : "mt-mongo-3",
		"port" : 27013,
		"version" : "4.4.10",
		"gitVersion" : "58971da1ef93435a9f62bf4708a81713def6e88c"
	},
	"ok" : 1,
	"$clusterTime" : {
		"clusterTime" : Timestamp(1639018483, 2),
		"signature" : {
			"hash" : BinData(0,"AAAAAAAAAAAAAAAAAAAAAAAAAAA="),
			"keyId" : NumberLong(0)
		}
	},
	"operationTime" : Timestamp(1639018483, 2)
}


MongoDB shell version v4.4.10
connecting to: mongodb://mt-mongo-1:27011,mt-mongo-2:27012,mt-mongo-3:27013/?compressors=disabled&gssapiServiceName=mongodb&replicaSet=mt-exp-rs-001
Implicit session: session { "id" : UUID("7ee799db-4926-4e60-9fe9-b55e2f5dfbd1") }
MongoDB server version: 4.4.10
{
	"queryPlanner" : {
		"plannerVersion" : 1,
		"namespace" : "tpch_mongo_1c.scale1",
		"indexFilterSet" : false,
		"parsedQuery" : {
			"c_acctbal" : {
				"$lt" : -10
			}
		},
		"optimizedPipeline" : true,
		"winningPlan" : {
			"stage" : "COLLSCAN",
			"filter" : {
				"c_acctbal" : {
					"$lt" : -10
				}
			},
			"direction" : "forward"
		},
		"rejectedPlans" : [ ]
	},
	"executionStats" : {
		"executionSuccess" : false,
		"errorMessage" : "Exec error resulting in state FAILURE :: caused by :: interrupted at shutdown",
		"errorCode" : 11600,
		"nReturned" : 2832,
		"executionTimeMillis" : 1480,
		"totalKeysExamined" : 0,
		"totalDocsExamined" : 30565,
		"executionStages" : {
			"stage" : "COLLSCAN",
			"filter" : {
				"c_acctbal" : {
					"$lt" : -10
				}
			},
			"nReturned" : 2832,
			"executionTimeMillisEstimate" : 1465,
			"works" : 30566,
			"advanced" : 2832,
			"needTime" : 27734,
			"needYield" : 0,
			"saveState" : 82,
			"restoreState" : 81,
			"isEOF" : 0,
			"direction" : "forward",
			"docsExamined" : 30565
		},
		"allPlansExecution" : [ ]
	},
	"serverInfo" : {
		"host" : "mt-mongo-1",
		"port" : 27011,
		"version" : "4.4.10",
		"gitVersion" : "58971da1ef93435a9f62bf4708a81713def6e88c"
	},
	"ok" : 1,
	"$clusterTime" : {
		"clusterTime" : Timestamp(1639018503, 1),
		"signature" : {
			"hash" : BinData(0,"AAAAAAAAAAAAAAAAAAAAAAAAAAA="),
			"keyId" : NumberLong(0)
		}
	},
	"operationTime" : Timestamp(1639018503, 1)
}


MongoDB shell version v4.4.10
connecting to: mongodb://mt-mongo-1:27011,mt-mongo-2:27012,mt-mongo-3:27013/?compressors=disabled&gssapiServiceName=mongodb&replicaSet=mt-exp-rs-001
Implicit session: session { "id" : UUID("451069fb-4bb5-42f4-a6d8-27dd08b63a1b") }
MongoDB server version: 4.4.10
{
	"queryPlanner" : {
		"plannerVersion" : 1,
		"namespace" : "tpch_mongo_1c.scale1",
		"indexFilterSet" : false,
		"parsedQuery" : {
			"c_acctbal" : {
				"$lt" : -10
			}
		},
		"optimizedPipeline" : true,
		"winningPlan" : {
			"stage" : "COLLSCAN",
			"filter" : {
				"c_acctbal" : {
					"$lt" : -10
				}
			},
			"direction" : "forward"
		},
		"rejectedPlans" : [ ]
	},
	"executionStats" : {
		"executionSuccess" : true,
		"nReturned" : 13559,
		"executionTimeMillis" : 6913,
		"totalKeysExamined" : 0,
		"totalDocsExamined" : 150000,
		"executionStages" : {
			"stage" : "COLLSCAN",
			"filter" : {
				"c_acctbal" : {
					"$lt" : -10
				}
			},
			"nReturned" : 13559,
			"executionTimeMillisEstimate" : 6901,
			"works" : 150002,
			"advanced" : 13559,
			"needTime" : 136442,
			"needYield" : 0,
			"saveState" : 368,
			"restoreState" : 368,
			"isEOF" : 1,
			"direction" : "forward",
			"docsExamined" : 150000
		},
		"allPlansExecution" : [ ]
	},
	"serverInfo" : {
		"host" : "mt-mongo-2",
		"port" : 27012,
		"version" : "4.4.10",
		"gitVersion" : "58971da1ef93435a9f62bf4708a81713def6e88c"
	},
	"ok" : 1,
	"$clusterTime" : {
		"clusterTime" : Timestamp(1639018554, 1),
		"signature" : {
			"hash" : BinData(0,"AAAAAAAAAAAAAAAAAAAAAAAAAAA="),
			"keyId" : NumberLong(0)
		}
	},
	"operationTime" : Timestamp(1639018554, 1)
}


MongoDB shell version v4.4.10
connecting to: mongodb://mt-mongo-1:27011,mt-mongo-2:27012,mt-mongo-3:27013/?compressors=disabled&gssapiServiceName=mongodb&replicaSet=mt-exp-rs-001
Implicit session: session { "id" : UUID("b32a05f1-01ed-4f25-8d35-55b88dfcb517") }
MongoDB server version: 4.4.10
{
	"queryPlanner" : {
		"plannerVersion" : 1,
		"namespace" : "tpch_mongo_1c.scale1",
		"indexFilterSet" : false,
		"parsedQuery" : {
			"c_acctbal" : {
				"$lt" : -10
			}
		},
		"optimizedPipeline" : true,
		"winningPlan" : {
			"stage" : "COLLSCAN",
			"filter" : {
				"c_acctbal" : {
					"$lt" : -10
				}
			},
			"direction" : "forward"
		},
		"rejectedPlans" : [ ]
	},
	"executionStats" : {
		"executionSuccess" : true,
		"nReturned" : 13559,
		"executionTimeMillis" : 9666,
		"totalKeysExamined" : 0,
		"totalDocsExamined" : 150000,
		"executionStages" : {
			"stage" : "COLLSCAN",
			"filter" : {
				"c_acctbal" : {
					"$lt" : -10
				}
			},
			"nReturned" : 13559,
			"executionTimeMillisEstimate" : 9647,
			"works" : 150002,
			"advanced" : 13559,
			"needTime" : 136442,
			"needYield" : 0,
			"saveState" : 519,
			"restoreState" : 519,
			"isEOF" : 1,
			"direction" : "forward",
			"docsExamined" : 150000
		},
		"allPlansExecution" : [ ]
	},
	"serverInfo" : {
		"host" : "mt-mongo-1",
		"port" : 27011,
		"version" : "4.4.10",
		"gitVersion" : "58971da1ef93435a9f62bf4708a81713def6e88c"
	},
	"ok" : 1,
	"$clusterTime" : {
		"clusterTime" : Timestamp(1639018592, 1),
		"signature" : {
			"hash" : BinData(0,"AAAAAAAAAAAAAAAAAAAAAAAAAAA="),
			"keyId" : NumberLong(0)
		}
	},
	"operationTime" : Timestamp(1639018592, 1)
}


MongoDB shell version v4.4.10
connecting to: mongodb://mt-mongo-1:27011,mt-mongo-2:27012,mt-mongo-3:27013/?compressors=disabled&gssapiServiceName=mongodb&replicaSet=mt-exp-rs-001
Implicit session: session { "id" : UUID("702a8cf6-8683-4b43-b18e-7ab051fa7799") }
MongoDB server version: 4.4.10
{
	"queryPlanner" : {
		"plannerVersion" : 1,
		"namespace" : "tpch_mongo_1c.scale1",
		"indexFilterSet" : false,
		"parsedQuery" : {
			"c_acctbal" : {
				"$lt" : -10
			}
		},
		"optimizedPipeline" : true,
		"winningPlan" : {
			"stage" : "COLLSCAN",
			"filter" : {
				"c_acctbal" : {
					"$lt" : -10
				}
			},
			"direction" : "forward"
		},
		"rejectedPlans" : [ ]
	},
	"executionStats" : {
		"executionSuccess" : true,
		"nReturned" : 13559,
		"executionTimeMillis" : 5079,
		"totalKeysExamined" : 0,
		"totalDocsExamined" : 150000,
		"executionStages" : {
			"stage" : "COLLSCAN",
			"filter" : {
				"c_acctbal" : {
					"$lt" : -10
				}
			},
			"nReturned" : 13559,
			"executionTimeMillisEstimate" : 5069,
			"works" : 150002,
			"advanced" : 13559,
			"needTime" : 136442,
			"needYield" : 0,
			"saveState" : 270,
			"restoreState" : 270,
			"isEOF" : 1,
			"direction" : "forward",
			"docsExamined" : 150000
		},
		"allPlansExecution" : [ ]
	},
	"serverInfo" : {
		"host" : "mt-mongo-2",
		"port" : 27012,
		"version" : "4.4.10",
		"gitVersion" : "58971da1ef93435a9f62bf4708a81713def6e88c"
	},
	"ok" : 1,
	"$clusterTime" : {
		"clusterTime" : Timestamp(1639018626, 1),
		"signature" : {
			"hash" : BinData(0,"AAAAAAAAAAAAAAAAAAAAAAAAAAA="),
			"keyId" : NumberLong(0)
		}
	},
	"operationTime" : Timestamp(1639018626, 1)
}


