MongoDB shell version v4.4.10
connecting to: mongodb://mt-mongo-1:27011,mt-mongo-2:27012,mt-mongo-3:27013/?compressors=disabled&gssapiServiceName=mongodb&replicaSet=mt-exp-rs-001
Implicit session: session { "id" : UUID("444d592d-23dc-4715-95f4-16d82f87e2a2") }
MongoDB server version: 4.4.10
{
	"queryPlanner" : {
		"plannerVersion" : 1,
		"namespace" : "tpch_mongo_1c.scale1",
		"indexFilterSet" : false,
		"parsedQuery" : {
			"c_acctbal" : {
				"$lt" : -10
			}
		},
		"optimizedPipeline" : true,
		"winningPlan" : {
			"stage" : "COLLSCAN",
			"filter" : {
				"c_acctbal" : {
					"$lt" : -10
				}
			},
			"direction" : "forward"
		},
		"rejectedPlans" : [ ]
	},
	"executionStats" : {
		"executionSuccess" : true,
		"nReturned" : 13559,
		"executionTimeMillis" : 6155,
		"totalKeysExamined" : 0,
		"totalDocsExamined" : 150000,
		"executionStages" : {
			"stage" : "COLLSCAN",
			"filter" : {
				"c_acctbal" : {
					"$lt" : -10
				}
			},
			"nReturned" : 13559,
			"executionTimeMillisEstimate" : 6149,
			"works" : 150002,
			"advanced" : 13559,
			"needTime" : 136442,
			"needYield" : 0,
			"saveState" : 319,
			"restoreState" : 319,
			"isEOF" : 1,
			"direction" : "forward",
			"docsExamined" : 150000
		},
		"allPlansExecution" : [ ]
	},
	"serverInfo" : {
		"host" : "mt-mongo-3",
		"port" : 27013,
		"version" : "4.4.10",
		"gitVersion" : "58971da1ef93435a9f62bf4708a81713def6e88c"
	},
	"ok" : 1,
	"$clusterTime" : {
		"clusterTime" : Timestamp(1639475299, 2),
		"signature" : {
			"hash" : BinData(0,"AAAAAAAAAAAAAAAAAAAAAAAAAAA="),
			"keyId" : NumberLong(0)
		}
	},
	"operationTime" : Timestamp(1639475299, 2)
}


MongoDB shell version v4.4.10
connecting to: mongodb://mt-mongo-1:27011,mt-mongo-2:27012,mt-mongo-3:27013/?compressors=disabled&gssapiServiceName=mongodb&replicaSet=mt-exp-rs-001
Implicit session: session { "id" : UUID("95b711b2-61a6-4b45-8f83-268fae42a9b3") }
MongoDB server version: 4.4.10
{
	"queryPlanner" : {
		"plannerVersion" : 1,
		"namespace" : "tpch_mongo_1c.scale1",
		"indexFilterSet" : false,
		"parsedQuery" : {
			"c_acctbal" : {
				"$lt" : -10
			}
		},
		"optimizedPipeline" : true,
		"winningPlan" : {
			"stage" : "COLLSCAN",
			"filter" : {
				"c_acctbal" : {
					"$lt" : -10
				}
			},
			"direction" : "forward"
		},
		"rejectedPlans" : [ ]
	},
	"executionStats" : {
		"executionSuccess" : true,
		"nReturned" : 13559,
		"executionTimeMillis" : 9252,
		"totalKeysExamined" : 0,
		"totalDocsExamined" : 150000,
		"executionStages" : {
			"stage" : "COLLSCAN",
			"filter" : {
				"c_acctbal" : {
					"$lt" : -10
				}
			},
			"nReturned" : 13559,
			"executionTimeMillisEstimate" : 9177,
			"works" : 150002,
			"advanced" : 13559,
			"needTime" : 136442,
			"needYield" : 0,
			"saveState" : 508,
			"restoreState" : 508,
			"isEOF" : 1,
			"direction" : "forward",
			"docsExamined" : 150000
		},
		"allPlansExecution" : [ ]
	},
	"serverInfo" : {
		"host" : "mt-mongo-1",
		"port" : 27011,
		"version" : "4.4.10",
		"gitVersion" : "58971da1ef93435a9f62bf4708a81713def6e88c"
	},
	"ok" : 1,
	"$clusterTime" : {
		"clusterTime" : Timestamp(1639475348, 2),
		"signature" : {
			"hash" : BinData(0,"AAAAAAAAAAAAAAAAAAAAAAAAAAA="),
			"keyId" : NumberLong(0)
		}
	},
	"operationTime" : Timestamp(1639475348, 2)
}


MongoDB shell version v4.4.10
connecting to: mongodb://mt-mongo-1:27011,mt-mongo-2:27012,mt-mongo-3:27013/?compressors=disabled&gssapiServiceName=mongodb&replicaSet=mt-exp-rs-001
Implicit session: session { "id" : UUID("83928c94-e248-49d7-991a-13b84c74ba5f") }
MongoDB server version: 4.4.10
{
	"queryPlanner" : {
		"plannerVersion" : 1,
		"namespace" : "tpch_mongo_1c.scale1",
		"indexFilterSet" : false,
		"parsedQuery" : {
			"c_acctbal" : {
				"$lt" : -10
			}
		},
		"optimizedPipeline" : true,
		"winningPlan" : {
			"stage" : "COLLSCAN",
			"filter" : {
				"c_acctbal" : {
					"$lt" : -10
				}
			},
			"direction" : "forward"
		},
		"rejectedPlans" : [ ]
	},
	"executionStats" : {
		"executionSuccess" : true,
		"nReturned" : 13559,
		"executionTimeMillis" : 6144,
		"totalKeysExamined" : 0,
		"totalDocsExamined" : 150000,
		"executionStages" : {
			"stage" : "COLLSCAN",
			"filter" : {
				"c_acctbal" : {
					"$lt" : -10
				}
			},
			"nReturned" : 13559,
			"executionTimeMillisEstimate" : 6117,
			"works" : 150002,
			"advanced" : 13559,
			"needTime" : 136442,
			"needYield" : 0,
			"saveState" : 330,
			"restoreState" : 330,
			"isEOF" : 1,
			"direction" : "forward",
			"docsExamined" : 150000
		},
		"allPlansExecution" : [ ]
	},
	"serverInfo" : {
		"host" : "mt-mongo-2",
		"port" : 27012,
		"version" : "4.4.10",
		"gitVersion" : "58971da1ef93435a9f62bf4708a81713def6e88c"
	},
	"ok" : 1,
	"$clusterTime" : {
		"clusterTime" : Timestamp(1639475394, 2),
		"signature" : {
			"hash" : BinData(0,"AAAAAAAAAAAAAAAAAAAAAAAAAAA="),
			"keyId" : NumberLong(0)
		}
	},
	"operationTime" : Timestamp(1639475394, 2)
}


MongoDB shell version v4.4.10
connecting to: mongodb://mt-mongo-1:27011,mt-mongo-2:27012,mt-mongo-3:27013/?compressors=disabled&gssapiServiceName=mongodb&replicaSet=mt-exp-rs-001
Implicit session: session { "id" : UUID("a1654c36-8986-4fcf-93f1-61d7d1331c6f") }
MongoDB server version: 4.4.10
{
	"queryPlanner" : {
		"plannerVersion" : 1,
		"namespace" : "tpch_mongo_1c.scale1",
		"indexFilterSet" : false,
		"parsedQuery" : {
			"c_acctbal" : {
				"$lt" : -10
			}
		},
		"optimizedPipeline" : true,
		"winningPlan" : {
			"stage" : "COLLSCAN",
			"filter" : {
				"c_acctbal" : {
					"$lt" : -10
				}
			},
			"direction" : "forward"
		},
		"rejectedPlans" : [ ]
	},
	"executionStats" : {
		"executionSuccess" : true,
		"nReturned" : 13559,
		"executionTimeMillis" : 9415,
		"totalKeysExamined" : 0,
		"totalDocsExamined" : 150000,
		"executionStages" : {
			"stage" : "COLLSCAN",
			"filter" : {
				"c_acctbal" : {
					"$lt" : -10
				}
			},
			"nReturned" : 13559,
			"executionTimeMillisEstimate" : 9362,
			"works" : 150002,
			"advanced" : 13559,
			"needTime" : 136442,
			"needYield" : 0,
			"saveState" : 508,
			"restoreState" : 508,
			"isEOF" : 1,
			"direction" : "forward",
			"docsExamined" : 150000
		},
		"allPlansExecution" : [ ]
	},
	"serverInfo" : {
		"host" : "mt-mongo-1",
		"port" : 27011,
		"version" : "4.4.10",
		"gitVersion" : "58971da1ef93435a9f62bf4708a81713def6e88c"
	},
	"ok" : 1,
	"$clusterTime" : {
		"clusterTime" : Timestamp(1639475444, 2),
		"signature" : {
			"hash" : BinData(0,"AAAAAAAAAAAAAAAAAAAAAAAAAAA="),
			"keyId" : NumberLong(0)
		}
	},
	"operationTime" : Timestamp(1639475444, 2)
}


MongoDB shell version v4.4.10
connecting to: mongodb://mt-mongo-1:27011,mt-mongo-2:27012,mt-mongo-3:27013/?compressors=disabled&gssapiServiceName=mongodb&replicaSet=mt-exp-rs-001
Implicit session: session { "id" : UUID("3762e3c7-a6af-467d-8cc0-edf740517729") }
MongoDB server version: 4.4.10
{
	"queryPlanner" : {
		"plannerVersion" : 1,
		"namespace" : "tpch_mongo_1c.scale1",
		"indexFilterSet" : false,
		"parsedQuery" : {
			"c_acctbal" : {
				"$lt" : -10
			}
		},
		"optimizedPipeline" : true,
		"winningPlan" : {
			"stage" : "COLLSCAN",
			"filter" : {
				"c_acctbal" : {
					"$lt" : -10
				}
			},
			"direction" : "forward"
		},
		"rejectedPlans" : [ ]
	},
	"executionStats" : {
		"executionSuccess" : true,
		"nReturned" : 13559,
		"executionTimeMillis" : 8145,
		"totalKeysExamined" : 0,
		"totalDocsExamined" : 150000,
		"executionStages" : {
			"stage" : "COLLSCAN",
			"filter" : {
				"c_acctbal" : {
					"$lt" : -10
				}
			},
			"nReturned" : 13559,
			"executionTimeMillisEstimate" : 8129,
			"works" : 150002,
			"advanced" : 13559,
			"needTime" : 136442,
			"needYield" : 0,
			"saveState" : 425,
			"restoreState" : 425,
			"isEOF" : 1,
			"direction" : "forward",
			"docsExamined" : 150000
		},
		"allPlansExecution" : [ ]
	},
	"serverInfo" : {
		"host" : "mt-mongo-1",
		"port" : 27011,
		"version" : "4.4.10",
		"gitVersion" : "58971da1ef93435a9f62bf4708a81713def6e88c"
	},
	"ok" : 1,
	"$clusterTime" : {
		"clusterTime" : Timestamp(1639475485, 2),
		"signature" : {
			"hash" : BinData(0,"AAAAAAAAAAAAAAAAAAAAAAAAAAA="),
			"keyId" : NumberLong(0)
		}
	},
	"operationTime" : Timestamp(1639475485, 2)
}


