MongoDB shell version v4.4.10
connecting to: mongodb://mt-mongo-1:27011,mt-mongo-2:27012,mt-mongo-3:27013/?compressors=disabled&gssapiServiceName=mongodb&replicaSet=mt-exp-rs-001
Implicit session: session { "id" : UUID("6c6d16ad-8cc5-4b68-9024-311f6c9bb7fa") }
MongoDB server version: 4.4.10
{
	"stages" : [
		{
			"$cursor" : {
				"queryPlanner" : {
					"plannerVersion" : 1,
					"namespace" : "tpch_mongo_2c.orders-lineitem",
					"indexFilterSet" : false,
					"parsedQuery" : {
						"$and" : [
							{
								"o_orderdate" : {
									"$lt" : ISODate("1992-04-01T00:00:00Z")
								}
							},
							{
								"o_orderdate" : {
									"$gte" : ISODate("1992-01-01T00:00:00Z")
								}
							}
						]
					},
					"queryHash" : "9DFA955F",
					"planCacheKey" : "07D0F9DF",
					"winningPlan" : {
						"stage" : "PROJECTION_DEFAULT",
						"transformBy" : {
							"_id" : true,
							"orderpriority" : "$o_orderpriority",
							"lineitems" : {
								"$filter" : {
									"input" : "$o_lineitems",
									"as" : "l",
									"cond" : {
										"$lt" : [
											"$$l.l_commitdate",
											"$$l.l_receiptdate"
										]
									}
								}
							}
						},
						"inputStage" : {
							"stage" : "FETCH",
							"inputStage" : {
								"stage" : "IXSCAN",
								"keyPattern" : {
									"o_orderdate" : 1
								},
								"indexName" : "idx_orders-lineitem_b",
								"isMultiKey" : false,
								"multiKeyPaths" : {
									"o_orderdate" : [ ]
								},
								"isUnique" : false,
								"isSparse" : false,
								"isPartial" : false,
								"indexVersion" : 2,
								"direction" : "forward",
								"indexBounds" : {
									"o_orderdate" : [
										"[new Date(694224000000), new Date(702086400000))"
									]
								}
							}
						}
					},
					"rejectedPlans" : [ ]
				},
				"executionStats" : {
					"executionSuccess" : true,
					"nReturned" : 56741,
					"executionTimeMillis" : 1603,
					"totalKeysExamined" : 56741,
					"totalDocsExamined" : 56741,
					"executionStages" : {
						"stage" : "PROJECTION_DEFAULT",
						"nReturned" : 56741,
						"executionTimeMillisEstimate" : 1165,
						"works" : 56742,
						"advanced" : 56741,
						"needTime" : 0,
						"needYield" : 0,
						"saveState" : 110,
						"restoreState" : 110,
						"isEOF" : 1,
						"transformBy" : {
							"_id" : true,
							"orderpriority" : "$o_orderpriority",
							"lineitems" : {
								"$filter" : {
									"input" : "$o_lineitems",
									"as" : "l",
									"cond" : {
										"$lt" : [
											"$$l.l_commitdate",
											"$$l.l_receiptdate"
										]
									}
								}
							}
						},
						"inputStage" : {
							"stage" : "FETCH",
							"nReturned" : 56741,
							"executionTimeMillisEstimate" : 822,
							"works" : 56742,
							"advanced" : 56741,
							"needTime" : 0,
							"needYield" : 0,
							"saveState" : 110,
							"restoreState" : 110,
							"isEOF" : 1,
							"docsExamined" : 56741,
							"alreadyHasObj" : 0,
							"inputStage" : {
								"stage" : "IXSCAN",
								"nReturned" : 56741,
								"executionTimeMillisEstimate" : 88,
								"works" : 56742,
								"advanced" : 56741,
								"needTime" : 0,
								"needYield" : 0,
								"saveState" : 110,
								"restoreState" : 110,
								"isEOF" : 1,
								"keyPattern" : {
									"o_orderdate" : 1
								},
								"indexName" : "idx_orders-lineitem_b",
								"isMultiKey" : false,
								"multiKeyPaths" : {
									"o_orderdate" : [ ]
								},
								"isUnique" : false,
								"isSparse" : false,
								"isPartial" : false,
								"indexVersion" : 2,
								"direction" : "forward",
								"indexBounds" : {
									"o_orderdate" : [
										"[new Date(694224000000), new Date(702086400000))"
									]
								},
								"keysExamined" : 56741,
								"seeks" : 1,
								"dupsTested" : 0,
								"dupsDropped" : 0
							}
						}
					},
					"allPlansExecution" : [ ]
				}
			},
			"nReturned" : NumberLong(56741),
			"executionTimeMillisEstimate" : NumberLong(1320)
		},
		{
			"$match" : {
				"lineitems" : {
					"$not" : {
						"$eq" : [ ]
					}
				}
			},
			"nReturned" : NumberLong(52002),
			"executionTimeMillisEstimate" : NumberLong(1542)
		},
		{
			"$group" : {
				"_id" : "$orderpriority",
				"order_count" : {
					"$sum" : {
						"$const" : 1
					}
				}
			},
			"nReturned" : NumberLong(5),
			"executionTimeMillisEstimate" : NumberLong(1592)
		},
		{
			"$sort" : {
				"sortKey" : {
					"_id" : 1
				}
			},
			"nReturned" : NumberLong(5),
			"executionTimeMillisEstimate" : NumberLong(1592)
		}
	],
	"serverInfo" : {
		"host" : "mt-mongo-1",
		"port" : 27011,
		"version" : "4.4.10",
		"gitVersion" : "58971da1ef93435a9f62bf4708a81713def6e88c"
	},
	"ok" : 1,
	"$clusterTime" : {
		"clusterTime" : Timestamp(1639505994, 5),
		"signature" : {
			"hash" : BinData(0,"AAAAAAAAAAAAAAAAAAAAAAAAAAA="),
			"keyId" : NumberLong(0)
		}
	},
	"operationTime" : Timestamp(1639505994, 5)
}


MongoDB shell version v4.4.10
connecting to: mongodb://mt-mongo-1:27011,mt-mongo-2:27012,mt-mongo-3:27013/?compressors=disabled&gssapiServiceName=mongodb&replicaSet=mt-exp-rs-001
Implicit session: session { "id" : UUID("34e48d42-8258-47bf-9397-8962969b0c5f") }
MongoDB server version: 4.4.10
{
	"stages" : [
		{
			"$cursor" : {
				"queryPlanner" : {
					"plannerVersion" : 1,
					"namespace" : "tpch_mongo_2c.orders-lineitem",
					"indexFilterSet" : false,
					"parsedQuery" : {
						"$and" : [
							{
								"o_orderdate" : {
									"$lt" : ISODate("1992-04-01T00:00:00Z")
								}
							},
							{
								"o_orderdate" : {
									"$gte" : ISODate("1992-01-01T00:00:00Z")
								}
							}
						]
					},
					"queryHash" : "9DFA955F",
					"planCacheKey" : "07D0F9DF",
					"winningPlan" : {
						"stage" : "PROJECTION_DEFAULT",
						"transformBy" : {
							"_id" : true,
							"orderpriority" : "$o_orderpriority",
							"lineitems" : {
								"$filter" : {
									"input" : "$o_lineitems",
									"as" : "l",
									"cond" : {
										"$lt" : [
											"$$l.l_commitdate",
											"$$l.l_receiptdate"
										]
									}
								}
							}
						},
						"inputStage" : {
							"stage" : "FETCH",
							"inputStage" : {
								"stage" : "IXSCAN",
								"keyPattern" : {
									"o_orderdate" : 1
								},
								"indexName" : "idx_orders-lineitem_b",
								"isMultiKey" : false,
								"multiKeyPaths" : {
									"o_orderdate" : [ ]
								},
								"isUnique" : false,
								"isSparse" : false,
								"isPartial" : false,
								"indexVersion" : 2,
								"direction" : "forward",
								"indexBounds" : {
									"o_orderdate" : [
										"[new Date(694224000000), new Date(702086400000))"
									]
								}
							}
						}
					},
					"rejectedPlans" : [ ]
				},
				"executionStats" : {
					"executionSuccess" : true,
					"nReturned" : 56741,
					"executionTimeMillis" : 1819,
					"totalKeysExamined" : 56741,
					"totalDocsExamined" : 56741,
					"executionStages" : {
						"stage" : "PROJECTION_DEFAULT",
						"nReturned" : 56741,
						"executionTimeMillisEstimate" : 1380,
						"works" : 56742,
						"advanced" : 56741,
						"needTime" : 0,
						"needYield" : 0,
						"saveState" : 126,
						"restoreState" : 126,
						"isEOF" : 1,
						"transformBy" : {
							"_id" : true,
							"orderpriority" : "$o_orderpriority",
							"lineitems" : {
								"$filter" : {
									"input" : "$o_lineitems",
									"as" : "l",
									"cond" : {
										"$lt" : [
											"$$l.l_commitdate",
											"$$l.l_receiptdate"
										]
									}
								}
							}
						},
						"inputStage" : {
							"stage" : "FETCH",
							"nReturned" : 56741,
							"executionTimeMillisEstimate" : 790,
							"works" : 56742,
							"advanced" : 56741,
							"needTime" : 0,
							"needYield" : 0,
							"saveState" : 126,
							"restoreState" : 126,
							"isEOF" : 1,
							"docsExamined" : 56741,
							"alreadyHasObj" : 0,
							"inputStage" : {
								"stage" : "IXSCAN",
								"nReturned" : 56741,
								"executionTimeMillisEstimate" : 88,
								"works" : 56742,
								"advanced" : 56741,
								"needTime" : 0,
								"needYield" : 0,
								"saveState" : 126,
								"restoreState" : 126,
								"isEOF" : 1,
								"keyPattern" : {
									"o_orderdate" : 1
								},
								"indexName" : "idx_orders-lineitem_b",
								"isMultiKey" : false,
								"multiKeyPaths" : {
									"o_orderdate" : [ ]
								},
								"isUnique" : false,
								"isSparse" : false,
								"isPartial" : false,
								"indexVersion" : 2,
								"direction" : "forward",
								"indexBounds" : {
									"o_orderdate" : [
										"[new Date(694224000000), new Date(702086400000))"
									]
								},
								"keysExamined" : 56741,
								"seeks" : 1,
								"dupsTested" : 0,
								"dupsDropped" : 0
							}
						}
					},
					"allPlansExecution" : [ ]
				}
			},
			"nReturned" : NumberLong(56741),
			"executionTimeMillisEstimate" : NumberLong(1540)
		},
		{
			"$match" : {
				"lineitems" : {
					"$not" : {
						"$eq" : [ ]
					}
				}
			},
			"nReturned" : NumberLong(52002),
			"executionTimeMillisEstimate" : NumberLong(1770)
		},
		{
			"$group" : {
				"_id" : "$orderpriority",
				"order_count" : {
					"$sum" : {
						"$const" : 1
					}
				}
			},
			"nReturned" : NumberLong(5),
			"executionTimeMillisEstimate" : NumberLong(1817)
		},
		{
			"$sort" : {
				"sortKey" : {
					"_id" : 1
				}
			},
			"nReturned" : NumberLong(5),
			"executionTimeMillisEstimate" : NumberLong(1817)
		}
	],
	"serverInfo" : {
		"host" : "mt-mongo-1",
		"port" : 27011,
		"version" : "4.4.10",
		"gitVersion" : "58971da1ef93435a9f62bf4708a81713def6e88c"
	},
	"ok" : 1,
	"$clusterTime" : {
		"clusterTime" : Timestamp(1639506057, 12),
		"signature" : {
			"hash" : BinData(0,"AAAAAAAAAAAAAAAAAAAAAAAAAAA="),
			"keyId" : NumberLong(0)
		}
	},
	"operationTime" : Timestamp(1639506057, 12)
}


MongoDB shell version v4.4.10
connecting to: mongodb://mt-mongo-1:27011,mt-mongo-2:27012,mt-mongo-3:27013/?compressors=disabled&gssapiServiceName=mongodb&replicaSet=mt-exp-rs-001
Implicit session: session { "id" : UUID("1c35aebf-a364-4d71-a831-7552ae3e3c23") }
MongoDB server version: 4.4.10
{
	"stages" : [
		{
			"$cursor" : {
				"queryPlanner" : {
					"plannerVersion" : 1,
					"namespace" : "tpch_mongo_2c.orders-lineitem",
					"indexFilterSet" : false,
					"parsedQuery" : {
						"$and" : [
							{
								"o_orderdate" : {
									"$lt" : ISODate("1992-04-01T00:00:00Z")
								}
							},
							{
								"o_orderdate" : {
									"$gte" : ISODate("1992-01-01T00:00:00Z")
								}
							}
						]
					},
					"queryHash" : "9DFA955F",
					"planCacheKey" : "07D0F9DF",
					"winningPlan" : {
						"stage" : "PROJECTION_DEFAULT",
						"transformBy" : {
							"_id" : true,
							"orderpriority" : "$o_orderpriority",
							"lineitems" : {
								"$filter" : {
									"input" : "$o_lineitems",
									"as" : "l",
									"cond" : {
										"$lt" : [
											"$$l.l_commitdate",
											"$$l.l_receiptdate"
										]
									}
								}
							}
						},
						"inputStage" : {
							"stage" : "FETCH",
							"inputStage" : {
								"stage" : "IXSCAN",
								"keyPattern" : {
									"o_orderdate" : 1
								},
								"indexName" : "idx_orders-lineitem_b",
								"isMultiKey" : false,
								"multiKeyPaths" : {
									"o_orderdate" : [ ]
								},
								"isUnique" : false,
								"isSparse" : false,
								"isPartial" : false,
								"indexVersion" : 2,
								"direction" : "forward",
								"indexBounds" : {
									"o_orderdate" : [
										"[new Date(694224000000), new Date(702086400000))"
									]
								}
							}
						}
					},
					"rejectedPlans" : [ ]
				},
				"executionStats" : {
					"executionSuccess" : true,
					"nReturned" : 56741,
					"executionTimeMillis" : 1310,
					"totalKeysExamined" : 56741,
					"totalDocsExamined" : 56741,
					"executionStages" : {
						"stage" : "PROJECTION_DEFAULT",
						"nReturned" : 56741,
						"executionTimeMillisEstimate" : 802,
						"works" : 56742,
						"advanced" : 56741,
						"needTime" : 0,
						"needYield" : 0,
						"saveState" : 103,
						"restoreState" : 103,
						"isEOF" : 1,
						"transformBy" : {
							"_id" : true,
							"orderpriority" : "$o_orderpriority",
							"lineitems" : {
								"$filter" : {
									"input" : "$o_lineitems",
									"as" : "l",
									"cond" : {
										"$lt" : [
											"$$l.l_commitdate",
											"$$l.l_receiptdate"
										]
									}
								}
							}
						},
						"inputStage" : {
							"stage" : "FETCH",
							"nReturned" : 56741,
							"executionTimeMillisEstimate" : 449,
							"works" : 56742,
							"advanced" : 56741,
							"needTime" : 0,
							"needYield" : 0,
							"saveState" : 103,
							"restoreState" : 103,
							"isEOF" : 1,
							"docsExamined" : 56741,
							"alreadyHasObj" : 0,
							"inputStage" : {
								"stage" : "IXSCAN",
								"nReturned" : 56741,
								"executionTimeMillisEstimate" : 29,
								"works" : 56742,
								"advanced" : 56741,
								"needTime" : 0,
								"needYield" : 0,
								"saveState" : 103,
								"restoreState" : 103,
								"isEOF" : 1,
								"keyPattern" : {
									"o_orderdate" : 1
								},
								"indexName" : "idx_orders-lineitem_b",
								"isMultiKey" : false,
								"multiKeyPaths" : {
									"o_orderdate" : [ ]
								},
								"isUnique" : false,
								"isSparse" : false,
								"isPartial" : false,
								"indexVersion" : 2,
								"direction" : "forward",
								"indexBounds" : {
									"o_orderdate" : [
										"[new Date(694224000000), new Date(702086400000))"
									]
								},
								"keysExamined" : 56741,
								"seeks" : 1,
								"dupsTested" : 0,
								"dupsDropped" : 0
							}
						}
					},
					"allPlansExecution" : [ ]
				}
			},
			"nReturned" : NumberLong(56741),
			"executionTimeMillisEstimate" : NumberLong(1040)
		},
		{
			"$match" : {
				"lineitems" : {
					"$not" : {
						"$eq" : [ ]
					}
				}
			},
			"nReturned" : NumberLong(52002),
			"executionTimeMillisEstimate" : NumberLong(1287)
		},
		{
			"$group" : {
				"_id" : "$orderpriority",
				"order_count" : {
					"$sum" : {
						"$const" : 1
					}
				}
			},
			"nReturned" : NumberLong(5),
			"executionTimeMillisEstimate" : NumberLong(1307)
		},
		{
			"$sort" : {
				"sortKey" : {
					"_id" : 1
				}
			},
			"nReturned" : NumberLong(5),
			"executionTimeMillisEstimate" : NumberLong(1307)
		}
	],
	"serverInfo" : {
		"host" : "mt-mongo-2",
		"port" : 27012,
		"version" : "4.4.10",
		"gitVersion" : "58971da1ef93435a9f62bf4708a81713def6e88c"
	},
	"ok" : 1,
	"$clusterTime" : {
		"clusterTime" : Timestamp(1639506121, 5),
		"signature" : {
			"hash" : BinData(0,"AAAAAAAAAAAAAAAAAAAAAAAAAAA="),
			"keyId" : NumberLong(0)
		}
	},
	"operationTime" : Timestamp(1639506121, 5)
}


MongoDB shell version v4.4.10
connecting to: mongodb://mt-mongo-1:27011,mt-mongo-2:27012,mt-mongo-3:27013/?compressors=disabled&gssapiServiceName=mongodb&replicaSet=mt-exp-rs-001
Implicit session: session { "id" : UUID("2e4d2822-d55f-4bd6-ac15-fd0e4d798d96") }
MongoDB server version: 4.4.10
{
	"stages" : [
		{
			"$cursor" : {
				"queryPlanner" : {
					"plannerVersion" : 1,
					"namespace" : "tpch_mongo_2c.orders-lineitem",
					"indexFilterSet" : false,
					"parsedQuery" : {
						"$and" : [
							{
								"o_orderdate" : {
									"$lt" : ISODate("1992-04-01T00:00:00Z")
								}
							},
							{
								"o_orderdate" : {
									"$gte" : ISODate("1992-01-01T00:00:00Z")
								}
							}
						]
					},
					"queryHash" : "9DFA955F",
					"planCacheKey" : "07D0F9DF",
					"winningPlan" : {
						"stage" : "PROJECTION_DEFAULT",
						"transformBy" : {
							"_id" : true,
							"orderpriority" : "$o_orderpriority",
							"lineitems" : {
								"$filter" : {
									"input" : "$o_lineitems",
									"as" : "l",
									"cond" : {
										"$lt" : [
											"$$l.l_commitdate",
											"$$l.l_receiptdate"
										]
									}
								}
							}
						},
						"inputStage" : {
							"stage" : "FETCH",
							"inputStage" : {
								"stage" : "IXSCAN",
								"keyPattern" : {
									"o_orderdate" : 1
								},
								"indexName" : "idx_orders-lineitem_b",
								"isMultiKey" : false,
								"multiKeyPaths" : {
									"o_orderdate" : [ ]
								},
								"isUnique" : false,
								"isSparse" : false,
								"isPartial" : false,
								"indexVersion" : 2,
								"direction" : "forward",
								"indexBounds" : {
									"o_orderdate" : [
										"[new Date(694224000000), new Date(702086400000))"
									]
								}
							}
						}
					},
					"rejectedPlans" : [ ]
				},
				"executionStats" : {
					"executionSuccess" : true,
					"nReturned" : 56741,
					"executionTimeMillis" : 1387,
					"totalKeysExamined" : 56741,
					"totalDocsExamined" : 56741,
					"executionStages" : {
						"stage" : "PROJECTION_DEFAULT",
						"nReturned" : 56741,
						"executionTimeMillisEstimate" : 823,
						"works" : 56742,
						"advanced" : 56741,
						"needTime" : 0,
						"needYield" : 0,
						"saveState" : 105,
						"restoreState" : 105,
						"isEOF" : 1,
						"transformBy" : {
							"_id" : true,
							"orderpriority" : "$o_orderpriority",
							"lineitems" : {
								"$filter" : {
									"input" : "$o_lineitems",
									"as" : "l",
									"cond" : {
										"$lt" : [
											"$$l.l_commitdate",
											"$$l.l_receiptdate"
										]
									}
								}
							}
						},
						"inputStage" : {
							"stage" : "FETCH",
							"nReturned" : 56741,
							"executionTimeMillisEstimate" : 524,
							"works" : 56742,
							"advanced" : 56741,
							"needTime" : 0,
							"needYield" : 0,
							"saveState" : 105,
							"restoreState" : 105,
							"isEOF" : 1,
							"docsExamined" : 56741,
							"alreadyHasObj" : 0,
							"inputStage" : {
								"stage" : "IXSCAN",
								"nReturned" : 56741,
								"executionTimeMillisEstimate" : 56,
								"works" : 56742,
								"advanced" : 56741,
								"needTime" : 0,
								"needYield" : 0,
								"saveState" : 105,
								"restoreState" : 105,
								"isEOF" : 1,
								"keyPattern" : {
									"o_orderdate" : 1
								},
								"indexName" : "idx_orders-lineitem_b",
								"isMultiKey" : false,
								"multiKeyPaths" : {
									"o_orderdate" : [ ]
								},
								"isUnique" : false,
								"isSparse" : false,
								"isPartial" : false,
								"indexVersion" : 2,
								"direction" : "forward",
								"indexBounds" : {
									"o_orderdate" : [
										"[new Date(694224000000), new Date(702086400000))"
									]
								},
								"keysExamined" : 56741,
								"seeks" : 1,
								"dupsTested" : 0,
								"dupsDropped" : 0
							}
						}
					},
					"allPlansExecution" : [ ]
				}
			},
			"nReturned" : NumberLong(56741),
			"executionTimeMillisEstimate" : NumberLong(1071)
		},
		{
			"$match" : {
				"lineitems" : {
					"$not" : {
						"$eq" : [ ]
					}
				}
			},
			"nReturned" : NumberLong(52002),
			"executionTimeMillisEstimate" : NumberLong(1331)
		},
		{
			"$group" : {
				"_id" : "$orderpriority",
				"order_count" : {
					"$sum" : {
						"$const" : 1
					}
				}
			},
			"nReturned" : NumberLong(5),
			"executionTimeMillisEstimate" : NumberLong(1379)
		},
		{
			"$sort" : {
				"sortKey" : {
					"_id" : 1
				}
			},
			"nReturned" : NumberLong(5),
			"executionTimeMillisEstimate" : NumberLong(1379)
		}
	],
	"serverInfo" : {
		"host" : "mt-mongo-3",
		"port" : 27013,
		"version" : "4.4.10",
		"gitVersion" : "58971da1ef93435a9f62bf4708a81713def6e88c"
	},
	"ok" : 1,
	"$clusterTime" : {
		"clusterTime" : Timestamp(1639506184, 12),
		"signature" : {
			"hash" : BinData(0,"AAAAAAAAAAAAAAAAAAAAAAAAAAA="),
			"keyId" : NumberLong(0)
		}
	},
	"operationTime" : Timestamp(1639506184, 12)
}


MongoDB shell version v4.4.10
connecting to: mongodb://mt-mongo-1:27011,mt-mongo-2:27012,mt-mongo-3:27013/?compressors=disabled&gssapiServiceName=mongodb&replicaSet=mt-exp-rs-001
Implicit session: session { "id" : UUID("74ef63c1-a2e9-4919-8fb0-70e05b37a4b3") }
MongoDB server version: 4.4.10
{
	"stages" : [
		{
			"$cursor" : {
				"queryPlanner" : {
					"plannerVersion" : 1,
					"namespace" : "tpch_mongo_2c.orders-lineitem",
					"indexFilterSet" : false,
					"parsedQuery" : {
						"$and" : [
							{
								"o_orderdate" : {
									"$lt" : ISODate("1992-04-01T00:00:00Z")
								}
							},
							{
								"o_orderdate" : {
									"$gte" : ISODate("1992-01-01T00:00:00Z")
								}
							}
						]
					},
					"queryHash" : "9DFA955F",
					"planCacheKey" : "07D0F9DF",
					"winningPlan" : {
						"stage" : "PROJECTION_DEFAULT",
						"transformBy" : {
							"_id" : true,
							"orderpriority" : "$o_orderpriority",
							"lineitems" : {
								"$filter" : {
									"input" : "$o_lineitems",
									"as" : "l",
									"cond" : {
										"$lt" : [
											"$$l.l_commitdate",
											"$$l.l_receiptdate"
										]
									}
								}
							}
						},
						"inputStage" : {
							"stage" : "FETCH",
							"inputStage" : {
								"stage" : "IXSCAN",
								"keyPattern" : {
									"o_orderdate" : 1
								},
								"indexName" : "idx_orders-lineitem_b",
								"isMultiKey" : false,
								"multiKeyPaths" : {
									"o_orderdate" : [ ]
								},
								"isUnique" : false,
								"isSparse" : false,
								"isPartial" : false,
								"indexVersion" : 2,
								"direction" : "forward",
								"indexBounds" : {
									"o_orderdate" : [
										"[new Date(694224000000), new Date(702086400000))"
									]
								}
							}
						}
					},
					"rejectedPlans" : [ ]
				},
				"executionStats" : {
					"executionSuccess" : true,
					"nReturned" : 56741,
					"executionTimeMillis" : 1218,
					"totalKeysExamined" : 56741,
					"totalDocsExamined" : 56741,
					"executionStages" : {
						"stage" : "PROJECTION_DEFAULT",
						"nReturned" : 56741,
						"executionTimeMillisEstimate" : 694,
						"works" : 56742,
						"advanced" : 56741,
						"needTime" : 0,
						"needYield" : 0,
						"saveState" : 99,
						"restoreState" : 99,
						"isEOF" : 1,
						"transformBy" : {
							"_id" : true,
							"orderpriority" : "$o_orderpriority",
							"lineitems" : {
								"$filter" : {
									"input" : "$o_lineitems",
									"as" : "l",
									"cond" : {
										"$lt" : [
											"$$l.l_commitdate",
											"$$l.l_receiptdate"
										]
									}
								}
							}
						},
						"inputStage" : {
							"stage" : "FETCH",
							"nReturned" : 56741,
							"executionTimeMillisEstimate" : 407,
							"works" : 56742,
							"advanced" : 56741,
							"needTime" : 0,
							"needYield" : 0,
							"saveState" : 99,
							"restoreState" : 99,
							"isEOF" : 1,
							"docsExamined" : 56741,
							"alreadyHasObj" : 0,
							"inputStage" : {
								"stage" : "IXSCAN",
								"nReturned" : 56741,
								"executionTimeMillisEstimate" : 50,
								"works" : 56742,
								"advanced" : 56741,
								"needTime" : 0,
								"needYield" : 0,
								"saveState" : 99,
								"restoreState" : 99,
								"isEOF" : 1,
								"keyPattern" : {
									"o_orderdate" : 1
								},
								"indexName" : "idx_orders-lineitem_b",
								"isMultiKey" : false,
								"multiKeyPaths" : {
									"o_orderdate" : [ ]
								},
								"isUnique" : false,
								"isSparse" : false,
								"isPartial" : false,
								"indexVersion" : 2,
								"direction" : "forward",
								"indexBounds" : {
									"o_orderdate" : [
										"[new Date(694224000000), new Date(702086400000))"
									]
								},
								"keysExamined" : 56741,
								"seeks" : 1,
								"dupsTested" : 0,
								"dupsDropped" : 0
							}
						}
					},
					"allPlansExecution" : [ ]
				}
			},
			"nReturned" : NumberLong(56741),
			"executionTimeMillisEstimate" : NumberLong(974)
		},
		{
			"$match" : {
				"lineitems" : {
					"$not" : {
						"$eq" : [ ]
					}
				}
			},
			"nReturned" : NumberLong(52002),
			"executionTimeMillisEstimate" : NumberLong(1160)
		},
		{
			"$group" : {
				"_id" : "$orderpriority",
				"order_count" : {
					"$sum" : {
						"$const" : 1
					}
				}
			},
			"nReturned" : NumberLong(5),
			"executionTimeMillisEstimate" : NumberLong(1209)
		},
		{
			"$sort" : {
				"sortKey" : {
					"_id" : 1
				}
			},
			"nReturned" : NumberLong(5),
			"executionTimeMillisEstimate" : NumberLong(1209)
		}
	],
	"serverInfo" : {
		"host" : "mt-mongo-3",
		"port" : 27013,
		"version" : "4.4.10",
		"gitVersion" : "58971da1ef93435a9f62bf4708a81713def6e88c"
	},
	"ok" : 1,
	"$clusterTime" : {
		"clusterTime" : Timestamp(1639506248, 12),
		"signature" : {
			"hash" : BinData(0,"AAAAAAAAAAAAAAAAAAAAAAAAAAA="),
			"keyId" : NumberLong(0)
		}
	},
	"operationTime" : Timestamp(1639506248, 12)
}


