MongoDB shell version v4.4.10
connecting to: mongodb://mt-mongo-1:27011,mt-mongo-2:27012,mt-mongo-3:27013/?compressors=disabled&gssapiServiceName=mongodb&replicaSet=mt-exp-rs-001
Implicit session: session { "id" : UUID("8396dd50-2430-4dcd-9e92-b85307f38aea") }
MongoDB server version: 4.4.10
{
	"stages" : [
		{
			"$cursor" : {
				"queryPlanner" : {
					"plannerVersion" : 1,
					"namespace" : "tpch_mongo_3c.customer",
					"indexFilterSet" : false,
					"parsedQuery" : {
						
					},
					"queryHash" : "DDE43694",
					"planCacheKey" : "DDE43694",
					"winningPlan" : {
						"stage" : "PROJECTION_DEFAULT",
						"transformBy" : {
							"_id" : 1,
							"c_name" : 1,
							"orders.o_orderdate" : 1
						},
						"inputStage" : {
							"stage" : "COLLSCAN",
							"direction" : "forward"
						}
					},
					"rejectedPlans" : [ ]
				},
				"executionStats" : {
					"executionSuccess" : true,
					"nReturned" : 150000,
					"executionTimeMillis" : 25750,
					"totalKeysExamined" : 0,
					"totalDocsExamined" : 150000,
					"executionStages" : {
						"stage" : "PROJECTION_DEFAULT",
						"nReturned" : 150000,
						"executionTimeMillisEstimate" : 54,
						"works" : 150002,
						"advanced" : 150000,
						"needTime" : 1,
						"needYield" : 0,
						"saveState" : 157,
						"restoreState" : 157,
						"isEOF" : 1,
						"transformBy" : {
							"_id" : 1,
							"c_name" : 1,
							"orders.o_orderdate" : 1
						},
						"inputStage" : {
							"stage" : "COLLSCAN",
							"nReturned" : 150000,
							"executionTimeMillisEstimate" : 24,
							"works" : 150002,
							"advanced" : 150000,
							"needTime" : 1,
							"needYield" : 0,
							"saveState" : 157,
							"restoreState" : 157,
							"isEOF" : 1,
							"direction" : "forward",
							"docsExamined" : 150000
						}
					},
					"allPlansExecution" : [ ]
				}
			},
			"nReturned" : NumberLong(150000),
			"executionTimeMillisEstimate" : NumberLong(299)
		},
		{
			"$lookup" : {
				"from" : "orders",
				"as" : "orders",
				"localField" : "_id",
				"foreignField" : "o_custkey",
				"unwinding" : {
					"preserveNullAndEmptyArrays" : false
				}
			},
			"nReturned" : NumberLong(1500000),
			"executionTimeMillisEstimate" : NumberLong(25563)
		},
		{
			"$project" : {
				"_id" : true,
				"c_name" : true,
				"o_orderdate" : "$orders.o_orderdate"
			},
			"nReturned" : NumberLong(1500000),
			"executionTimeMillisEstimate" : NumberLong(25708)
		}
	],
	"serverInfo" : {
		"host" : "mt-mongo-2",
		"port" : 27012,
		"version" : "4.4.10",
		"gitVersion" : "58971da1ef93435a9f62bf4708a81713def6e88c"
	},
	"ok" : 1,
	"$clusterTime" : {
		"clusterTime" : Timestamp(1639530906, 1),
		"signature" : {
			"hash" : BinData(0,"AAAAAAAAAAAAAAAAAAAAAAAAAAA="),
			"keyId" : NumberLong(0)
		}
	},
	"operationTime" : Timestamp(1639530906, 1)
}


MongoDB shell version v4.4.10
connecting to: mongodb://mt-mongo-1:27011,mt-mongo-2:27012,mt-mongo-3:27013/?compressors=disabled&gssapiServiceName=mongodb&replicaSet=mt-exp-rs-001
Implicit session: session { "id" : UUID("a73d25a8-f9a4-4767-a5cd-000440faea14") }
MongoDB server version: 4.4.10
{
	"stages" : [
		{
			"$cursor" : {
				"queryPlanner" : {
					"plannerVersion" : 1,
					"namespace" : "tpch_mongo_3c.customer",
					"indexFilterSet" : false,
					"parsedQuery" : {
						
					},
					"queryHash" : "DDE43694",
					"planCacheKey" : "DDE43694",
					"winningPlan" : {
						"stage" : "PROJECTION_DEFAULT",
						"transformBy" : {
							"_id" : 1,
							"c_name" : 1,
							"orders.o_orderdate" : 1
						},
						"inputStage" : {
							"stage" : "COLLSCAN",
							"direction" : "forward"
						}
					},
					"rejectedPlans" : [ ]
				},
				"executionStats" : {
					"executionSuccess" : true,
					"nReturned" : 150000,
					"executionTimeMillis" : 25519,
					"totalKeysExamined" : 0,
					"totalDocsExamined" : 150000,
					"executionStages" : {
						"stage" : "PROJECTION_DEFAULT",
						"nReturned" : 150000,
						"executionTimeMillisEstimate" : 53,
						"works" : 150002,
						"advanced" : 150000,
						"needTime" : 1,
						"needYield" : 0,
						"saveState" : 157,
						"restoreState" : 157,
						"isEOF" : 1,
						"transformBy" : {
							"_id" : 1,
							"c_name" : 1,
							"orders.o_orderdate" : 1
						},
						"inputStage" : {
							"stage" : "COLLSCAN",
							"nReturned" : 150000,
							"executionTimeMillisEstimate" : 32,
							"works" : 150002,
							"advanced" : 150000,
							"needTime" : 1,
							"needYield" : 0,
							"saveState" : 157,
							"restoreState" : 157,
							"isEOF" : 1,
							"direction" : "forward",
							"docsExamined" : 150000
						}
					},
					"allPlansExecution" : [ ]
				}
			},
			"nReturned" : NumberLong(150000),
			"executionTimeMillisEstimate" : NumberLong(301)
		},
		{
			"$lookup" : {
				"from" : "orders",
				"as" : "orders",
				"localField" : "_id",
				"foreignField" : "o_custkey",
				"unwinding" : {
					"preserveNullAndEmptyArrays" : false
				}
			},
			"nReturned" : NumberLong(1500000),
			"executionTimeMillisEstimate" : NumberLong(25407)
		},
		{
			"$project" : {
				"_id" : true,
				"c_name" : true,
				"o_orderdate" : "$orders.o_orderdate"
			},
			"nReturned" : NumberLong(1500000),
			"executionTimeMillisEstimate" : NumberLong(25495)
		}
	],
	"serverInfo" : {
		"host" : "mt-mongo-2",
		"port" : 27012,
		"version" : "4.4.10",
		"gitVersion" : "58971da1ef93435a9f62bf4708a81713def6e88c"
	},
	"ok" : 1,
	"$clusterTime" : {
		"clusterTime" : Timestamp(1639530982, 1),
		"signature" : {
			"hash" : BinData(0,"AAAAAAAAAAAAAAAAAAAAAAAAAAA="),
			"keyId" : NumberLong(0)
		}
	},
	"operationTime" : Timestamp(1639530982, 1)
}


MongoDB shell version v4.4.10
connecting to: mongodb://mt-mongo-1:27011,mt-mongo-2:27012,mt-mongo-3:27013/?compressors=disabled&gssapiServiceName=mongodb&replicaSet=mt-exp-rs-001
Implicit session: session { "id" : UUID("132e5a4c-6a7f-4969-9998-65da0f0095d9") }
MongoDB server version: 4.4.10
{
	"stages" : [
		{
			"$cursor" : {
				"queryPlanner" : {
					"plannerVersion" : 1,
					"namespace" : "tpch_mongo_3c.customer",
					"indexFilterSet" : false,
					"parsedQuery" : {
						
					},
					"queryHash" : "DDE43694",
					"planCacheKey" : "DDE43694",
					"winningPlan" : {
						"stage" : "PROJECTION_DEFAULT",
						"transformBy" : {
							"_id" : 1,
							"c_name" : 1,
							"orders.o_orderdate" : 1
						},
						"inputStage" : {
							"stage" : "COLLSCAN",
							"direction" : "forward"
						}
					},
					"rejectedPlans" : [ ]
				},
				"executionStats" : {
					"executionSuccess" : true,
					"nReturned" : 150000,
					"executionTimeMillis" : 23649,
					"totalKeysExamined" : 0,
					"totalDocsExamined" : 150000,
					"executionStages" : {
						"stage" : "PROJECTION_DEFAULT",
						"nReturned" : 150000,
						"executionTimeMillisEstimate" : 47,
						"works" : 150002,
						"advanced" : 150000,
						"needTime" : 1,
						"needYield" : 0,
						"saveState" : 157,
						"restoreState" : 157,
						"isEOF" : 1,
						"transformBy" : {
							"_id" : 1,
							"c_name" : 1,
							"orders.o_orderdate" : 1
						},
						"inputStage" : {
							"stage" : "COLLSCAN",
							"nReturned" : 150000,
							"executionTimeMillisEstimate" : 32,
							"works" : 150002,
							"advanced" : 150000,
							"needTime" : 1,
							"needYield" : 0,
							"saveState" : 157,
							"restoreState" : 157,
							"isEOF" : 1,
							"direction" : "forward",
							"docsExamined" : 150000
						}
					},
					"allPlansExecution" : [ ]
				}
			},
			"nReturned" : NumberLong(150000),
			"executionTimeMillisEstimate" : NumberLong(263)
		},
		{
			"$lookup" : {
				"from" : "orders",
				"as" : "orders",
				"localField" : "_id",
				"foreignField" : "o_custkey",
				"unwinding" : {
					"preserveNullAndEmptyArrays" : false
				}
			},
			"nReturned" : NumberLong(1500000),
			"executionTimeMillisEstimate" : NumberLong(23543)
		},
		{
			"$project" : {
				"_id" : true,
				"c_name" : true,
				"o_orderdate" : "$orders.o_orderdate"
			},
			"nReturned" : NumberLong(1500000),
			"executionTimeMillisEstimate" : NumberLong(23630)
		}
	],
	"serverInfo" : {
		"host" : "mt-mongo-3",
		"port" : 27013,
		"version" : "4.4.10",
		"gitVersion" : "58971da1ef93435a9f62bf4708a81713def6e88c"
	},
	"ok" : 1,
	"$clusterTime" : {
		"clusterTime" : Timestamp(1639531044, 1),
		"signature" : {
			"hash" : BinData(0,"AAAAAAAAAAAAAAAAAAAAAAAAAAA="),
			"keyId" : NumberLong(0)
		}
	},
	"operationTime" : Timestamp(1639531044, 1)
}


MongoDB shell version v4.4.10
connecting to: mongodb://mt-mongo-1:27011,mt-mongo-2:27012,mt-mongo-3:27013/?compressors=disabled&gssapiServiceName=mongodb&replicaSet=mt-exp-rs-001
Implicit session: session { "id" : UUID("db44cd4c-c005-4859-b194-d15e689e8e9e") }
MongoDB server version: 4.4.10
{
	"stages" : [
		{
			"$cursor" : {
				"queryPlanner" : {
					"plannerVersion" : 1,
					"namespace" : "tpch_mongo_3c.customer",
					"indexFilterSet" : false,
					"parsedQuery" : {
						
					},
					"queryHash" : "DDE43694",
					"planCacheKey" : "DDE43694",
					"winningPlan" : {
						"stage" : "PROJECTION_DEFAULT",
						"transformBy" : {
							"_id" : 1,
							"c_name" : 1,
							"orders.o_orderdate" : 1
						},
						"inputStage" : {
							"stage" : "COLLSCAN",
							"direction" : "forward"
						}
					},
					"rejectedPlans" : [ ]
				},
				"executionStats" : {
					"executionSuccess" : true,
					"nReturned" : 150000,
					"executionTimeMillis" : 26288,
					"totalKeysExamined" : 0,
					"totalDocsExamined" : 150000,
					"executionStages" : {
						"stage" : "PROJECTION_DEFAULT",
						"nReturned" : 150000,
						"executionTimeMillisEstimate" : 53,
						"works" : 150002,
						"advanced" : 150000,
						"needTime" : 1,
						"needYield" : 0,
						"saveState" : 157,
						"restoreState" : 157,
						"isEOF" : 1,
						"transformBy" : {
							"_id" : 1,
							"c_name" : 1,
							"orders.o_orderdate" : 1
						},
						"inputStage" : {
							"stage" : "COLLSCAN",
							"nReturned" : 150000,
							"executionTimeMillisEstimate" : 31,
							"works" : 150002,
							"advanced" : 150000,
							"needTime" : 1,
							"needYield" : 0,
							"saveState" : 157,
							"restoreState" : 157,
							"isEOF" : 1,
							"direction" : "forward",
							"docsExamined" : 150000
						}
					},
					"allPlansExecution" : [ ]
				}
			},
			"nReturned" : NumberLong(150000),
			"executionTimeMillisEstimate" : NumberLong(317)
		},
		{
			"$lookup" : {
				"from" : "orders",
				"as" : "orders",
				"localField" : "_id",
				"foreignField" : "o_custkey",
				"unwinding" : {
					"preserveNullAndEmptyArrays" : false
				}
			},
			"nReturned" : NumberLong(1500000),
			"executionTimeMillisEstimate" : NumberLong(26107)
		},
		{
			"$project" : {
				"_id" : true,
				"c_name" : true,
				"o_orderdate" : "$orders.o_orderdate"
			},
			"nReturned" : NumberLong(1500000),
			"executionTimeMillisEstimate" : NumberLong(26248)
		}
	],
	"serverInfo" : {
		"host" : "mt-mongo-2",
		"port" : 27012,
		"version" : "4.4.10",
		"gitVersion" : "58971da1ef93435a9f62bf4708a81713def6e88c"
	},
	"ok" : 1,
	"$clusterTime" : {
		"clusterTime" : Timestamp(1639531115, 1),
		"signature" : {
			"hash" : BinData(0,"AAAAAAAAAAAAAAAAAAAAAAAAAAA="),
			"keyId" : NumberLong(0)
		}
	},
	"operationTime" : Timestamp(1639531115, 1)
}


MongoDB shell version v4.4.10
connecting to: mongodb://mt-mongo-1:27011,mt-mongo-2:27012,mt-mongo-3:27013/?compressors=disabled&gssapiServiceName=mongodb&replicaSet=mt-exp-rs-001
Implicit session: session { "id" : UUID("13bd8521-7648-4cb9-bf59-d5972d952b93") }
MongoDB server version: 4.4.10
{
	"stages" : [
		{
			"$cursor" : {
				"queryPlanner" : {
					"plannerVersion" : 1,
					"namespace" : "tpch_mongo_3c.customer",
					"indexFilterSet" : false,
					"parsedQuery" : {
						
					},
					"queryHash" : "DDE43694",
					"planCacheKey" : "DDE43694",
					"winningPlan" : {
						"stage" : "PROJECTION_DEFAULT",
						"transformBy" : {
							"_id" : 1,
							"c_name" : 1,
							"orders.o_orderdate" : 1
						},
						"inputStage" : {
							"stage" : "COLLSCAN",
							"direction" : "forward"
						}
					},
					"rejectedPlans" : [ ]
				},
				"executionStats" : {
					"executionSuccess" : true,
					"nReturned" : 150000,
					"executionTimeMillis" : 25944,
					"totalKeysExamined" : 0,
					"totalDocsExamined" : 150000,
					"executionStages" : {
						"stage" : "PROJECTION_DEFAULT",
						"nReturned" : 150000,
						"executionTimeMillisEstimate" : 45,
						"works" : 150002,
						"advanced" : 150000,
						"needTime" : 1,
						"needYield" : 0,
						"saveState" : 157,
						"restoreState" : 157,
						"isEOF" : 1,
						"transformBy" : {
							"_id" : 1,
							"c_name" : 1,
							"orders.o_orderdate" : 1
						},
						"inputStage" : {
							"stage" : "COLLSCAN",
							"nReturned" : 150000,
							"executionTimeMillisEstimate" : 30,
							"works" : 150002,
							"advanced" : 150000,
							"needTime" : 1,
							"needYield" : 0,
							"saveState" : 157,
							"restoreState" : 157,
							"isEOF" : 1,
							"direction" : "forward",
							"docsExamined" : 150000
						}
					},
					"allPlansExecution" : [ ]
				}
			},
			"nReturned" : NumberLong(150000),
			"executionTimeMillisEstimate" : NumberLong(298)
		},
		{
			"$lookup" : {
				"from" : "orders",
				"as" : "orders",
				"localField" : "_id",
				"foreignField" : "o_custkey",
				"unwinding" : {
					"preserveNullAndEmptyArrays" : false
				}
			},
			"nReturned" : NumberLong(1500000),
			"executionTimeMillisEstimate" : NumberLong(25799)
		},
		{
			"$project" : {
				"_id" : true,
				"c_name" : true,
				"o_orderdate" : "$orders.o_orderdate"
			},
			"nReturned" : NumberLong(1500000),
			"executionTimeMillisEstimate" : NumberLong(25905)
		}
	],
	"serverInfo" : {
		"host" : "mt-mongo-2",
		"port" : 27012,
		"version" : "4.4.10",
		"gitVersion" : "58971da1ef93435a9f62bf4708a81713def6e88c"
	},
	"ok" : 1,
	"$clusterTime" : {
		"clusterTime" : Timestamp(1639531184, 1),
		"signature" : {
			"hash" : BinData(0,"AAAAAAAAAAAAAAAAAAAAAAAAAAA="),
			"keyId" : NumberLong(0)
		}
	},
	"operationTime" : Timestamp(1639531184, 1)
}


