You are now connected to database "tpch" as user "postgres".
SET
                                                   QUERY PLAN                                                    
-----------------------------------------------------------------------------------------------------------------
 Seq Scan on customer  (cost=0.00..5460.00 rows=13407 width=159) (actual time=0.245..175.715 rows=13559 loops=1)
   Filter: (c_acctbal < '-10'::numeric)
   Rows Removed by Filter: 136441
 Planning Time: 6.715 ms
 Execution Time: 177.242 ms
(5 rows)



You are now connected to database "tpch" as user "postgres".
SET
                                                   QUERY PLAN                                                    
-----------------------------------------------------------------------------------------------------------------
 Seq Scan on customer  (cost=0.00..5460.00 rows=13407 width=159) (actual time=0.443..156.336 rows=13559 loops=1)
   Filter: (c_acctbal < '-10'::numeric)
   Rows Removed by Filter: 136441
 Planning Time: 8.410 ms
 Execution Time: 158.099 ms
(5 rows)



You are now connected to database "tpch" as user "postgres".
SET
                                                   QUERY PLAN                                                   
----------------------------------------------------------------------------------------------------------------
 Seq Scan on customer  (cost=0.00..5460.00 rows=13407 width=159) (actual time=0.298..98.484 rows=13559 loops=1)
   Filter: (c_acctbal < '-10'::numeric)
   Rows Removed by Filter: 136441
 Planning Time: 6.700 ms
 Execution Time: 99.989 ms
(5 rows)



You are now connected to database "tpch" as user "postgres".
SET
                                                   QUERY PLAN                                                    
-----------------------------------------------------------------------------------------------------------------
 Seq Scan on customer  (cost=0.00..5460.00 rows=13407 width=159) (actual time=0.358..146.023 rows=13559 loops=1)
   Filter: (c_acctbal < '-10'::numeric)
   Rows Removed by Filter: 136441
 Planning Time: 8.170 ms
 Execution Time: 147.781 ms
(5 rows)



You are now connected to database "tpch" as user "postgres".
SET
                                                   QUERY PLAN                                                   
----------------------------------------------------------------------------------------------------------------
 Seq Scan on customer  (cost=0.00..5460.00 rows=13407 width=159) (actual time=0.384..92.878 rows=13559 loops=1)
   Filter: (c_acctbal < '-10'::numeric)
   Rows Removed by Filter: 136441
 Planning Time: 3.096 ms
 Execution Time: 94.196 ms
(5 rows)



