MongoDB shell version v4.4.10
connecting to: mongodb://mt-mongo-1:27011,mt-mongo-2:27012,mt-mongo-3:27013/?compressors=disabled&gssapiServiceName=mongodb&replicaSet=mt-exp-rs-001
Implicit session: session { "id" : UUID("a52c8b64-cea1-4eba-965e-ae16c36087a8") }
MongoDB server version: 4.4.10
{
	"stages" : [
		{
			"$cursor" : {
				"queryPlanner" : {
					"plannerVersion" : 1,
					"namespace" : "tpch_mongo_3c.customer",
					"indexFilterSet" : false,
					"parsedQuery" : {
						"c_acctbal" : {
							"$gt" : 0
						}
					},
					"queryHash" : "B4A855D2",
					"planCacheKey" : "51AA827D",
					"winningPlan" : {
						"stage" : "PROJECTION_DEFAULT",
						"transformBy" : {
							"_id" : true,
							"c_acctbal" : true,
							"cntrycode" : {
								"$substrBytes" : [
									"$c_phone",
									{
										"$const" : 0
									},
									{
										"$const" : 2
									}
								]
							}
						},
						"inputStage" : {
							"stage" : "FETCH",
							"inputStage" : {
								"stage" : "IXSCAN",
								"keyPattern" : {
									"c_acctbal" : 1
								},
								"indexName" : "idx_acctbal",
								"isMultiKey" : false,
								"multiKeyPaths" : {
									"c_acctbal" : [ ]
								},
								"isUnique" : false,
								"isSparse" : false,
								"isPartial" : false,
								"indexVersion" : 2,
								"direction" : "forward",
								"indexBounds" : {
									"c_acctbal" : [
										"(0.0, inf.0]"
									]
								}
							}
						}
					},
					"rejectedPlans" : [ ]
				},
				"executionStats" : {
					"executionSuccess" : true,
					"nReturned" : 136308,
					"executionTimeMillis" : 23724,
					"totalKeysExamined" : 136308,
					"totalDocsExamined" : 136308,
					"executionStages" : {
						"stage" : "PROJECTION_DEFAULT",
						"nReturned" : 136308,
						"executionTimeMillisEstimate" : 349,
						"works" : 136309,
						"advanced" : 136308,
						"needTime" : 0,
						"needYield" : 0,
						"saveState" : 150,
						"restoreState" : 150,
						"isEOF" : 1,
						"transformBy" : {
							"_id" : true,
							"c_acctbal" : true,
							"cntrycode" : {
								"$substrBytes" : [
									"$c_phone",
									{
										"$const" : 0
									},
									{
										"$const" : 2
									}
								]
							}
						},
						"inputStage" : {
							"stage" : "FETCH",
							"nReturned" : 136308,
							"executionTimeMillisEstimate" : 251,
							"works" : 136309,
							"advanced" : 136308,
							"needTime" : 0,
							"needYield" : 0,
							"saveState" : 150,
							"restoreState" : 150,
							"isEOF" : 1,
							"docsExamined" : 136308,
							"alreadyHasObj" : 0,
							"inputStage" : {
								"stage" : "IXSCAN",
								"nReturned" : 136308,
								"executionTimeMillisEstimate" : 48,
								"works" : 136309,
								"advanced" : 136308,
								"needTime" : 0,
								"needYield" : 0,
								"saveState" : 150,
								"restoreState" : 150,
								"isEOF" : 1,
								"keyPattern" : {
									"c_acctbal" : 1
								},
								"indexName" : "idx_acctbal",
								"isMultiKey" : false,
								"multiKeyPaths" : {
									"c_acctbal" : [ ]
								},
								"isUnique" : false,
								"isSparse" : false,
								"isPartial" : false,
								"indexVersion" : 2,
								"direction" : "forward",
								"indexBounds" : {
									"c_acctbal" : [
										"(0.0, inf.0]"
									]
								},
								"keysExamined" : 136308,
								"seeks" : 1,
								"dupsTested" : 0,
								"dupsDropped" : 0
							}
						}
					},
					"allPlansExecution" : [ ]
				}
			},
			"nReturned" : NumberLong(136308),
			"executionTimeMillisEstimate" : NumberLong(897)
		},
		{
			"$match" : {
				"cntrycode" : {
					"$in" : [
						"10",
						"15",
						"17",
						"21",
						"22",
						"25",
						"30"
					]
				}
			},
			"nReturned" : NumberLong(37676),
			"executionTimeMillisEstimate" : NumberLong(927)
		},
		{
			"$group" : {
				"_id" : {
					"$const" : null
				},
				"c_acctbal_avg" : {
					"$avg" : "$c_acctbal"
				}
			},
			"nReturned" : NumberLong(1),
			"executionTimeMillisEstimate" : NumberLong(936)
		},
		{
			"$project" : {
				"c_acctbal_avg" : true,
				"_id" : false
			},
			"nReturned" : NumberLong(1),
			"executionTimeMillisEstimate" : NumberLong(936)
		},
		{
			"$lookup" : {
				"from" : "customer",
				"as" : "c_acctbals",
				"let" : {
					
				},
				"pipeline" : [
					{
						"$lookup" : {
							"from" : "orders",
							"localField" : "_id",
							"foreignField" : "o_custkey",
							"as" : "c_orders"
						}
					},
					{
						"$match" : {
							"c_acctbal" : {
								"$gt" : 0
							},
							"c_orders" : {
								"$eq" : [ ]
							}
						}
					},
					{
						"$project" : {
							"_id" : 0,
							"c_acctbal" : 1,
							"cntrycode" : {
								"$substr" : [
									"$c_phone",
									0,
									2
								]
							}
						}
					},
					{
						"$match" : {
							"cntrycode" : {
								"$in" : [
									"30",
									"17",
									"25",
									"10",
									"22",
									"15",
									"21"
								]
							}
						}
					}
				],
				"unwinding" : {
					"preserveNullAndEmptyArrays" : false
				}
			},
			"nReturned" : NumberLong(12568),
			"executionTimeMillisEstimate" : NumberLong(23720)
		},
		{
			"$match" : {
				"$expr" : {
					"$gt" : [
						"$c_acctbals.c_acctbal",
						"$c_acctbal_avg"
					]
				}
			},
			"nReturned" : NumberLong(6281),
			"executionTimeMillisEstimate" : NumberLong(23722)
		},
		{
			"$group" : {
				"_id" : "$c_acctbals.cntrycode",
				"numcust" : {
					"$sum" : {
						"$const" : 1
					}
				},
				"totacctbal" : {
					"$sum" : "$c_acctbals.c_acctbal"
				}
			},
			"nReturned" : NumberLong(7),
			"executionTimeMillisEstimate" : NumberLong(23722)
		},
		{
			"$sort" : {
				"sortKey" : {
					"_id" : 1
				}
			},
			"nReturned" : NumberLong(7),
			"executionTimeMillisEstimate" : NumberLong(23722)
		}
	],
	"serverInfo" : {
		"host" : "mt-mongo-2",
		"port" : 27012,
		"version" : "4.4.10",
		"gitVersion" : "58971da1ef93435a9f62bf4708a81713def6e88c"
	},
	"ok" : 1,
	"$clusterTime" : {
		"clusterTime" : Timestamp(1639021610, 1),
		"signature" : {
			"hash" : BinData(0,"AAAAAAAAAAAAAAAAAAAAAAAAAAA="),
			"keyId" : NumberLong(0)
		}
	},
	"operationTime" : Timestamp(1639021610, 1)
}


MongoDB shell version v4.4.10
connecting to: mongodb://mt-mongo-1:27011,mt-mongo-2:27012,mt-mongo-3:27013/?compressors=disabled&gssapiServiceName=mongodb&replicaSet=mt-exp-rs-001
Implicit session: session { "id" : UUID("3fcb8173-fb64-499c-acd5-3860ee8e0e28") }
MongoDB server version: 4.4.10
{
	"stages" : [
		{
			"$cursor" : {
				"queryPlanner" : {
					"plannerVersion" : 1,
					"namespace" : "tpch_mongo_3c.customer",
					"indexFilterSet" : false,
					"parsedQuery" : {
						"c_acctbal" : {
							"$gt" : 0
						}
					},
					"queryHash" : "B4A855D2",
					"planCacheKey" : "51AA827D",
					"winningPlan" : {
						"stage" : "PROJECTION_DEFAULT",
						"transformBy" : {
							"_id" : true,
							"c_acctbal" : true,
							"cntrycode" : {
								"$substrBytes" : [
									"$c_phone",
									{
										"$const" : 0
									},
									{
										"$const" : 2
									}
								]
							}
						},
						"inputStage" : {
							"stage" : "FETCH",
							"inputStage" : {
								"stage" : "IXSCAN",
								"keyPattern" : {
									"c_acctbal" : 1
								},
								"indexName" : "idx_acctbal",
								"isMultiKey" : false,
								"multiKeyPaths" : {
									"c_acctbal" : [ ]
								},
								"isUnique" : false,
								"isSparse" : false,
								"isPartial" : false,
								"indexVersion" : 2,
								"direction" : "forward",
								"indexBounds" : {
									"c_acctbal" : [
										"(0.0, inf.0]"
									]
								}
							}
						}
					},
					"rejectedPlans" : [ ]
				},
				"executionStats" : {
					"executionSuccess" : true,
					"nReturned" : 136308,
					"executionTimeMillis" : 24135,
					"totalKeysExamined" : 136308,
					"totalDocsExamined" : 136308,
					"executionStages" : {
						"stage" : "PROJECTION_DEFAULT",
						"nReturned" : 136308,
						"executionTimeMillisEstimate" : 299,
						"works" : 136309,
						"advanced" : 136308,
						"needTime" : 0,
						"needYield" : 0,
						"saveState" : 148,
						"restoreState" : 148,
						"isEOF" : 1,
						"transformBy" : {
							"_id" : true,
							"c_acctbal" : true,
							"cntrycode" : {
								"$substrBytes" : [
									"$c_phone",
									{
										"$const" : 0
									},
									{
										"$const" : 2
									}
								]
							}
						},
						"inputStage" : {
							"stage" : "FETCH",
							"nReturned" : 136308,
							"executionTimeMillisEstimate" : 202,
							"works" : 136309,
							"advanced" : 136308,
							"needTime" : 0,
							"needYield" : 0,
							"saveState" : 148,
							"restoreState" : 148,
							"isEOF" : 1,
							"docsExamined" : 136308,
							"alreadyHasObj" : 0,
							"inputStage" : {
								"stage" : "IXSCAN",
								"nReturned" : 136308,
								"executionTimeMillisEstimate" : 62,
								"works" : 136309,
								"advanced" : 136308,
								"needTime" : 0,
								"needYield" : 0,
								"saveState" : 148,
								"restoreState" : 148,
								"isEOF" : 1,
								"keyPattern" : {
									"c_acctbal" : 1
								},
								"indexName" : "idx_acctbal",
								"isMultiKey" : false,
								"multiKeyPaths" : {
									"c_acctbal" : [ ]
								},
								"isUnique" : false,
								"isSparse" : false,
								"isPartial" : false,
								"indexVersion" : 2,
								"direction" : "forward",
								"indexBounds" : {
									"c_acctbal" : [
										"(0.0, inf.0]"
									]
								},
								"keysExamined" : 136308,
								"seeks" : 1,
								"dupsTested" : 0,
								"dupsDropped" : 0
							}
						}
					},
					"allPlansExecution" : [ ]
				}
			},
			"nReturned" : NumberLong(136308),
			"executionTimeMillisEstimate" : NumberLong(817)
		},
		{
			"$match" : {
				"cntrycode" : {
					"$in" : [
						"10",
						"15",
						"17",
						"21",
						"22",
						"25",
						"30"
					]
				}
			},
			"nReturned" : NumberLong(37676),
			"executionTimeMillisEstimate" : NumberLong(865)
		},
		{
			"$group" : {
				"_id" : {
					"$const" : null
				},
				"c_acctbal_avg" : {
					"$avg" : "$c_acctbal"
				}
			},
			"nReturned" : NumberLong(1),
			"executionTimeMillisEstimate" : NumberLong(870)
		},
		{
			"$project" : {
				"c_acctbal_avg" : true,
				"_id" : false
			},
			"nReturned" : NumberLong(1),
			"executionTimeMillisEstimate" : NumberLong(870)
		},
		{
			"$lookup" : {
				"from" : "customer",
				"as" : "c_acctbals",
				"let" : {
					
				},
				"pipeline" : [
					{
						"$lookup" : {
							"from" : "orders",
							"localField" : "_id",
							"foreignField" : "o_custkey",
							"as" : "c_orders"
						}
					},
					{
						"$match" : {
							"c_acctbal" : {
								"$gt" : 0
							},
							"c_orders" : {
								"$eq" : [ ]
							}
						}
					},
					{
						"$project" : {
							"_id" : 0,
							"c_acctbal" : 1,
							"cntrycode" : {
								"$substr" : [
									"$c_phone",
									0,
									2
								]
							}
						}
					},
					{
						"$match" : {
							"cntrycode" : {
								"$in" : [
									"30",
									"17",
									"25",
									"10",
									"22",
									"15",
									"21"
								]
							}
						}
					}
				],
				"unwinding" : {
					"preserveNullAndEmptyArrays" : false
				}
			},
			"nReturned" : NumberLong(12568),
			"executionTimeMillisEstimate" : NumberLong(24132)
		},
		{
			"$match" : {
				"$expr" : {
					"$gt" : [
						"$c_acctbals.c_acctbal",
						"$c_acctbal_avg"
					]
				}
			},
			"nReturned" : NumberLong(6281),
			"executionTimeMillisEstimate" : NumberLong(24134)
		},
		{
			"$group" : {
				"_id" : "$c_acctbals.cntrycode",
				"numcust" : {
					"$sum" : {
						"$const" : 1
					}
				},
				"totacctbal" : {
					"$sum" : "$c_acctbals.c_acctbal"
				}
			},
			"nReturned" : NumberLong(7),
			"executionTimeMillisEstimate" : NumberLong(24134)
		},
		{
			"$sort" : {
				"sortKey" : {
					"_id" : 1
				}
			},
			"nReturned" : NumberLong(7),
			"executionTimeMillisEstimate" : NumberLong(24134)
		}
	],
	"serverInfo" : {
		"host" : "mt-mongo-2",
		"port" : 27012,
		"version" : "4.4.10",
		"gitVersion" : "58971da1ef93435a9f62bf4708a81713def6e88c"
	},
	"ok" : 1,
	"$clusterTime" : {
		"clusterTime" : Timestamp(1639021713, 1),
		"signature" : {
			"hash" : BinData(0,"AAAAAAAAAAAAAAAAAAAAAAAAAAA="),
			"keyId" : NumberLong(0)
		}
	},
	"operationTime" : Timestamp(1639021713, 1)
}


MongoDB shell version v4.4.10
connecting to: mongodb://mt-mongo-1:27011,mt-mongo-2:27012,mt-mongo-3:27013/?compressors=disabled&gssapiServiceName=mongodb&replicaSet=mt-exp-rs-001
Implicit session: session { "id" : UUID("5071b686-4500-4525-b899-1dcfaa275262") }
MongoDB server version: 4.4.10
{
	"stages" : [
		{
			"$cursor" : {
				"queryPlanner" : {
					"plannerVersion" : 1,
					"namespace" : "tpch_mongo_3c.customer",
					"indexFilterSet" : false,
					"parsedQuery" : {
						"c_acctbal" : {
							"$gt" : 0
						}
					},
					"queryHash" : "B4A855D2",
					"planCacheKey" : "51AA827D",
					"winningPlan" : {
						"stage" : "PROJECTION_DEFAULT",
						"transformBy" : {
							"_id" : true,
							"c_acctbal" : true,
							"cntrycode" : {
								"$substrBytes" : [
									"$c_phone",
									{
										"$const" : 0
									},
									{
										"$const" : 2
									}
								]
							}
						},
						"inputStage" : {
							"stage" : "FETCH",
							"inputStage" : {
								"stage" : "IXSCAN",
								"keyPattern" : {
									"c_acctbal" : 1
								},
								"indexName" : "idx_acctbal",
								"isMultiKey" : false,
								"multiKeyPaths" : {
									"c_acctbal" : [ ]
								},
								"isUnique" : false,
								"isSparse" : false,
								"isPartial" : false,
								"indexVersion" : 2,
								"direction" : "forward",
								"indexBounds" : {
									"c_acctbal" : [
										"(0.0, inf.0]"
									]
								}
							}
						}
					},
					"rejectedPlans" : [ ]
				},
				"executionStats" : {
					"executionSuccess" : true,
					"nReturned" : 136308,
					"executionTimeMillis" : 23214,
					"totalKeysExamined" : 136308,
					"totalDocsExamined" : 136308,
					"executionStages" : {
						"stage" : "PROJECTION_DEFAULT",
						"nReturned" : 136308,
						"executionTimeMillisEstimate" : 339,
						"works" : 136309,
						"advanced" : 136308,
						"needTime" : 0,
						"needYield" : 0,
						"saveState" : 150,
						"restoreState" : 150,
						"isEOF" : 1,
						"transformBy" : {
							"_id" : true,
							"c_acctbal" : true,
							"cntrycode" : {
								"$substrBytes" : [
									"$c_phone",
									{
										"$const" : 0
									},
									{
										"$const" : 2
									}
								]
							}
						},
						"inputStage" : {
							"stage" : "FETCH",
							"nReturned" : 136308,
							"executionTimeMillisEstimate" : 226,
							"works" : 136309,
							"advanced" : 136308,
							"needTime" : 0,
							"needYield" : 0,
							"saveState" : 150,
							"restoreState" : 150,
							"isEOF" : 1,
							"docsExamined" : 136308,
							"alreadyHasObj" : 0,
							"inputStage" : {
								"stage" : "IXSCAN",
								"nReturned" : 136308,
								"executionTimeMillisEstimate" : 25,
								"works" : 136309,
								"advanced" : 136308,
								"needTime" : 0,
								"needYield" : 0,
								"saveState" : 150,
								"restoreState" : 150,
								"isEOF" : 1,
								"keyPattern" : {
									"c_acctbal" : 1
								},
								"indexName" : "idx_acctbal",
								"isMultiKey" : false,
								"multiKeyPaths" : {
									"c_acctbal" : [ ]
								},
								"isUnique" : false,
								"isSparse" : false,
								"isPartial" : false,
								"indexVersion" : 2,
								"direction" : "forward",
								"indexBounds" : {
									"c_acctbal" : [
										"(0.0, inf.0]"
									]
								},
								"keysExamined" : 136308,
								"seeks" : 1,
								"dupsTested" : 0,
								"dupsDropped" : 0
							}
						}
					},
					"allPlansExecution" : [ ]
				}
			},
			"nReturned" : NumberLong(136308),
			"executionTimeMillisEstimate" : NumberLong(862)
		},
		{
			"$match" : {
				"cntrycode" : {
					"$in" : [
						"10",
						"15",
						"17",
						"21",
						"22",
						"25",
						"30"
					]
				}
			},
			"nReturned" : NumberLong(37676),
			"executionTimeMillisEstimate" : NumberLong(907)
		},
		{
			"$group" : {
				"_id" : {
					"$const" : null
				},
				"c_acctbal_avg" : {
					"$avg" : "$c_acctbal"
				}
			},
			"nReturned" : NumberLong(1),
			"executionTimeMillisEstimate" : NumberLong(908)
		},
		{
			"$project" : {
				"c_acctbal_avg" : true,
				"_id" : false
			},
			"nReturned" : NumberLong(1),
			"executionTimeMillisEstimate" : NumberLong(908)
		},
		{
			"$lookup" : {
				"from" : "customer",
				"as" : "c_acctbals",
				"let" : {
					
				},
				"pipeline" : [
					{
						"$lookup" : {
							"from" : "orders",
							"localField" : "_id",
							"foreignField" : "o_custkey",
							"as" : "c_orders"
						}
					},
					{
						"$match" : {
							"c_acctbal" : {
								"$gt" : 0
							},
							"c_orders" : {
								"$eq" : [ ]
							}
						}
					},
					{
						"$project" : {
							"_id" : 0,
							"c_acctbal" : 1,
							"cntrycode" : {
								"$substr" : [
									"$c_phone",
									0,
									2
								]
							}
						}
					},
					{
						"$match" : {
							"cntrycode" : {
								"$in" : [
									"30",
									"17",
									"25",
									"10",
									"22",
									"15",
									"21"
								]
							}
						}
					}
				],
				"unwinding" : {
					"preserveNullAndEmptyArrays" : false
				}
			},
			"nReturned" : NumberLong(12568),
			"executionTimeMillisEstimate" : NumberLong(23211)
		},
		{
			"$match" : {
				"$expr" : {
					"$gt" : [
						"$c_acctbals.c_acctbal",
						"$c_acctbal_avg"
					]
				}
			},
			"nReturned" : NumberLong(6281),
			"executionTimeMillisEstimate" : NumberLong(23212)
		},
		{
			"$group" : {
				"_id" : "$c_acctbals.cntrycode",
				"numcust" : {
					"$sum" : {
						"$const" : 1
					}
				},
				"totacctbal" : {
					"$sum" : "$c_acctbals.c_acctbal"
				}
			},
			"nReturned" : NumberLong(7),
			"executionTimeMillisEstimate" : NumberLong(23212)
		},
		{
			"$sort" : {
				"sortKey" : {
					"_id" : 1
				}
			},
			"nReturned" : NumberLong(7),
			"executionTimeMillisEstimate" : NumberLong(23212)
		}
	],
	"serverInfo" : {
		"host" : "mt-mongo-3",
		"port" : 27013,
		"version" : "4.4.10",
		"gitVersion" : "58971da1ef93435a9f62bf4708a81713def6e88c"
	},
	"ok" : 1,
	"$clusterTime" : {
		"clusterTime" : Timestamp(1639021790, 1),
		"signature" : {
			"hash" : BinData(0,"AAAAAAAAAAAAAAAAAAAAAAAAAAA="),
			"keyId" : NumberLong(0)
		}
	},
	"operationTime" : Timestamp(1639021790, 1)
}


MongoDB shell version v4.4.10
connecting to: mongodb://mt-mongo-1:27011,mt-mongo-2:27012,mt-mongo-3:27013/?compressors=disabled&gssapiServiceName=mongodb&replicaSet=mt-exp-rs-001
Implicit session: session { "id" : UUID("fbba28f1-40d2-40f2-a11a-f2b6ada0750a") }
MongoDB server version: 4.4.10
{
	"stages" : [
		{
			"$cursor" : {
				"queryPlanner" : {
					"plannerVersion" : 1,
					"namespace" : "tpch_mongo_3c.customer",
					"indexFilterSet" : false,
					"parsedQuery" : {
						"c_acctbal" : {
							"$gt" : 0
						}
					},
					"queryHash" : "B4A855D2",
					"planCacheKey" : "51AA827D",
					"winningPlan" : {
						"stage" : "PROJECTION_DEFAULT",
						"transformBy" : {
							"_id" : true,
							"c_acctbal" : true,
							"cntrycode" : {
								"$substrBytes" : [
									"$c_phone",
									{
										"$const" : 0
									},
									{
										"$const" : 2
									}
								]
							}
						},
						"inputStage" : {
							"stage" : "FETCH",
							"inputStage" : {
								"stage" : "IXSCAN",
								"keyPattern" : {
									"c_acctbal" : 1
								},
								"indexName" : "idx_acctbal",
								"isMultiKey" : false,
								"multiKeyPaths" : {
									"c_acctbal" : [ ]
								},
								"isUnique" : false,
								"isSparse" : false,
								"isPartial" : false,
								"indexVersion" : 2,
								"direction" : "forward",
								"indexBounds" : {
									"c_acctbal" : [
										"(0.0, inf.0]"
									]
								}
							}
						}
					},
					"rejectedPlans" : [ ]
				},
				"executionStats" : {
					"executionSuccess" : true,
					"nReturned" : 136308,
					"executionTimeMillis" : 21792,
					"totalKeysExamined" : 136308,
					"totalDocsExamined" : 136308,
					"executionStages" : {
						"stage" : "PROJECTION_DEFAULT",
						"nReturned" : 136308,
						"executionTimeMillisEstimate" : 310,
						"works" : 136309,
						"advanced" : 136308,
						"needTime" : 0,
						"needYield" : 0,
						"saveState" : 148,
						"restoreState" : 148,
						"isEOF" : 1,
						"transformBy" : {
							"_id" : true,
							"c_acctbal" : true,
							"cntrycode" : {
								"$substrBytes" : [
									"$c_phone",
									{
										"$const" : 0
									},
									{
										"$const" : 2
									}
								]
							}
						},
						"inputStage" : {
							"stage" : "FETCH",
							"nReturned" : 136308,
							"executionTimeMillisEstimate" : 206,
							"works" : 136309,
							"advanced" : 136308,
							"needTime" : 0,
							"needYield" : 0,
							"saveState" : 148,
							"restoreState" : 148,
							"isEOF" : 1,
							"docsExamined" : 136308,
							"alreadyHasObj" : 0,
							"inputStage" : {
								"stage" : "IXSCAN",
								"nReturned" : 136308,
								"executionTimeMillisEstimate" : 49,
								"works" : 136309,
								"advanced" : 136308,
								"needTime" : 0,
								"needYield" : 0,
								"saveState" : 148,
								"restoreState" : 148,
								"isEOF" : 1,
								"keyPattern" : {
									"c_acctbal" : 1
								},
								"indexName" : "idx_acctbal",
								"isMultiKey" : false,
								"multiKeyPaths" : {
									"c_acctbal" : [ ]
								},
								"isUnique" : false,
								"isSparse" : false,
								"isPartial" : false,
								"indexVersion" : 2,
								"direction" : "forward",
								"indexBounds" : {
									"c_acctbal" : [
										"(0.0, inf.0]"
									]
								},
								"keysExamined" : 136308,
								"seeks" : 1,
								"dupsTested" : 0,
								"dupsDropped" : 0
							}
						}
					},
					"allPlansExecution" : [ ]
				}
			},
			"nReturned" : NumberLong(136308),
			"executionTimeMillisEstimate" : NumberLong(826)
		},
		{
			"$match" : {
				"cntrycode" : {
					"$in" : [
						"10",
						"15",
						"17",
						"21",
						"22",
						"25",
						"30"
					]
				}
			},
			"nReturned" : NumberLong(37676),
			"executionTimeMillisEstimate" : NumberLong(877)
		},
		{
			"$group" : {
				"_id" : {
					"$const" : null
				},
				"c_acctbal_avg" : {
					"$avg" : "$c_acctbal"
				}
			},
			"nReturned" : NumberLong(1),
			"executionTimeMillisEstimate" : NumberLong(877)
		},
		{
			"$project" : {
				"c_acctbal_avg" : true,
				"_id" : false
			},
			"nReturned" : NumberLong(1),
			"executionTimeMillisEstimate" : NumberLong(877)
		},
		{
			"$lookup" : {
				"from" : "customer",
				"as" : "c_acctbals",
				"let" : {
					
				},
				"pipeline" : [
					{
						"$lookup" : {
							"from" : "orders",
							"localField" : "_id",
							"foreignField" : "o_custkey",
							"as" : "c_orders"
						}
					},
					{
						"$match" : {
							"c_acctbal" : {
								"$gt" : 0
							},
							"c_orders" : {
								"$eq" : [ ]
							}
						}
					},
					{
						"$project" : {
							"_id" : 0,
							"c_acctbal" : 1,
							"cntrycode" : {
								"$substr" : [
									"$c_phone",
									0,
									2
								]
							}
						}
					},
					{
						"$match" : {
							"cntrycode" : {
								"$in" : [
									"30",
									"17",
									"25",
									"10",
									"22",
									"15",
									"21"
								]
							}
						}
					}
				],
				"unwinding" : {
					"preserveNullAndEmptyArrays" : false
				}
			},
			"nReturned" : NumberLong(12568),
			"executionTimeMillisEstimate" : NumberLong(21790)
		},
		{
			"$match" : {
				"$expr" : {
					"$gt" : [
						"$c_acctbals.c_acctbal",
						"$c_acctbal_avg"
					]
				}
			},
			"nReturned" : NumberLong(6281),
			"executionTimeMillisEstimate" : NumberLong(21790)
		},
		{
			"$group" : {
				"_id" : "$c_acctbals.cntrycode",
				"numcust" : {
					"$sum" : {
						"$const" : 1
					}
				},
				"totacctbal" : {
					"$sum" : "$c_acctbals.c_acctbal"
				}
			},
			"nReturned" : NumberLong(7),
			"executionTimeMillisEstimate" : NumberLong(21790)
		},
		{
			"$sort" : {
				"sortKey" : {
					"_id" : 1
				}
			},
			"nReturned" : NumberLong(7),
			"executionTimeMillisEstimate" : NumberLong(21790)
		}
	],
	"serverInfo" : {
		"host" : "mt-mongo-3",
		"port" : 27013,
		"version" : "4.4.10",
		"gitVersion" : "58971da1ef93435a9f62bf4708a81713def6e88c"
	},
	"ok" : 1,
	"$clusterTime" : {
		"clusterTime" : Timestamp(1639021875, 1),
		"signature" : {
			"hash" : BinData(0,"AAAAAAAAAAAAAAAAAAAAAAAAAAA="),
			"keyId" : NumberLong(0)
		}
	},
	"operationTime" : Timestamp(1639021875, 1)
}


MongoDB shell version v4.4.10
connecting to: mongodb://mt-mongo-1:27011,mt-mongo-2:27012,mt-mongo-3:27013/?compressors=disabled&gssapiServiceName=mongodb&replicaSet=mt-exp-rs-001
Implicit session: session { "id" : UUID("5db76511-adf2-42c7-bc98-ea31ea6d6dda") }
MongoDB server version: 4.4.10
{
	"stages" : [
		{
			"$cursor" : {
				"queryPlanner" : {
					"plannerVersion" : 1,
					"namespace" : "tpch_mongo_3c.customer",
					"indexFilterSet" : false,
					"parsedQuery" : {
						"c_acctbal" : {
							"$gt" : 0
						}
					},
					"queryHash" : "B4A855D2",
					"planCacheKey" : "51AA827D",
					"winningPlan" : {
						"stage" : "PROJECTION_DEFAULT",
						"transformBy" : {
							"_id" : true,
							"c_acctbal" : true,
							"cntrycode" : {
								"$substrBytes" : [
									"$c_phone",
									{
										"$const" : 0
									},
									{
										"$const" : 2
									}
								]
							}
						},
						"inputStage" : {
							"stage" : "FETCH",
							"inputStage" : {
								"stage" : "IXSCAN",
								"keyPattern" : {
									"c_acctbal" : 1
								},
								"indexName" : "idx_acctbal",
								"isMultiKey" : false,
								"multiKeyPaths" : {
									"c_acctbal" : [ ]
								},
								"isUnique" : false,
								"isSparse" : false,
								"isPartial" : false,
								"indexVersion" : 2,
								"direction" : "forward",
								"indexBounds" : {
									"c_acctbal" : [
										"(0.0, inf.0]"
									]
								}
							}
						}
					},
					"rejectedPlans" : [ ]
				},
				"executionStats" : {
					"executionSuccess" : true,
					"nReturned" : 136308,
					"executionTimeMillis" : 23187,
					"totalKeysExamined" : 136308,
					"totalDocsExamined" : 136308,
					"executionStages" : {
						"stage" : "PROJECTION_DEFAULT",
						"nReturned" : 136308,
						"executionTimeMillisEstimate" : 366,
						"works" : 136309,
						"advanced" : 136308,
						"needTime" : 0,
						"needYield" : 0,
						"saveState" : 149,
						"restoreState" : 149,
						"isEOF" : 1,
						"transformBy" : {
							"_id" : true,
							"c_acctbal" : true,
							"cntrycode" : {
								"$substrBytes" : [
									"$c_phone",
									{
										"$const" : 0
									},
									{
										"$const" : 2
									}
								]
							}
						},
						"inputStage" : {
							"stage" : "FETCH",
							"nReturned" : 136308,
							"executionTimeMillisEstimate" : 257,
							"works" : 136309,
							"advanced" : 136308,
							"needTime" : 0,
							"needYield" : 0,
							"saveState" : 149,
							"restoreState" : 149,
							"isEOF" : 1,
							"docsExamined" : 136308,
							"alreadyHasObj" : 0,
							"inputStage" : {
								"stage" : "IXSCAN",
								"nReturned" : 136308,
								"executionTimeMillisEstimate" : 74,
								"works" : 136309,
								"advanced" : 136308,
								"needTime" : 0,
								"needYield" : 0,
								"saveState" : 149,
								"restoreState" : 149,
								"isEOF" : 1,
								"keyPattern" : {
									"c_acctbal" : 1
								},
								"indexName" : "idx_acctbal",
								"isMultiKey" : false,
								"multiKeyPaths" : {
									"c_acctbal" : [ ]
								},
								"isUnique" : false,
								"isSparse" : false,
								"isPartial" : false,
								"indexVersion" : 2,
								"direction" : "forward",
								"indexBounds" : {
									"c_acctbal" : [
										"(0.0, inf.0]"
									]
								},
								"keysExamined" : 136308,
								"seeks" : 1,
								"dupsTested" : 0,
								"dupsDropped" : 0
							}
						}
					},
					"allPlansExecution" : [ ]
				}
			},
			"nReturned" : NumberLong(136308),
			"executionTimeMillisEstimate" : NumberLong(850)
		},
		{
			"$match" : {
				"cntrycode" : {
					"$in" : [
						"10",
						"15",
						"17",
						"21",
						"22",
						"25",
						"30"
					]
				}
			},
			"nReturned" : NumberLong(37676),
			"executionTimeMillisEstimate" : NumberLong(898)
		},
		{
			"$group" : {
				"_id" : {
					"$const" : null
				},
				"c_acctbal_avg" : {
					"$avg" : "$c_acctbal"
				}
			},
			"nReturned" : NumberLong(1),
			"executionTimeMillisEstimate" : NumberLong(898)
		},
		{
			"$project" : {
				"c_acctbal_avg" : true,
				"_id" : false
			},
			"nReturned" : NumberLong(1),
			"executionTimeMillisEstimate" : NumberLong(898)
		},
		{
			"$lookup" : {
				"from" : "customer",
				"as" : "c_acctbals",
				"let" : {
					
				},
				"pipeline" : [
					{
						"$lookup" : {
							"from" : "orders",
							"localField" : "_id",
							"foreignField" : "o_custkey",
							"as" : "c_orders"
						}
					},
					{
						"$match" : {
							"c_acctbal" : {
								"$gt" : 0
							},
							"c_orders" : {
								"$eq" : [ ]
							}
						}
					},
					{
						"$project" : {
							"_id" : 0,
							"c_acctbal" : 1,
							"cntrycode" : {
								"$substr" : [
									"$c_phone",
									0,
									2
								]
							}
						}
					},
					{
						"$match" : {
							"cntrycode" : {
								"$in" : [
									"30",
									"17",
									"25",
									"10",
									"22",
									"15",
									"21"
								]
							}
						}
					}
				],
				"unwinding" : {
					"preserveNullAndEmptyArrays" : false
				}
			},
			"nReturned" : NumberLong(12568),
			"executionTimeMillisEstimate" : NumberLong(23186)
		},
		{
			"$match" : {
				"$expr" : {
					"$gt" : [
						"$c_acctbals.c_acctbal",
						"$c_acctbal_avg"
					]
				}
			},
			"nReturned" : NumberLong(6281),
			"executionTimeMillisEstimate" : NumberLong(23186)
		},
		{
			"$group" : {
				"_id" : "$c_acctbals.cntrycode",
				"numcust" : {
					"$sum" : {
						"$const" : 1
					}
				},
				"totacctbal" : {
					"$sum" : "$c_acctbals.c_acctbal"
				}
			},
			"nReturned" : NumberLong(7),
			"executionTimeMillisEstimate" : NumberLong(23186)
		},
		{
			"$sort" : {
				"sortKey" : {
					"_id" : 1
				}
			},
			"nReturned" : NumberLong(7),
			"executionTimeMillisEstimate" : NumberLong(23186)
		}
	],
	"serverInfo" : {
		"host" : "mt-mongo-3",
		"port" : 27013,
		"version" : "4.4.10",
		"gitVersion" : "58971da1ef93435a9f62bf4708a81713def6e88c"
	},
	"ok" : 1,
	"$clusterTime" : {
		"clusterTime" : Timestamp(1639021977, 1),
		"signature" : {
			"hash" : BinData(0,"AAAAAAAAAAAAAAAAAAAAAAAAAAA="),
			"keyId" : NumberLong(0)
		}
	},
	"operationTime" : Timestamp(1639021977, 1)
}


