MongoDB shell version v4.4.10
connecting to: mongodb://mt-mongo-1:27011,mt-mongo-2:27012,mt-mongo-3:27013/?compressors=disabled&gssapiServiceName=mongodb&replicaSet=mt-exp-rs-001
Implicit session: session { "id" : UUID("402e43e4-4702-4b6d-a3c5-e7585dc1dedd") }
MongoDB server version: 4.4.10
{
	"stages" : [
		{
			"$cursor" : {
				"queryPlanner" : {
					"plannerVersion" : 1,
					"namespace" : "tpch_mongo_3c.customer",
					"indexFilterSet" : false,
					"parsedQuery" : {
						"c_acctbal" : {
							"$gt" : 0
						}
					},
					"queryHash" : "B4A855D2",
					"planCacheKey" : "51AA827D",
					"winningPlan" : {
						"stage" : "PROJECTION_DEFAULT",
						"transformBy" : {
							"_id" : true,
							"c_acctbal" : true,
							"cntrycode" : {
								"$substrBytes" : [
									"$c_phone",
									{
										"$const" : 0
									},
									{
										"$const" : 2
									}
								]
							}
						},
						"inputStage" : {
							"stage" : "FETCH",
							"inputStage" : {
								"stage" : "IXSCAN",
								"keyPattern" : {
									"c_acctbal" : 1
								},
								"indexName" : "idx_acctbal",
								"isMultiKey" : false,
								"multiKeyPaths" : {
									"c_acctbal" : [ ]
								},
								"isUnique" : false,
								"isSparse" : false,
								"isPartial" : false,
								"indexVersion" : 2,
								"direction" : "forward",
								"indexBounds" : {
									"c_acctbal" : [
										"(0.0, inf.0]"
									]
								}
							}
						}
					},
					"rejectedPlans" : [ ]
				},
				"executionStats" : {
					"executionSuccess" : true,
					"nReturned" : 136308,
					"executionTimeMillis" : 24082,
					"totalKeysExamined" : 136308,
					"totalDocsExamined" : 136308,
					"executionStages" : {
						"stage" : "PROJECTION_DEFAULT",
						"nReturned" : 136308,
						"executionTimeMillisEstimate" : 301,
						"works" : 136309,
						"advanced" : 136308,
						"needTime" : 0,
						"needYield" : 0,
						"saveState" : 150,
						"restoreState" : 150,
						"isEOF" : 1,
						"transformBy" : {
							"_id" : true,
							"c_acctbal" : true,
							"cntrycode" : {
								"$substrBytes" : [
									"$c_phone",
									{
										"$const" : 0
									},
									{
										"$const" : 2
									}
								]
							}
						},
						"inputStage" : {
							"stage" : "FETCH",
							"nReturned" : 136308,
							"executionTimeMillisEstimate" : 205,
							"works" : 136309,
							"advanced" : 136308,
							"needTime" : 0,
							"needYield" : 0,
							"saveState" : 150,
							"restoreState" : 150,
							"isEOF" : 1,
							"docsExamined" : 136308,
							"alreadyHasObj" : 0,
							"inputStage" : {
								"stage" : "IXSCAN",
								"nReturned" : 136308,
								"executionTimeMillisEstimate" : 39,
								"works" : 136309,
								"advanced" : 136308,
								"needTime" : 0,
								"needYield" : 0,
								"saveState" : 150,
								"restoreState" : 150,
								"isEOF" : 1,
								"keyPattern" : {
									"c_acctbal" : 1
								},
								"indexName" : "idx_acctbal",
								"isMultiKey" : false,
								"multiKeyPaths" : {
									"c_acctbal" : [ ]
								},
								"isUnique" : false,
								"isSparse" : false,
								"isPartial" : false,
								"indexVersion" : 2,
								"direction" : "forward",
								"indexBounds" : {
									"c_acctbal" : [
										"(0.0, inf.0]"
									]
								},
								"keysExamined" : 136308,
								"seeks" : 1,
								"dupsTested" : 0,
								"dupsDropped" : 0
							}
						}
					},
					"allPlansExecution" : [ ]
				}
			},
			"nReturned" : NumberLong(136308),
			"executionTimeMillisEstimate" : NumberLong(820)
		},
		{
			"$match" : {
				"cntrycode" : {
					"$in" : [
						"10",
						"15",
						"17",
						"21",
						"22",
						"25",
						"30"
					]
				}
			},
			"nReturned" : NumberLong(37676),
			"executionTimeMillisEstimate" : NumberLong(882)
		},
		{
			"$group" : {
				"_id" : {
					"$const" : null
				},
				"c_acctbal_avg" : {
					"$avg" : "$c_acctbal"
				}
			},
			"nReturned" : NumberLong(1),
			"executionTimeMillisEstimate" : NumberLong(882)
		},
		{
			"$project" : {
				"c_acctbal_avg" : true,
				"_id" : false
			},
			"nReturned" : NumberLong(1),
			"executionTimeMillisEstimate" : NumberLong(882)
		},
		{
			"$lookup" : {
				"from" : "customer",
				"as" : "c_acctbals",
				"let" : {
					
				},
				"pipeline" : [
					{
						"$lookup" : {
							"from" : "orders",
							"localField" : "_id",
							"foreignField" : "o_custkey",
							"as" : "c_orders"
						}
					},
					{
						"$match" : {
							"c_acctbal" : {
								"$gt" : 0
							},
							"c_orders" : {
								"$eq" : [ ]
							}
						}
					},
					{
						"$project" : {
							"_id" : 0,
							"c_acctbal" : 1,
							"cntrycode" : {
								"$substr" : [
									"$c_phone",
									0,
									2
								]
							}
						}
					},
					{
						"$match" : {
							"cntrycode" : {
								"$in" : [
									"30",
									"17",
									"25",
									"10",
									"22",
									"15",
									"21"
								]
							}
						}
					}
				],
				"unwinding" : {
					"preserveNullAndEmptyArrays" : false
				}
			},
			"nReturned" : NumberLong(12568),
			"executionTimeMillisEstimate" : NumberLong(24079)
		},
		{
			"$match" : {
				"$expr" : {
					"$gt" : [
						"$c_acctbals.c_acctbal",
						"$c_acctbal_avg"
					]
				}
			},
			"nReturned" : NumberLong(6281),
			"executionTimeMillisEstimate" : NumberLong(24079)
		},
		{
			"$group" : {
				"_id" : "$c_acctbals.cntrycode",
				"numcust" : {
					"$sum" : {
						"$const" : 1
					}
				},
				"totacctbal" : {
					"$sum" : "$c_acctbals.c_acctbal"
				}
			},
			"nReturned" : NumberLong(7),
			"executionTimeMillisEstimate" : NumberLong(24080)
		},
		{
			"$sort" : {
				"sortKey" : {
					"_id" : 1
				}
			},
			"nReturned" : NumberLong(7),
			"executionTimeMillisEstimate" : NumberLong(24080)
		}
	],
	"serverInfo" : {
		"host" : "mt-mongo-2",
		"port" : 27012,
		"version" : "4.4.10",
		"gitVersion" : "58971da1ef93435a9f62bf4708a81713def6e88c"
	},
	"ok" : 1,
	"$clusterTime" : {
		"clusterTime" : Timestamp(1639032579, 1),
		"signature" : {
			"hash" : BinData(0,"AAAAAAAAAAAAAAAAAAAAAAAAAAA="),
			"keyId" : NumberLong(0)
		}
	},
	"operationTime" : Timestamp(1639032579, 1)
}


MongoDB shell version v4.4.10
connecting to: mongodb://mt-mongo-1:27011,mt-mongo-2:27012,mt-mongo-3:27013/?compressors=disabled&gssapiServiceName=mongodb&replicaSet=mt-exp-rs-001
Implicit session: session { "id" : UUID("312c022f-8156-44e5-9f24-4c0c6f661943") }
MongoDB server version: 4.4.10
{
	"stages" : [
		{
			"$cursor" : {
				"queryPlanner" : {
					"plannerVersion" : 1,
					"namespace" : "tpch_mongo_3c.customer",
					"indexFilterSet" : false,
					"parsedQuery" : {
						"c_acctbal" : {
							"$gt" : 0
						}
					},
					"queryHash" : "B4A855D2",
					"planCacheKey" : "51AA827D",
					"winningPlan" : {
						"stage" : "PROJECTION_DEFAULT",
						"transformBy" : {
							"_id" : true,
							"c_acctbal" : true,
							"cntrycode" : {
								"$substrBytes" : [
									"$c_phone",
									{
										"$const" : 0
									},
									{
										"$const" : 2
									}
								]
							}
						},
						"inputStage" : {
							"stage" : "FETCH",
							"inputStage" : {
								"stage" : "IXSCAN",
								"keyPattern" : {
									"c_acctbal" : 1
								},
								"indexName" : "idx_acctbal",
								"isMultiKey" : false,
								"multiKeyPaths" : {
									"c_acctbal" : [ ]
								},
								"isUnique" : false,
								"isSparse" : false,
								"isPartial" : false,
								"indexVersion" : 2,
								"direction" : "forward",
								"indexBounds" : {
									"c_acctbal" : [
										"(0.0, inf.0]"
									]
								}
							}
						}
					},
					"rejectedPlans" : [ ]
				},
				"executionStats" : {
					"executionSuccess" : true,
					"nReturned" : 136308,
					"executionTimeMillis" : 24115,
					"totalKeysExamined" : 136308,
					"totalDocsExamined" : 136308,
					"executionStages" : {
						"stage" : "PROJECTION_DEFAULT",
						"nReturned" : 136308,
						"executionTimeMillisEstimate" : 341,
						"works" : 136309,
						"advanced" : 136308,
						"needTime" : 0,
						"needYield" : 0,
						"saveState" : 150,
						"restoreState" : 150,
						"isEOF" : 1,
						"transformBy" : {
							"_id" : true,
							"c_acctbal" : true,
							"cntrycode" : {
								"$substrBytes" : [
									"$c_phone",
									{
										"$const" : 0
									},
									{
										"$const" : 2
									}
								]
							}
						},
						"inputStage" : {
							"stage" : "FETCH",
							"nReturned" : 136308,
							"executionTimeMillisEstimate" : 223,
							"works" : 136309,
							"advanced" : 136308,
							"needTime" : 0,
							"needYield" : 0,
							"saveState" : 150,
							"restoreState" : 150,
							"isEOF" : 1,
							"docsExamined" : 136308,
							"alreadyHasObj" : 0,
							"inputStage" : {
								"stage" : "IXSCAN",
								"nReturned" : 136308,
								"executionTimeMillisEstimate" : 63,
								"works" : 136309,
								"advanced" : 136308,
								"needTime" : 0,
								"needYield" : 0,
								"saveState" : 150,
								"restoreState" : 150,
								"isEOF" : 1,
								"keyPattern" : {
									"c_acctbal" : 1
								},
								"indexName" : "idx_acctbal",
								"isMultiKey" : false,
								"multiKeyPaths" : {
									"c_acctbal" : [ ]
								},
								"isUnique" : false,
								"isSparse" : false,
								"isPartial" : false,
								"indexVersion" : 2,
								"direction" : "forward",
								"indexBounds" : {
									"c_acctbal" : [
										"(0.0, inf.0]"
									]
								},
								"keysExamined" : 136308,
								"seeks" : 1,
								"dupsTested" : 0,
								"dupsDropped" : 0
							}
						}
					},
					"allPlansExecution" : [ ]
				}
			},
			"nReturned" : NumberLong(136308),
			"executionTimeMillisEstimate" : NumberLong(856)
		},
		{
			"$match" : {
				"cntrycode" : {
					"$in" : [
						"10",
						"15",
						"17",
						"21",
						"22",
						"25",
						"30"
					]
				}
			},
			"nReturned" : NumberLong(37676),
			"executionTimeMillisEstimate" : NumberLong(929)
		},
		{
			"$group" : {
				"_id" : {
					"$const" : null
				},
				"c_acctbal_avg" : {
					"$avg" : "$c_acctbal"
				}
			},
			"nReturned" : NumberLong(1),
			"executionTimeMillisEstimate" : NumberLong(929)
		},
		{
			"$project" : {
				"c_acctbal_avg" : true,
				"_id" : false
			},
			"nReturned" : NumberLong(1),
			"executionTimeMillisEstimate" : NumberLong(929)
		},
		{
			"$lookup" : {
				"from" : "customer",
				"as" : "c_acctbals",
				"let" : {
					
				},
				"pipeline" : [
					{
						"$lookup" : {
							"from" : "orders",
							"localField" : "_id",
							"foreignField" : "o_custkey",
							"as" : "c_orders"
						}
					},
					{
						"$match" : {
							"c_acctbal" : {
								"$gt" : 0
							},
							"c_orders" : {
								"$eq" : [ ]
							}
						}
					},
					{
						"$project" : {
							"_id" : 0,
							"c_acctbal" : 1,
							"cntrycode" : {
								"$substr" : [
									"$c_phone",
									0,
									2
								]
							}
						}
					},
					{
						"$match" : {
							"cntrycode" : {
								"$in" : [
									"30",
									"17",
									"25",
									"10",
									"22",
									"15",
									"21"
								]
							}
						}
					}
				],
				"unwinding" : {
					"preserveNullAndEmptyArrays" : false
				}
			},
			"nReturned" : NumberLong(12568),
			"executionTimeMillisEstimate" : NumberLong(24114)
		},
		{
			"$match" : {
				"$expr" : {
					"$gt" : [
						"$c_acctbals.c_acctbal",
						"$c_acctbal_avg"
					]
				}
			},
			"nReturned" : NumberLong(6281),
			"executionTimeMillisEstimate" : NumberLong(24114)
		},
		{
			"$group" : {
				"_id" : "$c_acctbals.cntrycode",
				"numcust" : {
					"$sum" : {
						"$const" : 1
					}
				},
				"totacctbal" : {
					"$sum" : "$c_acctbals.c_acctbal"
				}
			},
			"nReturned" : NumberLong(7),
			"executionTimeMillisEstimate" : NumberLong(24114)
		},
		{
			"$sort" : {
				"sortKey" : {
					"_id" : 1
				}
			},
			"nReturned" : NumberLong(7),
			"executionTimeMillisEstimate" : NumberLong(24114)
		}
	],
	"serverInfo" : {
		"host" : "mt-mongo-2",
		"port" : 27012,
		"version" : "4.4.10",
		"gitVersion" : "58971da1ef93435a9f62bf4708a81713def6e88c"
	},
	"ok" : 1,
	"$clusterTime" : {
		"clusterTime" : Timestamp(1639032669, 1),
		"signature" : {
			"hash" : BinData(0,"AAAAAAAAAAAAAAAAAAAAAAAAAAA="),
			"keyId" : NumberLong(0)
		}
	},
	"operationTime" : Timestamp(1639032669, 1)
}


MongoDB shell version v4.4.10
connecting to: mongodb://mt-mongo-1:27011,mt-mongo-2:27012,mt-mongo-3:27013/?compressors=disabled&gssapiServiceName=mongodb&replicaSet=mt-exp-rs-001
Implicit session: session { "id" : UUID("760454ac-478e-4d60-be52-d47d8dc32de5") }
MongoDB server version: 4.4.10
{
	"stages" : [
		{
			"$cursor" : {
				"queryPlanner" : {
					"plannerVersion" : 1,
					"namespace" : "tpch_mongo_3c.customer",
					"indexFilterSet" : false,
					"parsedQuery" : {
						"c_acctbal" : {
							"$gt" : 0
						}
					},
					"queryHash" : "B4A855D2",
					"planCacheKey" : "51AA827D",
					"winningPlan" : {
						"stage" : "PROJECTION_DEFAULT",
						"transformBy" : {
							"_id" : true,
							"c_acctbal" : true,
							"cntrycode" : {
								"$substrBytes" : [
									"$c_phone",
									{
										"$const" : 0
									},
									{
										"$const" : 2
									}
								]
							}
						},
						"inputStage" : {
							"stage" : "FETCH",
							"inputStage" : {
								"stage" : "IXSCAN",
								"keyPattern" : {
									"c_acctbal" : 1
								},
								"indexName" : "idx_acctbal",
								"isMultiKey" : false,
								"multiKeyPaths" : {
									"c_acctbal" : [ ]
								},
								"isUnique" : false,
								"isSparse" : false,
								"isPartial" : false,
								"indexVersion" : 2,
								"direction" : "forward",
								"indexBounds" : {
									"c_acctbal" : [
										"(0.0, inf.0]"
									]
								}
							}
						}
					},
					"rejectedPlans" : [ ]
				},
				"executionStats" : {
					"executionSuccess" : true,
					"nReturned" : 136308,
					"executionTimeMillis" : 23985,
					"totalKeysExamined" : 136308,
					"totalDocsExamined" : 136308,
					"executionStages" : {
						"stage" : "PROJECTION_DEFAULT",
						"nReturned" : 136308,
						"executionTimeMillisEstimate" : 320,
						"works" : 136309,
						"advanced" : 136308,
						"needTime" : 0,
						"needYield" : 0,
						"saveState" : 152,
						"restoreState" : 152,
						"isEOF" : 1,
						"transformBy" : {
							"_id" : true,
							"c_acctbal" : true,
							"cntrycode" : {
								"$substrBytes" : [
									"$c_phone",
									{
										"$const" : 0
									},
									{
										"$const" : 2
									}
								]
							}
						},
						"inputStage" : {
							"stage" : "FETCH",
							"nReturned" : 136308,
							"executionTimeMillisEstimate" : 212,
							"works" : 136309,
							"advanced" : 136308,
							"needTime" : 0,
							"needYield" : 0,
							"saveState" : 152,
							"restoreState" : 152,
							"isEOF" : 1,
							"docsExamined" : 136308,
							"alreadyHasObj" : 0,
							"inputStage" : {
								"stage" : "IXSCAN",
								"nReturned" : 136308,
								"executionTimeMillisEstimate" : 51,
								"works" : 136309,
								"advanced" : 136308,
								"needTime" : 0,
								"needYield" : 0,
								"saveState" : 152,
								"restoreState" : 152,
								"isEOF" : 1,
								"keyPattern" : {
									"c_acctbal" : 1
								},
								"indexName" : "idx_acctbal",
								"isMultiKey" : false,
								"multiKeyPaths" : {
									"c_acctbal" : [ ]
								},
								"isUnique" : false,
								"isSparse" : false,
								"isPartial" : false,
								"indexVersion" : 2,
								"direction" : "forward",
								"indexBounds" : {
									"c_acctbal" : [
										"(0.0, inf.0]"
									]
								},
								"keysExamined" : 136308,
								"seeks" : 1,
								"dupsTested" : 0,
								"dupsDropped" : 0
							}
						}
					},
					"allPlansExecution" : [ ]
				}
			},
			"nReturned" : NumberLong(136308),
			"executionTimeMillisEstimate" : NumberLong(852)
		},
		{
			"$match" : {
				"cntrycode" : {
					"$in" : [
						"10",
						"15",
						"17",
						"21",
						"22",
						"25",
						"30"
					]
				}
			},
			"nReturned" : NumberLong(37676),
			"executionTimeMillisEstimate" : NumberLong(898)
		},
		{
			"$group" : {
				"_id" : {
					"$const" : null
				},
				"c_acctbal_avg" : {
					"$avg" : "$c_acctbal"
				}
			},
			"nReturned" : NumberLong(1),
			"executionTimeMillisEstimate" : NumberLong(898)
		},
		{
			"$project" : {
				"c_acctbal_avg" : true,
				"_id" : false
			},
			"nReturned" : NumberLong(1),
			"executionTimeMillisEstimate" : NumberLong(898)
		},
		{
			"$lookup" : {
				"from" : "customer",
				"as" : "c_acctbals",
				"let" : {
					
				},
				"pipeline" : [
					{
						"$lookup" : {
							"from" : "orders",
							"localField" : "_id",
							"foreignField" : "o_custkey",
							"as" : "c_orders"
						}
					},
					{
						"$match" : {
							"c_acctbal" : {
								"$gt" : 0
							},
							"c_orders" : {
								"$eq" : [ ]
							}
						}
					},
					{
						"$project" : {
							"_id" : 0,
							"c_acctbal" : 1,
							"cntrycode" : {
								"$substr" : [
									"$c_phone",
									0,
									2
								]
							}
						}
					},
					{
						"$match" : {
							"cntrycode" : {
								"$in" : [
									"30",
									"17",
									"25",
									"10",
									"22",
									"15",
									"21"
								]
							}
						}
					}
				],
				"unwinding" : {
					"preserveNullAndEmptyArrays" : false
				}
			},
			"nReturned" : NumberLong(12568),
			"executionTimeMillisEstimate" : NumberLong(23983)
		},
		{
			"$match" : {
				"$expr" : {
					"$gt" : [
						"$c_acctbals.c_acctbal",
						"$c_acctbal_avg"
					]
				}
			},
			"nReturned" : NumberLong(6281),
			"executionTimeMillisEstimate" : NumberLong(23983)
		},
		{
			"$group" : {
				"_id" : "$c_acctbals.cntrycode",
				"numcust" : {
					"$sum" : {
						"$const" : 1
					}
				},
				"totacctbal" : {
					"$sum" : "$c_acctbals.c_acctbal"
				}
			},
			"nReturned" : NumberLong(7),
			"executionTimeMillisEstimate" : NumberLong(23983)
		},
		{
			"$sort" : {
				"sortKey" : {
					"_id" : 1
				}
			},
			"nReturned" : NumberLong(7),
			"executionTimeMillisEstimate" : NumberLong(23983)
		}
	],
	"serverInfo" : {
		"host" : "mt-mongo-3",
		"port" : 27013,
		"version" : "4.4.10",
		"gitVersion" : "58971da1ef93435a9f62bf4708a81713def6e88c"
	},
	"ok" : 1,
	"$clusterTime" : {
		"clusterTime" : Timestamp(1639032761, 1),
		"signature" : {
			"hash" : BinData(0,"AAAAAAAAAAAAAAAAAAAAAAAAAAA="),
			"keyId" : NumberLong(0)
		}
	},
	"operationTime" : Timestamp(1639032761, 1)
}


MongoDB shell version v4.4.10
connecting to: mongodb://mt-mongo-1:27011,mt-mongo-2:27012,mt-mongo-3:27013/?compressors=disabled&gssapiServiceName=mongodb&replicaSet=mt-exp-rs-001
Implicit session: session { "id" : UUID("1f36d08b-b8b9-4cf3-9552-1525a96cc30b") }
MongoDB server version: 4.4.10
{
	"stages" : [
		{
			"$cursor" : {
				"queryPlanner" : {
					"plannerVersion" : 1,
					"namespace" : "tpch_mongo_3c.customer",
					"indexFilterSet" : false,
					"parsedQuery" : {
						"c_acctbal" : {
							"$gt" : 0
						}
					},
					"queryHash" : "B4A855D2",
					"planCacheKey" : "51AA827D",
					"winningPlan" : {
						"stage" : "PROJECTION_DEFAULT",
						"transformBy" : {
							"_id" : true,
							"c_acctbal" : true,
							"cntrycode" : {
								"$substrBytes" : [
									"$c_phone",
									{
										"$const" : 0
									},
									{
										"$const" : 2
									}
								]
							}
						},
						"inputStage" : {
							"stage" : "FETCH",
							"inputStage" : {
								"stage" : "IXSCAN",
								"keyPattern" : {
									"c_acctbal" : 1
								},
								"indexName" : "idx_acctbal",
								"isMultiKey" : false,
								"multiKeyPaths" : {
									"c_acctbal" : [ ]
								},
								"isUnique" : false,
								"isSparse" : false,
								"isPartial" : false,
								"indexVersion" : 2,
								"direction" : "forward",
								"indexBounds" : {
									"c_acctbal" : [
										"(0.0, inf.0]"
									]
								}
							}
						}
					},
					"rejectedPlans" : [ ]
				},
				"executionStats" : {
					"executionSuccess" : true,
					"nReturned" : 136308,
					"executionTimeMillis" : 27005,
					"totalKeysExamined" : 136308,
					"totalDocsExamined" : 136308,
					"executionStages" : {
						"stage" : "PROJECTION_DEFAULT",
						"nReturned" : 136308,
						"executionTimeMillisEstimate" : 394,
						"works" : 136309,
						"advanced" : 136308,
						"needTime" : 0,
						"needYield" : 0,
						"saveState" : 151,
						"restoreState" : 151,
						"isEOF" : 1,
						"transformBy" : {
							"_id" : true,
							"c_acctbal" : true,
							"cntrycode" : {
								"$substrBytes" : [
									"$c_phone",
									{
										"$const" : 0
									},
									{
										"$const" : 2
									}
								]
							}
						},
						"inputStage" : {
							"stage" : "FETCH",
							"nReturned" : 136308,
							"executionTimeMillisEstimate" : 277,
							"works" : 136309,
							"advanced" : 136308,
							"needTime" : 0,
							"needYield" : 0,
							"saveState" : 151,
							"restoreState" : 151,
							"isEOF" : 1,
							"docsExamined" : 136308,
							"alreadyHasObj" : 0,
							"inputStage" : {
								"stage" : "IXSCAN",
								"nReturned" : 136308,
								"executionTimeMillisEstimate" : 90,
								"works" : 136309,
								"advanced" : 136308,
								"needTime" : 0,
								"needYield" : 0,
								"saveState" : 151,
								"restoreState" : 151,
								"isEOF" : 1,
								"keyPattern" : {
									"c_acctbal" : 1
								},
								"indexName" : "idx_acctbal",
								"isMultiKey" : false,
								"multiKeyPaths" : {
									"c_acctbal" : [ ]
								},
								"isUnique" : false,
								"isSparse" : false,
								"isPartial" : false,
								"indexVersion" : 2,
								"direction" : "forward",
								"indexBounds" : {
									"c_acctbal" : [
										"(0.0, inf.0]"
									]
								},
								"keysExamined" : 136308,
								"seeks" : 1,
								"dupsTested" : 0,
								"dupsDropped" : 0
							}
						}
					},
					"allPlansExecution" : [ ]
				}
			},
			"nReturned" : NumberLong(136308),
			"executionTimeMillisEstimate" : NumberLong(895)
		},
		{
			"$match" : {
				"cntrycode" : {
					"$in" : [
						"10",
						"15",
						"17",
						"21",
						"22",
						"25",
						"30"
					]
				}
			},
			"nReturned" : NumberLong(37676),
			"executionTimeMillisEstimate" : NumberLong(944)
		},
		{
			"$group" : {
				"_id" : {
					"$const" : null
				},
				"c_acctbal_avg" : {
					"$avg" : "$c_acctbal"
				}
			},
			"nReturned" : NumberLong(1),
			"executionTimeMillisEstimate" : NumberLong(953)
		},
		{
			"$project" : {
				"c_acctbal_avg" : true,
				"_id" : false
			},
			"nReturned" : NumberLong(1),
			"executionTimeMillisEstimate" : NumberLong(953)
		},
		{
			"$lookup" : {
				"from" : "customer",
				"as" : "c_acctbals",
				"let" : {
					
				},
				"pipeline" : [
					{
						"$lookup" : {
							"from" : "orders",
							"localField" : "_id",
							"foreignField" : "o_custkey",
							"as" : "c_orders"
						}
					},
					{
						"$match" : {
							"c_acctbal" : {
								"$gt" : 0
							},
							"c_orders" : {
								"$eq" : [ ]
							}
						}
					},
					{
						"$project" : {
							"_id" : 0,
							"c_acctbal" : 1,
							"cntrycode" : {
								"$substr" : [
									"$c_phone",
									0,
									2
								]
							}
						}
					},
					{
						"$match" : {
							"cntrycode" : {
								"$in" : [
									"30",
									"17",
									"25",
									"10",
									"22",
									"15",
									"21"
								]
							}
						}
					}
				],
				"unwinding" : {
					"preserveNullAndEmptyArrays" : false
				}
			},
			"nReturned" : NumberLong(12568),
			"executionTimeMillisEstimate" : NumberLong(26997)
		},
		{
			"$match" : {
				"$expr" : {
					"$gt" : [
						"$c_acctbals.c_acctbal",
						"$c_acctbal_avg"
					]
				}
			},
			"nReturned" : NumberLong(6281),
			"executionTimeMillisEstimate" : NumberLong(26999)
		},
		{
			"$group" : {
				"_id" : "$c_acctbals.cntrycode",
				"numcust" : {
					"$sum" : {
						"$const" : 1
					}
				},
				"totacctbal" : {
					"$sum" : "$c_acctbals.c_acctbal"
				}
			},
			"nReturned" : NumberLong(7),
			"executionTimeMillisEstimate" : NumberLong(26999)
		},
		{
			"$sort" : {
				"sortKey" : {
					"_id" : 1
				}
			},
			"nReturned" : NumberLong(7),
			"executionTimeMillisEstimate" : NumberLong(26999)
		}
	],
	"serverInfo" : {
		"host" : "mt-mongo-1",
		"port" : 27011,
		"version" : "4.4.10",
		"gitVersion" : "58971da1ef93435a9f62bf4708a81713def6e88c"
	},
	"ok" : 1,
	"$clusterTime" : {
		"clusterTime" : Timestamp(1639032845, 1),
		"signature" : {
			"hash" : BinData(0,"AAAAAAAAAAAAAAAAAAAAAAAAAAA="),
			"keyId" : NumberLong(0)
		}
	},
	"operationTime" : Timestamp(1639032845, 1)
}


MongoDB shell version v4.4.10
connecting to: mongodb://mt-mongo-1:27011,mt-mongo-2:27012,mt-mongo-3:27013/?compressors=disabled&gssapiServiceName=mongodb&replicaSet=mt-exp-rs-001
Implicit session: session { "id" : UUID("53bc7a2c-e391-4b4a-b2d1-291c8d2e1e8b") }
MongoDB server version: 4.4.10
{
	"stages" : [
		{
			"$cursor" : {
				"queryPlanner" : {
					"plannerVersion" : 1,
					"namespace" : "tpch_mongo_3c.customer",
					"indexFilterSet" : false,
					"parsedQuery" : {
						"c_acctbal" : {
							"$gt" : 0
						}
					},
					"queryHash" : "B4A855D2",
					"planCacheKey" : "51AA827D",
					"winningPlan" : {
						"stage" : "PROJECTION_DEFAULT",
						"transformBy" : {
							"_id" : true,
							"c_acctbal" : true,
							"cntrycode" : {
								"$substrBytes" : [
									"$c_phone",
									{
										"$const" : 0
									},
									{
										"$const" : 2
									}
								]
							}
						},
						"inputStage" : {
							"stage" : "FETCH",
							"inputStage" : {
								"stage" : "IXSCAN",
								"keyPattern" : {
									"c_acctbal" : 1
								},
								"indexName" : "idx_acctbal",
								"isMultiKey" : false,
								"multiKeyPaths" : {
									"c_acctbal" : [ ]
								},
								"isUnique" : false,
								"isSparse" : false,
								"isPartial" : false,
								"indexVersion" : 2,
								"direction" : "forward",
								"indexBounds" : {
									"c_acctbal" : [
										"(0.0, inf.0]"
									]
								}
							}
						}
					},
					"rejectedPlans" : [ ]
				},
				"executionStats" : {
					"executionSuccess" : true,
					"nReturned" : 136308,
					"executionTimeMillis" : 25781,
					"totalKeysExamined" : 136308,
					"totalDocsExamined" : 136308,
					"executionStages" : {
						"stage" : "PROJECTION_DEFAULT",
						"nReturned" : 136308,
						"executionTimeMillisEstimate" : 318,
						"works" : 136309,
						"advanced" : 136308,
						"needTime" : 0,
						"needYield" : 0,
						"saveState" : 149,
						"restoreState" : 149,
						"isEOF" : 1,
						"transformBy" : {
							"_id" : true,
							"c_acctbal" : true,
							"cntrycode" : {
								"$substrBytes" : [
									"$c_phone",
									{
										"$const" : 0
									},
									{
										"$const" : 2
									}
								]
							}
						},
						"inputStage" : {
							"stage" : "FETCH",
							"nReturned" : 136308,
							"executionTimeMillisEstimate" : 229,
							"works" : 136309,
							"advanced" : 136308,
							"needTime" : 0,
							"needYield" : 0,
							"saveState" : 149,
							"restoreState" : 149,
							"isEOF" : 1,
							"docsExamined" : 136308,
							"alreadyHasObj" : 0,
							"inputStage" : {
								"stage" : "IXSCAN",
								"nReturned" : 136308,
								"executionTimeMillisEstimate" : 56,
								"works" : 136309,
								"advanced" : 136308,
								"needTime" : 0,
								"needYield" : 0,
								"saveState" : 149,
								"restoreState" : 149,
								"isEOF" : 1,
								"keyPattern" : {
									"c_acctbal" : 1
								},
								"indexName" : "idx_acctbal",
								"isMultiKey" : false,
								"multiKeyPaths" : {
									"c_acctbal" : [ ]
								},
								"isUnique" : false,
								"isSparse" : false,
								"isPartial" : false,
								"indexVersion" : 2,
								"direction" : "forward",
								"indexBounds" : {
									"c_acctbal" : [
										"(0.0, inf.0]"
									]
								},
								"keysExamined" : 136308,
								"seeks" : 1,
								"dupsTested" : 0,
								"dupsDropped" : 0
							}
						}
					},
					"allPlansExecution" : [ ]
				}
			},
			"nReturned" : NumberLong(136308),
			"executionTimeMillisEstimate" : NumberLong(861)
		},
		{
			"$match" : {
				"cntrycode" : {
					"$in" : [
						"10",
						"15",
						"17",
						"21",
						"22",
						"25",
						"30"
					]
				}
			},
			"nReturned" : NumberLong(37676),
			"executionTimeMillisEstimate" : NumberLong(918)
		},
		{
			"$group" : {
				"_id" : {
					"$const" : null
				},
				"c_acctbal_avg" : {
					"$avg" : "$c_acctbal"
				}
			},
			"nReturned" : NumberLong(1),
			"executionTimeMillisEstimate" : NumberLong(918)
		},
		{
			"$project" : {
				"c_acctbal_avg" : true,
				"_id" : false
			},
			"nReturned" : NumberLong(1),
			"executionTimeMillisEstimate" : NumberLong(918)
		},
		{
			"$lookup" : {
				"from" : "customer",
				"as" : "c_acctbals",
				"let" : {
					
				},
				"pipeline" : [
					{
						"$lookup" : {
							"from" : "orders",
							"localField" : "_id",
							"foreignField" : "o_custkey",
							"as" : "c_orders"
						}
					},
					{
						"$match" : {
							"c_acctbal" : {
								"$gt" : 0
							},
							"c_orders" : {
								"$eq" : [ ]
							}
						}
					},
					{
						"$project" : {
							"_id" : 0,
							"c_acctbal" : 1,
							"cntrycode" : {
								"$substr" : [
									"$c_phone",
									0,
									2
								]
							}
						}
					},
					{
						"$match" : {
							"cntrycode" : {
								"$in" : [
									"30",
									"17",
									"25",
									"10",
									"22",
									"15",
									"21"
								]
							}
						}
					}
				],
				"unwinding" : {
					"preserveNullAndEmptyArrays" : false
				}
			},
			"nReturned" : NumberLong(12568),
			"executionTimeMillisEstimate" : NumberLong(25775)
		},
		{
			"$match" : {
				"$expr" : {
					"$gt" : [
						"$c_acctbals.c_acctbal",
						"$c_acctbal_avg"
					]
				}
			},
			"nReturned" : NumberLong(6281),
			"executionTimeMillisEstimate" : NumberLong(25779)
		},
		{
			"$group" : {
				"_id" : "$c_acctbals.cntrycode",
				"numcust" : {
					"$sum" : {
						"$const" : 1
					}
				},
				"totacctbal" : {
					"$sum" : "$c_acctbals.c_acctbal"
				}
			},
			"nReturned" : NumberLong(7),
			"executionTimeMillisEstimate" : NumberLong(25779)
		},
		{
			"$sort" : {
				"sortKey" : {
					"_id" : 1
				}
			},
			"nReturned" : NumberLong(7),
			"executionTimeMillisEstimate" : NumberLong(25779)
		}
	],
	"serverInfo" : {
		"host" : "mt-mongo-1",
		"port" : 27011,
		"version" : "4.4.10",
		"gitVersion" : "58971da1ef93435a9f62bf4708a81713def6e88c"
	},
	"ok" : 1,
	"$clusterTime" : {
		"clusterTime" : Timestamp(1639032943, 1),
		"signature" : {
			"hash" : BinData(0,"AAAAAAAAAAAAAAAAAAAAAAAAAAA="),
			"keyId" : NumberLong(0)
		}
	},
	"operationTime" : Timestamp(1639032943, 1)
}


