MongoDB shell version v4.4.10
connecting to: mongodb://mt-mongo-1:27011,mt-mongo-2:27012,mt-mongo-3:27013/?compressors=disabled&gssapiServiceName=mongodb&replicaSet=mt-exp-rs-001
Implicit session: session { "id" : UUID("aa2c4c14-4750-4614-9be6-fa6bc5dcd580") }
MongoDB server version: 4.4.10
uncaught exception: Error: explain failed: {
	"operationTime" : Timestamp(1639471541, 1),
	"ok" : 0,
	"errmsg" : "Error in $cursor stage :: caused by :: operation exceeded time limit",
	"code" : 50,
	"codeName" : "MaxTimeMSExpired",
	"$clusterTime" : {
		"clusterTime" : Timestamp(1639471541, 1),
		"signature" : {
			"hash" : BinData(0,"AAAAAAAAAAAAAAAAAAAAAAAAAAA="),
			"keyId" : NumberLong(0)
		}
	}
} :
_getErrorWithCode@src/mongo/shell/utils.js:25:13
throwOrReturn@src/mongo/shell/explainable.js:25:19
constructor/this.aggregate@src/mongo/shell/explainable.js:125:24
@/home/captain/git/antw0n-dss-sql-vs-nosql-experiments/output/queries/tpch_experiment/mongo/s3/q3v2_mongo_s3.js:1:11
failed to load: /home/captain/git/antw0n-dss-sql-vs-nosql-experiments/output/queries/tpch_experiment/mongo/s3/q3v2_mongo_s3.js
exiting with code -3


MongoDB shell version v4.4.10
connecting to: mongodb://mt-mongo-1:27011,mt-mongo-2:27012,mt-mongo-3:27013/?compressors=disabled&gssapiServiceName=mongodb&replicaSet=mt-exp-rs-001
Implicit session: session { "id" : UUID("b643ab0d-7965-4f7f-b686-bc48be1f219e") }
MongoDB server version: 4.4.10
uncaught exception: Error: explain failed: {
	"operationTime" : Timestamp(1639471703, 1),
	"ok" : 0,
	"errmsg" : "Error in $cursor stage :: caused by :: operation exceeded time limit",
	"code" : 50,
	"codeName" : "MaxTimeMSExpired",
	"$clusterTime" : {
		"clusterTime" : Timestamp(1639471703, 1),
		"signature" : {
			"hash" : BinData(0,"AAAAAAAAAAAAAAAAAAAAAAAAAAA="),
			"keyId" : NumberLong(0)
		}
	}
} :
_getErrorWithCode@src/mongo/shell/utils.js:25:13
throwOrReturn@src/mongo/shell/explainable.js:25:19
constructor/this.aggregate@src/mongo/shell/explainable.js:125:24
@/home/captain/git/antw0n-dss-sql-vs-nosql-experiments/output/queries/tpch_experiment/mongo/s3/q3v2_mongo_s3.js:1:11
failed to load: /home/captain/git/antw0n-dss-sql-vs-nosql-experiments/output/queries/tpch_experiment/mongo/s3/q3v2_mongo_s3.js
exiting with code -3


MongoDB shell version v4.4.10
connecting to: mongodb://mt-mongo-1:27011,mt-mongo-2:27012,mt-mongo-3:27013/?compressors=disabled&gssapiServiceName=mongodb&replicaSet=mt-exp-rs-001
Implicit session: session { "id" : UUID("5271430b-13d3-4a6c-a791-162d7f0f4d60") }
MongoDB server version: 4.4.10
uncaught exception: Error: explain failed: {
	"operationTime" : Timestamp(1639471864, 1),
	"ok" : 0,
	"errmsg" : "Error in $cursor stage :: caused by :: operation exceeded time limit",
	"code" : 50,
	"codeName" : "MaxTimeMSExpired",
	"$clusterTime" : {
		"clusterTime" : Timestamp(1639471864, 1),
		"signature" : {
			"hash" : BinData(0,"AAAAAAAAAAAAAAAAAAAAAAAAAAA="),
			"keyId" : NumberLong(0)
		}
	}
} :
_getErrorWithCode@src/mongo/shell/utils.js:25:13
throwOrReturn@src/mongo/shell/explainable.js:25:19
constructor/this.aggregate@src/mongo/shell/explainable.js:125:24
@/home/captain/git/antw0n-dss-sql-vs-nosql-experiments/output/queries/tpch_experiment/mongo/s3/q3v2_mongo_s3.js:1:11
failed to load: /home/captain/git/antw0n-dss-sql-vs-nosql-experiments/output/queries/tpch_experiment/mongo/s3/q3v2_mongo_s3.js
exiting with code -3


MongoDB shell version v4.4.10
connecting to: mongodb://mt-mongo-1:27011,mt-mongo-2:27012,mt-mongo-3:27013/?compressors=disabled&gssapiServiceName=mongodb&replicaSet=mt-exp-rs-001
Implicit session: session { "id" : UUID("a278c8b5-686f-4fdf-bb0f-0789c3c1a673") }
MongoDB server version: 4.4.10
uncaught exception: Error: explain failed: {
	"operationTime" : Timestamp(1639472024, 1),
	"ok" : 0,
	"errmsg" : "Error in $cursor stage :: caused by :: operation exceeded time limit",
	"code" : 50,
	"codeName" : "MaxTimeMSExpired",
	"$clusterTime" : {
		"clusterTime" : Timestamp(1639472024, 1),
		"signature" : {
			"hash" : BinData(0,"AAAAAAAAAAAAAAAAAAAAAAAAAAA="),
			"keyId" : NumberLong(0)
		}
	}
} :
_getErrorWithCode@src/mongo/shell/utils.js:25:13
throwOrReturn@src/mongo/shell/explainable.js:25:19
constructor/this.aggregate@src/mongo/shell/explainable.js:125:24
@/home/captain/git/antw0n-dss-sql-vs-nosql-experiments/output/queries/tpch_experiment/mongo/s3/q3v2_mongo_s3.js:1:11
failed to load: /home/captain/git/antw0n-dss-sql-vs-nosql-experiments/output/queries/tpch_experiment/mongo/s3/q3v2_mongo_s3.js
exiting with code -3


MongoDB shell version v4.4.10
connecting to: mongodb://mt-mongo-1:27011,mt-mongo-2:27012,mt-mongo-3:27013/?compressors=disabled&gssapiServiceName=mongodb&replicaSet=mt-exp-rs-001
Implicit session: session { "id" : UUID("0d302772-ff2e-4c91-ab9b-a007be2e0552") }
MongoDB server version: 4.4.10
uncaught exception: Error: explain failed: {
	"operationTime" : Timestamp(1639472181, 1),
	"ok" : 0,
	"errmsg" : "Error in $cursor stage :: caused by :: operation exceeded time limit",
	"code" : 50,
	"codeName" : "MaxTimeMSExpired",
	"$clusterTime" : {
		"clusterTime" : Timestamp(1639472181, 1),
		"signature" : {
			"hash" : BinData(0,"AAAAAAAAAAAAAAAAAAAAAAAAAAA="),
			"keyId" : NumberLong(0)
		}
	}
} :
_getErrorWithCode@src/mongo/shell/utils.js:25:13
throwOrReturn@src/mongo/shell/explainable.js:25:19
constructor/this.aggregate@src/mongo/shell/explainable.js:125:24
@/home/captain/git/antw0n-dss-sql-vs-nosql-experiments/output/queries/tpch_experiment/mongo/s3/q3v2_mongo_s3.js:1:11
failed to load: /home/captain/git/antw0n-dss-sql-vs-nosql-experiments/output/queries/tpch_experiment/mongo/s3/q3v2_mongo_s3.js
exiting with code -3


