MongoDB shell version v4.4.10
connecting to: mongodb://mt-mongo-1:27011,mt-mongo-2:27012,mt-mongo-3:27013/?compressors=disabled&gssapiServiceName=mongodb&replicaSet=mt-exp-rs-001
Implicit session: session { "id" : UUID("b309f286-1a36-402b-9175-03dfda22ab7e") }
MongoDB server version: 4.4.10
{
	"stages" : [
		{
			"$cursor" : {
				"queryPlanner" : {
					"plannerVersion" : 1,
					"namespace" : "tpch_mongo_2c.orders-lineitem",
					"indexFilterSet" : false,
					"parsedQuery" : {
						"$and" : [
							{
								"o_orderdate" : {
									"$lt" : ISODate("1992-04-01T00:00:00Z")
								}
							},
							{
								"o_orderdate" : {
									"$gte" : ISODate("1992-01-01T00:00:00Z")
								}
							}
						]
					},
					"queryHash" : "9DFA955F",
					"planCacheKey" : "9DFA955F",
					"winningPlan" : {
						"stage" : "PROJECTION_DEFAULT",
						"transformBy" : {
							"_id" : true,
							"orderpriority" : "$o_orderpriority",
							"lineitems" : {
								"$filter" : {
									"input" : "$o_lineitems",
									"as" : "l",
									"cond" : {
										"$lt" : [
											"$$l.l_commitdate",
											"$$l.l_receiptdate"
										]
									}
								}
							}
						},
						"inputStage" : {
							"stage" : "COLLSCAN",
							"filter" : {
								"$and" : [
									{
										"o_orderdate" : {
											"$lt" : ISODate("1992-04-01T00:00:00Z")
										}
									},
									{
										"o_orderdate" : {
											"$gte" : ISODate("1992-01-01T00:00:00Z")
										}
									}
								]
							},
							"direction" : "forward"
						}
					},
					"rejectedPlans" : [ ]
				},
				"executionStats" : {
					"executionSuccess" : true,
					"nReturned" : 56741,
					"executionTimeMillis" : 8483,
					"totalKeysExamined" : 0,
					"totalDocsExamined" : 1500000,
					"executionStages" : {
						"stage" : "PROJECTION_DEFAULT",
						"nReturned" : 56741,
						"executionTimeMillisEstimate" : 2923,
						"works" : 1500002,
						"advanced" : 56741,
						"needTime" : 1443260,
						"needYield" : 0,
						"saveState" : 1536,
						"restoreState" : 1536,
						"isEOF" : 1,
						"transformBy" : {
							"_id" : true,
							"orderpriority" : "$o_orderpriority",
							"lineitems" : {
								"$filter" : {
									"input" : "$o_lineitems",
									"as" : "l",
									"cond" : {
										"$lt" : [
											"$$l.l_commitdate",
											"$$l.l_receiptdate"
										]
									}
								}
							}
						},
						"inputStage" : {
							"stage" : "COLLSCAN",
							"filter" : {
								"$and" : [
									{
										"o_orderdate" : {
											"$lt" : ISODate("1992-04-01T00:00:00Z")
										}
									},
									{
										"o_orderdate" : {
											"$gte" : ISODate("1992-01-01T00:00:00Z")
										}
									}
								]
							},
							"nReturned" : 56741,
							"executionTimeMillisEstimate" : 2788,
							"works" : 1500002,
							"advanced" : 56741,
							"needTime" : 1443260,
							"needYield" : 0,
							"saveState" : 1536,
							"restoreState" : 1536,
							"isEOF" : 1,
							"direction" : "forward",
							"docsExamined" : 1500000
						}
					},
					"allPlansExecution" : [ ]
				}
			},
			"nReturned" : NumberLong(56741),
			"executionTimeMillisEstimate" : NumberLong(8251)
		},
		{
			"$match" : {
				"lineitems" : {
					"$not" : {
						"$eq" : [ ]
					}
				}
			},
			"nReturned" : NumberLong(52002),
			"executionTimeMillisEstimate" : NumberLong(8446)
		},
		{
			"$group" : {
				"_id" : "$orderpriority",
				"order_count" : {
					"$sum" : {
						"$const" : 1
					}
				}
			},
			"nReturned" : NumberLong(5),
			"executionTimeMillisEstimate" : NumberLong(8477)
		},
		{
			"$sort" : {
				"sortKey" : {
					"_id" : 1
				}
			},
			"nReturned" : NumberLong(5),
			"executionTimeMillisEstimate" : NumberLong(8477)
		}
	],
	"serverInfo" : {
		"host" : "mt-mongo-2",
		"port" : 27012,
		"version" : "4.4.10",
		"gitVersion" : "58971da1ef93435a9f62bf4708a81713def6e88c"
	},
	"ok" : 1,
	"$clusterTime" : {
		"clusterTime" : Timestamp(1639476665, 2),
		"signature" : {
			"hash" : BinData(0,"AAAAAAAAAAAAAAAAAAAAAAAAAAA="),
			"keyId" : NumberLong(0)
		}
	},
	"operationTime" : Timestamp(1639476665, 2)
}


MongoDB shell version v4.4.10
connecting to: mongodb://mt-mongo-1:27011,mt-mongo-2:27012,mt-mongo-3:27013/?compressors=disabled&gssapiServiceName=mongodb&replicaSet=mt-exp-rs-001
Implicit session: session { "id" : UUID("6e8ff75e-1edb-4408-9479-1e003aec1896") }
MongoDB server version: 4.4.10
{
	"stages" : [
		{
			"$cursor" : {
				"queryPlanner" : {
					"plannerVersion" : 1,
					"namespace" : "tpch_mongo_2c.orders-lineitem",
					"indexFilterSet" : false,
					"parsedQuery" : {
						"$and" : [
							{
								"o_orderdate" : {
									"$lt" : ISODate("1992-04-01T00:00:00Z")
								}
							},
							{
								"o_orderdate" : {
									"$gte" : ISODate("1992-01-01T00:00:00Z")
								}
							}
						]
					},
					"queryHash" : "9DFA955F",
					"planCacheKey" : "9DFA955F",
					"winningPlan" : {
						"stage" : "PROJECTION_DEFAULT",
						"transformBy" : {
							"_id" : true,
							"orderpriority" : "$o_orderpriority",
							"lineitems" : {
								"$filter" : {
									"input" : "$o_lineitems",
									"as" : "l",
									"cond" : {
										"$lt" : [
											"$$l.l_commitdate",
											"$$l.l_receiptdate"
										]
									}
								}
							}
						},
						"inputStage" : {
							"stage" : "COLLSCAN",
							"filter" : {
								"$and" : [
									{
										"o_orderdate" : {
											"$lt" : ISODate("1992-04-01T00:00:00Z")
										}
									},
									{
										"o_orderdate" : {
											"$gte" : ISODate("1992-01-01T00:00:00Z")
										}
									}
								]
							},
							"direction" : "forward"
						}
					},
					"rejectedPlans" : [ ]
				},
				"executionStats" : {
					"executionSuccess" : true,
					"nReturned" : 56741,
					"executionTimeMillis" : 12688,
					"totalKeysExamined" : 0,
					"totalDocsExamined" : 1500000,
					"executionStages" : {
						"stage" : "PROJECTION_DEFAULT",
						"nReturned" : 56741,
						"executionTimeMillisEstimate" : 6253,
						"works" : 1500002,
						"advanced" : 56741,
						"needTime" : 1443260,
						"needYield" : 0,
						"saveState" : 1558,
						"restoreState" : 1558,
						"isEOF" : 1,
						"transformBy" : {
							"_id" : true,
							"orderpriority" : "$o_orderpriority",
							"lineitems" : {
								"$filter" : {
									"input" : "$o_lineitems",
									"as" : "l",
									"cond" : {
										"$lt" : [
											"$$l.l_commitdate",
											"$$l.l_receiptdate"
										]
									}
								}
							}
						},
						"inputStage" : {
							"stage" : "COLLSCAN",
							"filter" : {
								"$and" : [
									{
										"o_orderdate" : {
											"$lt" : ISODate("1992-04-01T00:00:00Z")
										}
									},
									{
										"o_orderdate" : {
											"$gte" : ISODate("1992-01-01T00:00:00Z")
										}
									}
								]
							},
							"nReturned" : 56741,
							"executionTimeMillisEstimate" : 5923,
							"works" : 1500002,
							"advanced" : 56741,
							"needTime" : 1443260,
							"needYield" : 0,
							"saveState" : 1558,
							"restoreState" : 1558,
							"isEOF" : 1,
							"direction" : "forward",
							"docsExamined" : 1500000
						}
					},
					"allPlansExecution" : [ ]
				}
			},
			"nReturned" : NumberLong(56741),
			"executionTimeMillisEstimate" : NumberLong(12386)
		},
		{
			"$match" : {
				"lineitems" : {
					"$not" : {
						"$eq" : [ ]
					}
				}
			},
			"nReturned" : NumberLong(52002),
			"executionTimeMillisEstimate" : NumberLong(12614)
		},
		{
			"$group" : {
				"_id" : "$orderpriority",
				"order_count" : {
					"$sum" : {
						"$const" : 1
					}
				}
			},
			"nReturned" : NumberLong(5),
			"executionTimeMillisEstimate" : NumberLong(12687)
		},
		{
			"$sort" : {
				"sortKey" : {
					"_id" : 1
				}
			},
			"nReturned" : NumberLong(5),
			"executionTimeMillisEstimate" : NumberLong(12687)
		}
	],
	"serverInfo" : {
		"host" : "mt-mongo-1",
		"port" : 27011,
		"version" : "4.4.10",
		"gitVersion" : "58971da1ef93435a9f62bf4708a81713def6e88c"
	},
	"ok" : 1,
	"$clusterTime" : {
		"clusterTime" : Timestamp(1639476717, 1),
		"signature" : {
			"hash" : BinData(0,"AAAAAAAAAAAAAAAAAAAAAAAAAAA="),
			"keyId" : NumberLong(0)
		}
	},
	"operationTime" : Timestamp(1639476717, 1)
}


MongoDB shell version v4.4.10
connecting to: mongodb://mt-mongo-1:27011,mt-mongo-2:27012,mt-mongo-3:27013/?compressors=disabled&gssapiServiceName=mongodb&replicaSet=mt-exp-rs-001
Implicit session: session { "id" : UUID("4d1d44f8-28ed-4d21-a4f7-c5952a5dc44a") }
MongoDB server version: 4.4.10
{
	"stages" : [
		{
			"$cursor" : {
				"queryPlanner" : {
					"plannerVersion" : 1,
					"namespace" : "tpch_mongo_2c.orders-lineitem",
					"indexFilterSet" : false,
					"parsedQuery" : {
						"$and" : [
							{
								"o_orderdate" : {
									"$lt" : ISODate("1992-04-01T00:00:00Z")
								}
							},
							{
								"o_orderdate" : {
									"$gte" : ISODate("1992-01-01T00:00:00Z")
								}
							}
						]
					},
					"queryHash" : "9DFA955F",
					"planCacheKey" : "9DFA955F",
					"winningPlan" : {
						"stage" : "PROJECTION_DEFAULT",
						"transformBy" : {
							"_id" : true,
							"orderpriority" : "$o_orderpriority",
							"lineitems" : {
								"$filter" : {
									"input" : "$o_lineitems",
									"as" : "l",
									"cond" : {
										"$lt" : [
											"$$l.l_commitdate",
											"$$l.l_receiptdate"
										]
									}
								}
							}
						},
						"inputStage" : {
							"stage" : "COLLSCAN",
							"filter" : {
								"$and" : [
									{
										"o_orderdate" : {
											"$lt" : ISODate("1992-04-01T00:00:00Z")
										}
									},
									{
										"o_orderdate" : {
											"$gte" : ISODate("1992-01-01T00:00:00Z")
										}
									}
								]
							},
							"direction" : "forward"
						}
					},
					"rejectedPlans" : [ ]
				},
				"executionStats" : {
					"executionSuccess" : true,
					"nReturned" : 56741,
					"executionTimeMillis" : 8073,
					"totalKeysExamined" : 0,
					"totalDocsExamined" : 1500000,
					"executionStages" : {
						"stage" : "PROJECTION_DEFAULT",
						"nReturned" : 56741,
						"executionTimeMillisEstimate" : 2539,
						"works" : 1500002,
						"advanced" : 56741,
						"needTime" : 1443260,
						"needYield" : 0,
						"saveState" : 1538,
						"restoreState" : 1538,
						"isEOF" : 1,
						"transformBy" : {
							"_id" : true,
							"orderpriority" : "$o_orderpriority",
							"lineitems" : {
								"$filter" : {
									"input" : "$o_lineitems",
									"as" : "l",
									"cond" : {
										"$lt" : [
											"$$l.l_commitdate",
											"$$l.l_receiptdate"
										]
									}
								}
							}
						},
						"inputStage" : {
							"stage" : "COLLSCAN",
							"filter" : {
								"$and" : [
									{
										"o_orderdate" : {
											"$lt" : ISODate("1992-04-01T00:00:00Z")
										}
									},
									{
										"o_orderdate" : {
											"$gte" : ISODate("1992-01-01T00:00:00Z")
										}
									}
								]
							},
							"nReturned" : 56741,
							"executionTimeMillisEstimate" : 2389,
							"works" : 1500002,
							"advanced" : 56741,
							"needTime" : 1443260,
							"needYield" : 0,
							"saveState" : 1538,
							"restoreState" : 1538,
							"isEOF" : 1,
							"direction" : "forward",
							"docsExamined" : 1500000
						}
					},
					"allPlansExecution" : [ ]
				}
			},
			"nReturned" : NumberLong(56741),
			"executionTimeMillisEstimate" : NumberLong(7850)
		},
		{
			"$match" : {
				"lineitems" : {
					"$not" : {
						"$eq" : [ ]
					}
				}
			},
			"nReturned" : NumberLong(52002),
			"executionTimeMillisEstimate" : NumberLong(8046)
		},
		{
			"$group" : {
				"_id" : "$orderpriority",
				"order_count" : {
					"$sum" : {
						"$const" : 1
					}
				}
			},
			"nReturned" : NumberLong(5),
			"executionTimeMillisEstimate" : NumberLong(8066)
		},
		{
			"$sort" : {
				"sortKey" : {
					"_id" : 1
				}
			},
			"nReturned" : NumberLong(5),
			"executionTimeMillisEstimate" : NumberLong(8066)
		}
	],
	"serverInfo" : {
		"host" : "mt-mongo-3",
		"port" : 27013,
		"version" : "4.4.10",
		"gitVersion" : "58971da1ef93435a9f62bf4708a81713def6e88c"
	},
	"ok" : 1,
	"$clusterTime" : {
		"clusterTime" : Timestamp(1639476770, 2),
		"signature" : {
			"hash" : BinData(0,"AAAAAAAAAAAAAAAAAAAAAAAAAAA="),
			"keyId" : NumberLong(0)
		}
	},
	"operationTime" : Timestamp(1639476770, 2)
}


MongoDB shell version v4.4.10
connecting to: mongodb://mt-mongo-1:27011,mt-mongo-2:27012,mt-mongo-3:27013/?compressors=disabled&gssapiServiceName=mongodb&replicaSet=mt-exp-rs-001
Implicit session: session { "id" : UUID("c5e7338d-4442-4f34-83f4-188ddb20b0c8") }
MongoDB server version: 4.4.10
{
	"stages" : [
		{
			"$cursor" : {
				"queryPlanner" : {
					"plannerVersion" : 1,
					"namespace" : "tpch_mongo_2c.orders-lineitem",
					"indexFilterSet" : false,
					"parsedQuery" : {
						"$and" : [
							{
								"o_orderdate" : {
									"$lt" : ISODate("1992-04-01T00:00:00Z")
								}
							},
							{
								"o_orderdate" : {
									"$gte" : ISODate("1992-01-01T00:00:00Z")
								}
							}
						]
					},
					"queryHash" : "9DFA955F",
					"planCacheKey" : "9DFA955F",
					"winningPlan" : {
						"stage" : "PROJECTION_DEFAULT",
						"transformBy" : {
							"_id" : true,
							"orderpriority" : "$o_orderpriority",
							"lineitems" : {
								"$filter" : {
									"input" : "$o_lineitems",
									"as" : "l",
									"cond" : {
										"$lt" : [
											"$$l.l_commitdate",
											"$$l.l_receiptdate"
										]
									}
								}
							}
						},
						"inputStage" : {
							"stage" : "COLLSCAN",
							"filter" : {
								"$and" : [
									{
										"o_orderdate" : {
											"$lt" : ISODate("1992-04-01T00:00:00Z")
										}
									},
									{
										"o_orderdate" : {
											"$gte" : ISODate("1992-01-01T00:00:00Z")
										}
									}
								]
							},
							"direction" : "forward"
						}
					},
					"rejectedPlans" : [ ]
				},
				"executionStats" : {
					"executionSuccess" : true,
					"nReturned" : 56741,
					"executionTimeMillis" : 7608,
					"totalKeysExamined" : 0,
					"totalDocsExamined" : 1500000,
					"executionStages" : {
						"stage" : "PROJECTION_DEFAULT",
						"nReturned" : 56741,
						"executionTimeMillisEstimate" : 2419,
						"works" : 1500002,
						"advanced" : 56741,
						"needTime" : 1443260,
						"needYield" : 0,
						"saveState" : 1536,
						"restoreState" : 1536,
						"isEOF" : 1,
						"transformBy" : {
							"_id" : true,
							"orderpriority" : "$o_orderpriority",
							"lineitems" : {
								"$filter" : {
									"input" : "$o_lineitems",
									"as" : "l",
									"cond" : {
										"$lt" : [
											"$$l.l_commitdate",
											"$$l.l_receiptdate"
										]
									}
								}
							}
						},
						"inputStage" : {
							"stage" : "COLLSCAN",
							"filter" : {
								"$and" : [
									{
										"o_orderdate" : {
											"$lt" : ISODate("1992-04-01T00:00:00Z")
										}
									},
									{
										"o_orderdate" : {
											"$gte" : ISODate("1992-01-01T00:00:00Z")
										}
									}
								]
							},
							"nReturned" : 56741,
							"executionTimeMillisEstimate" : 2273,
							"works" : 1500002,
							"advanced" : 56741,
							"needTime" : 1443260,
							"needYield" : 0,
							"saveState" : 1536,
							"restoreState" : 1536,
							"isEOF" : 1,
							"direction" : "forward",
							"docsExamined" : 1500000
						}
					},
					"allPlansExecution" : [ ]
				}
			},
			"nReturned" : NumberLong(56741),
			"executionTimeMillisEstimate" : NumberLong(7370)
		},
		{
			"$match" : {
				"lineitems" : {
					"$not" : {
						"$eq" : [ ]
					}
				}
			},
			"nReturned" : NumberLong(52002),
			"executionTimeMillisEstimate" : NumberLong(7584)
		},
		{
			"$group" : {
				"_id" : "$orderpriority",
				"order_count" : {
					"$sum" : {
						"$const" : 1
					}
				}
			},
			"nReturned" : NumberLong(5),
			"executionTimeMillisEstimate" : NumberLong(7605)
		},
		{
			"$sort" : {
				"sortKey" : {
					"_id" : 1
				}
			},
			"nReturned" : NumberLong(5),
			"executionTimeMillisEstimate" : NumberLong(7605)
		}
	],
	"serverInfo" : {
		"host" : "mt-mongo-2",
		"port" : 27012,
		"version" : "4.4.10",
		"gitVersion" : "58971da1ef93435a9f62bf4708a81713def6e88c"
	},
	"ok" : 1,
	"$clusterTime" : {
		"clusterTime" : Timestamp(1639476821, 2),
		"signature" : {
			"hash" : BinData(0,"AAAAAAAAAAAAAAAAAAAAAAAAAAA="),
			"keyId" : NumberLong(0)
		}
	},
	"operationTime" : Timestamp(1639476821, 2)
}


MongoDB shell version v4.4.10
connecting to: mongodb://mt-mongo-1:27011,mt-mongo-2:27012,mt-mongo-3:27013/?compressors=disabled&gssapiServiceName=mongodb&replicaSet=mt-exp-rs-001
Implicit session: session { "id" : UUID("dd4d798e-cb6f-4ad2-b2c8-d34f194b6b4f") }
MongoDB server version: 4.4.10
{
	"stages" : [
		{
			"$cursor" : {
				"queryPlanner" : {
					"plannerVersion" : 1,
					"namespace" : "tpch_mongo_2c.orders-lineitem",
					"indexFilterSet" : false,
					"parsedQuery" : {
						"$and" : [
							{
								"o_orderdate" : {
									"$lt" : ISODate("1992-04-01T00:00:00Z")
								}
							},
							{
								"o_orderdate" : {
									"$gte" : ISODate("1992-01-01T00:00:00Z")
								}
							}
						]
					},
					"queryHash" : "9DFA955F",
					"planCacheKey" : "9DFA955F",
					"winningPlan" : {
						"stage" : "PROJECTION_DEFAULT",
						"transformBy" : {
							"_id" : true,
							"orderpriority" : "$o_orderpriority",
							"lineitems" : {
								"$filter" : {
									"input" : "$o_lineitems",
									"as" : "l",
									"cond" : {
										"$lt" : [
											"$$l.l_commitdate",
											"$$l.l_receiptdate"
										]
									}
								}
							}
						},
						"inputStage" : {
							"stage" : "COLLSCAN",
							"filter" : {
								"$and" : [
									{
										"o_orderdate" : {
											"$lt" : ISODate("1992-04-01T00:00:00Z")
										}
									},
									{
										"o_orderdate" : {
											"$gte" : ISODate("1992-01-01T00:00:00Z")
										}
									}
								]
							},
							"direction" : "forward"
						}
					},
					"rejectedPlans" : [ ]
				},
				"executionStats" : {
					"executionSuccess" : true,
					"nReturned" : 56741,
					"executionTimeMillis" : 12571,
					"totalKeysExamined" : 0,
					"totalDocsExamined" : 1500000,
					"executionStages" : {
						"stage" : "PROJECTION_DEFAULT",
						"nReturned" : 56741,
						"executionTimeMillisEstimate" : 6212,
						"works" : 1500002,
						"advanced" : 56741,
						"needTime" : 1443260,
						"needYield" : 0,
						"saveState" : 1562,
						"restoreState" : 1562,
						"isEOF" : 1,
						"transformBy" : {
							"_id" : true,
							"orderpriority" : "$o_orderpriority",
							"lineitems" : {
								"$filter" : {
									"input" : "$o_lineitems",
									"as" : "l",
									"cond" : {
										"$lt" : [
											"$$l.l_commitdate",
											"$$l.l_receiptdate"
										]
									}
								}
							}
						},
						"inputStage" : {
							"stage" : "COLLSCAN",
							"filter" : {
								"$and" : [
									{
										"o_orderdate" : {
											"$lt" : ISODate("1992-04-01T00:00:00Z")
										}
									},
									{
										"o_orderdate" : {
											"$gte" : ISODate("1992-01-01T00:00:00Z")
										}
									}
								]
							},
							"nReturned" : 56741,
							"executionTimeMillisEstimate" : 5928,
							"works" : 1500002,
							"advanced" : 56741,
							"needTime" : 1443260,
							"needYield" : 0,
							"saveState" : 1562,
							"restoreState" : 1562,
							"isEOF" : 1,
							"direction" : "forward",
							"docsExamined" : 1500000
						}
					},
					"allPlansExecution" : [ ]
				}
			},
			"nReturned" : NumberLong(56741),
			"executionTimeMillisEstimate" : NumberLong(12314)
		},
		{
			"$match" : {
				"lineitems" : {
					"$not" : {
						"$eq" : [ ]
					}
				}
			},
			"nReturned" : NumberLong(52002),
			"executionTimeMillisEstimate" : NumberLong(12540)
		},
		{
			"$group" : {
				"_id" : "$orderpriority",
				"order_count" : {
					"$sum" : {
						"$const" : 1
					}
				}
			},
			"nReturned" : NumberLong(5),
			"executionTimeMillisEstimate" : NumberLong(12570)
		},
		{
			"$sort" : {
				"sortKey" : {
					"_id" : 1
				}
			},
			"nReturned" : NumberLong(5),
			"executionTimeMillisEstimate" : NumberLong(12570)
		}
	],
	"serverInfo" : {
		"host" : "mt-mongo-1",
		"port" : 27011,
		"version" : "4.4.10",
		"gitVersion" : "58971da1ef93435a9f62bf4708a81713def6e88c"
	},
	"ok" : 1,
	"$clusterTime" : {
		"clusterTime" : Timestamp(1639476884, 1),
		"signature" : {
			"hash" : BinData(0,"AAAAAAAAAAAAAAAAAAAAAAAAAAA="),
			"keyId" : NumberLong(0)
		}
	},
	"operationTime" : Timestamp(1639476884, 1)
}


