MongoDB shell version v4.4.10
connecting to: mongodb://mt-mongo-1:27011,mt-mongo-2:27012,mt-mongo-3:27013/?compressors=disabled&gssapiServiceName=mongodb&replicaSet=mt-exp-rs-001
Implicit session: session { "id" : UUID("24451b2e-6317-4320-9442-594dcffec785") }
MongoDB server version: 4.4.10
{
	"stages" : [
		{
			"$cursor" : {
				"queryPlanner" : {
					"plannerVersion" : 1,
					"namespace" : "tpch_mongo_2c.orders-lineitem",
					"indexFilterSet" : false,
					"parsedQuery" : {
						"o_orderdate" : {
							"$lt" : ISODate("1992-01-02T00:00:00Z")
						}
					},
					"queryHash" : "82940438",
					"planCacheKey" : "28DE6A2C",
					"winningPlan" : {
						"stage" : "PROJECTION_DEFAULT",
						"transformBy" : {
							"_id" : 1,
							"customer.c_mktsegment" : 1,
							"o_custkey" : 1,
							"o_lineitems" : 1,
							"o_orderdate" : 1,
							"o_shippriority" : 1
						},
						"inputStage" : {
							"stage" : "FETCH",
							"inputStage" : {
								"stage" : "IXSCAN",
								"keyPattern" : {
									"o_orderdate" : 1
								},
								"indexName" : "idx_orders-lineitem_b",
								"isMultiKey" : false,
								"multiKeyPaths" : {
									"o_orderdate" : [ ]
								},
								"isUnique" : false,
								"isSparse" : false,
								"isPartial" : false,
								"indexVersion" : 2,
								"direction" : "forward",
								"indexBounds" : {
									"o_orderdate" : [
										"[new Date(-9223372036854775808), new Date(694310400000))"
									]
								}
							}
						}
					},
					"rejectedPlans" : [ ]
				},
				"executionStats" : {
					"executionSuccess" : true,
					"nReturned" : 621,
					"executionTimeMillis" : 146,
					"totalKeysExamined" : 621,
					"totalDocsExamined" : 621,
					"executionStages" : {
						"stage" : "PROJECTION_DEFAULT",
						"nReturned" : 621,
						"executionTimeMillisEstimate" : 19,
						"works" : 622,
						"advanced" : 621,
						"needTime" : 0,
						"needYield" : 0,
						"saveState" : 2,
						"restoreState" : 2,
						"isEOF" : 1,
						"transformBy" : {
							"_id" : 1,
							"customer.c_mktsegment" : 1,
							"o_custkey" : 1,
							"o_lineitems" : 1,
							"o_orderdate" : 1,
							"o_shippriority" : 1
						},
						"inputStage" : {
							"stage" : "FETCH",
							"nReturned" : 621,
							"executionTimeMillisEstimate" : 19,
							"works" : 622,
							"advanced" : 621,
							"needTime" : 0,
							"needYield" : 0,
							"saveState" : 2,
							"restoreState" : 2,
							"isEOF" : 1,
							"docsExamined" : 621,
							"alreadyHasObj" : 0,
							"inputStage" : {
								"stage" : "IXSCAN",
								"nReturned" : 621,
								"executionTimeMillisEstimate" : 11,
								"works" : 622,
								"advanced" : 621,
								"needTime" : 0,
								"needYield" : 0,
								"saveState" : 2,
								"restoreState" : 2,
								"isEOF" : 1,
								"keyPattern" : {
									"o_orderdate" : 1
								},
								"indexName" : "idx_orders-lineitem_b",
								"isMultiKey" : false,
								"multiKeyPaths" : {
									"o_orderdate" : [ ]
								},
								"isUnique" : false,
								"isSparse" : false,
								"isPartial" : false,
								"indexVersion" : 2,
								"direction" : "forward",
								"indexBounds" : {
									"o_orderdate" : [
										"[new Date(-9223372036854775808), new Date(694310400000))"
									]
								},
								"keysExamined" : 621,
								"seeks" : 1,
								"dupsTested" : 0,
								"dupsDropped" : 0
							}
						}
					},
					"allPlansExecution" : [ ]
				}
			},
			"nReturned" : NumberLong(621),
			"executionTimeMillisEstimate" : NumberLong(20)
		},
		{
			"$lookup" : {
				"from" : "customer",
				"as" : "customer",
				"localField" : "o_custkey",
				"foreignField" : "_id"
			},
			"nReturned" : NumberLong(621),
			"executionTimeMillisEstimate" : NumberLong(145)
		},
		{
			"$match" : {
				"customer.c_mktsegment" : {
					"$eq" : "AUTOMOBILE"
				}
			},
			"nReturned" : NumberLong(113),
			"executionTimeMillisEstimate" : NumberLong(145)
		},
		{
			"$project" : {
				"_id" : true,
				"o_shippriority" : true,
				"o_orderdate" : true,
				"lineitems" : "$o_lineitems"
			},
			"nReturned" : NumberLong(113),
			"executionTimeMillisEstimate" : NumberLong(145)
		},
		{
			"$unwind" : {
				"path" : "$lineitems"
			},
			"nReturned" : NumberLong(440),
			"executionTimeMillisEstimate" : NumberLong(145)
		},
		{
			"$match" : {
				"lineitems.l_shipdate" : {
					"$gt" : ISODate("1992-01-02T00:00:00Z")
				}
			},
			"nReturned" : NumberLong(439),
			"executionTimeMillisEstimate" : NumberLong(145)
		},
		{
			"$group" : {
				"_id" : {
					"l_orderkey" : "$_id",
					"o_orderdate" : "$o_orderdate",
					"o_shippriority" : "$o_shippriority"
				},
				"revenue" : {
					"$sum" : {
						"$multiply" : [
							"$lineitems.l_extendedprice",
							{
								"$subtract" : [
									{
										"$const" : 1
									},
									"$lineitems.l_discount"
								]
							}
						]
					}
				}
			},
			"nReturned" : NumberLong(113),
			"executionTimeMillisEstimate" : NumberLong(145)
		},
		{
			"$sort" : {
				"sortKey" : {
					"revenue" : -1,
					"_id.o_orderdate" : 1
				},
				"limit" : NumberLong(10)
			},
			"nReturned" : NumberLong(10),
			"executionTimeMillisEstimate" : NumberLong(145)
		}
	],
	"serverInfo" : {
		"host" : "mt-mongo-3",
		"port" : 27013,
		"version" : "4.4.10",
		"gitVersion" : "58971da1ef93435a9f62bf4708a81713def6e88c"
	},
	"ok" : 1,
	"$clusterTime" : {
		"clusterTime" : Timestamp(1639496684, 10),
		"signature" : {
			"hash" : BinData(0,"AAAAAAAAAAAAAAAAAAAAAAAAAAA="),
			"keyId" : NumberLong(0)
		}
	},
	"operationTime" : Timestamp(1639496684, 10)
}


MongoDB shell version v4.4.10
connecting to: mongodb://mt-mongo-1:27011,mt-mongo-2:27012,mt-mongo-3:27013/?compressors=disabled&gssapiServiceName=mongodb&replicaSet=mt-exp-rs-001
Implicit session: session { "id" : UUID("2672f6a7-d52d-49b7-b926-08e33a13c690") }
MongoDB server version: 4.4.10
{
	"stages" : [
		{
			"$cursor" : {
				"queryPlanner" : {
					"plannerVersion" : 1,
					"namespace" : "tpch_mongo_2c.orders-lineitem",
					"indexFilterSet" : false,
					"parsedQuery" : {
						"o_orderdate" : {
							"$lt" : ISODate("1992-01-02T00:00:00Z")
						}
					},
					"queryHash" : "82940438",
					"planCacheKey" : "28DE6A2C",
					"winningPlan" : {
						"stage" : "PROJECTION_DEFAULT",
						"transformBy" : {
							"_id" : 1,
							"customer.c_mktsegment" : 1,
							"o_custkey" : 1,
							"o_lineitems" : 1,
							"o_orderdate" : 1,
							"o_shippriority" : 1
						},
						"inputStage" : {
							"stage" : "FETCH",
							"inputStage" : {
								"stage" : "IXSCAN",
								"keyPattern" : {
									"o_orderdate" : 1
								},
								"indexName" : "idx_orders-lineitem_b",
								"isMultiKey" : false,
								"multiKeyPaths" : {
									"o_orderdate" : [ ]
								},
								"isUnique" : false,
								"isSparse" : false,
								"isPartial" : false,
								"indexVersion" : 2,
								"direction" : "forward",
								"indexBounds" : {
									"o_orderdate" : [
										"[new Date(-9223372036854775808), new Date(694310400000))"
									]
								}
							}
						}
					},
					"rejectedPlans" : [ ]
				},
				"executionStats" : {
					"executionSuccess" : true,
					"nReturned" : 621,
					"executionTimeMillis" : 311,
					"totalKeysExamined" : 621,
					"totalDocsExamined" : 621,
					"executionStages" : {
						"stage" : "PROJECTION_DEFAULT",
						"nReturned" : 621,
						"executionTimeMillisEstimate" : 7,
						"works" : 622,
						"advanced" : 621,
						"needTime" : 0,
						"needYield" : 0,
						"saveState" : 1,
						"restoreState" : 1,
						"isEOF" : 1,
						"transformBy" : {
							"_id" : 1,
							"customer.c_mktsegment" : 1,
							"o_custkey" : 1,
							"o_lineitems" : 1,
							"o_orderdate" : 1,
							"o_shippriority" : 1
						},
						"inputStage" : {
							"stage" : "FETCH",
							"nReturned" : 621,
							"executionTimeMillisEstimate" : 7,
							"works" : 622,
							"advanced" : 621,
							"needTime" : 0,
							"needYield" : 0,
							"saveState" : 1,
							"restoreState" : 1,
							"isEOF" : 1,
							"docsExamined" : 621,
							"alreadyHasObj" : 0,
							"inputStage" : {
								"stage" : "IXSCAN",
								"nReturned" : 621,
								"executionTimeMillisEstimate" : 1,
								"works" : 622,
								"advanced" : 621,
								"needTime" : 0,
								"needYield" : 0,
								"saveState" : 1,
								"restoreState" : 1,
								"isEOF" : 1,
								"keyPattern" : {
									"o_orderdate" : 1
								},
								"indexName" : "idx_orders-lineitem_b",
								"isMultiKey" : false,
								"multiKeyPaths" : {
									"o_orderdate" : [ ]
								},
								"isUnique" : false,
								"isSparse" : false,
								"isPartial" : false,
								"indexVersion" : 2,
								"direction" : "forward",
								"indexBounds" : {
									"o_orderdate" : [
										"[new Date(-9223372036854775808), new Date(694310400000))"
									]
								},
								"keysExamined" : 621,
								"seeks" : 1,
								"dupsTested" : 0,
								"dupsDropped" : 0
							}
						}
					},
					"allPlansExecution" : [ ]
				}
			},
			"nReturned" : NumberLong(621),
			"executionTimeMillisEstimate" : NumberLong(7)
		},
		{
			"$lookup" : {
				"from" : "customer",
				"as" : "customer",
				"localField" : "o_custkey",
				"foreignField" : "_id"
			},
			"nReturned" : NumberLong(621),
			"executionTimeMillisEstimate" : NumberLong(309)
		},
		{
			"$match" : {
				"customer.c_mktsegment" : {
					"$eq" : "AUTOMOBILE"
				}
			},
			"nReturned" : NumberLong(113),
			"executionTimeMillisEstimate" : NumberLong(310)
		},
		{
			"$project" : {
				"_id" : true,
				"o_orderdate" : true,
				"o_shippriority" : true,
				"lineitems" : "$o_lineitems"
			},
			"nReturned" : NumberLong(113),
			"executionTimeMillisEstimate" : NumberLong(310)
		},
		{
			"$unwind" : {
				"path" : "$lineitems"
			},
			"nReturned" : NumberLong(440),
			"executionTimeMillisEstimate" : NumberLong(310)
		},
		{
			"$match" : {
				"lineitems.l_shipdate" : {
					"$gt" : ISODate("1992-01-02T00:00:00Z")
				}
			},
			"nReturned" : NumberLong(439),
			"executionTimeMillisEstimate" : NumberLong(310)
		},
		{
			"$group" : {
				"_id" : {
					"l_orderkey" : "$_id",
					"o_orderdate" : "$o_orderdate",
					"o_shippriority" : "$o_shippriority"
				},
				"revenue" : {
					"$sum" : {
						"$multiply" : [
							"$lineitems.l_extendedprice",
							{
								"$subtract" : [
									{
										"$const" : 1
									},
									"$lineitems.l_discount"
								]
							}
						]
					}
				}
			},
			"nReturned" : NumberLong(113),
			"executionTimeMillisEstimate" : NumberLong(310)
		},
		{
			"$sort" : {
				"sortKey" : {
					"revenue" : -1,
					"_id.o_orderdate" : 1
				},
				"limit" : NumberLong(10)
			},
			"nReturned" : NumberLong(10),
			"executionTimeMillisEstimate" : NumberLong(310)
		}
	],
	"serverInfo" : {
		"host" : "mt-mongo-1",
		"port" : 27011,
		"version" : "4.4.10",
		"gitVersion" : "58971da1ef93435a9f62bf4708a81713def6e88c"
	},
	"ok" : 1,
	"$clusterTime" : {
		"clusterTime" : Timestamp(1639496757, 12),
		"signature" : {
			"hash" : BinData(0,"AAAAAAAAAAAAAAAAAAAAAAAAAAA="),
			"keyId" : NumberLong(0)
		}
	},
	"operationTime" : Timestamp(1639496757, 12)
}


MongoDB shell version v4.4.10
connecting to: mongodb://mt-mongo-1:27011,mt-mongo-2:27012,mt-mongo-3:27013/?compressors=disabled&gssapiServiceName=mongodb&replicaSet=mt-exp-rs-001
Implicit session: session { "id" : UUID("505eb1d5-80cd-4801-a0df-b94f9e212f15") }
MongoDB server version: 4.4.10
{
	"stages" : [
		{
			"$cursor" : {
				"queryPlanner" : {
					"plannerVersion" : 1,
					"namespace" : "tpch_mongo_2c.orders-lineitem",
					"indexFilterSet" : false,
					"parsedQuery" : {
						"o_orderdate" : {
							"$lt" : ISODate("1992-01-02T00:00:00Z")
						}
					},
					"queryHash" : "82940438",
					"planCacheKey" : "28DE6A2C",
					"winningPlan" : {
						"stage" : "PROJECTION_DEFAULT",
						"transformBy" : {
							"_id" : 1,
							"customer.c_mktsegment" : 1,
							"o_custkey" : 1,
							"o_lineitems" : 1,
							"o_orderdate" : 1,
							"o_shippriority" : 1
						},
						"inputStage" : {
							"stage" : "FETCH",
							"inputStage" : {
								"stage" : "IXSCAN",
								"keyPattern" : {
									"o_orderdate" : 1
								},
								"indexName" : "idx_orders-lineitem_b",
								"isMultiKey" : false,
								"multiKeyPaths" : {
									"o_orderdate" : [ ]
								},
								"isUnique" : false,
								"isSparse" : false,
								"isPartial" : false,
								"indexVersion" : 2,
								"direction" : "forward",
								"indexBounds" : {
									"o_orderdate" : [
										"[new Date(-9223372036854775808), new Date(694310400000))"
									]
								}
							}
						}
					},
					"rejectedPlans" : [ ]
				},
				"executionStats" : {
					"executionSuccess" : true,
					"nReturned" : 621,
					"executionTimeMillis" : 251,
					"totalKeysExamined" : 621,
					"totalDocsExamined" : 621,
					"executionStages" : {
						"stage" : "PROJECTION_DEFAULT",
						"nReturned" : 621,
						"executionTimeMillisEstimate" : 9,
						"works" : 622,
						"advanced" : 621,
						"needTime" : 0,
						"needYield" : 0,
						"saveState" : 1,
						"restoreState" : 1,
						"isEOF" : 1,
						"transformBy" : {
							"_id" : 1,
							"customer.c_mktsegment" : 1,
							"o_custkey" : 1,
							"o_lineitems" : 1,
							"o_orderdate" : 1,
							"o_shippriority" : 1
						},
						"inputStage" : {
							"stage" : "FETCH",
							"nReturned" : 621,
							"executionTimeMillisEstimate" : 9,
							"works" : 622,
							"advanced" : 621,
							"needTime" : 0,
							"needYield" : 0,
							"saveState" : 1,
							"restoreState" : 1,
							"isEOF" : 1,
							"docsExamined" : 621,
							"alreadyHasObj" : 0,
							"inputStage" : {
								"stage" : "IXSCAN",
								"nReturned" : 621,
								"executionTimeMillisEstimate" : 0,
								"works" : 622,
								"advanced" : 621,
								"needTime" : 0,
								"needYield" : 0,
								"saveState" : 1,
								"restoreState" : 1,
								"isEOF" : 1,
								"keyPattern" : {
									"o_orderdate" : 1
								},
								"indexName" : "idx_orders-lineitem_b",
								"isMultiKey" : false,
								"multiKeyPaths" : {
									"o_orderdate" : [ ]
								},
								"isUnique" : false,
								"isSparse" : false,
								"isPartial" : false,
								"indexVersion" : 2,
								"direction" : "forward",
								"indexBounds" : {
									"o_orderdate" : [
										"[new Date(-9223372036854775808), new Date(694310400000))"
									]
								},
								"keysExamined" : 621,
								"seeks" : 1,
								"dupsTested" : 0,
								"dupsDropped" : 0
							}
						}
					},
					"allPlansExecution" : [ ]
				}
			},
			"nReturned" : NumberLong(621),
			"executionTimeMillisEstimate" : NumberLong(10)
		},
		{
			"$lookup" : {
				"from" : "customer",
				"as" : "customer",
				"localField" : "o_custkey",
				"foreignField" : "_id"
			},
			"nReturned" : NumberLong(621),
			"executionTimeMillisEstimate" : NumberLong(248)
		},
		{
			"$match" : {
				"customer.c_mktsegment" : {
					"$eq" : "AUTOMOBILE"
				}
			},
			"nReturned" : NumberLong(113),
			"executionTimeMillisEstimate" : NumberLong(248)
		},
		{
			"$project" : {
				"_id" : true,
				"o_orderdate" : true,
				"o_shippriority" : true,
				"lineitems" : "$o_lineitems"
			},
			"nReturned" : NumberLong(113),
			"executionTimeMillisEstimate" : NumberLong(248)
		},
		{
			"$unwind" : {
				"path" : "$lineitems"
			},
			"nReturned" : NumberLong(440),
			"executionTimeMillisEstimate" : NumberLong(248)
		},
		{
			"$match" : {
				"lineitems.l_shipdate" : {
					"$gt" : ISODate("1992-01-02T00:00:00Z")
				}
			},
			"nReturned" : NumberLong(439),
			"executionTimeMillisEstimate" : NumberLong(248)
		},
		{
			"$group" : {
				"_id" : {
					"l_orderkey" : "$_id",
					"o_orderdate" : "$o_orderdate",
					"o_shippriority" : "$o_shippriority"
				},
				"revenue" : {
					"$sum" : {
						"$multiply" : [
							"$lineitems.l_extendedprice",
							{
								"$subtract" : [
									{
										"$const" : 1
									},
									"$lineitems.l_discount"
								]
							}
						]
					}
				}
			},
			"nReturned" : NumberLong(113),
			"executionTimeMillisEstimate" : NumberLong(250)
		},
		{
			"$sort" : {
				"sortKey" : {
					"revenue" : -1,
					"_id.o_orderdate" : 1
				},
				"limit" : NumberLong(10)
			},
			"nReturned" : NumberLong(10),
			"executionTimeMillisEstimate" : NumberLong(250)
		}
	],
	"serverInfo" : {
		"host" : "mt-mongo-1",
		"port" : 27011,
		"version" : "4.4.10",
		"gitVersion" : "58971da1ef93435a9f62bf4708a81713def6e88c"
	},
	"ok" : 1,
	"$clusterTime" : {
		"clusterTime" : Timestamp(1639496820, 12),
		"signature" : {
			"hash" : BinData(0,"AAAAAAAAAAAAAAAAAAAAAAAAAAA="),
			"keyId" : NumberLong(0)
		}
	},
	"operationTime" : Timestamp(1639496820, 12)
}


MongoDB shell version v4.4.10
connecting to: mongodb://mt-mongo-1:27011,mt-mongo-2:27012,mt-mongo-3:27013/?compressors=disabled&gssapiServiceName=mongodb&replicaSet=mt-exp-rs-001
Implicit session: session { "id" : UUID("033a93cd-6b81-4451-b972-43b4fab90aaf") }
MongoDB server version: 4.4.10
{
	"stages" : [
		{
			"$cursor" : {
				"queryPlanner" : {
					"plannerVersion" : 1,
					"namespace" : "tpch_mongo_2c.orders-lineitem",
					"indexFilterSet" : false,
					"parsedQuery" : {
						"o_orderdate" : {
							"$lt" : ISODate("1992-01-02T00:00:00Z")
						}
					},
					"queryHash" : "82940438",
					"planCacheKey" : "28DE6A2C",
					"winningPlan" : {
						"stage" : "PROJECTION_DEFAULT",
						"transformBy" : {
							"_id" : 1,
							"customer.c_mktsegment" : 1,
							"o_custkey" : 1,
							"o_lineitems" : 1,
							"o_orderdate" : 1,
							"o_shippriority" : 1
						},
						"inputStage" : {
							"stage" : "FETCH",
							"inputStage" : {
								"stage" : "IXSCAN",
								"keyPattern" : {
									"o_orderdate" : 1
								},
								"indexName" : "idx_orders-lineitem_b",
								"isMultiKey" : false,
								"multiKeyPaths" : {
									"o_orderdate" : [ ]
								},
								"isUnique" : false,
								"isSparse" : false,
								"isPartial" : false,
								"indexVersion" : 2,
								"direction" : "forward",
								"indexBounds" : {
									"o_orderdate" : [
										"[new Date(-9223372036854775808), new Date(694310400000))"
									]
								}
							}
						}
					},
					"rejectedPlans" : [ ]
				},
				"executionStats" : {
					"executionSuccess" : true,
					"nReturned" : 621,
					"executionTimeMillis" : 141,
					"totalKeysExamined" : 621,
					"totalDocsExamined" : 621,
					"executionStages" : {
						"stage" : "PROJECTION_DEFAULT",
						"nReturned" : 621,
						"executionTimeMillisEstimate" : 9,
						"works" : 622,
						"advanced" : 621,
						"needTime" : 0,
						"needYield" : 0,
						"saveState" : 1,
						"restoreState" : 1,
						"isEOF" : 1,
						"transformBy" : {
							"_id" : 1,
							"customer.c_mktsegment" : 1,
							"o_custkey" : 1,
							"o_lineitems" : 1,
							"o_orderdate" : 1,
							"o_shippriority" : 1
						},
						"inputStage" : {
							"stage" : "FETCH",
							"nReturned" : 621,
							"executionTimeMillisEstimate" : 0,
							"works" : 622,
							"advanced" : 621,
							"needTime" : 0,
							"needYield" : 0,
							"saveState" : 1,
							"restoreState" : 1,
							"isEOF" : 1,
							"docsExamined" : 621,
							"alreadyHasObj" : 0,
							"inputStage" : {
								"stage" : "IXSCAN",
								"nReturned" : 621,
								"executionTimeMillisEstimate" : 0,
								"works" : 622,
								"advanced" : 621,
								"needTime" : 0,
								"needYield" : 0,
								"saveState" : 1,
								"restoreState" : 1,
								"isEOF" : 1,
								"keyPattern" : {
									"o_orderdate" : 1
								},
								"indexName" : "idx_orders-lineitem_b",
								"isMultiKey" : false,
								"multiKeyPaths" : {
									"o_orderdate" : [ ]
								},
								"isUnique" : false,
								"isSparse" : false,
								"isPartial" : false,
								"indexVersion" : 2,
								"direction" : "forward",
								"indexBounds" : {
									"o_orderdate" : [
										"[new Date(-9223372036854775808), new Date(694310400000))"
									]
								},
								"keysExamined" : 621,
								"seeks" : 1,
								"dupsTested" : 0,
								"dupsDropped" : 0
							}
						}
					},
					"allPlansExecution" : [ ]
				}
			},
			"nReturned" : NumberLong(621),
			"executionTimeMillisEstimate" : NumberLong(9)
		},
		{
			"$lookup" : {
				"from" : "customer",
				"as" : "customer",
				"localField" : "o_custkey",
				"foreignField" : "_id"
			},
			"nReturned" : NumberLong(621),
			"executionTimeMillisEstimate" : NumberLong(139)
		},
		{
			"$match" : {
				"customer.c_mktsegment" : {
					"$eq" : "AUTOMOBILE"
				}
			},
			"nReturned" : NumberLong(113),
			"executionTimeMillisEstimate" : NumberLong(139)
		},
		{
			"$project" : {
				"_id" : true,
				"o_shippriority" : true,
				"o_orderdate" : true,
				"lineitems" : "$o_lineitems"
			},
			"nReturned" : NumberLong(113),
			"executionTimeMillisEstimate" : NumberLong(139)
		},
		{
			"$unwind" : {
				"path" : "$lineitems"
			},
			"nReturned" : NumberLong(440),
			"executionTimeMillisEstimate" : NumberLong(139)
		},
		{
			"$match" : {
				"lineitems.l_shipdate" : {
					"$gt" : ISODate("1992-01-02T00:00:00Z")
				}
			},
			"nReturned" : NumberLong(439),
			"executionTimeMillisEstimate" : NumberLong(139)
		},
		{
			"$group" : {
				"_id" : {
					"l_orderkey" : "$_id",
					"o_orderdate" : "$o_orderdate",
					"o_shippriority" : "$o_shippriority"
				},
				"revenue" : {
					"$sum" : {
						"$multiply" : [
							"$lineitems.l_extendedprice",
							{
								"$subtract" : [
									{
										"$const" : 1
									},
									"$lineitems.l_discount"
								]
							}
						]
					}
				}
			},
			"nReturned" : NumberLong(113),
			"executionTimeMillisEstimate" : NumberLong(139)
		},
		{
			"$sort" : {
				"sortKey" : {
					"revenue" : -1,
					"_id.o_orderdate" : 1
				},
				"limit" : NumberLong(10)
			},
			"nReturned" : NumberLong(10),
			"executionTimeMillisEstimate" : NumberLong(139)
		}
	],
	"serverInfo" : {
		"host" : "mt-mongo-3",
		"port" : 27013,
		"version" : "4.4.10",
		"gitVersion" : "58971da1ef93435a9f62bf4708a81713def6e88c"
	},
	"ok" : 1,
	"$clusterTime" : {
		"clusterTime" : Timestamp(1639496886, 12),
		"signature" : {
			"hash" : BinData(0,"AAAAAAAAAAAAAAAAAAAAAAAAAAA="),
			"keyId" : NumberLong(0)
		}
	},
	"operationTime" : Timestamp(1639496886, 12)
}


MongoDB shell version v4.4.10
connecting to: mongodb://mt-mongo-1:27011,mt-mongo-2:27012,mt-mongo-3:27013/?compressors=disabled&gssapiServiceName=mongodb&replicaSet=mt-exp-rs-001
Implicit session: session { "id" : UUID("20b008a7-6dbc-47b4-bd66-10e0af18fcb4") }
MongoDB server version: 4.4.10
{
	"stages" : [
		{
			"$cursor" : {
				"queryPlanner" : {
					"plannerVersion" : 1,
					"namespace" : "tpch_mongo_2c.orders-lineitem",
					"indexFilterSet" : false,
					"parsedQuery" : {
						"o_orderdate" : {
							"$lt" : ISODate("1992-01-02T00:00:00Z")
						}
					},
					"queryHash" : "82940438",
					"planCacheKey" : "28DE6A2C",
					"winningPlan" : {
						"stage" : "PROJECTION_DEFAULT",
						"transformBy" : {
							"_id" : 1,
							"customer.c_mktsegment" : 1,
							"o_custkey" : 1,
							"o_lineitems" : 1,
							"o_orderdate" : 1,
							"o_shippriority" : 1
						},
						"inputStage" : {
							"stage" : "FETCH",
							"inputStage" : {
								"stage" : "IXSCAN",
								"keyPattern" : {
									"o_orderdate" : 1
								},
								"indexName" : "idx_orders-lineitem_b",
								"isMultiKey" : false,
								"multiKeyPaths" : {
									"o_orderdate" : [ ]
								},
								"isUnique" : false,
								"isSparse" : false,
								"isPartial" : false,
								"indexVersion" : 2,
								"direction" : "forward",
								"indexBounds" : {
									"o_orderdate" : [
										"[new Date(-9223372036854775808), new Date(694310400000))"
									]
								}
							}
						}
					},
					"rejectedPlans" : [ ]
				},
				"executionStats" : {
					"executionSuccess" : true,
					"nReturned" : 621,
					"executionTimeMillis" : 312,
					"totalKeysExamined" : 621,
					"totalDocsExamined" : 621,
					"executionStages" : {
						"stage" : "PROJECTION_DEFAULT",
						"nReturned" : 621,
						"executionTimeMillisEstimate" : 8,
						"works" : 622,
						"advanced" : 621,
						"needTime" : 0,
						"needYield" : 0,
						"saveState" : 1,
						"restoreState" : 1,
						"isEOF" : 1,
						"transformBy" : {
							"_id" : 1,
							"customer.c_mktsegment" : 1,
							"o_custkey" : 1,
							"o_lineitems" : 1,
							"o_orderdate" : 1,
							"o_shippriority" : 1
						},
						"inputStage" : {
							"stage" : "FETCH",
							"nReturned" : 621,
							"executionTimeMillisEstimate" : 0,
							"works" : 622,
							"advanced" : 621,
							"needTime" : 0,
							"needYield" : 0,
							"saveState" : 1,
							"restoreState" : 1,
							"isEOF" : 1,
							"docsExamined" : 621,
							"alreadyHasObj" : 0,
							"inputStage" : {
								"stage" : "IXSCAN",
								"nReturned" : 621,
								"executionTimeMillisEstimate" : 0,
								"works" : 622,
								"advanced" : 621,
								"needTime" : 0,
								"needYield" : 0,
								"saveState" : 1,
								"restoreState" : 1,
								"isEOF" : 1,
								"keyPattern" : {
									"o_orderdate" : 1
								},
								"indexName" : "idx_orders-lineitem_b",
								"isMultiKey" : false,
								"multiKeyPaths" : {
									"o_orderdate" : [ ]
								},
								"isUnique" : false,
								"isSparse" : false,
								"isPartial" : false,
								"indexVersion" : 2,
								"direction" : "forward",
								"indexBounds" : {
									"o_orderdate" : [
										"[new Date(-9223372036854775808), new Date(694310400000))"
									]
								},
								"keysExamined" : 621,
								"seeks" : 1,
								"dupsTested" : 0,
								"dupsDropped" : 0
							}
						}
					},
					"allPlansExecution" : [ ]
				}
			},
			"nReturned" : NumberLong(621),
			"executionTimeMillisEstimate" : NumberLong(8)
		},
		{
			"$lookup" : {
				"from" : "customer",
				"as" : "customer",
				"localField" : "o_custkey",
				"foreignField" : "_id"
			},
			"nReturned" : NumberLong(621),
			"executionTimeMillisEstimate" : NumberLong(310)
		},
		{
			"$match" : {
				"customer.c_mktsegment" : {
					"$eq" : "AUTOMOBILE"
				}
			},
			"nReturned" : NumberLong(113),
			"executionTimeMillisEstimate" : NumberLong(310)
		},
		{
			"$project" : {
				"_id" : true,
				"o_orderdate" : true,
				"o_shippriority" : true,
				"lineitems" : "$o_lineitems"
			},
			"nReturned" : NumberLong(113),
			"executionTimeMillisEstimate" : NumberLong(310)
		},
		{
			"$unwind" : {
				"path" : "$lineitems"
			},
			"nReturned" : NumberLong(440),
			"executionTimeMillisEstimate" : NumberLong(310)
		},
		{
			"$match" : {
				"lineitems.l_shipdate" : {
					"$gt" : ISODate("1992-01-02T00:00:00Z")
				}
			},
			"nReturned" : NumberLong(439),
			"executionTimeMillisEstimate" : NumberLong(310)
		},
		{
			"$group" : {
				"_id" : {
					"l_orderkey" : "$_id",
					"o_orderdate" : "$o_orderdate",
					"o_shippriority" : "$o_shippriority"
				},
				"revenue" : {
					"$sum" : {
						"$multiply" : [
							"$lineitems.l_extendedprice",
							{
								"$subtract" : [
									{
										"$const" : 1
									},
									"$lineitems.l_discount"
								]
							}
						]
					}
				}
			},
			"nReturned" : NumberLong(113),
			"executionTimeMillisEstimate" : NumberLong(310)
		},
		{
			"$sort" : {
				"sortKey" : {
					"revenue" : -1,
					"_id.o_orderdate" : 1
				},
				"limit" : NumberLong(10)
			},
			"nReturned" : NumberLong(10),
			"executionTimeMillisEstimate" : NumberLong(311)
		}
	],
	"serverInfo" : {
		"host" : "mt-mongo-1",
		"port" : 27011,
		"version" : "4.4.10",
		"gitVersion" : "58971da1ef93435a9f62bf4708a81713def6e88c"
	},
	"ok" : 1,
	"$clusterTime" : {
		"clusterTime" : Timestamp(1639496952, 12),
		"signature" : {
			"hash" : BinData(0,"AAAAAAAAAAAAAAAAAAAAAAAAAAA="),
			"keyId" : NumberLong(0)
		}
	},
	"operationTime" : Timestamp(1639496952, 12)
}


