MongoDB shell version v4.4.10
connecting to: mongodb://mt-mongo-1:27011,mt-mongo-2:27012,mt-mongo-3:27013/?compressors=disabled&gssapiServiceName=mongodb&replicaSet=mt-exp-rs-001
Implicit session: session { "id" : UUID("fbdd8183-86c1-4a92-b734-4f3cb02a50dd") }
MongoDB server version: 4.4.10
{
	"stages" : [
		{
			"$cursor" : {
				"queryPlanner" : {
					"plannerVersion" : 1,
					"namespace" : "tpch_mongo_2c.customer",
					"indexFilterSet" : false,
					"parsedQuery" : {
						"c_mktsegment" : {
							"$eq" : "AUTOMOBILE"
						}
					},
					"queryHash" : "2244324B",
					"planCacheKey" : "2B91C89B",
					"winningPlan" : {
						"stage" : "PROJECTION_DEFAULT",
						"transformBy" : {
							"_id" : 1,
							"orders._id" : 1,
							"orders.o_lineitems" : 1,
							"orders.o_orderdate" : 1,
							"orders.o_shippriority" : 1
						},
						"inputStage" : {
							"stage" : "FETCH",
							"inputStage" : {
								"stage" : "IXSCAN",
								"keyPattern" : {
									"c_mktsegment" : 1
								},
								"indexName" : "idx_customer_c",
								"isMultiKey" : false,
								"multiKeyPaths" : {
									"c_mktsegment" : [ ]
								},
								"isUnique" : false,
								"isSparse" : false,
								"isPartial" : false,
								"indexVersion" : 2,
								"direction" : "forward",
								"indexBounds" : {
									"c_mktsegment" : [
										"[\"AUTOMOBILE\", \"AUTOMOBILE\"]"
									]
								}
							}
						}
					},
					"rejectedPlans" : [ ]
				},
				"executionStats" : {
					"executionSuccess" : true,
					"nReturned" : 29752,
					"executionTimeMillis" : 5370,
					"totalKeysExamined" : 29752,
					"totalDocsExamined" : 29752,
					"executionStages" : {
						"stage" : "PROJECTION_DEFAULT",
						"nReturned" : 29752,
						"executionTimeMillisEstimate" : 43,
						"works" : 29753,
						"advanced" : 29752,
						"needTime" : 0,
						"needYield" : 0,
						"saveState" : 30,
						"restoreState" : 30,
						"isEOF" : 1,
						"transformBy" : {
							"_id" : 1,
							"orders._id" : 1,
							"orders.o_lineitems" : 1,
							"orders.o_orderdate" : 1,
							"orders.o_shippriority" : 1
						},
						"inputStage" : {
							"stage" : "FETCH",
							"nReturned" : 29752,
							"executionTimeMillisEstimate" : 38,
							"works" : 29753,
							"advanced" : 29752,
							"needTime" : 0,
							"needYield" : 0,
							"saveState" : 30,
							"restoreState" : 30,
							"isEOF" : 1,
							"docsExamined" : 29752,
							"alreadyHasObj" : 0,
							"inputStage" : {
								"stage" : "IXSCAN",
								"nReturned" : 29752,
								"executionTimeMillisEstimate" : 18,
								"works" : 29753,
								"advanced" : 29752,
								"needTime" : 0,
								"needYield" : 0,
								"saveState" : 30,
								"restoreState" : 30,
								"isEOF" : 1,
								"keyPattern" : {
									"c_mktsegment" : 1
								},
								"indexName" : "idx_customer_c",
								"isMultiKey" : false,
								"multiKeyPaths" : {
									"c_mktsegment" : [ ]
								},
								"isUnique" : false,
								"isSparse" : false,
								"isPartial" : false,
								"indexVersion" : 2,
								"direction" : "forward",
								"indexBounds" : {
									"c_mktsegment" : [
										"[\"AUTOMOBILE\", \"AUTOMOBILE\"]"
									]
								},
								"keysExamined" : 29752,
								"seeks" : 1,
								"dupsTested" : 0,
								"dupsDropped" : 0
							}
						}
					},
					"allPlansExecution" : [ ]
				}
			},
			"nReturned" : NumberLong(29752),
			"executionTimeMillisEstimate" : NumberLong(121)
		},
		{
			"$lookup" : {
				"from" : "orders-lineitem",
				"as" : "orders",
				"localField" : "_id",
				"foreignField" : "o_custkey",
				"unwinding" : {
					"preserveNullAndEmptyArrays" : false
				},
				"matching" : {
					"o_orderdate" : {
						"$lt" : ISODate("1992-01-02T00:00:00Z")
					}
				}
			},
			"nReturned" : NumberLong(113),
			"executionTimeMillisEstimate" : NumberLong(5369)
		},
		{
			"$project" : {
				"_id" : true,
				"o_orderkey" : "$orders._id",
				"o_orderdate" : "$orders.o_orderdate",
				"o_shippriority" : "$orders.o_shippriority",
				"lineitems" : {
					"$filter" : {
						"input" : "$orders.o_lineitems",
						"as" : "l",
						"cond" : {
							"$gt" : [
								"$$l.l_shipdate",
								{
									"$const" : ISODate("1992-01-02T00:00:00Z")
								}
							]
						}
					}
				}
			},
			"nReturned" : NumberLong(113),
			"executionTimeMillisEstimate" : NumberLong(5369)
		},
		{
			"$unwind" : {
				"path" : "$lineitems"
			},
			"nReturned" : NumberLong(439),
			"executionTimeMillisEstimate" : NumberLong(5369)
		},
		{
			"$group" : {
				"_id" : {
					"l_orderkey" : "$o_orderkey",
					"o_orderdate" : "$o_orderdate",
					"o_shippriority" : "$o_shippriority"
				},
				"revenue" : {
					"$sum" : {
						"$multiply" : [
							"$lineitems.l_extendedprice",
							{
								"$subtract" : [
									{
										"$const" : 1
									},
									"$lineitems.l_discount"
								]
							}
						]
					}
				}
			},
			"nReturned" : NumberLong(113),
			"executionTimeMillisEstimate" : NumberLong(5369)
		},
		{
			"$sort" : {
				"sortKey" : {
					"revenue" : -1,
					"_id.o_orderdate" : 1
				},
				"limit" : NumberLong(10)
			},
			"nReturned" : NumberLong(10),
			"executionTimeMillisEstimate" : NumberLong(5369)
		}
	],
	"serverInfo" : {
		"host" : "mt-mongo-3",
		"port" : 27013,
		"version" : "4.4.10",
		"gitVersion" : "58971da1ef93435a9f62bf4708a81713def6e88c"
	},
	"ok" : 1,
	"$clusterTime" : {
		"clusterTime" : Timestamp(1639497020, 5),
		"signature" : {
			"hash" : BinData(0,"AAAAAAAAAAAAAAAAAAAAAAAAAAA="),
			"keyId" : NumberLong(0)
		}
	},
	"operationTime" : Timestamp(1639497020, 5)
}


MongoDB shell version v4.4.10
connecting to: mongodb://mt-mongo-1:27011,mt-mongo-2:27012,mt-mongo-3:27013/?compressors=disabled&gssapiServiceName=mongodb&replicaSet=mt-exp-rs-001
Implicit session: session { "id" : UUID("de99ca67-62de-4381-891b-0d74572d8491") }
MongoDB server version: 4.4.10
{
	"stages" : [
		{
			"$cursor" : {
				"queryPlanner" : {
					"plannerVersion" : 1,
					"namespace" : "tpch_mongo_2c.customer",
					"indexFilterSet" : false,
					"parsedQuery" : {
						"c_mktsegment" : {
							"$eq" : "AUTOMOBILE"
						}
					},
					"queryHash" : "2244324B",
					"planCacheKey" : "2B91C89B",
					"winningPlan" : {
						"stage" : "PROJECTION_DEFAULT",
						"transformBy" : {
							"_id" : 1,
							"orders._id" : 1,
							"orders.o_lineitems" : 1,
							"orders.o_orderdate" : 1,
							"orders.o_shippriority" : 1
						},
						"inputStage" : {
							"stage" : "FETCH",
							"inputStage" : {
								"stage" : "IXSCAN",
								"keyPattern" : {
									"c_mktsegment" : 1
								},
								"indexName" : "idx_customer_c",
								"isMultiKey" : false,
								"multiKeyPaths" : {
									"c_mktsegment" : [ ]
								},
								"isUnique" : false,
								"isSparse" : false,
								"isPartial" : false,
								"indexVersion" : 2,
								"direction" : "forward",
								"indexBounds" : {
									"c_mktsegment" : [
										"[\"AUTOMOBILE\", \"AUTOMOBILE\"]"
									]
								}
							}
						}
					},
					"rejectedPlans" : [ ]
				},
				"executionStats" : {
					"executionSuccess" : true,
					"nReturned" : 29752,
					"executionTimeMillis" : 5992,
					"totalKeysExamined" : 29752,
					"totalDocsExamined" : 29752,
					"executionStages" : {
						"stage" : "PROJECTION_DEFAULT",
						"nReturned" : 29752,
						"executionTimeMillisEstimate" : 30,
						"works" : 29753,
						"advanced" : 29752,
						"needTime" : 0,
						"needYield" : 0,
						"saveState" : 30,
						"restoreState" : 30,
						"isEOF" : 1,
						"transformBy" : {
							"_id" : 1,
							"orders._id" : 1,
							"orders.o_lineitems" : 1,
							"orders.o_orderdate" : 1,
							"orders.o_shippriority" : 1
						},
						"inputStage" : {
							"stage" : "FETCH",
							"nReturned" : 29752,
							"executionTimeMillisEstimate" : 22,
							"works" : 29753,
							"advanced" : 29752,
							"needTime" : 0,
							"needYield" : 0,
							"saveState" : 30,
							"restoreState" : 30,
							"isEOF" : 1,
							"docsExamined" : 29752,
							"alreadyHasObj" : 0,
							"inputStage" : {
								"stage" : "IXSCAN",
								"nReturned" : 29752,
								"executionTimeMillisEstimate" : 13,
								"works" : 29753,
								"advanced" : 29752,
								"needTime" : 0,
								"needYield" : 0,
								"saveState" : 30,
								"restoreState" : 30,
								"isEOF" : 1,
								"keyPattern" : {
									"c_mktsegment" : 1
								},
								"indexName" : "idx_customer_c",
								"isMultiKey" : false,
								"multiKeyPaths" : {
									"c_mktsegment" : [ ]
								},
								"isUnique" : false,
								"isSparse" : false,
								"isPartial" : false,
								"indexVersion" : 2,
								"direction" : "forward",
								"indexBounds" : {
									"c_mktsegment" : [
										"[\"AUTOMOBILE\", \"AUTOMOBILE\"]"
									]
								},
								"keysExamined" : 29752,
								"seeks" : 1,
								"dupsTested" : 0,
								"dupsDropped" : 0
							}
						}
					},
					"allPlansExecution" : [ ]
				}
			},
			"nReturned" : NumberLong(29752),
			"executionTimeMillisEstimate" : NumberLong(123)
		},
		{
			"$lookup" : {
				"from" : "orders-lineitem",
				"as" : "orders",
				"localField" : "_id",
				"foreignField" : "o_custkey",
				"unwinding" : {
					"preserveNullAndEmptyArrays" : false
				},
				"matching" : {
					"o_orderdate" : {
						"$lt" : ISODate("1992-01-02T00:00:00Z")
					}
				}
			},
			"nReturned" : NumberLong(113),
			"executionTimeMillisEstimate" : NumberLong(5989)
		},
		{
			"$project" : {
				"_id" : true,
				"o_orderkey" : "$orders._id",
				"o_orderdate" : "$orders.o_orderdate",
				"o_shippriority" : "$orders.o_shippriority",
				"lineitems" : {
					"$filter" : {
						"input" : "$orders.o_lineitems",
						"as" : "l",
						"cond" : {
							"$gt" : [
								"$$l.l_shipdate",
								{
									"$const" : ISODate("1992-01-02T00:00:00Z")
								}
							]
						}
					}
				}
			},
			"nReturned" : NumberLong(113),
			"executionTimeMillisEstimate" : NumberLong(5989)
		},
		{
			"$unwind" : {
				"path" : "$lineitems"
			},
			"nReturned" : NumberLong(439),
			"executionTimeMillisEstimate" : NumberLong(5989)
		},
		{
			"$group" : {
				"_id" : {
					"l_orderkey" : "$o_orderkey",
					"o_orderdate" : "$o_orderdate",
					"o_shippriority" : "$o_shippriority"
				},
				"revenue" : {
					"$sum" : {
						"$multiply" : [
							"$lineitems.l_extendedprice",
							{
								"$subtract" : [
									{
										"$const" : 1
									},
									"$lineitems.l_discount"
								]
							}
						]
					}
				}
			},
			"nReturned" : NumberLong(113),
			"executionTimeMillisEstimate" : NumberLong(5989)
		},
		{
			"$sort" : {
				"sortKey" : {
					"revenue" : -1,
					"_id.o_orderdate" : 1
				},
				"limit" : NumberLong(10)
			},
			"nReturned" : NumberLong(10),
			"executionTimeMillisEstimate" : NumberLong(5989)
		}
	],
	"serverInfo" : {
		"host" : "mt-mongo-1",
		"port" : 27011,
		"version" : "4.4.10",
		"gitVersion" : "58971da1ef93435a9f62bf4708a81713def6e88c"
	},
	"ok" : 1,
	"$clusterTime" : {
		"clusterTime" : Timestamp(1639497088, 12),
		"signature" : {
			"hash" : BinData(0,"AAAAAAAAAAAAAAAAAAAAAAAAAAA="),
			"keyId" : NumberLong(0)
		}
	},
	"operationTime" : Timestamp(1639497088, 12)
}


MongoDB shell version v4.4.10
connecting to: mongodb://mt-mongo-1:27011,mt-mongo-2:27012,mt-mongo-3:27013/?compressors=disabled&gssapiServiceName=mongodb&replicaSet=mt-exp-rs-001
Implicit session: session { "id" : UUID("56ec15e1-c7e6-4c9c-b451-4ff4056accef") }
MongoDB server version: 4.4.10
{
	"stages" : [
		{
			"$cursor" : {
				"queryPlanner" : {
					"plannerVersion" : 1,
					"namespace" : "tpch_mongo_2c.customer",
					"indexFilterSet" : false,
					"parsedQuery" : {
						"c_mktsegment" : {
							"$eq" : "AUTOMOBILE"
						}
					},
					"queryHash" : "2244324B",
					"planCacheKey" : "2B91C89B",
					"winningPlan" : {
						"stage" : "PROJECTION_DEFAULT",
						"transformBy" : {
							"_id" : 1,
							"orders._id" : 1,
							"orders.o_lineitems" : 1,
							"orders.o_orderdate" : 1,
							"orders.o_shippriority" : 1
						},
						"inputStage" : {
							"stage" : "FETCH",
							"inputStage" : {
								"stage" : "IXSCAN",
								"keyPattern" : {
									"c_mktsegment" : 1
								},
								"indexName" : "idx_customer_c",
								"isMultiKey" : false,
								"multiKeyPaths" : {
									"c_mktsegment" : [ ]
								},
								"isUnique" : false,
								"isSparse" : false,
								"isPartial" : false,
								"indexVersion" : 2,
								"direction" : "forward",
								"indexBounds" : {
									"c_mktsegment" : [
										"[\"AUTOMOBILE\", \"AUTOMOBILE\"]"
									]
								}
							}
						}
					},
					"rejectedPlans" : [ ]
				},
				"executionStats" : {
					"executionSuccess" : true,
					"nReturned" : 29752,
					"executionTimeMillis" : 5286,
					"totalKeysExamined" : 29752,
					"totalDocsExamined" : 29752,
					"executionStages" : {
						"stage" : "PROJECTION_DEFAULT",
						"nReturned" : 29752,
						"executionTimeMillisEstimate" : 12,
						"works" : 29753,
						"advanced" : 29752,
						"needTime" : 0,
						"needYield" : 0,
						"saveState" : 30,
						"restoreState" : 30,
						"isEOF" : 1,
						"transformBy" : {
							"_id" : 1,
							"orders._id" : 1,
							"orders.o_lineitems" : 1,
							"orders.o_orderdate" : 1,
							"orders.o_shippriority" : 1
						},
						"inputStage" : {
							"stage" : "FETCH",
							"nReturned" : 29752,
							"executionTimeMillisEstimate" : 10,
							"works" : 29753,
							"advanced" : 29752,
							"needTime" : 0,
							"needYield" : 0,
							"saveState" : 30,
							"restoreState" : 30,
							"isEOF" : 1,
							"docsExamined" : 29752,
							"alreadyHasObj" : 0,
							"inputStage" : {
								"stage" : "IXSCAN",
								"nReturned" : 29752,
								"executionTimeMillisEstimate" : 10,
								"works" : 29753,
								"advanced" : 29752,
								"needTime" : 0,
								"needYield" : 0,
								"saveState" : 30,
								"restoreState" : 30,
								"isEOF" : 1,
								"keyPattern" : {
									"c_mktsegment" : 1
								},
								"indexName" : "idx_customer_c",
								"isMultiKey" : false,
								"multiKeyPaths" : {
									"c_mktsegment" : [ ]
								},
								"isUnique" : false,
								"isSparse" : false,
								"isPartial" : false,
								"indexVersion" : 2,
								"direction" : "forward",
								"indexBounds" : {
									"c_mktsegment" : [
										"[\"AUTOMOBILE\", \"AUTOMOBILE\"]"
									]
								},
								"keysExamined" : 29752,
								"seeks" : 1,
								"dupsTested" : 0,
								"dupsDropped" : 0
							}
						}
					},
					"allPlansExecution" : [ ]
				}
			},
			"nReturned" : NumberLong(29752),
			"executionTimeMillisEstimate" : NumberLong(88)
		},
		{
			"$lookup" : {
				"from" : "orders-lineitem",
				"as" : "orders",
				"localField" : "_id",
				"foreignField" : "o_custkey",
				"unwinding" : {
					"preserveNullAndEmptyArrays" : false
				},
				"matching" : {
					"o_orderdate" : {
						"$lt" : ISODate("1992-01-02T00:00:00Z")
					}
				}
			},
			"nReturned" : NumberLong(113),
			"executionTimeMillisEstimate" : NumberLong(5285)
		},
		{
			"$project" : {
				"_id" : true,
				"o_orderkey" : "$orders._id",
				"o_orderdate" : "$orders.o_orderdate",
				"o_shippriority" : "$orders.o_shippriority",
				"lineitems" : {
					"$filter" : {
						"input" : "$orders.o_lineitems",
						"as" : "l",
						"cond" : {
							"$gt" : [
								"$$l.l_shipdate",
								{
									"$const" : ISODate("1992-01-02T00:00:00Z")
								}
							]
						}
					}
				}
			},
			"nReturned" : NumberLong(113),
			"executionTimeMillisEstimate" : NumberLong(5285)
		},
		{
			"$unwind" : {
				"path" : "$lineitems"
			},
			"nReturned" : NumberLong(439),
			"executionTimeMillisEstimate" : NumberLong(5285)
		},
		{
			"$group" : {
				"_id" : {
					"l_orderkey" : "$o_orderkey",
					"o_orderdate" : "$o_orderdate",
					"o_shippriority" : "$o_shippriority"
				},
				"revenue" : {
					"$sum" : {
						"$multiply" : [
							"$lineitems.l_extendedprice",
							{
								"$subtract" : [
									{
										"$const" : 1
									},
									"$lineitems.l_discount"
								]
							}
						]
					}
				}
			},
			"nReturned" : NumberLong(113),
			"executionTimeMillisEstimate" : NumberLong(5285)
		},
		{
			"$sort" : {
				"sortKey" : {
					"revenue" : -1,
					"_id.o_orderdate" : 1
				},
				"limit" : NumberLong(10)
			},
			"nReturned" : NumberLong(10),
			"executionTimeMillisEstimate" : NumberLong(5285)
		}
	],
	"serverInfo" : {
		"host" : "mt-mongo-2",
		"port" : 27012,
		"version" : "4.4.10",
		"gitVersion" : "58971da1ef93435a9f62bf4708a81713def6e88c"
	},
	"ok" : 1,
	"$clusterTime" : {
		"clusterTime" : Timestamp(1639497160, 5),
		"signature" : {
			"hash" : BinData(0,"AAAAAAAAAAAAAAAAAAAAAAAAAAA="),
			"keyId" : NumberLong(0)
		}
	},
	"operationTime" : Timestamp(1639497160, 5)
}


MongoDB shell version v4.4.10
connecting to: mongodb://mt-mongo-1:27011,mt-mongo-2:27012,mt-mongo-3:27013/?compressors=disabled&gssapiServiceName=mongodb&replicaSet=mt-exp-rs-001
Implicit session: session { "id" : UUID("fd0653b3-43f8-40ab-b278-3ae59187cbb9") }
MongoDB server version: 4.4.10
{
	"stages" : [
		{
			"$cursor" : {
				"queryPlanner" : {
					"plannerVersion" : 1,
					"namespace" : "tpch_mongo_2c.customer",
					"indexFilterSet" : false,
					"parsedQuery" : {
						"c_mktsegment" : {
							"$eq" : "AUTOMOBILE"
						}
					},
					"queryHash" : "2244324B",
					"planCacheKey" : "2B91C89B",
					"winningPlan" : {
						"stage" : "PROJECTION_DEFAULT",
						"transformBy" : {
							"_id" : 1,
							"orders._id" : 1,
							"orders.o_lineitems" : 1,
							"orders.o_orderdate" : 1,
							"orders.o_shippriority" : 1
						},
						"inputStage" : {
							"stage" : "FETCH",
							"inputStage" : {
								"stage" : "IXSCAN",
								"keyPattern" : {
									"c_mktsegment" : 1
								},
								"indexName" : "idx_customer_c",
								"isMultiKey" : false,
								"multiKeyPaths" : {
									"c_mktsegment" : [ ]
								},
								"isUnique" : false,
								"isSparse" : false,
								"isPartial" : false,
								"indexVersion" : 2,
								"direction" : "forward",
								"indexBounds" : {
									"c_mktsegment" : [
										"[\"AUTOMOBILE\", \"AUTOMOBILE\"]"
									]
								}
							}
						}
					},
					"rejectedPlans" : [ ]
				},
				"executionStats" : {
					"executionSuccess" : true,
					"nReturned" : 29752,
					"executionTimeMillis" : 5662,
					"totalKeysExamined" : 29752,
					"totalDocsExamined" : 29752,
					"executionStages" : {
						"stage" : "PROJECTION_DEFAULT",
						"nReturned" : 29752,
						"executionTimeMillisEstimate" : 22,
						"works" : 29753,
						"advanced" : 29752,
						"needTime" : 0,
						"needYield" : 0,
						"saveState" : 30,
						"restoreState" : 30,
						"isEOF" : 1,
						"transformBy" : {
							"_id" : 1,
							"orders._id" : 1,
							"orders.o_lineitems" : 1,
							"orders.o_orderdate" : 1,
							"orders.o_shippriority" : 1
						},
						"inputStage" : {
							"stage" : "FETCH",
							"nReturned" : 29752,
							"executionTimeMillisEstimate" : 17,
							"works" : 29753,
							"advanced" : 29752,
							"needTime" : 0,
							"needYield" : 0,
							"saveState" : 30,
							"restoreState" : 30,
							"isEOF" : 1,
							"docsExamined" : 29752,
							"alreadyHasObj" : 0,
							"inputStage" : {
								"stage" : "IXSCAN",
								"nReturned" : 29752,
								"executionTimeMillisEstimate" : 5,
								"works" : 29753,
								"advanced" : 29752,
								"needTime" : 0,
								"needYield" : 0,
								"saveState" : 30,
								"restoreState" : 30,
								"isEOF" : 1,
								"keyPattern" : {
									"c_mktsegment" : 1
								},
								"indexName" : "idx_customer_c",
								"isMultiKey" : false,
								"multiKeyPaths" : {
									"c_mktsegment" : [ ]
								},
								"isUnique" : false,
								"isSparse" : false,
								"isPartial" : false,
								"indexVersion" : 2,
								"direction" : "forward",
								"indexBounds" : {
									"c_mktsegment" : [
										"[\"AUTOMOBILE\", \"AUTOMOBILE\"]"
									]
								},
								"keysExamined" : 29752,
								"seeks" : 1,
								"dupsTested" : 0,
								"dupsDropped" : 0
							}
						}
					},
					"allPlansExecution" : [ ]
				}
			},
			"nReturned" : NumberLong(29752),
			"executionTimeMillisEstimate" : NumberLong(113)
		},
		{
			"$lookup" : {
				"from" : "orders-lineitem",
				"as" : "orders",
				"localField" : "_id",
				"foreignField" : "o_custkey",
				"unwinding" : {
					"preserveNullAndEmptyArrays" : false
				},
				"matching" : {
					"o_orderdate" : {
						"$lt" : ISODate("1992-01-02T00:00:00Z")
					}
				}
			},
			"nReturned" : NumberLong(113),
			"executionTimeMillisEstimate" : NumberLong(5661)
		},
		{
			"$project" : {
				"_id" : true,
				"o_orderkey" : "$orders._id",
				"o_orderdate" : "$orders.o_orderdate",
				"o_shippriority" : "$orders.o_shippriority",
				"lineitems" : {
					"$filter" : {
						"input" : "$orders.o_lineitems",
						"as" : "l",
						"cond" : {
							"$gt" : [
								"$$l.l_shipdate",
								{
									"$const" : ISODate("1992-01-02T00:00:00Z")
								}
							]
						}
					}
				}
			},
			"nReturned" : NumberLong(113),
			"executionTimeMillisEstimate" : NumberLong(5661)
		},
		{
			"$unwind" : {
				"path" : "$lineitems"
			},
			"nReturned" : NumberLong(439),
			"executionTimeMillisEstimate" : NumberLong(5661)
		},
		{
			"$group" : {
				"_id" : {
					"l_orderkey" : "$o_orderkey",
					"o_orderdate" : "$o_orderdate",
					"o_shippriority" : "$o_shippriority"
				},
				"revenue" : {
					"$sum" : {
						"$multiply" : [
							"$lineitems.l_extendedprice",
							{
								"$subtract" : [
									{
										"$const" : 1
									},
									"$lineitems.l_discount"
								]
							}
						]
					}
				}
			},
			"nReturned" : NumberLong(113),
			"executionTimeMillisEstimate" : NumberLong(5661)
		},
		{
			"$sort" : {
				"sortKey" : {
					"revenue" : -1,
					"_id.o_orderdate" : 1
				},
				"limit" : NumberLong(10)
			},
			"nReturned" : NumberLong(10),
			"executionTimeMillisEstimate" : NumberLong(5661)
		}
	],
	"serverInfo" : {
		"host" : "mt-mongo-2",
		"port" : 27012,
		"version" : "4.4.10",
		"gitVersion" : "58971da1ef93435a9f62bf4708a81713def6e88c"
	},
	"ok" : 1,
	"$clusterTime" : {
		"clusterTime" : Timestamp(1639497226, 5),
		"signature" : {
			"hash" : BinData(0,"AAAAAAAAAAAAAAAAAAAAAAAAAAA="),
			"keyId" : NumberLong(0)
		}
	},
	"operationTime" : Timestamp(1639497226, 5)
}


MongoDB shell version v4.4.10
connecting to: mongodb://mt-mongo-1:27011,mt-mongo-2:27012,mt-mongo-3:27013/?compressors=disabled&gssapiServiceName=mongodb&replicaSet=mt-exp-rs-001
Implicit session: session { "id" : UUID("401e2a8f-e1b0-4a5b-a367-62ccf7c970fb") }
MongoDB server version: 4.4.10
{
	"stages" : [
		{
			"$cursor" : {
				"queryPlanner" : {
					"plannerVersion" : 1,
					"namespace" : "tpch_mongo_2c.customer",
					"indexFilterSet" : false,
					"parsedQuery" : {
						"c_mktsegment" : {
							"$eq" : "AUTOMOBILE"
						}
					},
					"queryHash" : "2244324B",
					"planCacheKey" : "2B91C89B",
					"winningPlan" : {
						"stage" : "PROJECTION_DEFAULT",
						"transformBy" : {
							"_id" : 1,
							"orders._id" : 1,
							"orders.o_lineitems" : 1,
							"orders.o_orderdate" : 1,
							"orders.o_shippriority" : 1
						},
						"inputStage" : {
							"stage" : "FETCH",
							"inputStage" : {
								"stage" : "IXSCAN",
								"keyPattern" : {
									"c_mktsegment" : 1
								},
								"indexName" : "idx_customer_c",
								"isMultiKey" : false,
								"multiKeyPaths" : {
									"c_mktsegment" : [ ]
								},
								"isUnique" : false,
								"isSparse" : false,
								"isPartial" : false,
								"indexVersion" : 2,
								"direction" : "forward",
								"indexBounds" : {
									"c_mktsegment" : [
										"[\"AUTOMOBILE\", \"AUTOMOBILE\"]"
									]
								}
							}
						}
					},
					"rejectedPlans" : [ ]
				},
				"executionStats" : {
					"executionSuccess" : true,
					"nReturned" : 29752,
					"executionTimeMillis" : 5405,
					"totalKeysExamined" : 29752,
					"totalDocsExamined" : 29752,
					"executionStages" : {
						"stage" : "PROJECTION_DEFAULT",
						"nReturned" : 29752,
						"executionTimeMillisEstimate" : 44,
						"works" : 29753,
						"advanced" : 29752,
						"needTime" : 0,
						"needYield" : 0,
						"saveState" : 30,
						"restoreState" : 30,
						"isEOF" : 1,
						"transformBy" : {
							"_id" : 1,
							"orders._id" : 1,
							"orders.o_lineitems" : 1,
							"orders.o_orderdate" : 1,
							"orders.o_shippriority" : 1
						},
						"inputStage" : {
							"stage" : "FETCH",
							"nReturned" : 29752,
							"executionTimeMillisEstimate" : 35,
							"works" : 29753,
							"advanced" : 29752,
							"needTime" : 0,
							"needYield" : 0,
							"saveState" : 30,
							"restoreState" : 30,
							"isEOF" : 1,
							"docsExamined" : 29752,
							"alreadyHasObj" : 0,
							"inputStage" : {
								"stage" : "IXSCAN",
								"nReturned" : 29752,
								"executionTimeMillisEstimate" : 9,
								"works" : 29753,
								"advanced" : 29752,
								"needTime" : 0,
								"needYield" : 0,
								"saveState" : 30,
								"restoreState" : 30,
								"isEOF" : 1,
								"keyPattern" : {
									"c_mktsegment" : 1
								},
								"indexName" : "idx_customer_c",
								"isMultiKey" : false,
								"multiKeyPaths" : {
									"c_mktsegment" : [ ]
								},
								"isUnique" : false,
								"isSparse" : false,
								"isPartial" : false,
								"indexVersion" : 2,
								"direction" : "forward",
								"indexBounds" : {
									"c_mktsegment" : [
										"[\"AUTOMOBILE\", \"AUTOMOBILE\"]"
									]
								},
								"keysExamined" : 29752,
								"seeks" : 1,
								"dupsTested" : 0,
								"dupsDropped" : 0
							}
						}
					},
					"allPlansExecution" : [ ]
				}
			},
			"nReturned" : NumberLong(29752),
			"executionTimeMillisEstimate" : NumberLong(120)
		},
		{
			"$lookup" : {
				"from" : "orders-lineitem",
				"as" : "orders",
				"localField" : "_id",
				"foreignField" : "o_custkey",
				"unwinding" : {
					"preserveNullAndEmptyArrays" : false
				},
				"matching" : {
					"o_orderdate" : {
						"$lt" : ISODate("1992-01-02T00:00:00Z")
					}
				}
			},
			"nReturned" : NumberLong(113),
			"executionTimeMillisEstimate" : NumberLong(5404)
		},
		{
			"$project" : {
				"_id" : true,
				"o_orderkey" : "$orders._id",
				"o_orderdate" : "$orders.o_orderdate",
				"o_shippriority" : "$orders.o_shippriority",
				"lineitems" : {
					"$filter" : {
						"input" : "$orders.o_lineitems",
						"as" : "l",
						"cond" : {
							"$gt" : [
								"$$l.l_shipdate",
								{
									"$const" : ISODate("1992-01-02T00:00:00Z")
								}
							]
						}
					}
				}
			},
			"nReturned" : NumberLong(113),
			"executionTimeMillisEstimate" : NumberLong(5404)
		},
		{
			"$unwind" : {
				"path" : "$lineitems"
			},
			"nReturned" : NumberLong(439),
			"executionTimeMillisEstimate" : NumberLong(5404)
		},
		{
			"$group" : {
				"_id" : {
					"l_orderkey" : "$o_orderkey",
					"o_orderdate" : "$o_orderdate",
					"o_shippriority" : "$o_shippriority"
				},
				"revenue" : {
					"$sum" : {
						"$multiply" : [
							"$lineitems.l_extendedprice",
							{
								"$subtract" : [
									{
										"$const" : 1
									},
									"$lineitems.l_discount"
								]
							}
						]
					}
				}
			},
			"nReturned" : NumberLong(113),
			"executionTimeMillisEstimate" : NumberLong(5404)
		},
		{
			"$sort" : {
				"sortKey" : {
					"revenue" : -1,
					"_id.o_orderdate" : 1
				},
				"limit" : NumberLong(10)
			},
			"nReturned" : NumberLong(10),
			"executionTimeMillisEstimate" : NumberLong(5404)
		}
	],
	"serverInfo" : {
		"host" : "mt-mongo-3",
		"port" : 27013,
		"version" : "4.4.10",
		"gitVersion" : "58971da1ef93435a9f62bf4708a81713def6e88c"
	},
	"ok" : 1,
	"$clusterTime" : {
		"clusterTime" : Timestamp(1639497293, 5),
		"signature" : {
			"hash" : BinData(0,"AAAAAAAAAAAAAAAAAAAAAAAAAAA="),
			"keyId" : NumberLong(0)
		}
	},
	"operationTime" : Timestamp(1639497293, 5)
}


