MongoDB shell version v4.4.10
connecting to: mongodb://mt-mongo-1:27011,mt-mongo-2:27012,mt-mongo-3:27013/?compressors=disabled&gssapiServiceName=mongodb&replicaSet=mt-exp-rs-001
Implicit session: session { "id" : UUID("e7042481-76c0-4dc7-8d44-908e0b4a8f23") }
MongoDB server version: 4.4.10
{
	"stages" : [
		{
			"$cursor" : {
				"queryPlanner" : {
					"plannerVersion" : 1,
					"namespace" : "tpch_mongo_3c.customer",
					"indexFilterSet" : false,
					"parsedQuery" : {
						
					},
					"queryHash" : "DDE43694",
					"planCacheKey" : "DDE43694",
					"winningPlan" : {
						"stage" : "PROJECTION_DEFAULT",
						"transformBy" : {
							"_id" : 1,
							"c_name" : 1,
							"orders.o_orderdate" : 1
						},
						"inputStage" : {
							"stage" : "COLLSCAN",
							"direction" : "forward"
						}
					},
					"rejectedPlans" : [ ]
				},
				"executionStats" : {
					"executionSuccess" : true,
					"nReturned" : 150000,
					"executionTimeMillis" : 23476,
					"totalKeysExamined" : 0,
					"totalDocsExamined" : 150000,
					"executionStages" : {
						"stage" : "PROJECTION_DEFAULT",
						"nReturned" : 150000,
						"executionTimeMillisEstimate" : 28,
						"works" : 150002,
						"advanced" : 150000,
						"needTime" : 1,
						"needYield" : 0,
						"saveState" : 157,
						"restoreState" : 157,
						"isEOF" : 1,
						"transformBy" : {
							"_id" : 1,
							"c_name" : 1,
							"orders.o_orderdate" : 1
						},
						"inputStage" : {
							"stage" : "COLLSCAN",
							"nReturned" : 150000,
							"executionTimeMillisEstimate" : 16,
							"works" : 150002,
							"advanced" : 150000,
							"needTime" : 1,
							"needYield" : 0,
							"saveState" : 157,
							"restoreState" : 157,
							"isEOF" : 1,
							"direction" : "forward",
							"docsExamined" : 150000
						}
					},
					"allPlansExecution" : [ ]
				}
			},
			"nReturned" : NumberLong(150000),
			"executionTimeMillisEstimate" : NumberLong(228)
		},
		{
			"$lookup" : {
				"from" : "orders",
				"as" : "orders",
				"localField" : "_id",
				"foreignField" : "o_custkey",
				"unwinding" : {
					"preserveNullAndEmptyArrays" : false
				}
			},
			"nReturned" : NumberLong(1500000),
			"executionTimeMillisEstimate" : NumberLong(23363)
		},
		{
			"$project" : {
				"_id" : true,
				"c_name" : true,
				"o_orderdate" : "$orders.o_orderdate"
			},
			"nReturned" : NumberLong(1500000),
			"executionTimeMillisEstimate" : NumberLong(23456)
		}
	],
	"serverInfo" : {
		"host" : "mt-mongo-3",
		"port" : 27013,
		"version" : "4.4.10",
		"gitVersion" : "58971da1ef93435a9f62bf4708a81713def6e88c"
	},
	"ok" : 1,
	"$clusterTime" : {
		"clusterTime" : Timestamp(1639026133, 1),
		"signature" : {
			"hash" : BinData(0,"AAAAAAAAAAAAAAAAAAAAAAAAAAA="),
			"keyId" : NumberLong(0)
		}
	},
	"operationTime" : Timestamp(1639026133, 1)
}


MongoDB shell version v4.4.10
connecting to: mongodb://mt-mongo-1:27011,mt-mongo-2:27012,mt-mongo-3:27013/?compressors=disabled&gssapiServiceName=mongodb&replicaSet=mt-exp-rs-001
Implicit session: session { "id" : UUID("4440cdda-d833-4e5e-ba5a-bb18d41e3dac") }
MongoDB server version: 4.4.10
{
	"stages" : [
		{
			"$cursor" : {
				"queryPlanner" : {
					"plannerVersion" : 1,
					"namespace" : "tpch_mongo_3c.customer",
					"indexFilterSet" : false,
					"parsedQuery" : {
						
					},
					"queryHash" : "DDE43694",
					"planCacheKey" : "DDE43694",
					"winningPlan" : {
						"stage" : "PROJECTION_DEFAULT",
						"transformBy" : {
							"_id" : 1,
							"c_name" : 1,
							"orders.o_orderdate" : 1
						},
						"inputStage" : {
							"stage" : "COLLSCAN",
							"direction" : "forward"
						}
					},
					"rejectedPlans" : [ ]
				},
				"executionStats" : {
					"executionSuccess" : true,
					"nReturned" : 150000,
					"executionTimeMillis" : 25001,
					"totalKeysExamined" : 0,
					"totalDocsExamined" : 150000,
					"executionStages" : {
						"stage" : "PROJECTION_DEFAULT",
						"nReturned" : 150000,
						"executionTimeMillisEstimate" : 38,
						"works" : 150002,
						"advanced" : 150000,
						"needTime" : 1,
						"needYield" : 0,
						"saveState" : 157,
						"restoreState" : 157,
						"isEOF" : 1,
						"transformBy" : {
							"_id" : 1,
							"c_name" : 1,
							"orders.o_orderdate" : 1
						},
						"inputStage" : {
							"stage" : "COLLSCAN",
							"nReturned" : 150000,
							"executionTimeMillisEstimate" : 20,
							"works" : 150002,
							"advanced" : 150000,
							"needTime" : 1,
							"needYield" : 0,
							"saveState" : 157,
							"restoreState" : 157,
							"isEOF" : 1,
							"direction" : "forward",
							"docsExamined" : 150000
						}
					},
					"allPlansExecution" : [ ]
				}
			},
			"nReturned" : NumberLong(150000),
			"executionTimeMillisEstimate" : NumberLong(246)
		},
		{
			"$lookup" : {
				"from" : "orders",
				"as" : "orders",
				"localField" : "_id",
				"foreignField" : "o_custkey",
				"unwinding" : {
					"preserveNullAndEmptyArrays" : false
				}
			},
			"nReturned" : NumberLong(1500000),
			"executionTimeMillisEstimate" : NumberLong(24814)
		},
		{
			"$project" : {
				"_id" : true,
				"c_name" : true,
				"o_orderdate" : "$orders.o_orderdate"
			},
			"nReturned" : NumberLong(1500000),
			"executionTimeMillisEstimate" : NumberLong(24954)
		}
	],
	"serverInfo" : {
		"host" : "mt-mongo-2",
		"port" : 27012,
		"version" : "4.4.10",
		"gitVersion" : "58971da1ef93435a9f62bf4708a81713def6e88c"
	},
	"ok" : 1,
	"$clusterTime" : {
		"clusterTime" : Timestamp(1639026226, 1),
		"signature" : {
			"hash" : BinData(0,"AAAAAAAAAAAAAAAAAAAAAAAAAAA="),
			"keyId" : NumberLong(0)
		}
	},
	"operationTime" : Timestamp(1639026226, 1)
}


MongoDB shell version v4.4.10
connecting to: mongodb://mt-mongo-1:27011,mt-mongo-2:27012,mt-mongo-3:27013/?compressors=disabled&gssapiServiceName=mongodb&replicaSet=mt-exp-rs-001
Implicit session: session { "id" : UUID("174c715a-eb72-4f60-8f59-a47330b31a21") }
MongoDB server version: 4.4.10
{
	"stages" : [
		{
			"$cursor" : {
				"queryPlanner" : {
					"plannerVersion" : 1,
					"namespace" : "tpch_mongo_3c.customer",
					"indexFilterSet" : false,
					"parsedQuery" : {
						
					},
					"queryHash" : "DDE43694",
					"planCacheKey" : "DDE43694",
					"winningPlan" : {
						"stage" : "PROJECTION_DEFAULT",
						"transformBy" : {
							"_id" : 1,
							"c_name" : 1,
							"orders.o_orderdate" : 1
						},
						"inputStage" : {
							"stage" : "COLLSCAN",
							"direction" : "forward"
						}
					},
					"rejectedPlans" : [ ]
				},
				"executionStats" : {
					"executionSuccess" : true,
					"nReturned" : 150000,
					"executionTimeMillis" : 23585,
					"totalKeysExamined" : 0,
					"totalDocsExamined" : 150000,
					"executionStages" : {
						"stage" : "PROJECTION_DEFAULT",
						"nReturned" : 150000,
						"executionTimeMillisEstimate" : 27,
						"works" : 150002,
						"advanced" : 150000,
						"needTime" : 1,
						"needYield" : 0,
						"saveState" : 157,
						"restoreState" : 157,
						"isEOF" : 1,
						"transformBy" : {
							"_id" : 1,
							"c_name" : 1,
							"orders.o_orderdate" : 1
						},
						"inputStage" : {
							"stage" : "COLLSCAN",
							"nReturned" : 150000,
							"executionTimeMillisEstimate" : 12,
							"works" : 150002,
							"advanced" : 150000,
							"needTime" : 1,
							"needYield" : 0,
							"saveState" : 157,
							"restoreState" : 157,
							"isEOF" : 1,
							"direction" : "forward",
							"docsExamined" : 150000
						}
					},
					"allPlansExecution" : [ ]
				}
			},
			"nReturned" : NumberLong(150000),
			"executionTimeMillisEstimate" : NumberLong(224)
		},
		{
			"$lookup" : {
				"from" : "orders",
				"as" : "orders",
				"localField" : "_id",
				"foreignField" : "o_custkey",
				"unwinding" : {
					"preserveNullAndEmptyArrays" : false
				}
			},
			"nReturned" : NumberLong(1500000),
			"executionTimeMillisEstimate" : NumberLong(23446)
		},
		{
			"$project" : {
				"_id" : true,
				"c_name" : true,
				"o_orderdate" : "$orders.o_orderdate"
			},
			"nReturned" : NumberLong(1500000),
			"executionTimeMillisEstimate" : NumberLong(23553)
		}
	],
	"serverInfo" : {
		"host" : "mt-mongo-2",
		"port" : 27012,
		"version" : "4.4.10",
		"gitVersion" : "58971da1ef93435a9f62bf4708a81713def6e88c"
	},
	"ok" : 1,
	"$clusterTime" : {
		"clusterTime" : Timestamp(1639026312, 11),
		"signature" : {
			"hash" : BinData(0,"AAAAAAAAAAAAAAAAAAAAAAAAAAA="),
			"keyId" : NumberLong(0)
		}
	},
	"operationTime" : Timestamp(1639026312, 11)
}


MongoDB shell version v4.4.10
connecting to: mongodb://mt-mongo-1:27011,mt-mongo-2:27012,mt-mongo-3:27013/?compressors=disabled&gssapiServiceName=mongodb&replicaSet=mt-exp-rs-001
Implicit session: session { "id" : UUID("709c8c5a-b1b5-427b-b0eb-5d1e2beac1be") }
MongoDB server version: 4.4.10
{
	"stages" : [
		{
			"$cursor" : {
				"queryPlanner" : {
					"plannerVersion" : 1,
					"namespace" : "tpch_mongo_3c.customer",
					"indexFilterSet" : false,
					"parsedQuery" : {
						
					},
					"queryHash" : "DDE43694",
					"planCacheKey" : "DDE43694",
					"winningPlan" : {
						"stage" : "PROJECTION_DEFAULT",
						"transformBy" : {
							"_id" : 1,
							"c_name" : 1,
							"orders.o_orderdate" : 1
						},
						"inputStage" : {
							"stage" : "COLLSCAN",
							"direction" : "forward"
						}
					},
					"rejectedPlans" : [ ]
				},
				"executionStats" : {
					"executionSuccess" : true,
					"nReturned" : 150000,
					"executionTimeMillis" : 24327,
					"totalKeysExamined" : 0,
					"totalDocsExamined" : 150000,
					"executionStages" : {
						"stage" : "PROJECTION_DEFAULT",
						"nReturned" : 150000,
						"executionTimeMillisEstimate" : 35,
						"works" : 150002,
						"advanced" : 150000,
						"needTime" : 1,
						"needYield" : 0,
						"saveState" : 157,
						"restoreState" : 157,
						"isEOF" : 1,
						"transformBy" : {
							"_id" : 1,
							"c_name" : 1,
							"orders.o_orderdate" : 1
						},
						"inputStage" : {
							"stage" : "COLLSCAN",
							"nReturned" : 150000,
							"executionTimeMillisEstimate" : 10,
							"works" : 150002,
							"advanced" : 150000,
							"needTime" : 1,
							"needYield" : 0,
							"saveState" : 157,
							"restoreState" : 157,
							"isEOF" : 1,
							"direction" : "forward",
							"docsExamined" : 150000
						}
					},
					"allPlansExecution" : [ ]
				}
			},
			"nReturned" : NumberLong(150000),
			"executionTimeMillisEstimate" : NumberLong(251)
		},
		{
			"$lookup" : {
				"from" : "orders",
				"as" : "orders",
				"localField" : "_id",
				"foreignField" : "o_custkey",
				"unwinding" : {
					"preserveNullAndEmptyArrays" : false
				}
			},
			"nReturned" : NumberLong(1500000),
			"executionTimeMillisEstimate" : NumberLong(24142)
		},
		{
			"$project" : {
				"_id" : true,
				"c_name" : true,
				"o_orderdate" : "$orders.o_orderdate"
			},
			"nReturned" : NumberLong(1500000),
			"executionTimeMillisEstimate" : NumberLong(24280)
		}
	],
	"serverInfo" : {
		"host" : "mt-mongo-2",
		"port" : 27012,
		"version" : "4.4.10",
		"gitVersion" : "58971da1ef93435a9f62bf4708a81713def6e88c"
	},
	"ok" : 1,
	"$clusterTime" : {
		"clusterTime" : Timestamp(1639026406, 1),
		"signature" : {
			"hash" : BinData(0,"AAAAAAAAAAAAAAAAAAAAAAAAAAA="),
			"keyId" : NumberLong(0)
		}
	},
	"operationTime" : Timestamp(1639026406, 1)
}


MongoDB shell version v4.4.10
connecting to: mongodb://mt-mongo-1:27011,mt-mongo-2:27012,mt-mongo-3:27013/?compressors=disabled&gssapiServiceName=mongodb&replicaSet=mt-exp-rs-001
Implicit session: session { "id" : UUID("4d8f6939-7de9-41c9-b890-2c4c34af5b53") }
MongoDB server version: 4.4.10
{
	"stages" : [
		{
			"$cursor" : {
				"queryPlanner" : {
					"plannerVersion" : 1,
					"namespace" : "tpch_mongo_3c.customer",
					"indexFilterSet" : false,
					"parsedQuery" : {
						
					},
					"queryHash" : "DDE43694",
					"planCacheKey" : "DDE43694",
					"winningPlan" : {
						"stage" : "PROJECTION_DEFAULT",
						"transformBy" : {
							"_id" : 1,
							"c_name" : 1,
							"orders.o_orderdate" : 1
						},
						"inputStage" : {
							"stage" : "COLLSCAN",
							"direction" : "forward"
						}
					},
					"rejectedPlans" : [ ]
				},
				"executionStats" : {
					"executionSuccess" : true,
					"nReturned" : 150000,
					"executionTimeMillis" : 24066,
					"totalKeysExamined" : 0,
					"totalDocsExamined" : 150000,
					"executionStages" : {
						"stage" : "PROJECTION_DEFAULT",
						"nReturned" : 150000,
						"executionTimeMillisEstimate" : 75,
						"works" : 150002,
						"advanced" : 150000,
						"needTime" : 1,
						"needYield" : 0,
						"saveState" : 157,
						"restoreState" : 157,
						"isEOF" : 1,
						"transformBy" : {
							"_id" : 1,
							"c_name" : 1,
							"orders.o_orderdate" : 1
						},
						"inputStage" : {
							"stage" : "COLLSCAN",
							"nReturned" : 150000,
							"executionTimeMillisEstimate" : 35,
							"works" : 150002,
							"advanced" : 150000,
							"needTime" : 1,
							"needYield" : 0,
							"saveState" : 157,
							"restoreState" : 157,
							"isEOF" : 1,
							"direction" : "forward",
							"docsExamined" : 150000
						}
					},
					"allPlansExecution" : [ ]
				}
			},
			"nReturned" : NumberLong(150000),
			"executionTimeMillisEstimate" : NumberLong(254)
		},
		{
			"$lookup" : {
				"from" : "orders",
				"as" : "orders",
				"localField" : "_id",
				"foreignField" : "o_custkey",
				"unwinding" : {
					"preserveNullAndEmptyArrays" : false
				}
			},
			"nReturned" : NumberLong(1500000),
			"executionTimeMillisEstimate" : NumberLong(23952)
		},
		{
			"$project" : {
				"_id" : true,
				"c_name" : true,
				"o_orderdate" : "$orders.o_orderdate"
			},
			"nReturned" : NumberLong(1500000),
			"executionTimeMillisEstimate" : NumberLong(24048)
		}
	],
	"serverInfo" : {
		"host" : "mt-mongo-2",
		"port" : 27012,
		"version" : "4.4.10",
		"gitVersion" : "58971da1ef93435a9f62bf4708a81713def6e88c"
	},
	"ok" : 1,
	"$clusterTime" : {
		"clusterTime" : Timestamp(1639026499, 1),
		"signature" : {
			"hash" : BinData(0,"AAAAAAAAAAAAAAAAAAAAAAAAAAA="),
			"keyId" : NumberLong(0)
		}
	},
	"operationTime" : Timestamp(1639026499, 1)
}


