MongoDB shell version v4.4.10
connecting to: mongodb://mt-mongo-1:27011,mt-mongo-2:27012,mt-mongo-3:27013/?compressors=disabled&gssapiServiceName=mongodb&replicaSet=mt-exp-rs-001
Implicit session: session { "id" : UUID("0ca2f961-9d86-4249-a654-7e6bfa407761") }
MongoDB server version: 4.4.10
{
	"queryPlanner" : {
		"plannerVersion" : 1,
		"namespace" : "tpch_mongo_3c.customer",
		"indexFilterSet" : false,
		"parsedQuery" : {
			"c_acctbal" : {
				"$lt" : -10
			}
		},
		"optimizedPipeline" : true,
		"winningPlan" : {
			"stage" : "FETCH",
			"inputStage" : {
				"stage" : "IXSCAN",
				"keyPattern" : {
					"c_acctbal" : 1
				},
				"indexName" : "idx_acctbal",
				"isMultiKey" : false,
				"multiKeyPaths" : {
					"c_acctbal" : [ ]
				},
				"isUnique" : false,
				"isSparse" : false,
				"isPartial" : false,
				"indexVersion" : 2,
				"direction" : "forward",
				"indexBounds" : {
					"c_acctbal" : [
						"[-inf.0, -10.0)"
					]
				}
			}
		},
		"rejectedPlans" : [ ]
	},
	"executionStats" : {
		"executionSuccess" : true,
		"nReturned" : 13559,
		"executionTimeMillis" : 109,
		"totalKeysExamined" : 13559,
		"totalDocsExamined" : 13559,
		"executionStages" : {
			"stage" : "FETCH",
			"nReturned" : 13559,
			"executionTimeMillisEstimate" : 62,
			"works" : 13560,
			"advanced" : 13559,
			"needTime" : 0,
			"needYield" : 0,
			"saveState" : 15,
			"restoreState" : 15,
			"isEOF" : 1,
			"docsExamined" : 13559,
			"alreadyHasObj" : 0,
			"inputStage" : {
				"stage" : "IXSCAN",
				"nReturned" : 13559,
				"executionTimeMillisEstimate" : 10,
				"works" : 13560,
				"advanced" : 13559,
				"needTime" : 0,
				"needYield" : 0,
				"saveState" : 15,
				"restoreState" : 15,
				"isEOF" : 1,
				"keyPattern" : {
					"c_acctbal" : 1
				},
				"indexName" : "idx_acctbal",
				"isMultiKey" : false,
				"multiKeyPaths" : {
					"c_acctbal" : [ ]
				},
				"isUnique" : false,
				"isSparse" : false,
				"isPartial" : false,
				"indexVersion" : 2,
				"direction" : "forward",
				"indexBounds" : {
					"c_acctbal" : [
						"[-inf.0, -10.0)"
					]
				},
				"keysExamined" : 13559,
				"seeks" : 1,
				"dupsTested" : 0,
				"dupsDropped" : 0
			}
		},
		"allPlansExecution" : [ ]
	},
	"serverInfo" : {
		"host" : "mt-mongo-2",
		"port" : 27012,
		"version" : "4.4.10",
		"gitVersion" : "58971da1ef93435a9f62bf4708a81713def6e88c"
	},
	"ok" : 1,
	"$clusterTime" : {
		"clusterTime" : Timestamp(1639030031, 3),
		"signature" : {
			"hash" : BinData(0,"AAAAAAAAAAAAAAAAAAAAAAAAAAA="),
			"keyId" : NumberLong(0)
		}
	},
	"operationTime" : Timestamp(1639030031, 3)
}


MongoDB shell version v4.4.10
connecting to: mongodb://mt-mongo-1:27011,mt-mongo-2:27012,mt-mongo-3:27013/?compressors=disabled&gssapiServiceName=mongodb&replicaSet=mt-exp-rs-001
Implicit session: session { "id" : UUID("ffcae584-cafd-4e66-b008-6bcef367485b") }
MongoDB server version: 4.4.10
{
	"queryPlanner" : {
		"plannerVersion" : 1,
		"namespace" : "tpch_mongo_3c.customer",
		"indexFilterSet" : false,
		"parsedQuery" : {
			"c_acctbal" : {
				"$lt" : -10
			}
		},
		"optimizedPipeline" : true,
		"winningPlan" : {
			"stage" : "FETCH",
			"inputStage" : {
				"stage" : "IXSCAN",
				"keyPattern" : {
					"c_acctbal" : 1
				},
				"indexName" : "idx_acctbal",
				"isMultiKey" : false,
				"multiKeyPaths" : {
					"c_acctbal" : [ ]
				},
				"isUnique" : false,
				"isSparse" : false,
				"isPartial" : false,
				"indexVersion" : 2,
				"direction" : "forward",
				"indexBounds" : {
					"c_acctbal" : [
						"[-inf.0, -10.0)"
					]
				}
			}
		},
		"rejectedPlans" : [ ]
	},
	"executionStats" : {
		"executionSuccess" : true,
		"nReturned" : 13559,
		"executionTimeMillis" : 109,
		"totalKeysExamined" : 13559,
		"totalDocsExamined" : 13559,
		"executionStages" : {
			"stage" : "FETCH",
			"nReturned" : 13559,
			"executionTimeMillisEstimate" : 84,
			"works" : 13560,
			"advanced" : 13559,
			"needTime" : 0,
			"needYield" : 0,
			"saveState" : 15,
			"restoreState" : 15,
			"isEOF" : 1,
			"docsExamined" : 13559,
			"alreadyHasObj" : 0,
			"inputStage" : {
				"stage" : "IXSCAN",
				"nReturned" : 13559,
				"executionTimeMillisEstimate" : 12,
				"works" : 13560,
				"advanced" : 13559,
				"needTime" : 0,
				"needYield" : 0,
				"saveState" : 15,
				"restoreState" : 15,
				"isEOF" : 1,
				"keyPattern" : {
					"c_acctbal" : 1
				},
				"indexName" : "idx_acctbal",
				"isMultiKey" : false,
				"multiKeyPaths" : {
					"c_acctbal" : [ ]
				},
				"isUnique" : false,
				"isSparse" : false,
				"isPartial" : false,
				"indexVersion" : 2,
				"direction" : "forward",
				"indexBounds" : {
					"c_acctbal" : [
						"[-inf.0, -10.0)"
					]
				},
				"keysExamined" : 13559,
				"seeks" : 1,
				"dupsTested" : 0,
				"dupsDropped" : 0
			}
		},
		"allPlansExecution" : [ ]
	},
	"serverInfo" : {
		"host" : "mt-mongo-2",
		"port" : 27012,
		"version" : "4.4.10",
		"gitVersion" : "58971da1ef93435a9f62bf4708a81713def6e88c"
	},
	"ok" : 1,
	"$clusterTime" : {
		"clusterTime" : Timestamp(1639030100, 3),
		"signature" : {
			"hash" : BinData(0,"AAAAAAAAAAAAAAAAAAAAAAAAAAA="),
			"keyId" : NumberLong(0)
		}
	},
	"operationTime" : Timestamp(1639030100, 3)
}


MongoDB shell version v4.4.10
connecting to: mongodb://mt-mongo-1:27011,mt-mongo-2:27012,mt-mongo-3:27013/?compressors=disabled&gssapiServiceName=mongodb&replicaSet=mt-exp-rs-001
Implicit session: session { "id" : UUID("5603f92e-52b2-4dc3-b315-73f4f3f31b15") }
MongoDB server version: 4.4.10
{
	"queryPlanner" : {
		"plannerVersion" : 1,
		"namespace" : "tpch_mongo_3c.customer",
		"indexFilterSet" : false,
		"parsedQuery" : {
			"c_acctbal" : {
				"$lt" : -10
			}
		},
		"optimizedPipeline" : true,
		"winningPlan" : {
			"stage" : "FETCH",
			"inputStage" : {
				"stage" : "IXSCAN",
				"keyPattern" : {
					"c_acctbal" : 1
				},
				"indexName" : "idx_acctbal",
				"isMultiKey" : false,
				"multiKeyPaths" : {
					"c_acctbal" : [ ]
				},
				"isUnique" : false,
				"isSparse" : false,
				"isPartial" : false,
				"indexVersion" : 2,
				"direction" : "forward",
				"indexBounds" : {
					"c_acctbal" : [
						"[-inf.0, -10.0)"
					]
				}
			}
		},
		"rejectedPlans" : [ ]
	},
	"executionStats" : {
		"executionSuccess" : true,
		"nReturned" : 13559,
		"executionTimeMillis" : 96,
		"totalKeysExamined" : 13559,
		"totalDocsExamined" : 13559,
		"executionStages" : {
			"stage" : "FETCH",
			"nReturned" : 13559,
			"executionTimeMillisEstimate" : 59,
			"works" : 13560,
			"advanced" : 13559,
			"needTime" : 0,
			"needYield" : 0,
			"saveState" : 14,
			"restoreState" : 14,
			"isEOF" : 1,
			"docsExamined" : 13559,
			"alreadyHasObj" : 0,
			"inputStage" : {
				"stage" : "IXSCAN",
				"nReturned" : 13559,
				"executionTimeMillisEstimate" : 3,
				"works" : 13560,
				"advanced" : 13559,
				"needTime" : 0,
				"needYield" : 0,
				"saveState" : 14,
				"restoreState" : 14,
				"isEOF" : 1,
				"keyPattern" : {
					"c_acctbal" : 1
				},
				"indexName" : "idx_acctbal",
				"isMultiKey" : false,
				"multiKeyPaths" : {
					"c_acctbal" : [ ]
				},
				"isUnique" : false,
				"isSparse" : false,
				"isPartial" : false,
				"indexVersion" : 2,
				"direction" : "forward",
				"indexBounds" : {
					"c_acctbal" : [
						"[-inf.0, -10.0)"
					]
				},
				"keysExamined" : 13559,
				"seeks" : 1,
				"dupsTested" : 0,
				"dupsDropped" : 0
			}
		},
		"allPlansExecution" : [ ]
	},
	"serverInfo" : {
		"host" : "mt-mongo-1",
		"port" : 27011,
		"version" : "4.4.10",
		"gitVersion" : "58971da1ef93435a9f62bf4708a81713def6e88c"
	},
	"ok" : 1,
	"$clusterTime" : {
		"clusterTime" : Timestamp(1639030168, 3),
		"signature" : {
			"hash" : BinData(0,"AAAAAAAAAAAAAAAAAAAAAAAAAAA="),
			"keyId" : NumberLong(0)
		}
	},
	"operationTime" : Timestamp(1639030168, 3)
}


MongoDB shell version v4.4.10
connecting to: mongodb://mt-mongo-1:27011,mt-mongo-2:27012,mt-mongo-3:27013/?compressors=disabled&gssapiServiceName=mongodb&replicaSet=mt-exp-rs-001
Implicit session: session { "id" : UUID("dc2e5d72-e834-4386-97ad-6cd334b2cd6c") }
MongoDB server version: 4.4.10
{
	"queryPlanner" : {
		"plannerVersion" : 1,
		"namespace" : "tpch_mongo_3c.customer",
		"indexFilterSet" : false,
		"parsedQuery" : {
			"c_acctbal" : {
				"$lt" : -10
			}
		},
		"optimizedPipeline" : true,
		"winningPlan" : {
			"stage" : "FETCH",
			"inputStage" : {
				"stage" : "IXSCAN",
				"keyPattern" : {
					"c_acctbal" : 1
				},
				"indexName" : "idx_acctbal",
				"isMultiKey" : false,
				"multiKeyPaths" : {
					"c_acctbal" : [ ]
				},
				"isUnique" : false,
				"isSparse" : false,
				"isPartial" : false,
				"indexVersion" : 2,
				"direction" : "forward",
				"indexBounds" : {
					"c_acctbal" : [
						"[-inf.0, -10.0)"
					]
				}
			}
		},
		"rejectedPlans" : [ ]
	},
	"executionStats" : {
		"executionSuccess" : true,
		"nReturned" : 13559,
		"executionTimeMillis" : 72,
		"totalKeysExamined" : 13559,
		"totalDocsExamined" : 13559,
		"executionStages" : {
			"stage" : "FETCH",
			"nReturned" : 13559,
			"executionTimeMillisEstimate" : 25,
			"works" : 13560,
			"advanced" : 13559,
			"needTime" : 0,
			"needYield" : 0,
			"saveState" : 13,
			"restoreState" : 13,
			"isEOF" : 1,
			"docsExamined" : 13559,
			"alreadyHasObj" : 0,
			"inputStage" : {
				"stage" : "IXSCAN",
				"nReturned" : 13559,
				"executionTimeMillisEstimate" : 0,
				"works" : 13560,
				"advanced" : 13559,
				"needTime" : 0,
				"needYield" : 0,
				"saveState" : 13,
				"restoreState" : 13,
				"isEOF" : 1,
				"keyPattern" : {
					"c_acctbal" : 1
				},
				"indexName" : "idx_acctbal",
				"isMultiKey" : false,
				"multiKeyPaths" : {
					"c_acctbal" : [ ]
				},
				"isUnique" : false,
				"isSparse" : false,
				"isPartial" : false,
				"indexVersion" : 2,
				"direction" : "forward",
				"indexBounds" : {
					"c_acctbal" : [
						"[-inf.0, -10.0)"
					]
				},
				"keysExamined" : 13559,
				"seeks" : 1,
				"dupsTested" : 0,
				"dupsDropped" : 0
			}
		},
		"allPlansExecution" : [ ]
	},
	"serverInfo" : {
		"host" : "mt-mongo-1",
		"port" : 27011,
		"version" : "4.4.10",
		"gitVersion" : "58971da1ef93435a9f62bf4708a81713def6e88c"
	},
	"ok" : 1,
	"$clusterTime" : {
		"clusterTime" : Timestamp(1639030219, 3),
		"signature" : {
			"hash" : BinData(0,"AAAAAAAAAAAAAAAAAAAAAAAAAAA="),
			"keyId" : NumberLong(0)
		}
	},
	"operationTime" : Timestamp(1639030219, 3)
}


MongoDB shell version v4.4.10
connecting to: mongodb://mt-mongo-1:27011,mt-mongo-2:27012,mt-mongo-3:27013/?compressors=disabled&gssapiServiceName=mongodb&replicaSet=mt-exp-rs-001
Implicit session: session { "id" : UUID("4af99c40-35f6-48db-9e64-561c3eef99b8") }
MongoDB server version: 4.4.10
{
	"queryPlanner" : {
		"plannerVersion" : 1,
		"namespace" : "tpch_mongo_3c.customer",
		"indexFilterSet" : false,
		"parsedQuery" : {
			"c_acctbal" : {
				"$lt" : -10
			}
		},
		"optimizedPipeline" : true,
		"winningPlan" : {
			"stage" : "FETCH",
			"inputStage" : {
				"stage" : "IXSCAN",
				"keyPattern" : {
					"c_acctbal" : 1
				},
				"indexName" : "idx_acctbal",
				"isMultiKey" : false,
				"multiKeyPaths" : {
					"c_acctbal" : [ ]
				},
				"isUnique" : false,
				"isSparse" : false,
				"isPartial" : false,
				"indexVersion" : 2,
				"direction" : "forward",
				"indexBounds" : {
					"c_acctbal" : [
						"[-inf.0, -10.0)"
					]
				}
			}
		},
		"rejectedPlans" : [ ]
	},
	"executionStats" : {
		"executionSuccess" : true,
		"nReturned" : 13559,
		"executionTimeMillis" : 85,
		"totalKeysExamined" : 13559,
		"totalDocsExamined" : 13559,
		"executionStages" : {
			"stage" : "FETCH",
			"nReturned" : 13559,
			"executionTimeMillisEstimate" : 46,
			"works" : 13560,
			"advanced" : 13559,
			"needTime" : 0,
			"needYield" : 0,
			"saveState" : 13,
			"restoreState" : 13,
			"isEOF" : 1,
			"docsExamined" : 13559,
			"alreadyHasObj" : 0,
			"inputStage" : {
				"stage" : "IXSCAN",
				"nReturned" : 13559,
				"executionTimeMillisEstimate" : 5,
				"works" : 13560,
				"advanced" : 13559,
				"needTime" : 0,
				"needYield" : 0,
				"saveState" : 13,
				"restoreState" : 13,
				"isEOF" : 1,
				"keyPattern" : {
					"c_acctbal" : 1
				},
				"indexName" : "idx_acctbal",
				"isMultiKey" : false,
				"multiKeyPaths" : {
					"c_acctbal" : [ ]
				},
				"isUnique" : false,
				"isSparse" : false,
				"isPartial" : false,
				"indexVersion" : 2,
				"direction" : "forward",
				"indexBounds" : {
					"c_acctbal" : [
						"[-inf.0, -10.0)"
					]
				},
				"keysExamined" : 13559,
				"seeks" : 1,
				"dupsTested" : 0,
				"dupsDropped" : 0
			}
		},
		"allPlansExecution" : [ ]
	},
	"serverInfo" : {
		"host" : "mt-mongo-1",
		"port" : 27011,
		"version" : "4.4.10",
		"gitVersion" : "58971da1ef93435a9f62bf4708a81713def6e88c"
	},
	"ok" : 1,
	"$clusterTime" : {
		"clusterTime" : Timestamp(1639030269, 3),
		"signature" : {
			"hash" : BinData(0,"AAAAAAAAAAAAAAAAAAAAAAAAAAA="),
			"keyId" : NumberLong(0)
		}
	},
	"operationTime" : Timestamp(1639030269, 3)
}


