MongoDB shell version v4.4.10
connecting to: mongodb://mt-mongo-1:27011,mt-mongo-2:27012,mt-mongo-3:27013/?compressors=disabled&gssapiServiceName=mongodb&replicaSet=mt-exp-rs-001
Implicit session: session { "id" : UUID("d7b162c2-eeb9-4309-8226-24ec1aae11ef") }
MongoDB server version: 4.4.10
{
	"queryPlanner" : {
		"plannerVersion" : 1,
		"namespace" : "tpch_mongo_3c.customer",
		"indexFilterSet" : false,
		"parsedQuery" : {
			"c_acctbal" : {
				"$lt" : -10
			}
		},
		"optimizedPipeline" : true,
		"winningPlan" : {
			"stage" : "FETCH",
			"inputStage" : {
				"stage" : "IXSCAN",
				"keyPattern" : {
					"c_acctbal" : 1
				},
				"indexName" : "idx_acctbal",
				"isMultiKey" : false,
				"multiKeyPaths" : {
					"c_acctbal" : [ ]
				},
				"isUnique" : false,
				"isSparse" : false,
				"isPartial" : false,
				"indexVersion" : 2,
				"direction" : "forward",
				"indexBounds" : {
					"c_acctbal" : [
						"[-inf.0, -10.0)"
					]
				}
			}
		},
		"rejectedPlans" : [ ]
	},
	"executionStats" : {
		"executionSuccess" : true,
		"nReturned" : 13559,
		"executionTimeMillis" : 94,
		"totalKeysExamined" : 13559,
		"totalDocsExamined" : 13559,
		"executionStages" : {
			"stage" : "FETCH",
			"nReturned" : 13559,
			"executionTimeMillisEstimate" : 61,
			"works" : 13560,
			"advanced" : 13559,
			"needTime" : 0,
			"needYield" : 0,
			"saveState" : 14,
			"restoreState" : 14,
			"isEOF" : 1,
			"docsExamined" : 13559,
			"alreadyHasObj" : 0,
			"inputStage" : {
				"stage" : "IXSCAN",
				"nReturned" : 13559,
				"executionTimeMillisEstimate" : 17,
				"works" : 13560,
				"advanced" : 13559,
				"needTime" : 0,
				"needYield" : 0,
				"saveState" : 14,
				"restoreState" : 14,
				"isEOF" : 1,
				"keyPattern" : {
					"c_acctbal" : 1
				},
				"indexName" : "idx_acctbal",
				"isMultiKey" : false,
				"multiKeyPaths" : {
					"c_acctbal" : [ ]
				},
				"isUnique" : false,
				"isSparse" : false,
				"isPartial" : false,
				"indexVersion" : 2,
				"direction" : "forward",
				"indexBounds" : {
					"c_acctbal" : [
						"[-inf.0, -10.0)"
					]
				},
				"keysExamined" : 13559,
				"seeks" : 1,
				"dupsTested" : 0,
				"dupsDropped" : 0
			}
		},
		"allPlansExecution" : [ ]
	},
	"serverInfo" : {
		"host" : "mt-mongo-3",
		"port" : 27013,
		"version" : "4.4.10",
		"gitVersion" : "58971da1ef93435a9f62bf4708a81713def6e88c"
	},
	"ok" : 1,
	"$clusterTime" : {
		"clusterTime" : Timestamp(1639018703, 3),
		"signature" : {
			"hash" : BinData(0,"AAAAAAAAAAAAAAAAAAAAAAAAAAA="),
			"keyId" : NumberLong(0)
		}
	},
	"operationTime" : Timestamp(1639018703, 3)
}


MongoDB shell version v4.4.10
connecting to: mongodb://mt-mongo-1:27011,mt-mongo-2:27012,mt-mongo-3:27013/?compressors=disabled&gssapiServiceName=mongodb&replicaSet=mt-exp-rs-001
Implicit session: session { "id" : UUID("ea910254-b695-49b8-b912-6604293c75e9") }
MongoDB server version: 4.4.10
{
	"queryPlanner" : {
		"plannerVersion" : 1,
		"namespace" : "tpch_mongo_3c.customer",
		"indexFilterSet" : false,
		"parsedQuery" : {
			"c_acctbal" : {
				"$lt" : -10
			}
		},
		"optimizedPipeline" : true,
		"winningPlan" : {
			"stage" : "FETCH",
			"inputStage" : {
				"stage" : "IXSCAN",
				"keyPattern" : {
					"c_acctbal" : 1
				},
				"indexName" : "idx_acctbal",
				"isMultiKey" : false,
				"multiKeyPaths" : {
					"c_acctbal" : [ ]
				},
				"isUnique" : false,
				"isSparse" : false,
				"isPartial" : false,
				"indexVersion" : 2,
				"direction" : "forward",
				"indexBounds" : {
					"c_acctbal" : [
						"[-inf.0, -10.0)"
					]
				}
			}
		},
		"rejectedPlans" : [ ]
	},
	"executionStats" : {
		"executionSuccess" : true,
		"nReturned" : 13559,
		"executionTimeMillis" : 126,
		"totalKeysExamined" : 13559,
		"totalDocsExamined" : 13559,
		"executionStages" : {
			"stage" : "FETCH",
			"nReturned" : 13559,
			"executionTimeMillisEstimate" : 76,
			"works" : 13560,
			"advanced" : 13559,
			"needTime" : 0,
			"needYield" : 0,
			"saveState" : 15,
			"restoreState" : 15,
			"isEOF" : 1,
			"docsExamined" : 13559,
			"alreadyHasObj" : 0,
			"inputStage" : {
				"stage" : "IXSCAN",
				"nReturned" : 13559,
				"executionTimeMillisEstimate" : 3,
				"works" : 13560,
				"advanced" : 13559,
				"needTime" : 0,
				"needYield" : 0,
				"saveState" : 15,
				"restoreState" : 15,
				"isEOF" : 1,
				"keyPattern" : {
					"c_acctbal" : 1
				},
				"indexName" : "idx_acctbal",
				"isMultiKey" : false,
				"multiKeyPaths" : {
					"c_acctbal" : [ ]
				},
				"isUnique" : false,
				"isSparse" : false,
				"isPartial" : false,
				"indexVersion" : 2,
				"direction" : "forward",
				"indexBounds" : {
					"c_acctbal" : [
						"[-inf.0, -10.0)"
					]
				},
				"keysExamined" : 13559,
				"seeks" : 1,
				"dupsTested" : 0,
				"dupsDropped" : 0
			}
		},
		"allPlansExecution" : [ ]
	},
	"serverInfo" : {
		"host" : "mt-mongo-1",
		"port" : 27011,
		"version" : "4.4.10",
		"gitVersion" : "58971da1ef93435a9f62bf4708a81713def6e88c"
	},
	"ok" : 1,
	"$clusterTime" : {
		"clusterTime" : Timestamp(1639018775, 4),
		"signature" : {
			"hash" : BinData(0,"AAAAAAAAAAAAAAAAAAAAAAAAAAA="),
			"keyId" : NumberLong(0)
		}
	},
	"operationTime" : Timestamp(1639018775, 4)
}


MongoDB shell version v4.4.10
connecting to: mongodb://mt-mongo-1:27011,mt-mongo-2:27012,mt-mongo-3:27013/?compressors=disabled&gssapiServiceName=mongodb&replicaSet=mt-exp-rs-001
Implicit session: session { "id" : UUID("273f4d27-04f6-453a-a678-d26c86f02915") }
MongoDB server version: 4.4.10
{
	"queryPlanner" : {
		"plannerVersion" : 1,
		"namespace" : "tpch_mongo_3c.customer",
		"indexFilterSet" : false,
		"parsedQuery" : {
			"c_acctbal" : {
				"$lt" : -10
			}
		},
		"optimizedPipeline" : true,
		"winningPlan" : {
			"stage" : "FETCH",
			"inputStage" : {
				"stage" : "IXSCAN",
				"keyPattern" : {
					"c_acctbal" : 1
				},
				"indexName" : "idx_acctbal",
				"isMultiKey" : false,
				"multiKeyPaths" : {
					"c_acctbal" : [ ]
				},
				"isUnique" : false,
				"isSparse" : false,
				"isPartial" : false,
				"indexVersion" : 2,
				"direction" : "forward",
				"indexBounds" : {
					"c_acctbal" : [
						"[-inf.0, -10.0)"
					]
				}
			}
		},
		"rejectedPlans" : [ ]
	},
	"executionStats" : {
		"executionSuccess" : true,
		"nReturned" : 13559,
		"executionTimeMillis" : 110,
		"totalKeysExamined" : 13559,
		"totalDocsExamined" : 13559,
		"executionStages" : {
			"stage" : "FETCH",
			"nReturned" : 13559,
			"executionTimeMillisEstimate" : 72,
			"works" : 13560,
			"advanced" : 13559,
			"needTime" : 0,
			"needYield" : 0,
			"saveState" : 15,
			"restoreState" : 15,
			"isEOF" : 1,
			"docsExamined" : 13559,
			"alreadyHasObj" : 0,
			"inputStage" : {
				"stage" : "IXSCAN",
				"nReturned" : 13559,
				"executionTimeMillisEstimate" : 0,
				"works" : 13560,
				"advanced" : 13559,
				"needTime" : 0,
				"needYield" : 0,
				"saveState" : 15,
				"restoreState" : 15,
				"isEOF" : 1,
				"keyPattern" : {
					"c_acctbal" : 1
				},
				"indexName" : "idx_acctbal",
				"isMultiKey" : false,
				"multiKeyPaths" : {
					"c_acctbal" : [ ]
				},
				"isUnique" : false,
				"isSparse" : false,
				"isPartial" : false,
				"indexVersion" : 2,
				"direction" : "forward",
				"indexBounds" : {
					"c_acctbal" : [
						"[-inf.0, -10.0)"
					]
				},
				"keysExamined" : 13559,
				"seeks" : 1,
				"dupsTested" : 0,
				"dupsDropped" : 0
			}
		},
		"allPlansExecution" : [ ]
	},
	"serverInfo" : {
		"host" : "mt-mongo-3",
		"port" : 27013,
		"version" : "4.4.10",
		"gitVersion" : "58971da1ef93435a9f62bf4708a81713def6e88c"
	},
	"ok" : 1,
	"$clusterTime" : {
		"clusterTime" : Timestamp(1639018839, 3),
		"signature" : {
			"hash" : BinData(0,"AAAAAAAAAAAAAAAAAAAAAAAAAAA="),
			"keyId" : NumberLong(0)
		}
	},
	"operationTime" : Timestamp(1639018839, 3)
}


MongoDB shell version v4.4.10
connecting to: mongodb://mt-mongo-1:27011,mt-mongo-2:27012,mt-mongo-3:27013/?compressors=disabled&gssapiServiceName=mongodb&replicaSet=mt-exp-rs-001
Implicit session: session { "id" : UUID("54dd83ff-b4d4-4848-91a6-58836cd12602") }
MongoDB server version: 4.4.10
{
	"queryPlanner" : {
		"plannerVersion" : 1,
		"namespace" : "tpch_mongo_3c.customer",
		"indexFilterSet" : false,
		"parsedQuery" : {
			"c_acctbal" : {
				"$lt" : -10
			}
		},
		"optimizedPipeline" : true,
		"winningPlan" : {
			"stage" : "FETCH",
			"inputStage" : {
				"stage" : "IXSCAN",
				"keyPattern" : {
					"c_acctbal" : 1
				},
				"indexName" : "idx_acctbal",
				"isMultiKey" : false,
				"multiKeyPaths" : {
					"c_acctbal" : [ ]
				},
				"isUnique" : false,
				"isSparse" : false,
				"isPartial" : false,
				"indexVersion" : 2,
				"direction" : "forward",
				"indexBounds" : {
					"c_acctbal" : [
						"[-inf.0, -10.0)"
					]
				}
			}
		},
		"rejectedPlans" : [ ]
	},
	"executionStats" : {
		"executionSuccess" : true,
		"nReturned" : 13559,
		"executionTimeMillis" : 123,
		"totalKeysExamined" : 13559,
		"totalDocsExamined" : 13559,
		"executionStages" : {
			"stage" : "FETCH",
			"nReturned" : 13559,
			"executionTimeMillisEstimate" : 71,
			"works" : 13560,
			"advanced" : 13559,
			"needTime" : 0,
			"needYield" : 0,
			"saveState" : 15,
			"restoreState" : 15,
			"isEOF" : 1,
			"docsExamined" : 13559,
			"alreadyHasObj" : 0,
			"inputStage" : {
				"stage" : "IXSCAN",
				"nReturned" : 13559,
				"executionTimeMillisEstimate" : 4,
				"works" : 13560,
				"advanced" : 13559,
				"needTime" : 0,
				"needYield" : 0,
				"saveState" : 15,
				"restoreState" : 15,
				"isEOF" : 1,
				"keyPattern" : {
					"c_acctbal" : 1
				},
				"indexName" : "idx_acctbal",
				"isMultiKey" : false,
				"multiKeyPaths" : {
					"c_acctbal" : [ ]
				},
				"isUnique" : false,
				"isSparse" : false,
				"isPartial" : false,
				"indexVersion" : 2,
				"direction" : "forward",
				"indexBounds" : {
					"c_acctbal" : [
						"[-inf.0, -10.0)"
					]
				},
				"keysExamined" : 13559,
				"seeks" : 1,
				"dupsTested" : 0,
				"dupsDropped" : 0
			}
		},
		"allPlansExecution" : [ ]
	},
	"serverInfo" : {
		"host" : "mt-mongo-1",
		"port" : 27011,
		"version" : "4.4.10",
		"gitVersion" : "58971da1ef93435a9f62bf4708a81713def6e88c"
	},
	"ok" : 1,
	"$clusterTime" : {
		"clusterTime" : Timestamp(1639018910, 5),
		"signature" : {
			"hash" : BinData(0,"AAAAAAAAAAAAAAAAAAAAAAAAAAA="),
			"keyId" : NumberLong(0)
		}
	},
	"operationTime" : Timestamp(1639018910, 5)
}


MongoDB shell version v4.4.10
connecting to: mongodb://mt-mongo-1:27011,mt-mongo-2:27012,mt-mongo-3:27013/?compressors=disabled&gssapiServiceName=mongodb&replicaSet=mt-exp-rs-001
Implicit session: session { "id" : UUID("2b83a5e6-4fcb-4985-a6db-5c41b390a74f") }
MongoDB server version: 4.4.10
{
	"queryPlanner" : {
		"plannerVersion" : 1,
		"namespace" : "tpch_mongo_3c.customer",
		"indexFilterSet" : false,
		"parsedQuery" : {
			"c_acctbal" : {
				"$lt" : -10
			}
		},
		"optimizedPipeline" : true,
		"winningPlan" : {
			"stage" : "FETCH",
			"inputStage" : {
				"stage" : "IXSCAN",
				"keyPattern" : {
					"c_acctbal" : 1
				},
				"indexName" : "idx_acctbal",
				"isMultiKey" : false,
				"multiKeyPaths" : {
					"c_acctbal" : [ ]
				},
				"isUnique" : false,
				"isSparse" : false,
				"isPartial" : false,
				"indexVersion" : 2,
				"direction" : "forward",
				"indexBounds" : {
					"c_acctbal" : [
						"[-inf.0, -10.0)"
					]
				}
			}
		},
		"rejectedPlans" : [ ]
	},
	"executionStats" : {
		"executionSuccess" : true,
		"nReturned" : 13559,
		"executionTimeMillis" : 110,
		"totalKeysExamined" : 13559,
		"totalDocsExamined" : 13559,
		"executionStages" : {
			"stage" : "FETCH",
			"nReturned" : 13559,
			"executionTimeMillisEstimate" : 77,
			"works" : 13560,
			"advanced" : 13559,
			"needTime" : 0,
			"needYield" : 0,
			"saveState" : 15,
			"restoreState" : 15,
			"isEOF" : 1,
			"docsExamined" : 13559,
			"alreadyHasObj" : 0,
			"inputStage" : {
				"stage" : "IXSCAN",
				"nReturned" : 13559,
				"executionTimeMillisEstimate" : 1,
				"works" : 13560,
				"advanced" : 13559,
				"needTime" : 0,
				"needYield" : 0,
				"saveState" : 15,
				"restoreState" : 15,
				"isEOF" : 1,
				"keyPattern" : {
					"c_acctbal" : 1
				},
				"indexName" : "idx_acctbal",
				"isMultiKey" : false,
				"multiKeyPaths" : {
					"c_acctbal" : [ ]
				},
				"isUnique" : false,
				"isSparse" : false,
				"isPartial" : false,
				"indexVersion" : 2,
				"direction" : "forward",
				"indexBounds" : {
					"c_acctbal" : [
						"[-inf.0, -10.0)"
					]
				},
				"keysExamined" : 13559,
				"seeks" : 1,
				"dupsTested" : 0,
				"dupsDropped" : 0
			}
		},
		"allPlansExecution" : [ ]
	},
	"serverInfo" : {
		"host" : "mt-mongo-2",
		"port" : 27012,
		"version" : "4.4.10",
		"gitVersion" : "58971da1ef93435a9f62bf4708a81713def6e88c"
	},
	"ok" : 1,
	"$clusterTime" : {
		"clusterTime" : Timestamp(1639018974, 3),
		"signature" : {
			"hash" : BinData(0,"AAAAAAAAAAAAAAAAAAAAAAAAAAA="),
			"keyId" : NumberLong(0)
		}
	},
	"operationTime" : Timestamp(1639018974, 3)
}


