MongoDB shell version v4.4.10
connecting to: mongodb://mt-mongo-1:27011,mt-mongo-2:27012,mt-mongo-3:27013/?compressors=disabled&gssapiServiceName=mongodb&replicaSet=mt-exp-rs-001
Implicit session: session { "id" : UUID("6bd529ed-8b79-47c7-b9ff-bdd47811ec26") }
MongoDB server version: 4.4.10
{
	"stages" : [
		{
			"$cursor" : {
				"queryPlanner" : {
					"plannerVersion" : 1,
					"namespace" : "tpch_mongo_3c.customer",
					"indexFilterSet" : false,
					"parsedQuery" : {
						"c_mktsegment" : {
							"$eq" : "AUTOMOBILE"
						}
					},
					"queryHash" : "D3320650",
					"planCacheKey" : "29465EA8",
					"winningPlan" : {
						"stage" : "PROJECTION_DEFAULT",
						"transformBy" : {
							"_id" : 1,
							"lineitems" : 1,
							"orders._id" : 1,
							"orders.o_orderdate" : 1,
							"orders.o_shippriority" : 1
						},
						"inputStage" : {
							"stage" : "COLLSCAN",
							"filter" : {
								"c_mktsegment" : {
									"$eq" : "AUTOMOBILE"
								}
							},
							"direction" : "forward"
						}
					},
					"rejectedPlans" : [ ]
				},
				"executionStats" : {
					"executionSuccess" : true,
					"nReturned" : 29752,
					"executionTimeMillis" : 6070,
					"totalKeysExamined" : 0,
					"totalDocsExamined" : 150000,
					"executionStages" : {
						"stage" : "PROJECTION_DEFAULT",
						"nReturned" : 29752,
						"executionTimeMillisEstimate" : 32,
						"works" : 150002,
						"advanced" : 29752,
						"needTime" : 120249,
						"needYield" : 0,
						"saveState" : 151,
						"restoreState" : 151,
						"isEOF" : 1,
						"transformBy" : {
							"_id" : 1,
							"lineitems" : 1,
							"orders._id" : 1,
							"orders.o_orderdate" : 1,
							"orders.o_shippriority" : 1
						},
						"inputStage" : {
							"stage" : "COLLSCAN",
							"filter" : {
								"c_mktsegment" : {
									"$eq" : "AUTOMOBILE"
								}
							},
							"nReturned" : 29752,
							"executionTimeMillisEstimate" : 31,
							"works" : 150002,
							"advanced" : 29752,
							"needTime" : 120249,
							"needYield" : 0,
							"saveState" : 151,
							"restoreState" : 151,
							"isEOF" : 1,
							"direction" : "forward",
							"docsExamined" : 150000
						}
					},
					"allPlansExecution" : [ ]
				}
			},
			"nReturned" : NumberLong(29752),
			"executionTimeMillisEstimate" : NumberLong(207)
		},
		{
			"$lookup" : {
				"from" : "orders",
				"as" : "orders",
				"localField" : "_id",
				"foreignField" : "o_custkey",
				"unwinding" : {
					"preserveNullAndEmptyArrays" : false
				},
				"matching" : {
					"o_orderdate" : {
						"$lt" : ISODate("1992-01-02T00:00:00Z")
					}
				}
			},
			"nReturned" : NumberLong(113),
			"executionTimeMillisEstimate" : NumberLong(6046)
		},
		{
			"$lookup" : {
				"from" : "lineitem",
				"as" : "lineitems",
				"localField" : "orders._id",
				"foreignField" : "_id.l_orderkey"
			},
			"nReturned" : NumberLong(113),
			"executionTimeMillisEstimate" : NumberLong(6068)
		},
		{
			"$project" : {
				"_id" : true,
				"o_orderkey" : "$orders._id",
				"o_orderdate" : "$orders.o_orderdate",
				"o_shippriority" : "$orders.o_shippriority",
				"lineitems" : {
					"$filter" : {
						"input" : "$lineitems",
						"as" : "l",
						"cond" : {
							"$gt" : [
								"$$l.l_shipdate",
								{
									"$const" : ISODate("1992-01-02T00:00:00Z")
								}
							]
						}
					}
				}
			},
			"nReturned" : NumberLong(113),
			"executionTimeMillisEstimate" : NumberLong(6069)
		},
		{
			"$unwind" : {
				"path" : "$lineitems"
			},
			"nReturned" : NumberLong(439),
			"executionTimeMillisEstimate" : NumberLong(6069)
		},
		{
			"$group" : {
				"_id" : {
					"l_orderkey" : "$o_orderkey",
					"o_orderdate" : "$o_orderdate",
					"o_shippriority" : "$o_shippriority"
				},
				"revenue" : {
					"$sum" : {
						"$multiply" : [
							"$lineitems.l_extendedprice",
							{
								"$subtract" : [
									{
										"$const" : 1
									},
									"$lineitems.l_discount"
								]
							}
						]
					}
				}
			},
			"nReturned" : NumberLong(113),
			"executionTimeMillisEstimate" : NumberLong(6069)
		},
		{
			"$sort" : {
				"sortKey" : {
					"revenue" : -1,
					"_id.o_orderdate" : 1
				},
				"limit" : NumberLong(10)
			},
			"nReturned" : NumberLong(10),
			"executionTimeMillisEstimate" : NumberLong(6069)
		}
	],
	"serverInfo" : {
		"host" : "mt-mongo-1",
		"port" : 27011,
		"version" : "4.4.10",
		"gitVersion" : "58971da1ef93435a9f62bf4708a81713def6e88c"
	},
	"ok" : 1,
	"$clusterTime" : {
		"clusterTime" : Timestamp(1639502578, 4),
		"signature" : {
			"hash" : BinData(0,"AAAAAAAAAAAAAAAAAAAAAAAAAAA="),
			"keyId" : NumberLong(0)
		}
	},
	"operationTime" : Timestamp(1639502578, 4)
}


MongoDB shell version v4.4.10
connecting to: mongodb://mt-mongo-1:27011,mt-mongo-2:27012,mt-mongo-3:27013/?compressors=disabled&gssapiServiceName=mongodb&replicaSet=mt-exp-rs-001
Implicit session: session { "id" : UUID("e430bb32-c613-482d-be90-7153f5e1c981") }
MongoDB server version: 4.4.10
{
	"stages" : [
		{
			"$cursor" : {
				"queryPlanner" : {
					"plannerVersion" : 1,
					"namespace" : "tpch_mongo_3c.customer",
					"indexFilterSet" : false,
					"parsedQuery" : {
						"c_mktsegment" : {
							"$eq" : "AUTOMOBILE"
						}
					},
					"queryHash" : "D3320650",
					"planCacheKey" : "29465EA8",
					"winningPlan" : {
						"stage" : "PROJECTION_DEFAULT",
						"transformBy" : {
							"_id" : 1,
							"lineitems" : 1,
							"orders._id" : 1,
							"orders.o_orderdate" : 1,
							"orders.o_shippriority" : 1
						},
						"inputStage" : {
							"stage" : "COLLSCAN",
							"filter" : {
								"c_mktsegment" : {
									"$eq" : "AUTOMOBILE"
								}
							},
							"direction" : "forward"
						}
					},
					"rejectedPlans" : [ ]
				},
				"executionStats" : {
					"executionSuccess" : true,
					"nReturned" : 29752,
					"executionTimeMillis" : 6238,
					"totalKeysExamined" : 0,
					"totalDocsExamined" : 150000,
					"executionStages" : {
						"stage" : "PROJECTION_DEFAULT",
						"nReturned" : 29752,
						"executionTimeMillisEstimate" : 27,
						"works" : 150002,
						"advanced" : 29752,
						"needTime" : 120249,
						"needYield" : 0,
						"saveState" : 151,
						"restoreState" : 151,
						"isEOF" : 1,
						"transformBy" : {
							"_id" : 1,
							"lineitems" : 1,
							"orders._id" : 1,
							"orders.o_orderdate" : 1,
							"orders.o_shippriority" : 1
						},
						"inputStage" : {
							"stage" : "COLLSCAN",
							"filter" : {
								"c_mktsegment" : {
									"$eq" : "AUTOMOBILE"
								}
							},
							"nReturned" : 29752,
							"executionTimeMillisEstimate" : 25,
							"works" : 150002,
							"advanced" : 29752,
							"needTime" : 120249,
							"needYield" : 0,
							"saveState" : 151,
							"restoreState" : 151,
							"isEOF" : 1,
							"direction" : "forward",
							"docsExamined" : 150000
						}
					},
					"allPlansExecution" : [ ]
				}
			},
			"nReturned" : NumberLong(29752),
			"executionTimeMillisEstimate" : NumberLong(214)
		},
		{
			"$lookup" : {
				"from" : "orders",
				"as" : "orders",
				"localField" : "_id",
				"foreignField" : "o_custkey",
				"unwinding" : {
					"preserveNullAndEmptyArrays" : false
				},
				"matching" : {
					"o_orderdate" : {
						"$lt" : ISODate("1992-01-02T00:00:00Z")
					}
				}
			},
			"nReturned" : NumberLong(113),
			"executionTimeMillisEstimate" : NumberLong(6219)
		},
		{
			"$lookup" : {
				"from" : "lineitem",
				"as" : "lineitems",
				"localField" : "orders._id",
				"foreignField" : "_id.l_orderkey"
			},
			"nReturned" : NumberLong(113),
			"executionTimeMillisEstimate" : NumberLong(6237)
		},
		{
			"$project" : {
				"_id" : true,
				"o_orderkey" : "$orders._id",
				"o_orderdate" : "$orders.o_orderdate",
				"o_shippriority" : "$orders.o_shippriority",
				"lineitems" : {
					"$filter" : {
						"input" : "$lineitems",
						"as" : "l",
						"cond" : {
							"$gt" : [
								"$$l.l_shipdate",
								{
									"$const" : ISODate("1992-01-02T00:00:00Z")
								}
							]
						}
					}
				}
			},
			"nReturned" : NumberLong(113),
			"executionTimeMillisEstimate" : NumberLong(6237)
		},
		{
			"$unwind" : {
				"path" : "$lineitems"
			},
			"nReturned" : NumberLong(439),
			"executionTimeMillisEstimate" : NumberLong(6237)
		},
		{
			"$group" : {
				"_id" : {
					"l_orderkey" : "$o_orderkey",
					"o_orderdate" : "$o_orderdate",
					"o_shippriority" : "$o_shippriority"
				},
				"revenue" : {
					"$sum" : {
						"$multiply" : [
							"$lineitems.l_extendedprice",
							{
								"$subtract" : [
									{
										"$const" : 1
									},
									"$lineitems.l_discount"
								]
							}
						]
					}
				}
			},
			"nReturned" : NumberLong(113),
			"executionTimeMillisEstimate" : NumberLong(6237)
		},
		{
			"$sort" : {
				"sortKey" : {
					"revenue" : -1,
					"_id.o_orderdate" : 1
				},
				"limit" : NumberLong(10)
			},
			"nReturned" : NumberLong(10),
			"executionTimeMillisEstimate" : NumberLong(6237)
		}
	],
	"serverInfo" : {
		"host" : "mt-mongo-2",
		"port" : 27012,
		"version" : "4.4.10",
		"gitVersion" : "58971da1ef93435a9f62bf4708a81713def6e88c"
	},
	"ok" : 1,
	"$clusterTime" : {
		"clusterTime" : Timestamp(1639502927, 5),
		"signature" : {
			"hash" : BinData(0,"AAAAAAAAAAAAAAAAAAAAAAAAAAA="),
			"keyId" : NumberLong(0)
		}
	},
	"operationTime" : Timestamp(1639502927, 5)
}


MongoDB shell version v4.4.10
connecting to: mongodb://mt-mongo-1:27011,mt-mongo-2:27012,mt-mongo-3:27013/?compressors=disabled&gssapiServiceName=mongodb&replicaSet=mt-exp-rs-001
Implicit session: session { "id" : UUID("c976fac6-9600-4cb4-b850-778269ccaad3") }
MongoDB server version: 4.4.10
{
	"stages" : [
		{
			"$cursor" : {
				"queryPlanner" : {
					"plannerVersion" : 1,
					"namespace" : "tpch_mongo_3c.customer",
					"indexFilterSet" : false,
					"parsedQuery" : {
						"c_mktsegment" : {
							"$eq" : "AUTOMOBILE"
						}
					},
					"queryHash" : "D3320650",
					"planCacheKey" : "29465EA8",
					"winningPlan" : {
						"stage" : "PROJECTION_DEFAULT",
						"transformBy" : {
							"_id" : 1,
							"lineitems" : 1,
							"orders._id" : 1,
							"orders.o_orderdate" : 1,
							"orders.o_shippriority" : 1
						},
						"inputStage" : {
							"stage" : "COLLSCAN",
							"filter" : {
								"c_mktsegment" : {
									"$eq" : "AUTOMOBILE"
								}
							},
							"direction" : "forward"
						}
					},
					"rejectedPlans" : [ ]
				},
				"executionStats" : {
					"executionSuccess" : true,
					"nReturned" : 29752,
					"executionTimeMillis" : 6023,
					"totalKeysExamined" : 0,
					"totalDocsExamined" : 150000,
					"executionStages" : {
						"stage" : "PROJECTION_DEFAULT",
						"nReturned" : 29752,
						"executionTimeMillisEstimate" : 29,
						"works" : 150002,
						"advanced" : 29752,
						"needTime" : 120249,
						"needYield" : 0,
						"saveState" : 151,
						"restoreState" : 151,
						"isEOF" : 1,
						"transformBy" : {
							"_id" : 1,
							"lineitems" : 1,
							"orders._id" : 1,
							"orders.o_orderdate" : 1,
							"orders.o_shippriority" : 1
						},
						"inputStage" : {
							"stage" : "COLLSCAN",
							"filter" : {
								"c_mktsegment" : {
									"$eq" : "AUTOMOBILE"
								}
							},
							"nReturned" : 29752,
							"executionTimeMillisEstimate" : 26,
							"works" : 150002,
							"advanced" : 29752,
							"needTime" : 120249,
							"needYield" : 0,
							"saveState" : 151,
							"restoreState" : 151,
							"isEOF" : 1,
							"direction" : "forward",
							"docsExamined" : 150000
						}
					},
					"allPlansExecution" : [ ]
				}
			},
			"nReturned" : NumberLong(29752),
			"executionTimeMillisEstimate" : NumberLong(214)
		},
		{
			"$lookup" : {
				"from" : "orders",
				"as" : "orders",
				"localField" : "_id",
				"foreignField" : "o_custkey",
				"unwinding" : {
					"preserveNullAndEmptyArrays" : false
				},
				"matching" : {
					"o_orderdate" : {
						"$lt" : ISODate("1992-01-02T00:00:00Z")
					}
				}
			},
			"nReturned" : NumberLong(113),
			"executionTimeMillisEstimate" : NumberLong(5998)
		},
		{
			"$lookup" : {
				"from" : "lineitem",
				"as" : "lineitems",
				"localField" : "orders._id",
				"foreignField" : "_id.l_orderkey"
			},
			"nReturned" : NumberLong(113),
			"executionTimeMillisEstimate" : NumberLong(6021)
		},
		{
			"$project" : {
				"_id" : true,
				"o_orderkey" : "$orders._id",
				"o_orderdate" : "$orders.o_orderdate",
				"o_shippriority" : "$orders.o_shippriority",
				"lineitems" : {
					"$filter" : {
						"input" : "$lineitems",
						"as" : "l",
						"cond" : {
							"$gt" : [
								"$$l.l_shipdate",
								{
									"$const" : ISODate("1992-01-02T00:00:00Z")
								}
							]
						}
					}
				}
			},
			"nReturned" : NumberLong(113),
			"executionTimeMillisEstimate" : NumberLong(6021)
		},
		{
			"$unwind" : {
				"path" : "$lineitems"
			},
			"nReturned" : NumberLong(439),
			"executionTimeMillisEstimate" : NumberLong(6021)
		},
		{
			"$group" : {
				"_id" : {
					"l_orderkey" : "$o_orderkey",
					"o_orderdate" : "$o_orderdate",
					"o_shippriority" : "$o_shippriority"
				},
				"revenue" : {
					"$sum" : {
						"$multiply" : [
							"$lineitems.l_extendedprice",
							{
								"$subtract" : [
									{
										"$const" : 1
									},
									"$lineitems.l_discount"
								]
							}
						]
					}
				}
			},
			"nReturned" : NumberLong(113),
			"executionTimeMillisEstimate" : NumberLong(6021)
		},
		{
			"$sort" : {
				"sortKey" : {
					"revenue" : -1,
					"_id.o_orderdate" : 1
				},
				"limit" : NumberLong(10)
			},
			"nReturned" : NumberLong(10),
			"executionTimeMillisEstimate" : NumberLong(6021)
		}
	],
	"serverInfo" : {
		"host" : "mt-mongo-1",
		"port" : 27011,
		"version" : "4.4.10",
		"gitVersion" : "58971da1ef93435a9f62bf4708a81713def6e88c"
	},
	"ok" : 1,
	"$clusterTime" : {
		"clusterTime" : Timestamp(1639503281, 3),
		"signature" : {
			"hash" : BinData(0,"AAAAAAAAAAAAAAAAAAAAAAAAAAA="),
			"keyId" : NumberLong(0)
		}
	},
	"operationTime" : Timestamp(1639503281, 3)
}


MongoDB shell version v4.4.10
connecting to: mongodb://mt-mongo-1:27011,mt-mongo-2:27012,mt-mongo-3:27013/?compressors=disabled&gssapiServiceName=mongodb&replicaSet=mt-exp-rs-001
Implicit session: session { "id" : UUID("ae784cf0-07d8-4fb1-9494-0c84097beb3f") }
MongoDB server version: 4.4.10
{
	"stages" : [
		{
			"$cursor" : {
				"queryPlanner" : {
					"plannerVersion" : 1,
					"namespace" : "tpch_mongo_3c.customer",
					"indexFilterSet" : false,
					"parsedQuery" : {
						"c_mktsegment" : {
							"$eq" : "AUTOMOBILE"
						}
					},
					"queryHash" : "D3320650",
					"planCacheKey" : "29465EA8",
					"winningPlan" : {
						"stage" : "PROJECTION_DEFAULT",
						"transformBy" : {
							"_id" : 1,
							"lineitems" : 1,
							"orders._id" : 1,
							"orders.o_orderdate" : 1,
							"orders.o_shippriority" : 1
						},
						"inputStage" : {
							"stage" : "COLLSCAN",
							"filter" : {
								"c_mktsegment" : {
									"$eq" : "AUTOMOBILE"
								}
							},
							"direction" : "forward"
						}
					},
					"rejectedPlans" : [ ]
				},
				"executionStats" : {
					"executionSuccess" : true,
					"nReturned" : 29752,
					"executionTimeMillis" : 6054,
					"totalKeysExamined" : 0,
					"totalDocsExamined" : 150000,
					"executionStages" : {
						"stage" : "PROJECTION_DEFAULT",
						"nReturned" : 29752,
						"executionTimeMillisEstimate" : 28,
						"works" : 150002,
						"advanced" : 29752,
						"needTime" : 120249,
						"needYield" : 0,
						"saveState" : 151,
						"restoreState" : 151,
						"isEOF" : 1,
						"transformBy" : {
							"_id" : 1,
							"lineitems" : 1,
							"orders._id" : 1,
							"orders.o_orderdate" : 1,
							"orders.o_shippriority" : 1
						},
						"inputStage" : {
							"stage" : "COLLSCAN",
							"filter" : {
								"c_mktsegment" : {
									"$eq" : "AUTOMOBILE"
								}
							},
							"nReturned" : 29752,
							"executionTimeMillisEstimate" : 23,
							"works" : 150002,
							"advanced" : 29752,
							"needTime" : 120249,
							"needYield" : 0,
							"saveState" : 151,
							"restoreState" : 151,
							"isEOF" : 1,
							"direction" : "forward",
							"docsExamined" : 150000
						}
					},
					"allPlansExecution" : [ ]
				}
			},
			"nReturned" : NumberLong(29752),
			"executionTimeMillisEstimate" : NumberLong(205)
		},
		{
			"$lookup" : {
				"from" : "orders",
				"as" : "orders",
				"localField" : "_id",
				"foreignField" : "o_custkey",
				"unwinding" : {
					"preserveNullAndEmptyArrays" : false
				},
				"matching" : {
					"o_orderdate" : {
						"$lt" : ISODate("1992-01-02T00:00:00Z")
					}
				}
			},
			"nReturned" : NumberLong(113),
			"executionTimeMillisEstimate" : NumberLong(6041)
		},
		{
			"$lookup" : {
				"from" : "lineitem",
				"as" : "lineitems",
				"localField" : "orders._id",
				"foreignField" : "_id.l_orderkey"
			},
			"nReturned" : NumberLong(113),
			"executionTimeMillisEstimate" : NumberLong(6053)
		},
		{
			"$project" : {
				"_id" : true,
				"o_orderkey" : "$orders._id",
				"o_orderdate" : "$orders.o_orderdate",
				"o_shippriority" : "$orders.o_shippriority",
				"lineitems" : {
					"$filter" : {
						"input" : "$lineitems",
						"as" : "l",
						"cond" : {
							"$gt" : [
								"$$l.l_shipdate",
								{
									"$const" : ISODate("1992-01-02T00:00:00Z")
								}
							]
						}
					}
				}
			},
			"nReturned" : NumberLong(113),
			"executionTimeMillisEstimate" : NumberLong(6053)
		},
		{
			"$unwind" : {
				"path" : "$lineitems"
			},
			"nReturned" : NumberLong(439),
			"executionTimeMillisEstimate" : NumberLong(6053)
		},
		{
			"$group" : {
				"_id" : {
					"l_orderkey" : "$o_orderkey",
					"o_orderdate" : "$o_orderdate",
					"o_shippriority" : "$o_shippriority"
				},
				"revenue" : {
					"$sum" : {
						"$multiply" : [
							"$lineitems.l_extendedprice",
							{
								"$subtract" : [
									{
										"$const" : 1
									},
									"$lineitems.l_discount"
								]
							}
						]
					}
				}
			},
			"nReturned" : NumberLong(113),
			"executionTimeMillisEstimate" : NumberLong(6053)
		},
		{
			"$sort" : {
				"sortKey" : {
					"revenue" : -1,
					"_id.o_orderdate" : 1
				},
				"limit" : NumberLong(10)
			},
			"nReturned" : NumberLong(10),
			"executionTimeMillisEstimate" : NumberLong(6053)
		}
	],
	"serverInfo" : {
		"host" : "mt-mongo-1",
		"port" : 27011,
		"version" : "4.4.10",
		"gitVersion" : "58971da1ef93435a9f62bf4708a81713def6e88c"
	},
	"ok" : 1,
	"$clusterTime" : {
		"clusterTime" : Timestamp(1639503636, 3),
		"signature" : {
			"hash" : BinData(0,"AAAAAAAAAAAAAAAAAAAAAAAAAAA="),
			"keyId" : NumberLong(0)
		}
	},
	"operationTime" : Timestamp(1639503636, 3)
}


MongoDB shell version v4.4.10
connecting to: mongodb://mt-mongo-1:27011,mt-mongo-2:27012,mt-mongo-3:27013/?compressors=disabled&gssapiServiceName=mongodb&replicaSet=mt-exp-rs-001
Implicit session: session { "id" : UUID("3573f449-0e7c-4890-94bc-9b78c9eb18ed") }
MongoDB server version: 4.4.10
{
	"stages" : [
		{
			"$cursor" : {
				"queryPlanner" : {
					"plannerVersion" : 1,
					"namespace" : "tpch_mongo_3c.customer",
					"indexFilterSet" : false,
					"parsedQuery" : {
						"c_mktsegment" : {
							"$eq" : "AUTOMOBILE"
						}
					},
					"queryHash" : "D3320650",
					"planCacheKey" : "29465EA8",
					"winningPlan" : {
						"stage" : "PROJECTION_DEFAULT",
						"transformBy" : {
							"_id" : 1,
							"lineitems" : 1,
							"orders._id" : 1,
							"orders.o_orderdate" : 1,
							"orders.o_shippriority" : 1
						},
						"inputStage" : {
							"stage" : "COLLSCAN",
							"filter" : {
								"c_mktsegment" : {
									"$eq" : "AUTOMOBILE"
								}
							},
							"direction" : "forward"
						}
					},
					"rejectedPlans" : [ ]
				},
				"executionStats" : {
					"executionSuccess" : true,
					"nReturned" : 29752,
					"executionTimeMillis" : 5885,
					"totalKeysExamined" : 0,
					"totalDocsExamined" : 150000,
					"executionStages" : {
						"stage" : "PROJECTION_DEFAULT",
						"nReturned" : 29752,
						"executionTimeMillisEstimate" : 30,
						"works" : 150002,
						"advanced" : 29752,
						"needTime" : 120249,
						"needYield" : 0,
						"saveState" : 151,
						"restoreState" : 151,
						"isEOF" : 1,
						"transformBy" : {
							"_id" : 1,
							"lineitems" : 1,
							"orders._id" : 1,
							"orders.o_orderdate" : 1,
							"orders.o_shippriority" : 1
						},
						"inputStage" : {
							"stage" : "COLLSCAN",
							"filter" : {
								"c_mktsegment" : {
									"$eq" : "AUTOMOBILE"
								}
							},
							"nReturned" : 29752,
							"executionTimeMillisEstimate" : 30,
							"works" : 150002,
							"advanced" : 29752,
							"needTime" : 120249,
							"needYield" : 0,
							"saveState" : 151,
							"restoreState" : 151,
							"isEOF" : 1,
							"direction" : "forward",
							"docsExamined" : 150000
						}
					},
					"allPlansExecution" : [ ]
				}
			},
			"nReturned" : NumberLong(29752),
			"executionTimeMillisEstimate" : NumberLong(213)
		},
		{
			"$lookup" : {
				"from" : "orders",
				"as" : "orders",
				"localField" : "_id",
				"foreignField" : "o_custkey",
				"unwinding" : {
					"preserveNullAndEmptyArrays" : false
				},
				"matching" : {
					"o_orderdate" : {
						"$lt" : ISODate("1992-01-02T00:00:00Z")
					}
				}
			},
			"nReturned" : NumberLong(113),
			"executionTimeMillisEstimate" : NumberLong(5872)
		},
		{
			"$lookup" : {
				"from" : "lineitem",
				"as" : "lineitems",
				"localField" : "orders._id",
				"foreignField" : "_id.l_orderkey"
			},
			"nReturned" : NumberLong(113),
			"executionTimeMillisEstimate" : NumberLong(5882)
		},
		{
			"$project" : {
				"_id" : true,
				"o_orderkey" : "$orders._id",
				"o_orderdate" : "$orders.o_orderdate",
				"o_shippriority" : "$orders.o_shippriority",
				"lineitems" : {
					"$filter" : {
						"input" : "$lineitems",
						"as" : "l",
						"cond" : {
							"$gt" : [
								"$$l.l_shipdate",
								{
									"$const" : ISODate("1992-01-02T00:00:00Z")
								}
							]
						}
					}
				}
			},
			"nReturned" : NumberLong(113),
			"executionTimeMillisEstimate" : NumberLong(5883)
		},
		{
			"$unwind" : {
				"path" : "$lineitems"
			},
			"nReturned" : NumberLong(439),
			"executionTimeMillisEstimate" : NumberLong(5883)
		},
		{
			"$group" : {
				"_id" : {
					"l_orderkey" : "$o_orderkey",
					"o_orderdate" : "$o_orderdate",
					"o_shippriority" : "$o_shippriority"
				},
				"revenue" : {
					"$sum" : {
						"$multiply" : [
							"$lineitems.l_extendedprice",
							{
								"$subtract" : [
									{
										"$const" : 1
									},
									"$lineitems.l_discount"
								]
							}
						]
					}
				}
			},
			"nReturned" : NumberLong(113),
			"executionTimeMillisEstimate" : NumberLong(5883)
		},
		{
			"$sort" : {
				"sortKey" : {
					"revenue" : -1,
					"_id.o_orderdate" : 1
				},
				"limit" : NumberLong(10)
			},
			"nReturned" : NumberLong(10),
			"executionTimeMillisEstimate" : NumberLong(5883)
		}
	],
	"serverInfo" : {
		"host" : "mt-mongo-1",
		"port" : 27011,
		"version" : "4.4.10",
		"gitVersion" : "58971da1ef93435a9f62bf4708a81713def6e88c"
	},
	"ok" : 1,
	"$clusterTime" : {
		"clusterTime" : Timestamp(1639503987, 3),
		"signature" : {
			"hash" : BinData(0,"AAAAAAAAAAAAAAAAAAAAAAAAAAA="),
			"keyId" : NumberLong(0)
		}
	},
	"operationTime" : Timestamp(1639503987, 3)
}


