MongoDB shell version v4.4.10
connecting to: mongodb://mt-mongo-1:27011,mt-mongo-2:27012,mt-mongo-3:27013/?compressors=disabled&gssapiServiceName=mongodb&replicaSet=mt-exp-rs-001
Implicit session: session { "id" : UUID("1428609c-12a5-4e29-a77d-0c9f84592ff8") }
MongoDB server version: 4.4.10
uncaught exception: Error: explain failed: {
	"operationTime" : Timestamp(1639498587, 1),
	"ok" : 0,
	"errmsg" : "Error in $cursor stage :: caused by :: operation exceeded time limit",
	"code" : 50,
	"codeName" : "MaxTimeMSExpired",
	"$clusterTime" : {
		"clusterTime" : Timestamp(1639498587, 1),
		"signature" : {
			"hash" : BinData(0,"AAAAAAAAAAAAAAAAAAAAAAAAAAA="),
			"keyId" : NumberLong(0)
		}
	}
} :
_getErrorWithCode@src/mongo/shell/utils.js:25:13
throwOrReturn@src/mongo/shell/explainable.js:25:19
constructor/this.aggregate@src/mongo/shell/explainable.js:125:24
@/home/captain/git/antw0n-dss-sql-vs-nosql-experiments/output/queries/tpch_experiment/mongo/s2/q3v3_mongo_s2.js:1:11
failed to load: /home/captain/git/antw0n-dss-sql-vs-nosql-experiments/output/queries/tpch_experiment/mongo/s2/q3v3_mongo_s2.js
exiting with code -3


MongoDB shell version v4.4.10
connecting to: mongodb://mt-mongo-1:27011,mt-mongo-2:27012,mt-mongo-3:27013/?compressors=disabled&gssapiServiceName=mongodb&replicaSet=mt-exp-rs-001
Implicit session: session { "id" : UUID("efe82390-0134-4670-96b6-a1e40fb36998") }
MongoDB server version: 4.4.10
uncaught exception: Error: explain failed: {
	"operationTime" : Timestamp(1639499053, 1),
	"ok" : 0,
	"errmsg" : "operation exceeded time limit",
	"code" : 50,
	"codeName" : "MaxTimeMSExpired",
	"$clusterTime" : {
		"clusterTime" : Timestamp(1639499053, 1),
		"signature" : {
			"hash" : BinData(0,"AAAAAAAAAAAAAAAAAAAAAAAAAAA="),
			"keyId" : NumberLong(0)
		}
	}
} :
_getErrorWithCode@src/mongo/shell/utils.js:25:13
throwOrReturn@src/mongo/shell/explainable.js:25:19
constructor/this.aggregate@src/mongo/shell/explainable.js:125:24
@/home/captain/git/antw0n-dss-sql-vs-nosql-experiments/output/queries/tpch_experiment/mongo/s2/q3v3_mongo_s2.js:1:11
failed to load: /home/captain/git/antw0n-dss-sql-vs-nosql-experiments/output/queries/tpch_experiment/mongo/s2/q3v3_mongo_s2.js
exiting with code -3


MongoDB shell version v4.4.10
connecting to: mongodb://mt-mongo-1:27011,mt-mongo-2:27012,mt-mongo-3:27013/?compressors=disabled&gssapiServiceName=mongodb&replicaSet=mt-exp-rs-001
Implicit session: session { "id" : UUID("0790d928-8d79-4dfb-998f-e66d32a6087a") }
MongoDB server version: 4.4.10
uncaught exception: Error: explain failed: {
	"operationTime" : Timestamp(1639499522, 1),
	"ok" : 0,
	"errmsg" : "operation exceeded time limit",
	"code" : 50,
	"codeName" : "MaxTimeMSExpired",
	"$clusterTime" : {
		"clusterTime" : Timestamp(1639499522, 1),
		"signature" : {
			"hash" : BinData(0,"AAAAAAAAAAAAAAAAAAAAAAAAAAA="),
			"keyId" : NumberLong(0)
		}
	}
} :
_getErrorWithCode@src/mongo/shell/utils.js:25:13
throwOrReturn@src/mongo/shell/explainable.js:25:19
constructor/this.aggregate@src/mongo/shell/explainable.js:125:24
@/home/captain/git/antw0n-dss-sql-vs-nosql-experiments/output/queries/tpch_experiment/mongo/s2/q3v3_mongo_s2.js:1:11
failed to load: /home/captain/git/antw0n-dss-sql-vs-nosql-experiments/output/queries/tpch_experiment/mongo/s2/q3v3_mongo_s2.js
exiting with code -3


MongoDB shell version v4.4.10
connecting to: mongodb://mt-mongo-1:27011,mt-mongo-2:27012,mt-mongo-3:27013/?compressors=disabled&gssapiServiceName=mongodb&replicaSet=mt-exp-rs-001
Implicit session: session { "id" : UUID("a70e3e5d-4c17-4af1-8b8b-e5d263202888") }
MongoDB server version: 4.4.10
uncaught exception: Error: explain failed: {
	"operationTime" : Timestamp(1639499993, 1),
	"ok" : 0,
	"errmsg" : "operation exceeded time limit",
	"code" : 50,
	"codeName" : "MaxTimeMSExpired",
	"$clusterTime" : {
		"clusterTime" : Timestamp(1639499993, 1),
		"signature" : {
			"hash" : BinData(0,"AAAAAAAAAAAAAAAAAAAAAAAAAAA="),
			"keyId" : NumberLong(0)
		}
	}
} :
_getErrorWithCode@src/mongo/shell/utils.js:25:13
throwOrReturn@src/mongo/shell/explainable.js:25:19
constructor/this.aggregate@src/mongo/shell/explainable.js:125:24
@/home/captain/git/antw0n-dss-sql-vs-nosql-experiments/output/queries/tpch_experiment/mongo/s2/q3v3_mongo_s2.js:1:11
failed to load: /home/captain/git/antw0n-dss-sql-vs-nosql-experiments/output/queries/tpch_experiment/mongo/s2/q3v3_mongo_s2.js
exiting with code -3


MongoDB shell version v4.4.10
connecting to: mongodb://mt-mongo-1:27011,mt-mongo-2:27012,mt-mongo-3:27013/?compressors=disabled&gssapiServiceName=mongodb&replicaSet=mt-exp-rs-001
Implicit session: session { "id" : UUID("192cb089-33d3-44c4-a936-d5af540424d6") }
MongoDB server version: 4.4.10
uncaught exception: Error: explain failed: {
	"operationTime" : Timestamp(1639500460, 1),
	"ok" : 0,
	"errmsg" : "operation exceeded time limit",
	"code" : 50,
	"codeName" : "MaxTimeMSExpired",
	"$clusterTime" : {
		"clusterTime" : Timestamp(1639500460, 1),
		"signature" : {
			"hash" : BinData(0,"AAAAAAAAAAAAAAAAAAAAAAAAAAA="),
			"keyId" : NumberLong(0)
		}
	}
} :
_getErrorWithCode@src/mongo/shell/utils.js:25:13
throwOrReturn@src/mongo/shell/explainable.js:25:19
constructor/this.aggregate@src/mongo/shell/explainable.js:125:24
@/home/captain/git/antw0n-dss-sql-vs-nosql-experiments/output/queries/tpch_experiment/mongo/s2/q3v3_mongo_s2.js:1:11
failed to load: /home/captain/git/antw0n-dss-sql-vs-nosql-experiments/output/queries/tpch_experiment/mongo/s2/q3v3_mongo_s2.js
exiting with code -3


