MongoDB shell version v4.4.10
connecting to: mongodb://mt-mongo-1:27011,mt-mongo-2:27012,mt-mongo-3:27013/?compressors=disabled&gssapiServiceName=mongodb&replicaSet=mt-exp-rs-001
Implicit session: session { "id" : UUID("8eb601c1-86b3-4bec-a01e-2d4fcd3ed78c") }
MongoDB server version: 4.4.10
{
	"stages" : [
		{
			"$cursor" : {
				"queryPlanner" : {
					"plannerVersion" : 1,
					"namespace" : "tpch_mongo_1c.scale1",
					"indexFilterSet" : false,
					"parsedQuery" : {
						"c_acctbal" : {
							"$gt" : 0
						}
					},
					"queryHash" : "B4A855D2",
					"planCacheKey" : "B4A855D2",
					"winningPlan" : {
						"stage" : "PROJECTION_DEFAULT",
						"transformBy" : {
							"_id" : true,
							"c_acctbal" : true,
							"cntrycode" : {
								"$substrBytes" : [
									"$c_phone",
									{
										"$const" : 0
									},
									{
										"$const" : 2
									}
								]
							}
						},
						"inputStage" : {
							"stage" : "COLLSCAN",
							"filter" : {
								"c_acctbal" : {
									"$gt" : 0
								}
							},
							"direction" : "forward"
						}
					},
					"rejectedPlans" : [ ]
				},
				"executionStats" : {
					"executionSuccess" : true,
					"nReturned" : 136308,
					"executionTimeMillis" : 7268,
					"totalKeysExamined" : 0,
					"totalDocsExamined" : 150000,
					"executionStages" : {
						"stage" : "PROJECTION_DEFAULT",
						"nReturned" : 136308,
						"executionTimeMillisEstimate" : 6294,
						"works" : 150002,
						"advanced" : 136308,
						"needTime" : 13693,
						"needYield" : 0,
						"saveState" : 351,
						"restoreState" : 351,
						"isEOF" : 1,
						"transformBy" : {
							"_id" : true,
							"c_acctbal" : true,
							"cntrycode" : {
								"$substrBytes" : [
									"$c_phone",
									{
										"$const" : 0
									},
									{
										"$const" : 2
									}
								]
							}
						},
						"inputStage" : {
							"stage" : "COLLSCAN",
							"filter" : {
								"c_acctbal" : {
									"$gt" : 0
								}
							},
							"nReturned" : 136308,
							"executionTimeMillisEstimate" : 5989,
							"works" : 150002,
							"advanced" : 136308,
							"needTime" : 13693,
							"needYield" : 0,
							"saveState" : 351,
							"restoreState" : 351,
							"isEOF" : 1,
							"direction" : "forward",
							"docsExamined" : 150000
						}
					},
					"allPlansExecution" : [ ]
				}
			},
			"nReturned" : NumberLong(136308),
			"executionTimeMillisEstimate" : NumberLong(6402)
		},
		{
			"$match" : {
				"cntrycode" : {
					"$in" : [
						"10",
						"15",
						"17",
						"21",
						"22",
						"25",
						"30"
					]
				}
			},
			"nReturned" : NumberLong(37676),
			"executionTimeMillisEstimate" : NumberLong(6480)
		},
		{
			"$group" : {
				"_id" : {
					"$const" : null
				},
				"c_acctbal_avg" : {
					"$avg" : "$c_acctbal"
				}
			},
			"nReturned" : NumberLong(1),
			"executionTimeMillisEstimate" : NumberLong(6490)
		},
		{
			"$project" : {
				"c_acctbal_avg" : true,
				"_id" : false
			},
			"nReturned" : NumberLong(1),
			"executionTimeMillisEstimate" : NumberLong(6490)
		},
		{
			"$lookup" : {
				"from" : "scale1",
				"as" : "c_acctbals",
				"let" : {
					
				},
				"pipeline" : [
					{
						"$match" : {
							"c_acctbal" : {
								"$gt" : 0
							},
							"c_orders" : {
								"$eq" : [ ]
							}
						}
					},
					{
						"$project" : {
							"_id" : 0,
							"c_acctbal" : 1,
							"cntrycode" : {
								"$substr" : [
									"$c_phone",
									0,
									2
								]
							}
						}
					},
					{
						"$match" : {
							"cntrycode" : {
								"$in" : [
									"30",
									"17",
									"25",
									"10",
									"22",
									"15",
									"21"
								]
							}
						}
					}
				],
				"unwinding" : {
					"preserveNullAndEmptyArrays" : false
				}
			},
			"nReturned" : NumberLong(12568),
			"executionTimeMillisEstimate" : NumberLong(7250)
		},
		{
			"$match" : {
				"$expr" : {
					"$gt" : [
						"$c_acctbals.c_acctbal",
						"$c_acctbal_avg"
					]
				}
			},
			"nReturned" : NumberLong(6281),
			"executionTimeMillisEstimate" : NumberLong(7260)
		},
		{
			"$group" : {
				"_id" : "$c_acctbals.cntrycode",
				"numcust" : {
					"$sum" : {
						"$const" : 1
					}
				},
				"totacctbal" : {
					"$sum" : "$c_acctbals.c_acctbal"
				}
			},
			"nReturned" : NumberLong(7),
			"executionTimeMillisEstimate" : NumberLong(7260)
		},
		{
			"$sort" : {
				"sortKey" : {
					"_id" : 1
				}
			},
			"nReturned" : NumberLong(7),
			"executionTimeMillisEstimate" : NumberLong(7260)
		}
	],
	"serverInfo" : {
		"host" : "mt-mongo-3",
		"port" : 27013,
		"version" : "4.4.10",
		"gitVersion" : "58971da1ef93435a9f62bf4708a81713def6e88c"
	},
	"ok" : 1,
	"$clusterTime" : {
		"clusterTime" : Timestamp(1639479295, 2),
		"signature" : {
			"hash" : BinData(0,"AAAAAAAAAAAAAAAAAAAAAAAAAAA="),
			"keyId" : NumberLong(0)
		}
	},
	"operationTime" : Timestamp(1639479295, 2)
}


MongoDB shell version v4.4.10
connecting to: mongodb://mt-mongo-1:27011,mt-mongo-2:27012,mt-mongo-3:27013/?compressors=disabled&gssapiServiceName=mongodb&replicaSet=mt-exp-rs-001
Implicit session: session { "id" : UUID("eba0c42e-b4ab-4ff2-baac-814d78527a13") }
MongoDB server version: 4.4.10
{
	"stages" : [
		{
			"$cursor" : {
				"queryPlanner" : {
					"plannerVersion" : 1,
					"namespace" : "tpch_mongo_1c.scale1",
					"indexFilterSet" : false,
					"parsedQuery" : {
						"c_acctbal" : {
							"$gt" : 0
						}
					},
					"queryHash" : "B4A855D2",
					"planCacheKey" : "B4A855D2",
					"winningPlan" : {
						"stage" : "PROJECTION_DEFAULT",
						"transformBy" : {
							"_id" : true,
							"c_acctbal" : true,
							"cntrycode" : {
								"$substrBytes" : [
									"$c_phone",
									{
										"$const" : 0
									},
									{
										"$const" : 2
									}
								]
							}
						},
						"inputStage" : {
							"stage" : "COLLSCAN",
							"filter" : {
								"c_acctbal" : {
									"$gt" : 0
								}
							},
							"direction" : "forward"
						}
					},
					"rejectedPlans" : [ ]
				},
				"executionStats" : {
					"executionSuccess" : true,
					"nReturned" : 136308,
					"executionTimeMillis" : 6460,
					"totalKeysExamined" : 0,
					"totalDocsExamined" : 150000,
					"executionStages" : {
						"stage" : "PROJECTION_DEFAULT",
						"nReturned" : 136308,
						"executionTimeMillisEstimate" : 5435,
						"works" : 150002,
						"advanced" : 136308,
						"needTime" : 13693,
						"needYield" : 0,
						"saveState" : 311,
						"restoreState" : 311,
						"isEOF" : 1,
						"transformBy" : {
							"_id" : true,
							"c_acctbal" : true,
							"cntrycode" : {
								"$substrBytes" : [
									"$c_phone",
									{
										"$const" : 0
									},
									{
										"$const" : 2
									}
								]
							}
						},
						"inputStage" : {
							"stage" : "COLLSCAN",
							"filter" : {
								"c_acctbal" : {
									"$gt" : 0
								}
							},
							"nReturned" : 136308,
							"executionTimeMillisEstimate" : 5117,
							"works" : 150002,
							"advanced" : 136308,
							"needTime" : 13693,
							"needYield" : 0,
							"saveState" : 311,
							"restoreState" : 311,
							"isEOF" : 1,
							"direction" : "forward",
							"docsExamined" : 150000
						}
					},
					"allPlansExecution" : [ ]
				}
			},
			"nReturned" : NumberLong(136308),
			"executionTimeMillisEstimate" : NumberLong(5548)
		},
		{
			"$match" : {
				"cntrycode" : {
					"$in" : [
						"10",
						"15",
						"17",
						"21",
						"22",
						"25",
						"30"
					]
				}
			},
			"nReturned" : NumberLong(37676),
			"executionTimeMillisEstimate" : NumberLong(5633)
		},
		{
			"$group" : {
				"_id" : {
					"$const" : null
				},
				"c_acctbal_avg" : {
					"$avg" : "$c_acctbal"
				}
			},
			"nReturned" : NumberLong(1),
			"executionTimeMillisEstimate" : NumberLong(5633)
		},
		{
			"$project" : {
				"c_acctbal_avg" : true,
				"_id" : false
			},
			"nReturned" : NumberLong(1),
			"executionTimeMillisEstimate" : NumberLong(5633)
		},
		{
			"$lookup" : {
				"from" : "scale1",
				"as" : "c_acctbals",
				"let" : {
					
				},
				"pipeline" : [
					{
						"$match" : {
							"c_acctbal" : {
								"$gt" : 0
							},
							"c_orders" : {
								"$eq" : [ ]
							}
						}
					},
					{
						"$project" : {
							"_id" : 0,
							"c_acctbal" : 1,
							"cntrycode" : {
								"$substr" : [
									"$c_phone",
									0,
									2
								]
							}
						}
					},
					{
						"$match" : {
							"cntrycode" : {
								"$in" : [
									"30",
									"17",
									"25",
									"10",
									"22",
									"15",
									"21"
								]
							}
						}
					}
				],
				"unwinding" : {
					"preserveNullAndEmptyArrays" : false
				}
			},
			"nReturned" : NumberLong(12568),
			"executionTimeMillisEstimate" : NumberLong(6435)
		},
		{
			"$match" : {
				"$expr" : {
					"$gt" : [
						"$c_acctbals.c_acctbal",
						"$c_acctbal_avg"
					]
				}
			},
			"nReturned" : NumberLong(6281),
			"executionTimeMillisEstimate" : NumberLong(6453)
		},
		{
			"$group" : {
				"_id" : "$c_acctbals.cntrycode",
				"numcust" : {
					"$sum" : {
						"$const" : 1
					}
				},
				"totacctbal" : {
					"$sum" : "$c_acctbals.c_acctbal"
				}
			},
			"nReturned" : NumberLong(7),
			"executionTimeMillisEstimate" : NumberLong(6453)
		},
		{
			"$sort" : {
				"sortKey" : {
					"_id" : 1
				}
			},
			"nReturned" : NumberLong(7),
			"executionTimeMillisEstimate" : NumberLong(6453)
		}
	],
	"serverInfo" : {
		"host" : "mt-mongo-3",
		"port" : 27013,
		"version" : "4.4.10",
		"gitVersion" : "58971da1ef93435a9f62bf4708a81713def6e88c"
	},
	"ok" : 1,
	"$clusterTime" : {
		"clusterTime" : Timestamp(1639479337, 2),
		"signature" : {
			"hash" : BinData(0,"AAAAAAAAAAAAAAAAAAAAAAAAAAA="),
			"keyId" : NumberLong(0)
		}
	},
	"operationTime" : Timestamp(1639479337, 2)
}


MongoDB shell version v4.4.10
connecting to: mongodb://mt-mongo-1:27011,mt-mongo-2:27012,mt-mongo-3:27013/?compressors=disabled&gssapiServiceName=mongodb&replicaSet=mt-exp-rs-001
Implicit session: session { "id" : UUID("f653e97f-598a-428c-8b71-4e1f3546db29") }
MongoDB server version: 4.4.10
{
	"stages" : [
		{
			"$cursor" : {
				"queryPlanner" : {
					"plannerVersion" : 1,
					"namespace" : "tpch_mongo_1c.scale1",
					"indexFilterSet" : false,
					"parsedQuery" : {
						"c_acctbal" : {
							"$gt" : 0
						}
					},
					"queryHash" : "B4A855D2",
					"planCacheKey" : "B4A855D2",
					"winningPlan" : {
						"stage" : "PROJECTION_DEFAULT",
						"transformBy" : {
							"_id" : true,
							"c_acctbal" : true,
							"cntrycode" : {
								"$substrBytes" : [
									"$c_phone",
									{
										"$const" : 0
									},
									{
										"$const" : 2
									}
								]
							}
						},
						"inputStage" : {
							"stage" : "COLLSCAN",
							"filter" : {
								"c_acctbal" : {
									"$gt" : 0
								}
							},
							"direction" : "forward"
						}
					},
					"rejectedPlans" : [ ]
				},
				"executionStats" : {
					"executionSuccess" : true,
					"nReturned" : 136308,
					"executionTimeMillis" : 5790,
					"totalKeysExamined" : 0,
					"totalDocsExamined" : 150000,
					"executionStages" : {
						"stage" : "PROJECTION_DEFAULT",
						"nReturned" : 136308,
						"executionTimeMillisEstimate" : 4889,
						"works" : 150002,
						"advanced" : 136308,
						"needTime" : 13693,
						"needYield" : 0,
						"saveState" : 279,
						"restoreState" : 279,
						"isEOF" : 1,
						"transformBy" : {
							"_id" : true,
							"c_acctbal" : true,
							"cntrycode" : {
								"$substrBytes" : [
									"$c_phone",
									{
										"$const" : 0
									},
									{
										"$const" : 2
									}
								]
							}
						},
						"inputStage" : {
							"stage" : "COLLSCAN",
							"filter" : {
								"c_acctbal" : {
									"$gt" : 0
								}
							},
							"nReturned" : 136308,
							"executionTimeMillisEstimate" : 4639,
							"works" : 150002,
							"advanced" : 136308,
							"needTime" : 13693,
							"needYield" : 0,
							"saveState" : 279,
							"restoreState" : 279,
							"isEOF" : 1,
							"direction" : "forward",
							"docsExamined" : 150000
						}
					},
					"allPlansExecution" : [ ]
				}
			},
			"nReturned" : NumberLong(136308),
			"executionTimeMillisEstimate" : NumberLong(4993)
		},
		{
			"$match" : {
				"cntrycode" : {
					"$in" : [
						"10",
						"15",
						"17",
						"21",
						"22",
						"25",
						"30"
					]
				}
			},
			"nReturned" : NumberLong(37676),
			"executionTimeMillisEstimate" : NumberLong(5081)
		},
		{
			"$group" : {
				"_id" : {
					"$const" : null
				},
				"c_acctbal_avg" : {
					"$avg" : "$c_acctbal"
				}
			},
			"nReturned" : NumberLong(1),
			"executionTimeMillisEstimate" : NumberLong(5081)
		},
		{
			"$project" : {
				"c_acctbal_avg" : true,
				"_id" : false
			},
			"nReturned" : NumberLong(1),
			"executionTimeMillisEstimate" : NumberLong(5081)
		},
		{
			"$lookup" : {
				"from" : "scale1",
				"as" : "c_acctbals",
				"let" : {
					
				},
				"pipeline" : [
					{
						"$match" : {
							"c_acctbal" : {
								"$gt" : 0
							},
							"c_orders" : {
								"$eq" : [ ]
							}
						}
					},
					{
						"$project" : {
							"_id" : 0,
							"c_acctbal" : 1,
							"cntrycode" : {
								"$substr" : [
									"$c_phone",
									0,
									2
								]
							}
						}
					},
					{
						"$match" : {
							"cntrycode" : {
								"$in" : [
									"30",
									"17",
									"25",
									"10",
									"22",
									"15",
									"21"
								]
							}
						}
					}
				],
				"unwinding" : {
					"preserveNullAndEmptyArrays" : false
				}
			},
			"nReturned" : NumberLong(12568),
			"executionTimeMillisEstimate" : NumberLong(5774)
		},
		{
			"$match" : {
				"$expr" : {
					"$gt" : [
						"$c_acctbals.c_acctbal",
						"$c_acctbal_avg"
					]
				}
			},
			"nReturned" : NumberLong(6281),
			"executionTimeMillisEstimate" : NumberLong(5781)
		},
		{
			"$group" : {
				"_id" : "$c_acctbals.cntrycode",
				"numcust" : {
					"$sum" : {
						"$const" : 1
					}
				},
				"totacctbal" : {
					"$sum" : "$c_acctbals.c_acctbal"
				}
			},
			"nReturned" : NumberLong(7),
			"executionTimeMillisEstimate" : NumberLong(5781)
		},
		{
			"$sort" : {
				"sortKey" : {
					"_id" : 1
				}
			},
			"nReturned" : NumberLong(7),
			"executionTimeMillisEstimate" : NumberLong(5781)
		}
	],
	"serverInfo" : {
		"host" : "mt-mongo-3",
		"port" : 27013,
		"version" : "4.4.10",
		"gitVersion" : "58971da1ef93435a9f62bf4708a81713def6e88c"
	},
	"ok" : 1,
	"$clusterTime" : {
		"clusterTime" : Timestamp(1639479377, 2),
		"signature" : {
			"hash" : BinData(0,"AAAAAAAAAAAAAAAAAAAAAAAAAAA="),
			"keyId" : NumberLong(0)
		}
	},
	"operationTime" : Timestamp(1639479377, 2)
}


MongoDB shell version v4.4.10
connecting to: mongodb://mt-mongo-1:27011,mt-mongo-2:27012,mt-mongo-3:27013/?compressors=disabled&gssapiServiceName=mongodb&replicaSet=mt-exp-rs-001
Implicit session: session { "id" : UUID("7a307348-43da-4081-8a68-46b1a995b5a3") }
MongoDB server version: 4.4.10
{
	"stages" : [
		{
			"$cursor" : {
				"queryPlanner" : {
					"plannerVersion" : 1,
					"namespace" : "tpch_mongo_1c.scale1",
					"indexFilterSet" : false,
					"parsedQuery" : {
						"c_acctbal" : {
							"$gt" : 0
						}
					},
					"queryHash" : "B4A855D2",
					"planCacheKey" : "B4A855D2",
					"winningPlan" : {
						"stage" : "PROJECTION_DEFAULT",
						"transformBy" : {
							"_id" : true,
							"c_acctbal" : true,
							"cntrycode" : {
								"$substrBytes" : [
									"$c_phone",
									{
										"$const" : 0
									},
									{
										"$const" : 2
									}
								]
							}
						},
						"inputStage" : {
							"stage" : "COLLSCAN",
							"filter" : {
								"c_acctbal" : {
									"$gt" : 0
								}
							},
							"direction" : "forward"
						}
					},
					"rejectedPlans" : [ ]
				},
				"executionStats" : {
					"executionSuccess" : true,
					"nReturned" : 136308,
					"executionTimeMillis" : 6988,
					"totalKeysExamined" : 0,
					"totalDocsExamined" : 150000,
					"executionStages" : {
						"stage" : "PROJECTION_DEFAULT",
						"nReturned" : 136308,
						"executionTimeMillisEstimate" : 6141,
						"works" : 150002,
						"advanced" : 136308,
						"needTime" : 13693,
						"needYield" : 0,
						"saveState" : 350,
						"restoreState" : 350,
						"isEOF" : 1,
						"transformBy" : {
							"_id" : true,
							"c_acctbal" : true,
							"cntrycode" : {
								"$substrBytes" : [
									"$c_phone",
									{
										"$const" : 0
									},
									{
										"$const" : 2
									}
								]
							}
						},
						"inputStage" : {
							"stage" : "COLLSCAN",
							"filter" : {
								"c_acctbal" : {
									"$gt" : 0
								}
							},
							"nReturned" : 136308,
							"executionTimeMillisEstimate" : 5884,
							"works" : 150002,
							"advanced" : 136308,
							"needTime" : 13693,
							"needYield" : 0,
							"saveState" : 350,
							"restoreState" : 350,
							"isEOF" : 1,
							"direction" : "forward",
							"docsExamined" : 150000
						}
					},
					"allPlansExecution" : [ ]
				}
			},
			"nReturned" : NumberLong(136308),
			"executionTimeMillisEstimate" : NumberLong(6257)
		},
		{
			"$match" : {
				"cntrycode" : {
					"$in" : [
						"10",
						"15",
						"17",
						"21",
						"22",
						"25",
						"30"
					]
				}
			},
			"nReturned" : NumberLong(37676),
			"executionTimeMillisEstimate" : NumberLong(6326)
		},
		{
			"$group" : {
				"_id" : {
					"$const" : null
				},
				"c_acctbal_avg" : {
					"$avg" : "$c_acctbal"
				}
			},
			"nReturned" : NumberLong(1),
			"executionTimeMillisEstimate" : NumberLong(6346)
		},
		{
			"$project" : {
				"c_acctbal_avg" : true,
				"_id" : false
			},
			"nReturned" : NumberLong(1),
			"executionTimeMillisEstimate" : NumberLong(6346)
		},
		{
			"$lookup" : {
				"from" : "scale1",
				"as" : "c_acctbals",
				"let" : {
					
				},
				"pipeline" : [
					{
						"$match" : {
							"c_acctbal" : {
								"$gt" : 0
							},
							"c_orders" : {
								"$eq" : [ ]
							}
						}
					},
					{
						"$project" : {
							"_id" : 0,
							"c_acctbal" : 1,
							"cntrycode" : {
								"$substr" : [
									"$c_phone",
									0,
									2
								]
							}
						}
					},
					{
						"$match" : {
							"cntrycode" : {
								"$in" : [
									"30",
									"17",
									"25",
									"10",
									"22",
									"15",
									"21"
								]
							}
						}
					}
				],
				"unwinding" : {
					"preserveNullAndEmptyArrays" : false
				}
			},
			"nReturned" : NumberLong(12568),
			"executionTimeMillisEstimate" : NumberLong(6967)
		},
		{
			"$match" : {
				"$expr" : {
					"$gt" : [
						"$c_acctbals.c_acctbal",
						"$c_acctbal_avg"
					]
				}
			},
			"nReturned" : NumberLong(6281),
			"executionTimeMillisEstimate" : NumberLong(6978)
		},
		{
			"$group" : {
				"_id" : "$c_acctbals.cntrycode",
				"numcust" : {
					"$sum" : {
						"$const" : 1
					}
				},
				"totacctbal" : {
					"$sum" : "$c_acctbals.c_acctbal"
				}
			},
			"nReturned" : NumberLong(7),
			"executionTimeMillisEstimate" : NumberLong(6986)
		},
		{
			"$sort" : {
				"sortKey" : {
					"_id" : 1
				}
			},
			"nReturned" : NumberLong(7),
			"executionTimeMillisEstimate" : NumberLong(6986)
		}
	],
	"serverInfo" : {
		"host" : "mt-mongo-2",
		"port" : 27012,
		"version" : "4.4.10",
		"gitVersion" : "58971da1ef93435a9f62bf4708a81713def6e88c"
	},
	"ok" : 1,
	"$clusterTime" : {
		"clusterTime" : Timestamp(1639479421, 1),
		"signature" : {
			"hash" : BinData(0,"AAAAAAAAAAAAAAAAAAAAAAAAAAA="),
			"keyId" : NumberLong(0)
		}
	},
	"operationTime" : Timestamp(1639479421, 1)
}


MongoDB shell version v4.4.10
connecting to: mongodb://mt-mongo-1:27011,mt-mongo-2:27012,mt-mongo-3:27013/?compressors=disabled&gssapiServiceName=mongodb&replicaSet=mt-exp-rs-001
Implicit session: session { "id" : UUID("8153a36e-23b8-4511-a9df-9f19abda553b") }
MongoDB server version: 4.4.10
{
	"stages" : [
		{
			"$cursor" : {
				"queryPlanner" : {
					"plannerVersion" : 1,
					"namespace" : "tpch_mongo_1c.scale1",
					"indexFilterSet" : false,
					"parsedQuery" : {
						"c_acctbal" : {
							"$gt" : 0
						}
					},
					"queryHash" : "B4A855D2",
					"planCacheKey" : "B4A855D2",
					"winningPlan" : {
						"stage" : "PROJECTION_DEFAULT",
						"transformBy" : {
							"_id" : true,
							"c_acctbal" : true,
							"cntrycode" : {
								"$substrBytes" : [
									"$c_phone",
									{
										"$const" : 0
									},
									{
										"$const" : 2
									}
								]
							}
						},
						"inputStage" : {
							"stage" : "COLLSCAN",
							"filter" : {
								"c_acctbal" : {
									"$gt" : 0
								}
							},
							"direction" : "forward"
						}
					},
					"rejectedPlans" : [ ]
				},
				"executionStats" : {
					"executionSuccess" : true,
					"nReturned" : 136308,
					"executionTimeMillis" : 6493,
					"totalKeysExamined" : 0,
					"totalDocsExamined" : 150000,
					"executionStages" : {
						"stage" : "PROJECTION_DEFAULT",
						"nReturned" : 136308,
						"executionTimeMillisEstimate" : 5593,
						"works" : 150002,
						"advanced" : 136308,
						"needTime" : 13693,
						"needYield" : 0,
						"saveState" : 319,
						"restoreState" : 319,
						"isEOF" : 1,
						"transformBy" : {
							"_id" : true,
							"c_acctbal" : true,
							"cntrycode" : {
								"$substrBytes" : [
									"$c_phone",
									{
										"$const" : 0
									},
									{
										"$const" : 2
									}
								]
							}
						},
						"inputStage" : {
							"stage" : "COLLSCAN",
							"filter" : {
								"c_acctbal" : {
									"$gt" : 0
								}
							},
							"nReturned" : 136308,
							"executionTimeMillisEstimate" : 5275,
							"works" : 150002,
							"advanced" : 136308,
							"needTime" : 13693,
							"needYield" : 0,
							"saveState" : 319,
							"restoreState" : 319,
							"isEOF" : 1,
							"direction" : "forward",
							"docsExamined" : 150000
						}
					},
					"allPlansExecution" : [ ]
				}
			},
			"nReturned" : NumberLong(136308),
			"executionTimeMillisEstimate" : NumberLong(5715)
		},
		{
			"$match" : {
				"cntrycode" : {
					"$in" : [
						"10",
						"15",
						"17",
						"21",
						"22",
						"25",
						"30"
					]
				}
			},
			"nReturned" : NumberLong(37676),
			"executionTimeMillisEstimate" : NumberLong(5779)
		},
		{
			"$group" : {
				"_id" : {
					"$const" : null
				},
				"c_acctbal_avg" : {
					"$avg" : "$c_acctbal"
				}
			},
			"nReturned" : NumberLong(1),
			"executionTimeMillisEstimate" : NumberLong(5789)
		},
		{
			"$project" : {
				"c_acctbal_avg" : true,
				"_id" : false
			},
			"nReturned" : NumberLong(1),
			"executionTimeMillisEstimate" : NumberLong(5789)
		},
		{
			"$lookup" : {
				"from" : "scale1",
				"as" : "c_acctbals",
				"let" : {
					
				},
				"pipeline" : [
					{
						"$match" : {
							"c_acctbal" : {
								"$gt" : 0
							},
							"c_orders" : {
								"$eq" : [ ]
							}
						}
					},
					{
						"$project" : {
							"_id" : 0,
							"c_acctbal" : 1,
							"cntrycode" : {
								"$substr" : [
									"$c_phone",
									0,
									2
								]
							}
						}
					},
					{
						"$match" : {
							"cntrycode" : {
								"$in" : [
									"30",
									"17",
									"25",
									"10",
									"22",
									"15",
									"21"
								]
							}
						}
					}
				],
				"unwinding" : {
					"preserveNullAndEmptyArrays" : false
				}
			},
			"nReturned" : NumberLong(12568),
			"executionTimeMillisEstimate" : NumberLong(6465)
		},
		{
			"$match" : {
				"$expr" : {
					"$gt" : [
						"$c_acctbals.c_acctbal",
						"$c_acctbal_avg"
					]
				}
			},
			"nReturned" : NumberLong(6281),
			"executionTimeMillisEstimate" : NumberLong(6489)
		},
		{
			"$group" : {
				"_id" : "$c_acctbals.cntrycode",
				"numcust" : {
					"$sum" : {
						"$const" : 1
					}
				},
				"totacctbal" : {
					"$sum" : "$c_acctbals.c_acctbal"
				}
			},
			"nReturned" : NumberLong(7),
			"executionTimeMillisEstimate" : NumberLong(6489)
		},
		{
			"$sort" : {
				"sortKey" : {
					"_id" : 1
				}
			},
			"nReturned" : NumberLong(7),
			"executionTimeMillisEstimate" : NumberLong(6489)
		}
	],
	"serverInfo" : {
		"host" : "mt-mongo-3",
		"port" : 27013,
		"version" : "4.4.10",
		"gitVersion" : "58971da1ef93435a9f62bf4708a81713def6e88c"
	},
	"ok" : 1,
	"$clusterTime" : {
		"clusterTime" : Timestamp(1639479468, 2),
		"signature" : {
			"hash" : BinData(0,"AAAAAAAAAAAAAAAAAAAAAAAAAAA="),
			"keyId" : NumberLong(0)
		}
	},
	"operationTime" : Timestamp(1639479468, 2)
}


