MongoDB shell version v4.4.10
connecting to: mongodb://mt-mongo-1:27011,mt-mongo-2:27012,mt-mongo-3:27013/?compressors=disabled&gssapiServiceName=mongodb&replicaSet=mt-exp-rs-001
Implicit session: session { "id" : UUID("ac8dd763-5dbc-4ef0-a6c9-e2d0c60dddb7") }
MongoDB server version: 4.4.10
{
	"stages" : [
		{
			"$cursor" : {
				"queryPlanner" : {
					"plannerVersion" : 1,
					"namespace" : "tpch_mongo_1c.scale1",
					"indexFilterSet" : false,
					"parsedQuery" : {
						"c_mktsegment" : {
							"$eq" : "AUTOMOBILE"
						}
					},
					"queryHash" : "8ECC6016",
					"planCacheKey" : "8ECC6016",
					"winningPlan" : {
						"stage" : "PROJECTION_SIMPLE",
						"transformBy" : {
							"_id" : 1,
							"c_orders" : 1
						},
						"inputStage" : {
							"stage" : "COLLSCAN",
							"filter" : {
								"c_mktsegment" : {
									"$eq" : "AUTOMOBILE"
								}
							},
							"direction" : "forward"
						}
					},
					"rejectedPlans" : [ ]
				},
				"executionStats" : {
					"executionSuccess" : true,
					"nReturned" : 29752,
					"executionTimeMillis" : 6761,
					"totalKeysExamined" : 0,
					"totalDocsExamined" : 150000,
					"executionStages" : {
						"stage" : "PROJECTION_SIMPLE",
						"nReturned" : 29752,
						"executionTimeMillisEstimate" : 5400,
						"works" : 150002,
						"advanced" : 29752,
						"needTime" : 120249,
						"needYield" : 0,
						"saveState" : 503,
						"restoreState" : 503,
						"isEOF" : 1,
						"transformBy" : {
							"_id" : 1,
							"c_orders" : 1
						},
						"inputStage" : {
							"stage" : "COLLSCAN",
							"filter" : {
								"c_mktsegment" : {
									"$eq" : "AUTOMOBILE"
								}
							},
							"nReturned" : 29752,
							"executionTimeMillisEstimate" : 5178,
							"works" : 150002,
							"advanced" : 29752,
							"needTime" : 120249,
							"needYield" : 0,
							"saveState" : 503,
							"restoreState" : 503,
							"isEOF" : 1,
							"direction" : "forward",
							"docsExamined" : 150000
						}
					},
					"allPlansExecution" : [ ]
				}
			},
			"nReturned" : NumberLong(29752),
			"executionTimeMillisEstimate" : NumberLong(5961)
		},
		{
			"$unwind" : {
				"path" : "$c_orders"
			},
			"nReturned" : NumberLong(297452),
			"executionTimeMillisEstimate" : NumberLong(6270)
		},
		{
			"$match" : {
				"c_orders.o_orderdate" : {
					"$lt" : ISODate("1992-01-02T00:00:00Z")
				}
			},
			"nReturned" : NumberLong(113),
			"executionTimeMillisEstimate" : NumberLong(6757)
		},
		{
			"$project" : {
				"_id" : true,
				"o_orderkey" : "$c_orders.o_orderkey",
				"o_orderdate" : "$c_orders.o_orderdate",
				"o_shippriority" : "$c_orders.o_shippriority",
				"lineitems" : "$c_orders.o_lineitems"
			},
			"nReturned" : NumberLong(113),
			"executionTimeMillisEstimate" : NumberLong(6757)
		},
		{
			"$unwind" : {
				"path" : "$lineitems"
			},
			"nReturned" : NumberLong(440),
			"executionTimeMillisEstimate" : NumberLong(6757)
		},
		{
			"$match" : {
				"lineitems.l_shipdate" : {
					"$gt" : ISODate("1992-01-02T00:00:00Z")
				}
			},
			"nReturned" : NumberLong(439),
			"executionTimeMillisEstimate" : NumberLong(6757)
		},
		{
			"$group" : {
				"_id" : {
					"l_orderkey" : "$o_orderkey",
					"o_orderdate" : "$o_orderdate",
					"o_shippriority" : "$o_shippriority"
				},
				"revenue" : {
					"$sum" : {
						"$multiply" : [
							"$lineitems.l_extendedprice",
							{
								"$subtract" : [
									{
										"$const" : 1
									},
									"$lineitems.l_discount"
								]
							}
						]
					}
				}
			},
			"nReturned" : NumberLong(113),
			"executionTimeMillisEstimate" : NumberLong(6757)
		},
		{
			"$sort" : {
				"sortKey" : {
					"revenue" : -1,
					"_id.o_orderdate" : 1
				},
				"limit" : NumberLong(10)
			},
			"nReturned" : NumberLong(10),
			"executionTimeMillisEstimate" : NumberLong(6757)
		}
	],
	"serverInfo" : {
		"host" : "mt-mongo-3",
		"port" : 27013,
		"version" : "4.4.10",
		"gitVersion" : "58971da1ef93435a9f62bf4708a81713def6e88c"
	},
	"ok" : 1,
	"$clusterTime" : {
		"clusterTime" : Timestamp(1639472731, 2),
		"signature" : {
			"hash" : BinData(0,"AAAAAAAAAAAAAAAAAAAAAAAAAAA="),
			"keyId" : NumberLong(0)
		}
	},
	"operationTime" : Timestamp(1639472731, 2)
}


MongoDB shell version v4.4.10
connecting to: mongodb://mt-mongo-1:27011,mt-mongo-2:27012,mt-mongo-3:27013/?compressors=disabled&gssapiServiceName=mongodb&replicaSet=mt-exp-rs-001
Implicit session: session { "id" : UUID("c1dd57da-76fa-4d67-9cc4-561b17603fd8") }
MongoDB server version: 4.4.10
{
	"stages" : [
		{
			"$cursor" : {
				"queryPlanner" : {
					"plannerVersion" : 1,
					"namespace" : "tpch_mongo_1c.scale1",
					"indexFilterSet" : false,
					"parsedQuery" : {
						"c_mktsegment" : {
							"$eq" : "AUTOMOBILE"
						}
					},
					"queryHash" : "8ECC6016",
					"planCacheKey" : "8ECC6016",
					"winningPlan" : {
						"stage" : "PROJECTION_SIMPLE",
						"transformBy" : {
							"_id" : 1,
							"c_orders" : 1
						},
						"inputStage" : {
							"stage" : "COLLSCAN",
							"filter" : {
								"c_mktsegment" : {
									"$eq" : "AUTOMOBILE"
								}
							},
							"direction" : "forward"
						}
					},
					"rejectedPlans" : [ ]
				},
				"executionStats" : {
					"executionSuccess" : true,
					"nReturned" : 29752,
					"executionTimeMillis" : 5554,
					"totalKeysExamined" : 0,
					"totalDocsExamined" : 150000,
					"executionStages" : {
						"stage" : "PROJECTION_SIMPLE",
						"nReturned" : 29752,
						"executionTimeMillisEstimate" : 4199,
						"works" : 150002,
						"advanced" : 29752,
						"needTime" : 120249,
						"needYield" : 0,
						"saveState" : 438,
						"restoreState" : 438,
						"isEOF" : 1,
						"transformBy" : {
							"_id" : 1,
							"c_orders" : 1
						},
						"inputStage" : {
							"stage" : "COLLSCAN",
							"filter" : {
								"c_mktsegment" : {
									"$eq" : "AUTOMOBILE"
								}
							},
							"nReturned" : 29752,
							"executionTimeMillisEstimate" : 3974,
							"works" : 150002,
							"advanced" : 29752,
							"needTime" : 120249,
							"needYield" : 0,
							"saveState" : 438,
							"restoreState" : 438,
							"isEOF" : 1,
							"direction" : "forward",
							"docsExamined" : 150000
						}
					},
					"allPlansExecution" : [ ]
				}
			},
			"nReturned" : NumberLong(29752),
			"executionTimeMillisEstimate" : NumberLong(4697)
		},
		{
			"$unwind" : {
				"path" : "$c_orders"
			},
			"nReturned" : NumberLong(297452),
			"executionTimeMillisEstimate" : NumberLong(4898)
		},
		{
			"$match" : {
				"c_orders.o_orderdate" : {
					"$lt" : ISODate("1992-01-02T00:00:00Z")
				}
			},
			"nReturned" : NumberLong(113),
			"executionTimeMillisEstimate" : NumberLong(5545)
		},
		{
			"$project" : {
				"_id" : true,
				"o_orderkey" : "$c_orders.o_orderkey",
				"o_orderdate" : "$c_orders.o_orderdate",
				"o_shippriority" : "$c_orders.o_shippriority",
				"lineitems" : "$c_orders.o_lineitems"
			},
			"nReturned" : NumberLong(113),
			"executionTimeMillisEstimate" : NumberLong(5545)
		},
		{
			"$unwind" : {
				"path" : "$lineitems"
			},
			"nReturned" : NumberLong(440),
			"executionTimeMillisEstimate" : NumberLong(5545)
		},
		{
			"$match" : {
				"lineitems.l_shipdate" : {
					"$gt" : ISODate("1992-01-02T00:00:00Z")
				}
			},
			"nReturned" : NumberLong(439),
			"executionTimeMillisEstimate" : NumberLong(5545)
		},
		{
			"$group" : {
				"_id" : {
					"l_orderkey" : "$o_orderkey",
					"o_orderdate" : "$o_orderdate",
					"o_shippriority" : "$o_shippriority"
				},
				"revenue" : {
					"$sum" : {
						"$multiply" : [
							"$lineitems.l_extendedprice",
							{
								"$subtract" : [
									{
										"$const" : 1
									},
									"$lineitems.l_discount"
								]
							}
						]
					}
				}
			},
			"nReturned" : NumberLong(113),
			"executionTimeMillisEstimate" : NumberLong(5545)
		},
		{
			"$sort" : {
				"sortKey" : {
					"revenue" : -1,
					"_id.o_orderdate" : 1
				},
				"limit" : NumberLong(10)
			},
			"nReturned" : NumberLong(10),
			"executionTimeMillisEstimate" : NumberLong(5545)
		}
	],
	"serverInfo" : {
		"host" : "mt-mongo-3",
		"port" : 27013,
		"version" : "4.4.10",
		"gitVersion" : "58971da1ef93435a9f62bf4708a81713def6e88c"
	},
	"ok" : 1,
	"$clusterTime" : {
		"clusterTime" : Timestamp(1639472766, 2),
		"signature" : {
			"hash" : BinData(0,"AAAAAAAAAAAAAAAAAAAAAAAAAAA="),
			"keyId" : NumberLong(0)
		}
	},
	"operationTime" : Timestamp(1639472766, 2)
}


MongoDB shell version v4.4.10
connecting to: mongodb://mt-mongo-1:27011,mt-mongo-2:27012,mt-mongo-3:27013/?compressors=disabled&gssapiServiceName=mongodb&replicaSet=mt-exp-rs-001
Implicit session: session { "id" : UUID("7092b6c1-bf3b-485d-b078-2072b2c2aea1") }
MongoDB server version: 4.4.10
{
	"stages" : [
		{
			"$cursor" : {
				"queryPlanner" : {
					"plannerVersion" : 1,
					"namespace" : "tpch_mongo_1c.scale1",
					"indexFilterSet" : false,
					"parsedQuery" : {
						"c_mktsegment" : {
							"$eq" : "AUTOMOBILE"
						}
					},
					"queryHash" : "8ECC6016",
					"planCacheKey" : "8ECC6016",
					"winningPlan" : {
						"stage" : "PROJECTION_SIMPLE",
						"transformBy" : {
							"_id" : 1,
							"c_orders" : 1
						},
						"inputStage" : {
							"stage" : "COLLSCAN",
							"filter" : {
								"c_mktsegment" : {
									"$eq" : "AUTOMOBILE"
								}
							},
							"direction" : "forward"
						}
					},
					"rejectedPlans" : [ ]
				},
				"executionStats" : {
					"executionSuccess" : true,
					"nReturned" : 29752,
					"executionTimeMillis" : 6301,
					"totalKeysExamined" : 0,
					"totalDocsExamined" : 150000,
					"executionStages" : {
						"stage" : "PROJECTION_SIMPLE",
						"nReturned" : 29752,
						"executionTimeMillisEstimate" : 4994,
						"works" : 150002,
						"advanced" : 29752,
						"needTime" : 120249,
						"needYield" : 0,
						"saveState" : 470,
						"restoreState" : 470,
						"isEOF" : 1,
						"transformBy" : {
							"_id" : 1,
							"c_orders" : 1
						},
						"inputStage" : {
							"stage" : "COLLSCAN",
							"filter" : {
								"c_mktsegment" : {
									"$eq" : "AUTOMOBILE"
								}
							},
							"nReturned" : 29752,
							"executionTimeMillisEstimate" : 4748,
							"works" : 150002,
							"advanced" : 29752,
							"needTime" : 120249,
							"needYield" : 0,
							"saveState" : 470,
							"restoreState" : 470,
							"isEOF" : 1,
							"direction" : "forward",
							"docsExamined" : 150000
						}
					},
					"allPlansExecution" : [ ]
				}
			},
			"nReturned" : NumberLong(29752),
			"executionTimeMillisEstimate" : NumberLong(5503)
		},
		{
			"$unwind" : {
				"path" : "$c_orders"
			},
			"nReturned" : NumberLong(297452),
			"executionTimeMillisEstimate" : NumberLong(5841)
		},
		{
			"$match" : {
				"c_orders.o_orderdate" : {
					"$lt" : ISODate("1992-01-02T00:00:00Z")
				}
			},
			"nReturned" : NumberLong(113),
			"executionTimeMillisEstimate" : NumberLong(6292)
		},
		{
			"$project" : {
				"_id" : true,
				"o_orderkey" : "$c_orders.o_orderkey",
				"o_orderdate" : "$c_orders.o_orderdate",
				"o_shippriority" : "$c_orders.o_shippriority",
				"lineitems" : "$c_orders.o_lineitems"
			},
			"nReturned" : NumberLong(113),
			"executionTimeMillisEstimate" : NumberLong(6292)
		},
		{
			"$unwind" : {
				"path" : "$lineitems"
			},
			"nReturned" : NumberLong(440),
			"executionTimeMillisEstimate" : NumberLong(6292)
		},
		{
			"$match" : {
				"lineitems.l_shipdate" : {
					"$gt" : ISODate("1992-01-02T00:00:00Z")
				}
			},
			"nReturned" : NumberLong(439),
			"executionTimeMillisEstimate" : NumberLong(6296)
		},
		{
			"$group" : {
				"_id" : {
					"l_orderkey" : "$o_orderkey",
					"o_orderdate" : "$o_orderdate",
					"o_shippriority" : "$o_shippriority"
				},
				"revenue" : {
					"$sum" : {
						"$multiply" : [
							"$lineitems.l_extendedprice",
							{
								"$subtract" : [
									{
										"$const" : 1
									},
									"$lineitems.l_discount"
								]
							}
						]
					}
				}
			},
			"nReturned" : NumberLong(113),
			"executionTimeMillisEstimate" : NumberLong(6296)
		},
		{
			"$sort" : {
				"sortKey" : {
					"revenue" : -1,
					"_id.o_orderdate" : 1
				},
				"limit" : NumberLong(10)
			},
			"nReturned" : NumberLong(10),
			"executionTimeMillisEstimate" : NumberLong(6296)
		}
	],
	"serverInfo" : {
		"host" : "mt-mongo-3",
		"port" : 27013,
		"version" : "4.4.10",
		"gitVersion" : "58971da1ef93435a9f62bf4708a81713def6e88c"
	},
	"ok" : 1,
	"$clusterTime" : {
		"clusterTime" : Timestamp(1639472807, 2),
		"signature" : {
			"hash" : BinData(0,"AAAAAAAAAAAAAAAAAAAAAAAAAAA="),
			"keyId" : NumberLong(0)
		}
	},
	"operationTime" : Timestamp(1639472807, 2)
}


MongoDB shell version v4.4.10
connecting to: mongodb://mt-mongo-1:27011,mt-mongo-2:27012,mt-mongo-3:27013/?compressors=disabled&gssapiServiceName=mongodb&replicaSet=mt-exp-rs-001
Implicit session: session { "id" : UUID("d1fd9795-93b4-4f51-9ddb-fa6c58e53086") }
MongoDB server version: 4.4.10
{
	"stages" : [
		{
			"$cursor" : {
				"queryPlanner" : {
					"plannerVersion" : 1,
					"namespace" : "tpch_mongo_1c.scale1",
					"indexFilterSet" : false,
					"parsedQuery" : {
						"c_mktsegment" : {
							"$eq" : "AUTOMOBILE"
						}
					},
					"queryHash" : "8ECC6016",
					"planCacheKey" : "8ECC6016",
					"winningPlan" : {
						"stage" : "PROJECTION_SIMPLE",
						"transformBy" : {
							"_id" : 1,
							"c_orders" : 1
						},
						"inputStage" : {
							"stage" : "COLLSCAN",
							"filter" : {
								"c_mktsegment" : {
									"$eq" : "AUTOMOBILE"
								}
							},
							"direction" : "forward"
						}
					},
					"rejectedPlans" : [ ]
				},
				"executionStats" : {
					"executionSuccess" : true,
					"nReturned" : 29752,
					"executionTimeMillis" : 10982,
					"totalKeysExamined" : 0,
					"totalDocsExamined" : 150000,
					"executionStages" : {
						"stage" : "PROJECTION_SIMPLE",
						"nReturned" : 29752,
						"executionTimeMillisEstimate" : 9454,
						"works" : 150002,
						"advanced" : 29752,
						"needTime" : 120249,
						"needYield" : 0,
						"saveState" : 719,
						"restoreState" : 719,
						"isEOF" : 1,
						"transformBy" : {
							"_id" : 1,
							"c_orders" : 1
						},
						"inputStage" : {
							"stage" : "COLLSCAN",
							"filter" : {
								"c_mktsegment" : {
									"$eq" : "AUTOMOBILE"
								}
							},
							"nReturned" : 29752,
							"executionTimeMillisEstimate" : 9026,
							"works" : 150002,
							"advanced" : 29752,
							"needTime" : 120249,
							"needYield" : 0,
							"saveState" : 719,
							"restoreState" : 719,
							"isEOF" : 1,
							"direction" : "forward",
							"docsExamined" : 150000
						}
					},
					"allPlansExecution" : [ ]
				}
			},
			"nReturned" : NumberLong(29752),
			"executionTimeMillisEstimate" : NumberLong(10014)
		},
		{
			"$unwind" : {
				"path" : "$c_orders"
			},
			"nReturned" : NumberLong(297452),
			"executionTimeMillisEstimate" : NumberLong(10351)
		},
		{
			"$match" : {
				"c_orders.o_orderdate" : {
					"$lt" : ISODate("1992-01-02T00:00:00Z")
				}
			},
			"nReturned" : NumberLong(113),
			"executionTimeMillisEstimate" : NumberLong(10975)
		},
		{
			"$project" : {
				"_id" : true,
				"o_orderkey" : "$c_orders.o_orderkey",
				"o_orderdate" : "$c_orders.o_orderdate",
				"o_shippriority" : "$c_orders.o_shippriority",
				"lineitems" : "$c_orders.o_lineitems"
			},
			"nReturned" : NumberLong(113),
			"executionTimeMillisEstimate" : NumberLong(10975)
		},
		{
			"$unwind" : {
				"path" : "$lineitems"
			},
			"nReturned" : NumberLong(440),
			"executionTimeMillisEstimate" : NumberLong(10975)
		},
		{
			"$match" : {
				"lineitems.l_shipdate" : {
					"$gt" : ISODate("1992-01-02T00:00:00Z")
				}
			},
			"nReturned" : NumberLong(439),
			"executionTimeMillisEstimate" : NumberLong(10975)
		},
		{
			"$group" : {
				"_id" : {
					"l_orderkey" : "$o_orderkey",
					"o_orderdate" : "$o_orderdate",
					"o_shippriority" : "$o_shippriority"
				},
				"revenue" : {
					"$sum" : {
						"$multiply" : [
							"$lineitems.l_extendedprice",
							{
								"$subtract" : [
									{
										"$const" : 1
									},
									"$lineitems.l_discount"
								]
							}
						]
					}
				}
			},
			"nReturned" : NumberLong(113),
			"executionTimeMillisEstimate" : NumberLong(10975)
		},
		{
			"$sort" : {
				"sortKey" : {
					"revenue" : -1,
					"_id.o_orderdate" : 1
				},
				"limit" : NumberLong(10)
			},
			"nReturned" : NumberLong(10),
			"executionTimeMillisEstimate" : NumberLong(10975)
		}
	],
	"serverInfo" : {
		"host" : "mt-mongo-1",
		"port" : 27011,
		"version" : "4.4.10",
		"gitVersion" : "58971da1ef93435a9f62bf4708a81713def6e88c"
	},
	"ok" : 1,
	"$clusterTime" : {
		"clusterTime" : Timestamp(1639472856, 1),
		"signature" : {
			"hash" : BinData(0,"AAAAAAAAAAAAAAAAAAAAAAAAAAA="),
			"keyId" : NumberLong(0)
		}
	},
	"operationTime" : Timestamp(1639472856, 1)
}


MongoDB shell version v4.4.10
connecting to: mongodb://mt-mongo-1:27011,mt-mongo-2:27012,mt-mongo-3:27013/?compressors=disabled&gssapiServiceName=mongodb&replicaSet=mt-exp-rs-001
Implicit session: session { "id" : UUID("5aeca8ae-4b00-4630-9625-618fd5d757d5") }
MongoDB server version: 4.4.10
{
	"stages" : [
		{
			"$cursor" : {
				"queryPlanner" : {
					"plannerVersion" : 1,
					"namespace" : "tpch_mongo_1c.scale1",
					"indexFilterSet" : false,
					"parsedQuery" : {
						"c_mktsegment" : {
							"$eq" : "AUTOMOBILE"
						}
					},
					"queryHash" : "8ECC6016",
					"planCacheKey" : "8ECC6016",
					"winningPlan" : {
						"stage" : "PROJECTION_SIMPLE",
						"transformBy" : {
							"_id" : 1,
							"c_orders" : 1
						},
						"inputStage" : {
							"stage" : "COLLSCAN",
							"filter" : {
								"c_mktsegment" : {
									"$eq" : "AUTOMOBILE"
								}
							},
							"direction" : "forward"
						}
					},
					"rejectedPlans" : [ ]
				},
				"executionStats" : {
					"executionSuccess" : true,
					"nReturned" : 29752,
					"executionTimeMillis" : 6850,
					"totalKeysExamined" : 0,
					"totalDocsExamined" : 150000,
					"executionStages" : {
						"stage" : "PROJECTION_SIMPLE",
						"nReturned" : 29752,
						"executionTimeMillisEstimate" : 5475,
						"works" : 150002,
						"advanced" : 29752,
						"needTime" : 120249,
						"needYield" : 0,
						"saveState" : 508,
						"restoreState" : 508,
						"isEOF" : 1,
						"transformBy" : {
							"_id" : 1,
							"c_orders" : 1
						},
						"inputStage" : {
							"stage" : "COLLSCAN",
							"filter" : {
								"c_mktsegment" : {
									"$eq" : "AUTOMOBILE"
								}
							},
							"nReturned" : 29752,
							"executionTimeMillisEstimate" : 5210,
							"works" : 150002,
							"advanced" : 29752,
							"needTime" : 120249,
							"needYield" : 0,
							"saveState" : 508,
							"restoreState" : 508,
							"isEOF" : 1,
							"direction" : "forward",
							"docsExamined" : 150000
						}
					},
					"allPlansExecution" : [ ]
				}
			},
			"nReturned" : NumberLong(29752),
			"executionTimeMillisEstimate" : NumberLong(5965)
		},
		{
			"$unwind" : {
				"path" : "$c_orders"
			},
			"nReturned" : NumberLong(297452),
			"executionTimeMillisEstimate" : NumberLong(6270)
		},
		{
			"$match" : {
				"c_orders.o_orderdate" : {
					"$lt" : ISODate("1992-01-02T00:00:00Z")
				}
			},
			"nReturned" : NumberLong(113),
			"executionTimeMillisEstimate" : NumberLong(6846)
		},
		{
			"$project" : {
				"_id" : true,
				"o_orderkey" : "$c_orders.o_orderkey",
				"o_orderdate" : "$c_orders.o_orderdate",
				"o_shippriority" : "$c_orders.o_shippriority",
				"lineitems" : "$c_orders.o_lineitems"
			},
			"nReturned" : NumberLong(113),
			"executionTimeMillisEstimate" : NumberLong(6846)
		},
		{
			"$unwind" : {
				"path" : "$lineitems"
			},
			"nReturned" : NumberLong(440),
			"executionTimeMillisEstimate" : NumberLong(6846)
		},
		{
			"$match" : {
				"lineitems.l_shipdate" : {
					"$gt" : ISODate("1992-01-02T00:00:00Z")
				}
			},
			"nReturned" : NumberLong(439),
			"executionTimeMillisEstimate" : NumberLong(6846)
		},
		{
			"$group" : {
				"_id" : {
					"l_orderkey" : "$o_orderkey",
					"o_orderdate" : "$o_orderdate",
					"o_shippriority" : "$o_shippriority"
				},
				"revenue" : {
					"$sum" : {
						"$multiply" : [
							"$lineitems.l_extendedprice",
							{
								"$subtract" : [
									{
										"$const" : 1
									},
									"$lineitems.l_discount"
								]
							}
						]
					}
				}
			},
			"nReturned" : NumberLong(113),
			"executionTimeMillisEstimate" : NumberLong(6846)
		},
		{
			"$sort" : {
				"sortKey" : {
					"revenue" : -1,
					"_id.o_orderdate" : 1
				},
				"limit" : NumberLong(10)
			},
			"nReturned" : NumberLong(10),
			"executionTimeMillisEstimate" : NumberLong(6846)
		}
	],
	"serverInfo" : {
		"host" : "mt-mongo-2",
		"port" : 27012,
		"version" : "4.4.10",
		"gitVersion" : "58971da1ef93435a9f62bf4708a81713def6e88c"
	},
	"ok" : 1,
	"$clusterTime" : {
		"clusterTime" : Timestamp(1639472891, 2),
		"signature" : {
			"hash" : BinData(0,"AAAAAAAAAAAAAAAAAAAAAAAAAAA="),
			"keyId" : NumberLong(0)
		}
	},
	"operationTime" : Timestamp(1639472891, 2)
}


