MongoDB shell version v4.4.10
connecting to: mongodb://mt-mongo-1:27011,mt-mongo-2:27012,mt-mongo-3:27013/?compressors=disabled&gssapiServiceName=mongodb&replicaSet=mt-exp-rs-001
Implicit session: session { "id" : UUID("1fa71320-1495-4053-ab71-57917c233ec4") }
MongoDB server version: 4.4.10
{
	"stages" : [
		{
			"$cursor" : {
				"queryPlanner" : {
					"plannerVersion" : 1,
					"namespace" : "tpch_mongo_1c.scale1",
					"indexFilterSet" : false,
					"parsedQuery" : {
						"$and" : [
							{
								"c_mktsegment" : {
									"$eq" : "AUTOMOBILE"
								}
							},
							{
								"c_orders.o_lineitems.l_shipdate" : {
									"$gt" : ISODate("1992-01-02T00:00:00Z")
								}
							}
						]
					},
					"queryHash" : "2CDB3C70",
					"planCacheKey" : "2CDB3C70",
					"winningPlan" : {
						"stage" : "PROJECTION_SIMPLE",
						"transformBy" : {
							"_id" : 1,
							"c_orders" : 1
						},
						"inputStage" : {
							"stage" : "COLLSCAN",
							"filter" : {
								"$and" : [
									{
										"c_mktsegment" : {
											"$eq" : "AUTOMOBILE"
										}
									},
									{
										"c_orders.o_lineitems.l_shipdate" : {
											"$gt" : ISODate("1992-01-02T00:00:00Z")
										}
									}
								]
							},
							"direction" : "forward"
						}
					},
					"rejectedPlans" : [ ]
				},
				"executionStats" : {
					"executionSuccess" : true,
					"nReturned" : 19876,
					"executionTimeMillis" : 12987,
					"totalKeysExamined" : 0,
					"totalDocsExamined" : 150000,
					"executionStages" : {
						"stage" : "PROJECTION_SIMPLE",
						"nReturned" : 19876,
						"executionTimeMillisEstimate" : 11439,
						"works" : 150002,
						"advanced" : 19876,
						"needTime" : 130125,
						"needYield" : 0,
						"saveState" : 838,
						"restoreState" : 838,
						"isEOF" : 1,
						"transformBy" : {
							"_id" : 1,
							"c_orders" : 1
						},
						"inputStage" : {
							"stage" : "COLLSCAN",
							"filter" : {
								"$and" : [
									{
										"c_mktsegment" : {
											"$eq" : "AUTOMOBILE"
										}
									},
									{
										"c_orders.o_lineitems.l_shipdate" : {
											"$gt" : ISODate("1992-01-02T00:00:00Z")
										}
									}
								]
							},
							"nReturned" : 19876,
							"executionTimeMillisEstimate" : 11115,
							"works" : 150002,
							"advanced" : 19876,
							"needTime" : 130125,
							"needYield" : 0,
							"saveState" : 838,
							"restoreState" : 838,
							"isEOF" : 1,
							"direction" : "forward",
							"docsExamined" : 150000
						}
					},
					"allPlansExecution" : [ ]
				}
			},
			"nReturned" : NumberLong(19876),
			"executionTimeMillisEstimate" : NumberLong(12076)
		},
		{
			"$unwind" : {
				"path" : "$c_orders"
			},
			"nReturned" : NumberLong(297452),
			"executionTimeMillisEstimate" : NumberLong(12312)
		},
		{
			"$match" : {
				"c_orders.o_orderdate" : {
					"$lt" : ISODate("1992-01-02T00:00:00Z")
				}
			},
			"nReturned" : NumberLong(113),
			"executionTimeMillisEstimate" : NumberLong(12986)
		},
		{
			"$project" : {
				"_id" : true,
				"o_orderkey" : "$c_orders.o_orderkey",
				"o_orderdate" : "$c_orders.o_orderdate",
				"o_shippriority" : "$c_orders.o_shippriority",
				"lineitems" : "$c_orders.o_lineitems"
			},
			"nReturned" : NumberLong(113),
			"executionTimeMillisEstimate" : NumberLong(12986)
		},
		{
			"$unwind" : {
				"path" : "$lineitems"
			},
			"nReturned" : NumberLong(440),
			"executionTimeMillisEstimate" : NumberLong(12986)
		},
		{
			"$match" : {
				"lineitems.l_shipdate" : {
					"$gt" : ISODate("1992-01-02T00:00:00Z")
				}
			},
			"nReturned" : NumberLong(439),
			"executionTimeMillisEstimate" : NumberLong(12986)
		},
		{
			"$group" : {
				"_id" : {
					"l_orderkey" : "$o_orderkey",
					"o_orderdate" : "$o_orderdate",
					"o_shippriority" : "$o_shippriority"
				},
				"revenue" : {
					"$sum" : {
						"$multiply" : [
							"$lineitems.l_extendedprice",
							{
								"$subtract" : [
									{
										"$const" : 1
									},
									"$lineitems.l_discount"
								]
							}
						]
					}
				}
			},
			"nReturned" : NumberLong(113),
			"executionTimeMillisEstimate" : NumberLong(12986)
		},
		{
			"$sort" : {
				"sortKey" : {
					"revenue" : -1,
					"_id.o_orderdate" : 1
				},
				"limit" : NumberLong(10)
			},
			"nReturned" : NumberLong(10),
			"executionTimeMillisEstimate" : NumberLong(12986)
		}
	],
	"serverInfo" : {
		"host" : "mt-mongo-3",
		"port" : 27013,
		"version" : "4.4.10",
		"gitVersion" : "58971da1ef93435a9f62bf4708a81713def6e88c"
	},
	"ok" : 1,
	"$clusterTime" : {
		"clusterTime" : Timestamp(1639472235, 1),
		"signature" : {
			"hash" : BinData(0,"AAAAAAAAAAAAAAAAAAAAAAAAAAA="),
			"keyId" : NumberLong(0)
		}
	},
	"operationTime" : Timestamp(1639472235, 1)
}


MongoDB shell version v4.4.10
connecting to: mongodb://mt-mongo-1:27011,mt-mongo-2:27012,mt-mongo-3:27013/?compressors=disabled&gssapiServiceName=mongodb&replicaSet=mt-exp-rs-001
Implicit session: session { "id" : UUID("e2c812f7-2ec9-4b35-b193-a58e219927d6") }
MongoDB server version: 4.4.10
{
	"stages" : [
		{
			"$cursor" : {
				"queryPlanner" : {
					"plannerVersion" : 1,
					"namespace" : "tpch_mongo_1c.scale1",
					"indexFilterSet" : false,
					"parsedQuery" : {
						"$and" : [
							{
								"c_mktsegment" : {
									"$eq" : "AUTOMOBILE"
								}
							},
							{
								"c_orders.o_lineitems.l_shipdate" : {
									"$gt" : ISODate("1992-01-02T00:00:00Z")
								}
							}
						]
					},
					"queryHash" : "2CDB3C70",
					"planCacheKey" : "2CDB3C70",
					"winningPlan" : {
						"stage" : "PROJECTION_SIMPLE",
						"transformBy" : {
							"_id" : 1,
							"c_orders" : 1
						},
						"inputStage" : {
							"stage" : "COLLSCAN",
							"filter" : {
								"$and" : [
									{
										"c_mktsegment" : {
											"$eq" : "AUTOMOBILE"
										}
									},
									{
										"c_orders.o_lineitems.l_shipdate" : {
											"$gt" : ISODate("1992-01-02T00:00:00Z")
										}
									}
								]
							},
							"direction" : "forward"
						}
					},
					"rejectedPlans" : [ ]
				},
				"executionStats" : {
					"executionSuccess" : true,
					"nReturned" : 19876,
					"executionTimeMillis" : 14757,
					"totalKeysExamined" : 0,
					"totalDocsExamined" : 150000,
					"executionStages" : {
						"stage" : "PROJECTION_SIMPLE",
						"nReturned" : 19876,
						"executionTimeMillisEstimate" : 13158,
						"works" : 150002,
						"advanced" : 19876,
						"needTime" : 130125,
						"needYield" : 0,
						"saveState" : 912,
						"restoreState" : 912,
						"isEOF" : 1,
						"transformBy" : {
							"_id" : 1,
							"c_orders" : 1
						},
						"inputStage" : {
							"stage" : "COLLSCAN",
							"filter" : {
								"$and" : [
									{
										"c_mktsegment" : {
											"$eq" : "AUTOMOBILE"
										}
									},
									{
										"c_orders.o_lineitems.l_shipdate" : {
											"$gt" : ISODate("1992-01-02T00:00:00Z")
										}
									}
								]
							},
							"nReturned" : 19876,
							"executionTimeMillisEstimate" : 12851,
							"works" : 150002,
							"advanced" : 19876,
							"needTime" : 130125,
							"needYield" : 0,
							"saveState" : 912,
							"restoreState" : 912,
							"isEOF" : 1,
							"direction" : "forward",
							"docsExamined" : 150000
						}
					},
					"allPlansExecution" : [ ]
				}
			},
			"nReturned" : NumberLong(19876),
			"executionTimeMillisEstimate" : NumberLong(13792)
		},
		{
			"$unwind" : {
				"path" : "$c_orders"
			},
			"nReturned" : NumberLong(297452),
			"executionTimeMillisEstimate" : NumberLong(14059)
		},
		{
			"$match" : {
				"c_orders.o_orderdate" : {
					"$lt" : ISODate("1992-01-02T00:00:00Z")
				}
			},
			"nReturned" : NumberLong(113),
			"executionTimeMillisEstimate" : NumberLong(14754)
		},
		{
			"$project" : {
				"_id" : true,
				"o_orderkey" : "$c_orders.o_orderkey",
				"o_orderdate" : "$c_orders.o_orderdate",
				"o_shippriority" : "$c_orders.o_shippriority",
				"lineitems" : "$c_orders.o_lineitems"
			},
			"nReturned" : NumberLong(113),
			"executionTimeMillisEstimate" : NumberLong(14754)
		},
		{
			"$unwind" : {
				"path" : "$lineitems"
			},
			"nReturned" : NumberLong(440),
			"executionTimeMillisEstimate" : NumberLong(14754)
		},
		{
			"$match" : {
				"lineitems.l_shipdate" : {
					"$gt" : ISODate("1992-01-02T00:00:00Z")
				}
			},
			"nReturned" : NumberLong(439),
			"executionTimeMillisEstimate" : NumberLong(14754)
		},
		{
			"$group" : {
				"_id" : {
					"l_orderkey" : "$o_orderkey",
					"o_orderdate" : "$o_orderdate",
					"o_shippriority" : "$o_shippriority"
				},
				"revenue" : {
					"$sum" : {
						"$multiply" : [
							"$lineitems.l_extendedprice",
							{
								"$subtract" : [
									{
										"$const" : 1
									},
									"$lineitems.l_discount"
								]
							}
						]
					}
				}
			},
			"nReturned" : NumberLong(113),
			"executionTimeMillisEstimate" : NumberLong(14754)
		},
		{
			"$sort" : {
				"sortKey" : {
					"revenue" : -1,
					"_id.o_orderdate" : 1
				},
				"limit" : NumberLong(10)
			},
			"nReturned" : NumberLong(10),
			"executionTimeMillisEstimate" : NumberLong(14754)
		}
	],
	"serverInfo" : {
		"host" : "mt-mongo-1",
		"port" : 27011,
		"version" : "4.4.10",
		"gitVersion" : "58971da1ef93435a9f62bf4708a81713def6e88c"
	},
	"ok" : 1,
	"$clusterTime" : {
		"clusterTime" : Timestamp(1639472298, 1),
		"signature" : {
			"hash" : BinData(0,"AAAAAAAAAAAAAAAAAAAAAAAAAAA="),
			"keyId" : NumberLong(0)
		}
	},
	"operationTime" : Timestamp(1639472298, 1)
}


MongoDB shell version v4.4.10
connecting to: mongodb://mt-mongo-1:27011,mt-mongo-2:27012,mt-mongo-3:27013/?compressors=disabled&gssapiServiceName=mongodb&replicaSet=mt-exp-rs-001
Implicit session: session { "id" : UUID("cf24c079-e759-4dae-82f9-b0eeee490878") }
MongoDB server version: 4.4.10
{
	"stages" : [
		{
			"$cursor" : {
				"queryPlanner" : {
					"plannerVersion" : 1,
					"namespace" : "tpch_mongo_1c.scale1",
					"indexFilterSet" : false,
					"parsedQuery" : {
						"$and" : [
							{
								"c_mktsegment" : {
									"$eq" : "AUTOMOBILE"
								}
							},
							{
								"c_orders.o_lineitems.l_shipdate" : {
									"$gt" : ISODate("1992-01-02T00:00:00Z")
								}
							}
						]
					},
					"queryHash" : "2CDB3C70",
					"planCacheKey" : "2CDB3C70",
					"winningPlan" : {
						"stage" : "PROJECTION_SIMPLE",
						"transformBy" : {
							"_id" : 1,
							"c_orders" : 1
						},
						"inputStage" : {
							"stage" : "COLLSCAN",
							"filter" : {
								"$and" : [
									{
										"c_mktsegment" : {
											"$eq" : "AUTOMOBILE"
										}
									},
									{
										"c_orders.o_lineitems.l_shipdate" : {
											"$gt" : ISODate("1992-01-02T00:00:00Z")
										}
									}
								]
							},
							"direction" : "forward"
						}
					},
					"rejectedPlans" : [ ]
				},
				"executionStats" : {
					"executionSuccess" : true,
					"nReturned" : 19876,
					"executionTimeMillis" : 7166,
					"totalKeysExamined" : 0,
					"totalDocsExamined" : 150000,
					"executionStages" : {
						"stage" : "PROJECTION_SIMPLE",
						"nReturned" : 19876,
						"executionTimeMillisEstimate" : 5766,
						"works" : 150002,
						"advanced" : 19876,
						"needTime" : 130125,
						"needYield" : 0,
						"saveState" : 523,
						"restoreState" : 523,
						"isEOF" : 1,
						"transformBy" : {
							"_id" : 1,
							"c_orders" : 1
						},
						"inputStage" : {
							"stage" : "COLLSCAN",
							"filter" : {
								"$and" : [
									{
										"c_mktsegment" : {
											"$eq" : "AUTOMOBILE"
										}
									},
									{
										"c_orders.o_lineitems.l_shipdate" : {
											"$gt" : ISODate("1992-01-02T00:00:00Z")
										}
									}
								]
							},
							"nReturned" : 19876,
							"executionTimeMillisEstimate" : 5446,
							"works" : 150002,
							"advanced" : 19876,
							"needTime" : 130125,
							"needYield" : 0,
							"saveState" : 523,
							"restoreState" : 523,
							"isEOF" : 1,
							"direction" : "forward",
							"docsExamined" : 150000
						}
					},
					"allPlansExecution" : [ ]
				}
			},
			"nReturned" : NumberLong(19876),
			"executionTimeMillisEstimate" : NumberLong(6309)
		},
		{
			"$unwind" : {
				"path" : "$c_orders"
			},
			"nReturned" : NumberLong(297452),
			"executionTimeMillisEstimate" : NumberLong(6530)
		},
		{
			"$match" : {
				"c_orders.o_orderdate" : {
					"$lt" : ISODate("1992-01-02T00:00:00Z")
				}
			},
			"nReturned" : NumberLong(113),
			"executionTimeMillisEstimate" : NumberLong(7161)
		},
		{
			"$project" : {
				"_id" : true,
				"o_orderkey" : "$c_orders.o_orderkey",
				"o_orderdate" : "$c_orders.o_orderdate",
				"o_shippriority" : "$c_orders.o_shippriority",
				"lineitems" : "$c_orders.o_lineitems"
			},
			"nReturned" : NumberLong(113),
			"executionTimeMillisEstimate" : NumberLong(7161)
		},
		{
			"$unwind" : {
				"path" : "$lineitems"
			},
			"nReturned" : NumberLong(440),
			"executionTimeMillisEstimate" : NumberLong(7161)
		},
		{
			"$match" : {
				"lineitems.l_shipdate" : {
					"$gt" : ISODate("1992-01-02T00:00:00Z")
				}
			},
			"nReturned" : NumberLong(439),
			"executionTimeMillisEstimate" : NumberLong(7161)
		},
		{
			"$group" : {
				"_id" : {
					"l_orderkey" : "$o_orderkey",
					"o_orderdate" : "$o_orderdate",
					"o_shippriority" : "$o_shippriority"
				},
				"revenue" : {
					"$sum" : {
						"$multiply" : [
							"$lineitems.l_extendedprice",
							{
								"$subtract" : [
									{
										"$const" : 1
									},
									"$lineitems.l_discount"
								]
							}
						]
					}
				}
			},
			"nReturned" : NumberLong(113),
			"executionTimeMillisEstimate" : NumberLong(7161)
		},
		{
			"$sort" : {
				"sortKey" : {
					"revenue" : -1,
					"_id.o_orderdate" : 1
				},
				"limit" : NumberLong(10)
			},
			"nReturned" : NumberLong(10),
			"executionTimeMillisEstimate" : NumberLong(7161)
		}
	],
	"serverInfo" : {
		"host" : "mt-mongo-3",
		"port" : 27013,
		"version" : "4.4.10",
		"gitVersion" : "58971da1ef93435a9f62bf4708a81713def6e88c"
	},
	"ok" : 1,
	"$clusterTime" : {
		"clusterTime" : Timestamp(1639472347, 2),
		"signature" : {
			"hash" : BinData(0,"AAAAAAAAAAAAAAAAAAAAAAAAAAA="),
			"keyId" : NumberLong(0)
		}
	},
	"operationTime" : Timestamp(1639472347, 2)
}


MongoDB shell version v4.4.10
connecting to: mongodb://mt-mongo-1:27011,mt-mongo-2:27012,mt-mongo-3:27013/?compressors=disabled&gssapiServiceName=mongodb&replicaSet=mt-exp-rs-001
Implicit session: session { "id" : UUID("02bc08b1-4f34-4136-9506-7ddee23d20f0") }
MongoDB server version: 4.4.10
{
	"stages" : [
		{
			"$cursor" : {
				"queryPlanner" : {
					"plannerVersion" : 1,
					"namespace" : "tpch_mongo_1c.scale1",
					"indexFilterSet" : false,
					"parsedQuery" : {
						"$and" : [
							{
								"c_mktsegment" : {
									"$eq" : "AUTOMOBILE"
								}
							},
							{
								"c_orders.o_lineitems.l_shipdate" : {
									"$gt" : ISODate("1992-01-02T00:00:00Z")
								}
							}
						]
					},
					"queryHash" : "2CDB3C70",
					"planCacheKey" : "2CDB3C70",
					"winningPlan" : {
						"stage" : "PROJECTION_SIMPLE",
						"transformBy" : {
							"_id" : 1,
							"c_orders" : 1
						},
						"inputStage" : {
							"stage" : "COLLSCAN",
							"filter" : {
								"$and" : [
									{
										"c_mktsegment" : {
											"$eq" : "AUTOMOBILE"
										}
									},
									{
										"c_orders.o_lineitems.l_shipdate" : {
											"$gt" : ISODate("1992-01-02T00:00:00Z")
										}
									}
								]
							},
							"direction" : "forward"
						}
					},
					"rejectedPlans" : [ ]
				},
				"executionStats" : {
					"executionSuccess" : true,
					"nReturned" : 19876,
					"executionTimeMillis" : 5814,
					"totalKeysExamined" : 0,
					"totalDocsExamined" : 150000,
					"executionStages" : {
						"stage" : "PROJECTION_SIMPLE",
						"nReturned" : 19876,
						"executionTimeMillisEstimate" : 4451,
						"works" : 150002,
						"advanced" : 19876,
						"needTime" : 130125,
						"needYield" : 0,
						"saveState" : 445,
						"restoreState" : 445,
						"isEOF" : 1,
						"transformBy" : {
							"_id" : 1,
							"c_orders" : 1
						},
						"inputStage" : {
							"stage" : "COLLSCAN",
							"filter" : {
								"$and" : [
									{
										"c_mktsegment" : {
											"$eq" : "AUTOMOBILE"
										}
									},
									{
										"c_orders.o_lineitems.l_shipdate" : {
											"$gt" : ISODate("1992-01-02T00:00:00Z")
										}
									}
								]
							},
							"nReturned" : 19876,
							"executionTimeMillisEstimate" : 4224,
							"works" : 150002,
							"advanced" : 19876,
							"needTime" : 130125,
							"needYield" : 0,
							"saveState" : 445,
							"restoreState" : 445,
							"isEOF" : 1,
							"direction" : "forward",
							"docsExamined" : 150000
						}
					},
					"allPlansExecution" : [ ]
				}
			},
			"nReturned" : NumberLong(19876),
			"executionTimeMillisEstimate" : NumberLong(4945)
		},
		{
			"$unwind" : {
				"path" : "$c_orders"
			},
			"nReturned" : NumberLong(297452),
			"executionTimeMillisEstimate" : NumberLong(5217)
		},
		{
			"$match" : {
				"c_orders.o_orderdate" : {
					"$lt" : ISODate("1992-01-02T00:00:00Z")
				}
			},
			"nReturned" : NumberLong(113),
			"executionTimeMillisEstimate" : NumberLong(5801)
		},
		{
			"$project" : {
				"_id" : true,
				"o_orderkey" : "$c_orders.o_orderkey",
				"o_orderdate" : "$c_orders.o_orderdate",
				"o_shippriority" : "$c_orders.o_shippriority",
				"lineitems" : "$c_orders.o_lineitems"
			},
			"nReturned" : NumberLong(113),
			"executionTimeMillisEstimate" : NumberLong(5811)
		},
		{
			"$unwind" : {
				"path" : "$lineitems"
			},
			"nReturned" : NumberLong(440),
			"executionTimeMillisEstimate" : NumberLong(5811)
		},
		{
			"$match" : {
				"lineitems.l_shipdate" : {
					"$gt" : ISODate("1992-01-02T00:00:00Z")
				}
			},
			"nReturned" : NumberLong(439),
			"executionTimeMillisEstimate" : NumberLong(5811)
		},
		{
			"$group" : {
				"_id" : {
					"l_orderkey" : "$o_orderkey",
					"o_orderdate" : "$o_orderdate",
					"o_shippriority" : "$o_shippriority"
				},
				"revenue" : {
					"$sum" : {
						"$multiply" : [
							"$lineitems.l_extendedprice",
							{
								"$subtract" : [
									{
										"$const" : 1
									},
									"$lineitems.l_discount"
								]
							}
						]
					}
				}
			},
			"nReturned" : NumberLong(113),
			"executionTimeMillisEstimate" : NumberLong(5811)
		},
		{
			"$sort" : {
				"sortKey" : {
					"revenue" : -1,
					"_id.o_orderdate" : 1
				},
				"limit" : NumberLong(10)
			},
			"nReturned" : NumberLong(10),
			"executionTimeMillisEstimate" : NumberLong(5811)
		}
	],
	"serverInfo" : {
		"host" : "mt-mongo-3",
		"port" : 27013,
		"version" : "4.4.10",
		"gitVersion" : "58971da1ef93435a9f62bf4708a81713def6e88c"
	},
	"ok" : 1,
	"$clusterTime" : {
		"clusterTime" : Timestamp(1639472397, 2),
		"signature" : {
			"hash" : BinData(0,"AAAAAAAAAAAAAAAAAAAAAAAAAAA="),
			"keyId" : NumberLong(0)
		}
	},
	"operationTime" : Timestamp(1639472397, 2)
}


MongoDB shell version v4.4.10
connecting to: mongodb://mt-mongo-1:27011,mt-mongo-2:27012,mt-mongo-3:27013/?compressors=disabled&gssapiServiceName=mongodb&replicaSet=mt-exp-rs-001
Implicit session: session { "id" : UUID("d6f6a413-4f95-463c-b918-121e7518c0bd") }
MongoDB server version: 4.4.10
{
	"stages" : [
		{
			"$cursor" : {
				"queryPlanner" : {
					"plannerVersion" : 1,
					"namespace" : "tpch_mongo_1c.scale1",
					"indexFilterSet" : false,
					"parsedQuery" : {
						"$and" : [
							{
								"c_mktsegment" : {
									"$eq" : "AUTOMOBILE"
								}
							},
							{
								"c_orders.o_lineitems.l_shipdate" : {
									"$gt" : ISODate("1992-01-02T00:00:00Z")
								}
							}
						]
					},
					"queryHash" : "2CDB3C70",
					"planCacheKey" : "2CDB3C70",
					"winningPlan" : {
						"stage" : "PROJECTION_SIMPLE",
						"transformBy" : {
							"_id" : 1,
							"c_orders" : 1
						},
						"inputStage" : {
							"stage" : "COLLSCAN",
							"filter" : {
								"$and" : [
									{
										"c_mktsegment" : {
											"$eq" : "AUTOMOBILE"
										}
									},
									{
										"c_orders.o_lineitems.l_shipdate" : {
											"$gt" : ISODate("1992-01-02T00:00:00Z")
										}
									}
								]
							},
							"direction" : "forward"
						}
					},
					"rejectedPlans" : [ ]
				},
				"executionStats" : {
					"executionSuccess" : true,
					"nReturned" : 19876,
					"executionTimeMillis" : 13359,
					"totalKeysExamined" : 0,
					"totalDocsExamined" : 150000,
					"executionStages" : {
						"stage" : "PROJECTION_SIMPLE",
						"nReturned" : 19876,
						"executionTimeMillisEstimate" : 11724,
						"works" : 150002,
						"advanced" : 19876,
						"needTime" : 130125,
						"needYield" : 0,
						"saveState" : 859,
						"restoreState" : 859,
						"isEOF" : 1,
						"transformBy" : {
							"_id" : 1,
							"c_orders" : 1
						},
						"inputStage" : {
							"stage" : "COLLSCAN",
							"filter" : {
								"$and" : [
									{
										"c_mktsegment" : {
											"$eq" : "AUTOMOBILE"
										}
									},
									{
										"c_orders.o_lineitems.l_shipdate" : {
											"$gt" : ISODate("1992-01-02T00:00:00Z")
										}
									}
								]
							},
							"nReturned" : 19876,
							"executionTimeMillisEstimate" : 11351,
							"works" : 150002,
							"advanced" : 19876,
							"needTime" : 130125,
							"needYield" : 0,
							"saveState" : 859,
							"restoreState" : 859,
							"isEOF" : 1,
							"direction" : "forward",
							"docsExamined" : 150000
						}
					},
					"allPlansExecution" : [ ]
				}
			},
			"nReturned" : NumberLong(19876),
			"executionTimeMillisEstimate" : NumberLong(12366)
		},
		{
			"$unwind" : {
				"path" : "$c_orders"
			},
			"nReturned" : NumberLong(297452),
			"executionTimeMillisEstimate" : NumberLong(12716)
		},
		{
			"$match" : {
				"c_orders.o_orderdate" : {
					"$lt" : ISODate("1992-01-02T00:00:00Z")
				}
			},
			"nReturned" : NumberLong(113),
			"executionTimeMillisEstimate" : NumberLong(13346)
		},
		{
			"$project" : {
				"_id" : true,
				"o_orderkey" : "$c_orders.o_orderkey",
				"o_orderdate" : "$c_orders.o_orderdate",
				"o_shippriority" : "$c_orders.o_shippriority",
				"lineitems" : "$c_orders.o_lineitems"
			},
			"nReturned" : NumberLong(113),
			"executionTimeMillisEstimate" : NumberLong(13354)
		},
		{
			"$unwind" : {
				"path" : "$lineitems"
			},
			"nReturned" : NumberLong(440),
			"executionTimeMillisEstimate" : NumberLong(13354)
		},
		{
			"$match" : {
				"lineitems.l_shipdate" : {
					"$gt" : ISODate("1992-01-02T00:00:00Z")
				}
			},
			"nReturned" : NumberLong(439),
			"executionTimeMillisEstimate" : NumberLong(13354)
		},
		{
			"$group" : {
				"_id" : {
					"l_orderkey" : "$o_orderkey",
					"o_orderdate" : "$o_orderdate",
					"o_shippriority" : "$o_shippriority"
				},
				"revenue" : {
					"$sum" : {
						"$multiply" : [
							"$lineitems.l_extendedprice",
							{
								"$subtract" : [
									{
										"$const" : 1
									},
									"$lineitems.l_discount"
								]
							}
						]
					}
				}
			},
			"nReturned" : NumberLong(113),
			"executionTimeMillisEstimate" : NumberLong(13354)
		},
		{
			"$sort" : {
				"sortKey" : {
					"revenue" : -1,
					"_id.o_orderdate" : 1
				},
				"limit" : NumberLong(10)
			},
			"nReturned" : NumberLong(10),
			"executionTimeMillisEstimate" : NumberLong(13354)
		}
	],
	"serverInfo" : {
		"host" : "mt-mongo-2",
		"port" : 27012,
		"version" : "4.4.10",
		"gitVersion" : "58971da1ef93435a9f62bf4708a81713def6e88c"
	},
	"ok" : 1,
	"$clusterTime" : {
		"clusterTime" : Timestamp(1639472452, 1),
		"signature" : {
			"hash" : BinData(0,"AAAAAAAAAAAAAAAAAAAAAAAAAAA="),
			"keyId" : NumberLong(0)
		}
	},
	"operationTime" : Timestamp(1639472452, 1)
}


