MongoDB shell version v4.4.10
connecting to: mongodb://mt-mongo-1:27011,mt-mongo-2:27012,mt-mongo-3:27013/?compressors=disabled&gssapiServiceName=mongodb&replicaSet=mt-exp-rs-001
Implicit session: session { "id" : UUID("f6deb29d-ac71-4fce-892e-651d6215e300") }
MongoDB server version: 4.4.10
{
	"stages" : [
		{
			"$cursor" : {
				"queryPlanner" : {
					"plannerVersion" : 1,
					"namespace" : "tpch_mongo_1c.scale1",
					"indexFilterSet" : false,
					"parsedQuery" : {
						
					},
					"queryHash" : "7D406A01",
					"planCacheKey" : "7D406A01",
					"winningPlan" : {
						"stage" : "PROJECTION_DEFAULT",
						"transformBy" : {
							"orders" : {
								"$filter" : {
									"input" : "$c_orders",
									"as" : "o",
									"cond" : {
										"$and" : [
											{
												"$gte" : [
													"$$o.o_orderdate",
													{
														"$const" : ISODate("1992-01-01T00:00:00Z")
													}
												]
											},
											{
												"$lt" : [
													"$$o.o_orderdate",
													{
														"$const" : ISODate("1992-04-01T00:00:00Z")
													}
												]
											}
										]
									}
								}
							},
							"_id" : false
						},
						"inputStage" : {
							"stage" : "COLLSCAN",
							"direction" : "forward"
						}
					},
					"rejectedPlans" : [ ]
				},
				"executionStats" : {
					"executionSuccess" : true,
					"nReturned" : 150000,
					"executionTimeMillis" : 7962,
					"totalKeysExamined" : 0,
					"totalDocsExamined" : 150000,
					"executionStages" : {
						"stage" : "PROJECTION_DEFAULT",
						"nReturned" : 150000,
						"executionTimeMillisEstimate" : 7090,
						"works" : 150002,
						"advanced" : 150000,
						"needTime" : 1,
						"needYield" : 0,
						"saveState" : 447,
						"restoreState" : 447,
						"isEOF" : 1,
						"transformBy" : {
							"orders" : {
								"$filter" : {
									"input" : "$c_orders",
									"as" : "o",
									"cond" : {
										"$and" : [
											{
												"$gte" : [
													"$$o.o_orderdate",
													{
														"$const" : ISODate("1992-01-01T00:00:00Z")
													}
												]
											},
											{
												"$lt" : [
													"$$o.o_orderdate",
													{
														"$const" : ISODate("1992-04-01T00:00:00Z")
													}
												]
											}
										]
									}
								}
							},
							"_id" : false
						},
						"inputStage" : {
							"stage" : "COLLSCAN",
							"nReturned" : 150000,
							"executionTimeMillisEstimate" : 5449,
							"works" : 150002,
							"advanced" : 150000,
							"needTime" : 1,
							"needYield" : 0,
							"saveState" : 447,
							"restoreState" : 447,
							"isEOF" : 1,
							"direction" : "forward",
							"docsExamined" : 150000
						}
					},
					"allPlansExecution" : [ ]
				}
			},
			"nReturned" : NumberLong(150000),
			"executionTimeMillisEstimate" : NumberLong(7314)
		},
		{
			"$unwind" : {
				"path" : "$orders"
			},
			"nReturned" : NumberLong(56741),
			"executionTimeMillisEstimate" : NumberLong(7350)
		},
		{
			"$project" : {
				"_id" : true,
				"orderpriority" : "$orders.o_orderpriority",
				"lineitems" : {
					"$filter" : {
						"input" : "$orders.o_lineitems",
						"as" : "l",
						"cond" : {
							"$lt" : [
								"$$l.l_commitdate",
								"$$l.l_receiptdate"
							]
						}
					}
				}
			},
			"nReturned" : NumberLong(56741),
			"executionTimeMillisEstimate" : NumberLong(7653)
		},
		{
			"$match" : {
				"lineitems" : {
					"$not" : {
						"$eq" : [ ]
					}
				}
			},
			"nReturned" : NumberLong(52002),
			"executionTimeMillisEstimate" : NumberLong(7944)
		},
		{
			"$group" : {
				"_id" : "$orderpriority",
				"order_count" : {
					"$sum" : {
						"$const" : 1
					}
				}
			},
			"nReturned" : NumberLong(5),
			"executionTimeMillisEstimate" : NumberLong(7953)
		},
		{
			"$sort" : {
				"sortKey" : {
					"_id" : 1
				}
			},
			"nReturned" : NumberLong(5),
			"executionTimeMillisEstimate" : NumberLong(7953)
		}
	],
	"serverInfo" : {
		"host" : "mt-mongo-3",
		"port" : 27013,
		"version" : "4.4.10",
		"gitVersion" : "58971da1ef93435a9f62bf4708a81713def6e88c"
	},
	"ok" : 1,
	"$clusterTime" : {
		"clusterTime" : Timestamp(1639477441, 2),
		"signature" : {
			"hash" : BinData(0,"AAAAAAAAAAAAAAAAAAAAAAAAAAA="),
			"keyId" : NumberLong(0)
		}
	},
	"operationTime" : Timestamp(1639477441, 2)
}


MongoDB shell version v4.4.10
connecting to: mongodb://mt-mongo-1:27011,mt-mongo-2:27012,mt-mongo-3:27013/?compressors=disabled&gssapiServiceName=mongodb&replicaSet=mt-exp-rs-001
Implicit session: session { "id" : UUID("ecaf8284-6666-4569-8a56-aa92da7376e3") }
MongoDB server version: 4.4.10
{
	"stages" : [
		{
			"$cursor" : {
				"queryPlanner" : {
					"plannerVersion" : 1,
					"namespace" : "tpch_mongo_1c.scale1",
					"indexFilterSet" : false,
					"parsedQuery" : {
						
					},
					"queryHash" : "7D406A01",
					"planCacheKey" : "7D406A01",
					"winningPlan" : {
						"stage" : "PROJECTION_DEFAULT",
						"transformBy" : {
							"orders" : {
								"$filter" : {
									"input" : "$c_orders",
									"as" : "o",
									"cond" : {
										"$and" : [
											{
												"$gte" : [
													"$$o.o_orderdate",
													{
														"$const" : ISODate("1992-01-01T00:00:00Z")
													}
												]
											},
											{
												"$lt" : [
													"$$o.o_orderdate",
													{
														"$const" : ISODate("1992-04-01T00:00:00Z")
													}
												]
											}
										]
									}
								}
							},
							"_id" : false
						},
						"inputStage" : {
							"stage" : "COLLSCAN",
							"direction" : "forward"
						}
					},
					"rejectedPlans" : [ ]
				},
				"executionStats" : {
					"executionSuccess" : true,
					"nReturned" : 150000,
					"executionTimeMillis" : 6593,
					"totalKeysExamined" : 0,
					"totalDocsExamined" : 150000,
					"executionStages" : {
						"stage" : "PROJECTION_DEFAULT",
						"nReturned" : 150000,
						"executionTimeMillisEstimate" : 5765,
						"works" : 150002,
						"advanced" : 150000,
						"needTime" : 1,
						"needYield" : 0,
						"saveState" : 386,
						"restoreState" : 386,
						"isEOF" : 1,
						"transformBy" : {
							"orders" : {
								"$filter" : {
									"input" : "$c_orders",
									"as" : "o",
									"cond" : {
										"$and" : [
											{
												"$gte" : [
													"$$o.o_orderdate",
													{
														"$const" : ISODate("1992-01-01T00:00:00Z")
													}
												]
											},
											{
												"$lt" : [
													"$$o.o_orderdate",
													{
														"$const" : ISODate("1992-04-01T00:00:00Z")
													}
												]
											}
										]
									}
								}
							},
							"_id" : false
						},
						"inputStage" : {
							"stage" : "COLLSCAN",
							"nReturned" : 150000,
							"executionTimeMillisEstimate" : 4121,
							"works" : 150002,
							"advanced" : 150000,
							"needTime" : 1,
							"needYield" : 0,
							"saveState" : 386,
							"restoreState" : 386,
							"isEOF" : 1,
							"direction" : "forward",
							"docsExamined" : 150000
						}
					},
					"allPlansExecution" : [ ]
				}
			},
			"nReturned" : NumberLong(150000),
			"executionTimeMillisEstimate" : NumberLong(5975)
		},
		{
			"$unwind" : {
				"path" : "$orders"
			},
			"nReturned" : NumberLong(56741),
			"executionTimeMillisEstimate" : NumberLong(6036)
		},
		{
			"$project" : {
				"_id" : true,
				"orderpriority" : "$orders.o_orderpriority",
				"lineitems" : {
					"$filter" : {
						"input" : "$orders.o_lineitems",
						"as" : "l",
						"cond" : {
							"$lt" : [
								"$$l.l_commitdate",
								"$$l.l_receiptdate"
							]
						}
					}
				}
			},
			"nReturned" : NumberLong(56741),
			"executionTimeMillisEstimate" : NumberLong(6304)
		},
		{
			"$match" : {
				"lineitems" : {
					"$not" : {
						"$eq" : [ ]
					}
				}
			},
			"nReturned" : NumberLong(52002),
			"executionTimeMillisEstimate" : NumberLong(6570)
		},
		{
			"$group" : {
				"_id" : "$orderpriority",
				"order_count" : {
					"$sum" : {
						"$const" : 1
					}
				}
			},
			"nReturned" : NumberLong(5),
			"executionTimeMillisEstimate" : NumberLong(6590)
		},
		{
			"$sort" : {
				"sortKey" : {
					"_id" : 1
				}
			},
			"nReturned" : NumberLong(5),
			"executionTimeMillisEstimate" : NumberLong(6590)
		}
	],
	"serverInfo" : {
		"host" : "mt-mongo-3",
		"port" : 27013,
		"version" : "4.4.10",
		"gitVersion" : "58971da1ef93435a9f62bf4708a81713def6e88c"
	},
	"ok" : 1,
	"$clusterTime" : {
		"clusterTime" : Timestamp(1639477492, 2),
		"signature" : {
			"hash" : BinData(0,"AAAAAAAAAAAAAAAAAAAAAAAAAAA="),
			"keyId" : NumberLong(0)
		}
	},
	"operationTime" : Timestamp(1639477492, 2)
}


MongoDB shell version v4.4.10
connecting to: mongodb://mt-mongo-1:27011,mt-mongo-2:27012,mt-mongo-3:27013/?compressors=disabled&gssapiServiceName=mongodb&replicaSet=mt-exp-rs-001
Implicit session: session { "id" : UUID("d524c757-31ea-4d90-8b14-91b32bc7452f") }
MongoDB server version: 4.4.10
{
	"stages" : [
		{
			"$cursor" : {
				"queryPlanner" : {
					"plannerVersion" : 1,
					"namespace" : "tpch_mongo_1c.scale1",
					"indexFilterSet" : false,
					"parsedQuery" : {
						
					},
					"queryHash" : "7D406A01",
					"planCacheKey" : "7D406A01",
					"winningPlan" : {
						"stage" : "PROJECTION_DEFAULT",
						"transformBy" : {
							"orders" : {
								"$filter" : {
									"input" : "$c_orders",
									"as" : "o",
									"cond" : {
										"$and" : [
											{
												"$gte" : [
													"$$o.o_orderdate",
													{
														"$const" : ISODate("1992-01-01T00:00:00Z")
													}
												]
											},
											{
												"$lt" : [
													"$$o.o_orderdate",
													{
														"$const" : ISODate("1992-04-01T00:00:00Z")
													}
												]
											}
										]
									}
								}
							},
							"_id" : false
						},
						"inputStage" : {
							"stage" : "COLLSCAN",
							"direction" : "forward"
						}
					},
					"rejectedPlans" : [ ]
				},
				"executionStats" : {
					"executionSuccess" : true,
					"nReturned" : 150000,
					"executionTimeMillis" : 12569,
					"totalKeysExamined" : 0,
					"totalDocsExamined" : 150000,
					"executionStages" : {
						"stage" : "PROJECTION_DEFAULT",
						"nReturned" : 150000,
						"executionTimeMillisEstimate" : 11646,
						"works" : 150002,
						"advanced" : 150000,
						"needTime" : 1,
						"needYield" : 0,
						"saveState" : 701,
						"restoreState" : 701,
						"isEOF" : 1,
						"transformBy" : {
							"orders" : {
								"$filter" : {
									"input" : "$c_orders",
									"as" : "o",
									"cond" : {
										"$and" : [
											{
												"$gte" : [
													"$$o.o_orderdate",
													{
														"$const" : ISODate("1992-01-01T00:00:00Z")
													}
												]
											},
											{
												"$lt" : [
													"$$o.o_orderdate",
													{
														"$const" : ISODate("1992-04-01T00:00:00Z")
													}
												]
											}
										]
									}
								}
							},
							"_id" : false
						},
						"inputStage" : {
							"stage" : "COLLSCAN",
							"nReturned" : 150000,
							"executionTimeMillisEstimate" : 9878,
							"works" : 150002,
							"advanced" : 150000,
							"needTime" : 1,
							"needYield" : 0,
							"saveState" : 701,
							"restoreState" : 701,
							"isEOF" : 1,
							"direction" : "forward",
							"docsExamined" : 150000
						}
					},
					"allPlansExecution" : [ ]
				}
			},
			"nReturned" : NumberLong(150000),
			"executionTimeMillisEstimate" : NumberLong(11896)
		},
		{
			"$unwind" : {
				"path" : "$orders"
			},
			"nReturned" : NumberLong(56741),
			"executionTimeMillisEstimate" : NumberLong(11983)
		},
		{
			"$project" : {
				"_id" : true,
				"orderpriority" : "$orders.o_orderpriority",
				"lineitems" : {
					"$filter" : {
						"input" : "$orders.o_lineitems",
						"as" : "l",
						"cond" : {
							"$lt" : [
								"$$l.l_commitdate",
								"$$l.l_receiptdate"
							]
						}
					}
				}
			},
			"nReturned" : NumberLong(56741),
			"executionTimeMillisEstimate" : NumberLong(12307)
		},
		{
			"$match" : {
				"lineitems" : {
					"$not" : {
						"$eq" : [ ]
					}
				}
			},
			"nReturned" : NumberLong(52002),
			"executionTimeMillisEstimate" : NumberLong(12540)
		},
		{
			"$group" : {
				"_id" : "$orderpriority",
				"order_count" : {
					"$sum" : {
						"$const" : 1
					}
				}
			},
			"nReturned" : NumberLong(5),
			"executionTimeMillisEstimate" : NumberLong(12564)
		},
		{
			"$sort" : {
				"sortKey" : {
					"_id" : 1
				}
			},
			"nReturned" : NumberLong(5),
			"executionTimeMillisEstimate" : NumberLong(12564)
		}
	],
	"serverInfo" : {
		"host" : "mt-mongo-1",
		"port" : 27011,
		"version" : "4.4.10",
		"gitVersion" : "58971da1ef93435a9f62bf4708a81713def6e88c"
	},
	"ok" : 1,
	"$clusterTime" : {
		"clusterTime" : Timestamp(1639477549, 1),
		"signature" : {
			"hash" : BinData(0,"AAAAAAAAAAAAAAAAAAAAAAAAAAA="),
			"keyId" : NumberLong(0)
		}
	},
	"operationTime" : Timestamp(1639477549, 1)
}


MongoDB shell version v4.4.10
connecting to: mongodb://mt-mongo-1:27011,mt-mongo-2:27012,mt-mongo-3:27013/?compressors=disabled&gssapiServiceName=mongodb&replicaSet=mt-exp-rs-001
Implicit session: session { "id" : UUID("dbeafd69-0e0f-4166-b06a-a7804d20a904") }
MongoDB server version: 4.4.10
{
	"stages" : [
		{
			"$cursor" : {
				"queryPlanner" : {
					"plannerVersion" : 1,
					"namespace" : "tpch_mongo_1c.scale1",
					"indexFilterSet" : false,
					"parsedQuery" : {
						
					},
					"queryHash" : "7D406A01",
					"planCacheKey" : "7D406A01",
					"winningPlan" : {
						"stage" : "PROJECTION_DEFAULT",
						"transformBy" : {
							"orders" : {
								"$filter" : {
									"input" : "$c_orders",
									"as" : "o",
									"cond" : {
										"$and" : [
											{
												"$gte" : [
													"$$o.o_orderdate",
													{
														"$const" : ISODate("1992-01-01T00:00:00Z")
													}
												]
											},
											{
												"$lt" : [
													"$$o.o_orderdate",
													{
														"$const" : ISODate("1992-04-01T00:00:00Z")
													}
												]
											}
										]
									}
								}
							},
							"_id" : false
						},
						"inputStage" : {
							"stage" : "COLLSCAN",
							"direction" : "forward"
						}
					},
					"rejectedPlans" : [ ]
				},
				"executionStats" : {
					"executionSuccess" : true,
					"nReturned" : 150000,
					"executionTimeMillis" : 8460,
					"totalKeysExamined" : 0,
					"totalDocsExamined" : 150000,
					"executionStages" : {
						"stage" : "PROJECTION_DEFAULT",
						"nReturned" : 150000,
						"executionTimeMillisEstimate" : 7573,
						"works" : 150002,
						"advanced" : 150000,
						"needTime" : 1,
						"needYield" : 0,
						"saveState" : 474,
						"restoreState" : 474,
						"isEOF" : 1,
						"transformBy" : {
							"orders" : {
								"$filter" : {
									"input" : "$c_orders",
									"as" : "o",
									"cond" : {
										"$and" : [
											{
												"$gte" : [
													"$$o.o_orderdate",
													{
														"$const" : ISODate("1992-01-01T00:00:00Z")
													}
												]
											},
											{
												"$lt" : [
													"$$o.o_orderdate",
													{
														"$const" : ISODate("1992-04-01T00:00:00Z")
													}
												]
											}
										]
									}
								}
							},
							"_id" : false
						},
						"inputStage" : {
							"stage" : "COLLSCAN",
							"nReturned" : 150000,
							"executionTimeMillisEstimate" : 5793,
							"works" : 150002,
							"advanced" : 150000,
							"needTime" : 1,
							"needYield" : 0,
							"saveState" : 474,
							"restoreState" : 474,
							"isEOF" : 1,
							"direction" : "forward",
							"docsExamined" : 150000
						}
					},
					"allPlansExecution" : [ ]
				}
			},
			"nReturned" : NumberLong(150000),
			"executionTimeMillisEstimate" : NumberLong(7791)
		},
		{
			"$unwind" : {
				"path" : "$orders"
			},
			"nReturned" : NumberLong(56741),
			"executionTimeMillisEstimate" : NumberLong(7876)
		},
		{
			"$project" : {
				"_id" : true,
				"orderpriority" : "$orders.o_orderpriority",
				"lineitems" : {
					"$filter" : {
						"input" : "$orders.o_lineitems",
						"as" : "l",
						"cond" : {
							"$lt" : [
								"$$l.l_commitdate",
								"$$l.l_receiptdate"
							]
						}
					}
				}
			},
			"nReturned" : NumberLong(56741),
			"executionTimeMillisEstimate" : NumberLong(8173)
		},
		{
			"$match" : {
				"lineitems" : {
					"$not" : {
						"$eq" : [ ]
					}
				}
			},
			"nReturned" : NumberLong(52002),
			"executionTimeMillisEstimate" : NumberLong(8447)
		},
		{
			"$group" : {
				"_id" : "$orderpriority",
				"order_count" : {
					"$sum" : {
						"$const" : 1
					}
				}
			},
			"nReturned" : NumberLong(5),
			"executionTimeMillisEstimate" : NumberLong(8457)
		},
		{
			"$sort" : {
				"sortKey" : {
					"_id" : 1
				}
			},
			"nReturned" : NumberLong(5),
			"executionTimeMillisEstimate" : NumberLong(8457)
		}
	],
	"serverInfo" : {
		"host" : "mt-mongo-3",
		"port" : 27013,
		"version" : "4.4.10",
		"gitVersion" : "58971da1ef93435a9f62bf4708a81713def6e88c"
	},
	"ok" : 1,
	"$clusterTime" : {
		"clusterTime" : Timestamp(1639477583, 2),
		"signature" : {
			"hash" : BinData(0,"AAAAAAAAAAAAAAAAAAAAAAAAAAA="),
			"keyId" : NumberLong(0)
		}
	},
	"operationTime" : Timestamp(1639477583, 2)
}


MongoDB shell version v4.4.10
connecting to: mongodb://mt-mongo-1:27011,mt-mongo-2:27012,mt-mongo-3:27013/?compressors=disabled&gssapiServiceName=mongodb&replicaSet=mt-exp-rs-001
Implicit session: session { "id" : UUID("e04eeb71-5813-42e4-a916-02829ccea830") }
MongoDB server version: 4.4.10
{
	"stages" : [
		{
			"$cursor" : {
				"queryPlanner" : {
					"plannerVersion" : 1,
					"namespace" : "tpch_mongo_1c.scale1",
					"indexFilterSet" : false,
					"parsedQuery" : {
						
					},
					"queryHash" : "7D406A01",
					"planCacheKey" : "7D406A01",
					"winningPlan" : {
						"stage" : "PROJECTION_DEFAULT",
						"transformBy" : {
							"orders" : {
								"$filter" : {
									"input" : "$c_orders",
									"as" : "o",
									"cond" : {
										"$and" : [
											{
												"$gte" : [
													"$$o.o_orderdate",
													{
														"$const" : ISODate("1992-01-01T00:00:00Z")
													}
												]
											},
											{
												"$lt" : [
													"$$o.o_orderdate",
													{
														"$const" : ISODate("1992-04-01T00:00:00Z")
													}
												]
											}
										]
									}
								}
							},
							"_id" : false
						},
						"inputStage" : {
							"stage" : "COLLSCAN",
							"direction" : "forward"
						}
					},
					"rejectedPlans" : [ ]
				},
				"executionStats" : {
					"executionSuccess" : true,
					"nReturned" : 150000,
					"executionTimeMillis" : 6996,
					"totalKeysExamined" : 0,
					"totalDocsExamined" : 150000,
					"executionStages" : {
						"stage" : "PROJECTION_DEFAULT",
						"nReturned" : 150000,
						"executionTimeMillisEstimate" : 6113,
						"works" : 150002,
						"advanced" : 150000,
						"needTime" : 1,
						"needYield" : 0,
						"saveState" : 397,
						"restoreState" : 397,
						"isEOF" : 1,
						"transformBy" : {
							"orders" : {
								"$filter" : {
									"input" : "$c_orders",
									"as" : "o",
									"cond" : {
										"$and" : [
											{
												"$gte" : [
													"$$o.o_orderdate",
													{
														"$const" : ISODate("1992-01-01T00:00:00Z")
													}
												]
											},
											{
												"$lt" : [
													"$$o.o_orderdate",
													{
														"$const" : ISODate("1992-04-01T00:00:00Z")
													}
												]
											}
										]
									}
								}
							},
							"_id" : false
						},
						"inputStage" : {
							"stage" : "COLLSCAN",
							"nReturned" : 150000,
							"executionTimeMillisEstimate" : 4159,
							"works" : 150002,
							"advanced" : 150000,
							"needTime" : 1,
							"needYield" : 0,
							"saveState" : 397,
							"restoreState" : 397,
							"isEOF" : 1,
							"direction" : "forward",
							"docsExamined" : 150000
						}
					},
					"allPlansExecution" : [ ]
				}
			},
			"nReturned" : NumberLong(150000),
			"executionTimeMillisEstimate" : NumberLong(6330)
		},
		{
			"$unwind" : {
				"path" : "$orders"
			},
			"nReturned" : NumberLong(56741),
			"executionTimeMillisEstimate" : NumberLong(6403)
		},
		{
			"$project" : {
				"_id" : true,
				"orderpriority" : "$orders.o_orderpriority",
				"lineitems" : {
					"$filter" : {
						"input" : "$orders.o_lineitems",
						"as" : "l",
						"cond" : {
							"$lt" : [
								"$$l.l_commitdate",
								"$$l.l_receiptdate"
							]
						}
					}
				}
			},
			"nReturned" : NumberLong(56741),
			"executionTimeMillisEstimate" : NumberLong(6712)
		},
		{
			"$match" : {
				"lineitems" : {
					"$not" : {
						"$eq" : [ ]
					}
				}
			},
			"nReturned" : NumberLong(52002),
			"executionTimeMillisEstimate" : NumberLong(6960)
		},
		{
			"$group" : {
				"_id" : "$orderpriority",
				"order_count" : {
					"$sum" : {
						"$const" : 1
					}
				}
			},
			"nReturned" : NumberLong(5),
			"executionTimeMillisEstimate" : NumberLong(6996)
		},
		{
			"$sort" : {
				"sortKey" : {
					"_id" : 1
				}
			},
			"nReturned" : NumberLong(5),
			"executionTimeMillisEstimate" : NumberLong(6996)
		}
	],
	"serverInfo" : {
		"host" : "mt-mongo-3",
		"port" : 27013,
		"version" : "4.4.10",
		"gitVersion" : "58971da1ef93435a9f62bf4708a81713def6e88c"
	},
	"ok" : 1,
	"$clusterTime" : {
		"clusterTime" : Timestamp(1639477629, 2),
		"signature" : {
			"hash" : BinData(0,"AAAAAAAAAAAAAAAAAAAAAAAAAAA="),
			"keyId" : NumberLong(0)
		}
	},
	"operationTime" : Timestamp(1639477629, 2)
}


