MongoDB shell version v4.4.10
connecting to: mongodb://mt-mongo-1:27011,mt-mongo-2:27012,mt-mongo-3:27013/?compressors=disabled&gssapiServiceName=mongodb&replicaSet=mt-exp-rs-001
Implicit session: session { "id" : UUID("09cca58d-aeb6-4c83-827b-5c51852422cc") }
MongoDB server version: 4.4.10
uncaught exception: Error: explain failed: {
	"operationTime" : Timestamp(1639495363, 1),
	"ok" : 0,
	"errmsg" : "operation exceeded time limit",
	"code" : 50,
	"codeName" : "MaxTimeMSExpired",
	"$clusterTime" : {
		"clusterTime" : Timestamp(1639495363, 1),
		"signature" : {
			"hash" : BinData(0,"AAAAAAAAAAAAAAAAAAAAAAAAAAA="),
			"keyId" : NumberLong(0)
		}
	}
} :
_getErrorWithCode@src/mongo/shell/utils.js:25:13
throwOrReturn@src/mongo/shell/explainable.js:25:19
constructor/this.aggregate@src/mongo/shell/explainable.js:125:24
@/home/captain/git/antw0n-dss-sql-vs-nosql-experiments/output/queries/point_queries_experiment/mongo/s2/q3v1_mongo_s2.js:1:11
failed to load: /home/captain/git/antw0n-dss-sql-vs-nosql-experiments/output/queries/point_queries_experiment/mongo/s2/q3v1_mongo_s2.js
exiting with code -3


MongoDB shell version v4.4.10
connecting to: mongodb://mt-mongo-1:27011,mt-mongo-2:27012,mt-mongo-3:27013/?compressors=disabled&gssapiServiceName=mongodb&replicaSet=mt-exp-rs-001
Implicit session: session { "id" : UUID("05d9ce6a-80d4-4ebd-8343-4fb84a4239f7") }
MongoDB server version: 4.4.10
uncaught exception: Error: explain failed: {
	"operationTime" : Timestamp(1639495540, 1),
	"ok" : 0,
	"errmsg" : "operation exceeded time limit",
	"code" : 50,
	"codeName" : "MaxTimeMSExpired",
	"$clusterTime" : {
		"clusterTime" : Timestamp(1639495540, 1),
		"signature" : {
			"hash" : BinData(0,"AAAAAAAAAAAAAAAAAAAAAAAAAAA="),
			"keyId" : NumberLong(0)
		}
	}
} :
_getErrorWithCode@src/mongo/shell/utils.js:25:13
throwOrReturn@src/mongo/shell/explainable.js:25:19
constructor/this.aggregate@src/mongo/shell/explainable.js:125:24
@/home/captain/git/antw0n-dss-sql-vs-nosql-experiments/output/queries/point_queries_experiment/mongo/s2/q3v1_mongo_s2.js:1:11
failed to load: /home/captain/git/antw0n-dss-sql-vs-nosql-experiments/output/queries/point_queries_experiment/mongo/s2/q3v1_mongo_s2.js
exiting with code -3


MongoDB shell version v4.4.10
connecting to: mongodb://mt-mongo-1:27011,mt-mongo-2:27012,mt-mongo-3:27013/?compressors=disabled&gssapiServiceName=mongodb&replicaSet=mt-exp-rs-001
Implicit session: session { "id" : UUID("8040c978-215b-4db6-b5d8-61ce16d42a5c") }
MongoDB server version: 4.4.10
uncaught exception: Error: explain failed: {
	"operationTime" : Timestamp(1639495729, 1),
	"ok" : 0,
	"errmsg" : "operation exceeded time limit",
	"code" : 50,
	"codeName" : "MaxTimeMSExpired",
	"$clusterTime" : {
		"clusterTime" : Timestamp(1639495729, 1),
		"signature" : {
			"hash" : BinData(0,"AAAAAAAAAAAAAAAAAAAAAAAAAAA="),
			"keyId" : NumberLong(0)
		}
	}
} :
_getErrorWithCode@src/mongo/shell/utils.js:25:13
throwOrReturn@src/mongo/shell/explainable.js:25:19
constructor/this.aggregate@src/mongo/shell/explainable.js:125:24
@/home/captain/git/antw0n-dss-sql-vs-nosql-experiments/output/queries/point_queries_experiment/mongo/s2/q3v1_mongo_s2.js:1:11
failed to load: /home/captain/git/antw0n-dss-sql-vs-nosql-experiments/output/queries/point_queries_experiment/mongo/s2/q3v1_mongo_s2.js
exiting with code -3


MongoDB shell version v4.4.10
connecting to: mongodb://mt-mongo-1:27011,mt-mongo-2:27012,mt-mongo-3:27013/?compressors=disabled&gssapiServiceName=mongodb&replicaSet=mt-exp-rs-001
Implicit session: session { "id" : UUID("2aaf6af8-4d81-4c24-8a4b-47e0c3dd82db") }
MongoDB server version: 4.4.10
uncaught exception: Error: explain failed: {
	"operationTime" : Timestamp(1639495916, 1),
	"ok" : 0,
	"errmsg" : "operation exceeded time limit",
	"code" : 50,
	"codeName" : "MaxTimeMSExpired",
	"$clusterTime" : {
		"clusterTime" : Timestamp(1639495916, 1),
		"signature" : {
			"hash" : BinData(0,"AAAAAAAAAAAAAAAAAAAAAAAAAAA="),
			"keyId" : NumberLong(0)
		}
	}
} :
_getErrorWithCode@src/mongo/shell/utils.js:25:13
throwOrReturn@src/mongo/shell/explainable.js:25:19
constructor/this.aggregate@src/mongo/shell/explainable.js:125:24
@/home/captain/git/antw0n-dss-sql-vs-nosql-experiments/output/queries/point_queries_experiment/mongo/s2/q3v1_mongo_s2.js:1:11
failed to load: /home/captain/git/antw0n-dss-sql-vs-nosql-experiments/output/queries/point_queries_experiment/mongo/s2/q3v1_mongo_s2.js
exiting with code -3


MongoDB shell version v4.4.10
connecting to: mongodb://mt-mongo-1:27011,mt-mongo-2:27012,mt-mongo-3:27013/?compressors=disabled&gssapiServiceName=mongodb&replicaSet=mt-exp-rs-001
Implicit session: session { "id" : UUID("efdbeb69-7897-4036-9b1d-dcf807514ca6") }
MongoDB server version: 4.4.10
uncaught exception: Error: explain failed: {
	"operationTime" : Timestamp(1639496103, 1),
	"ok" : 0,
	"errmsg" : "operation exceeded time limit",
	"code" : 50,
	"codeName" : "MaxTimeMSExpired",
	"$clusterTime" : {
		"clusterTime" : Timestamp(1639496103, 1),
		"signature" : {
			"hash" : BinData(0,"AAAAAAAAAAAAAAAAAAAAAAAAAAA="),
			"keyId" : NumberLong(0)
		}
	}
} :
_getErrorWithCode@src/mongo/shell/utils.js:25:13
throwOrReturn@src/mongo/shell/explainable.js:25:19
constructor/this.aggregate@src/mongo/shell/explainable.js:125:24
@/home/captain/git/antw0n-dss-sql-vs-nosql-experiments/output/queries/point_queries_experiment/mongo/s2/q3v1_mongo_s2.js:1:11
failed to load: /home/captain/git/antw0n-dss-sql-vs-nosql-experiments/output/queries/point_queries_experiment/mongo/s2/q3v1_mongo_s2.js
exiting with code -3


