MongoDB shell version v4.4.10
connecting to: mongodb://mt-mongo-1:27011,mt-mongo-2:27012,mt-mongo-3:27013/?compressors=disabled&gssapiServiceName=mongodb&replicaSet=mt-exp-rs-001
Implicit session: session { "id" : UUID("ea2e12a5-9aeb-41ef-a53e-7d6cdae5a096") }
MongoDB server version: 4.4.10
{
	"queryPlanner" : {
		"plannerVersion" : 1,
		"namespace" : "tpch_mongo_3c.customer",
		"indexFilterSet" : false,
		"parsedQuery" : {
			"c_acctbal" : {
				"$lt" : -10
			}
		},
		"optimizedPipeline" : true,
		"winningPlan" : {
			"stage" : "FETCH",
			"inputStage" : {
				"stage" : "IXSCAN",
				"keyPattern" : {
					"c_acctbal" : 1
				},
				"indexName" : "idx_customer_e",
				"isMultiKey" : false,
				"multiKeyPaths" : {
					"c_acctbal" : [ ]
				},
				"isUnique" : false,
				"isSparse" : false,
				"isPartial" : false,
				"indexVersion" : 2,
				"direction" : "forward",
				"indexBounds" : {
					"c_acctbal" : [
						"[-inf.0, -10.0)"
					]
				}
			}
		},
		"rejectedPlans" : [ ]
	},
	"executionStats" : {
		"executionSuccess" : true,
		"nReturned" : 13559,
		"executionTimeMillis" : 41,
		"totalKeysExamined" : 13559,
		"totalDocsExamined" : 13559,
		"executionStages" : {
			"stage" : "FETCH",
			"nReturned" : 13559,
			"executionTimeMillisEstimate" : 10,
			"works" : 13560,
			"advanced" : 13559,
			"needTime" : 0,
			"needYield" : 0,
			"saveState" : 13,
			"restoreState" : 13,
			"isEOF" : 1,
			"docsExamined" : 13559,
			"alreadyHasObj" : 0,
			"inputStage" : {
				"stage" : "IXSCAN",
				"nReturned" : 13559,
				"executionTimeMillisEstimate" : 0,
				"works" : 13560,
				"advanced" : 13559,
				"needTime" : 0,
				"needYield" : 0,
				"saveState" : 13,
				"restoreState" : 13,
				"isEOF" : 1,
				"keyPattern" : {
					"c_acctbal" : 1
				},
				"indexName" : "idx_customer_e",
				"isMultiKey" : false,
				"multiKeyPaths" : {
					"c_acctbal" : [ ]
				},
				"isUnique" : false,
				"isSparse" : false,
				"isPartial" : false,
				"indexVersion" : 2,
				"direction" : "forward",
				"indexBounds" : {
					"c_acctbal" : [
						"[-inf.0, -10.0)"
					]
				},
				"keysExamined" : 13559,
				"seeks" : 1,
				"dupsTested" : 0,
				"dupsDropped" : 0
			}
		},
		"allPlansExecution" : [ ]
	},
	"serverInfo" : {
		"host" : "mt-mongo-1",
		"port" : 27011,
		"version" : "4.4.10",
		"gitVersion" : "58971da1ef93435a9f62bf4708a81713def6e88c"
	},
	"ok" : 1,
	"$clusterTime" : {
		"clusterTime" : Timestamp(1639044773, 5),
		"signature" : {
			"hash" : BinData(0,"AAAAAAAAAAAAAAAAAAAAAAAAAAA="),
			"keyId" : NumberLong(0)
		}
	},
	"operationTime" : Timestamp(1639044773, 5)
}


MongoDB shell version v4.4.10
connecting to: mongodb://mt-mongo-1:27011,mt-mongo-2:27012,mt-mongo-3:27013/?compressors=disabled&gssapiServiceName=mongodb&replicaSet=mt-exp-rs-001
Implicit session: session { "id" : UUID("b8615028-8481-4e1e-bd7d-ef96ba4466a5") }
MongoDB server version: 4.4.10
{
	"queryPlanner" : {
		"plannerVersion" : 1,
		"namespace" : "tpch_mongo_3c.customer",
		"indexFilterSet" : false,
		"parsedQuery" : {
			"c_acctbal" : {
				"$lt" : -10
			}
		},
		"optimizedPipeline" : true,
		"winningPlan" : {
			"stage" : "FETCH",
			"inputStage" : {
				"stage" : "IXSCAN",
				"keyPattern" : {
					"c_acctbal" : 1
				},
				"indexName" : "idx_customer_e",
				"isMultiKey" : false,
				"multiKeyPaths" : {
					"c_acctbal" : [ ]
				},
				"isUnique" : false,
				"isSparse" : false,
				"isPartial" : false,
				"indexVersion" : 2,
				"direction" : "forward",
				"indexBounds" : {
					"c_acctbal" : [
						"[-inf.0, -10.0)"
					]
				}
			}
		},
		"rejectedPlans" : [ ]
	},
	"executionStats" : {
		"executionSuccess" : true,
		"nReturned" : 13559,
		"executionTimeMillis" : 82,
		"totalKeysExamined" : 13559,
		"totalDocsExamined" : 13559,
		"executionStages" : {
			"stage" : "FETCH",
			"nReturned" : 13559,
			"executionTimeMillisEstimate" : 50,
			"works" : 13560,
			"advanced" : 13559,
			"needTime" : 0,
			"needYield" : 0,
			"saveState" : 15,
			"restoreState" : 15,
			"isEOF" : 1,
			"docsExamined" : 13559,
			"alreadyHasObj" : 0,
			"inputStage" : {
				"stage" : "IXSCAN",
				"nReturned" : 13559,
				"executionTimeMillisEstimate" : 2,
				"works" : 13560,
				"advanced" : 13559,
				"needTime" : 0,
				"needYield" : 0,
				"saveState" : 15,
				"restoreState" : 15,
				"isEOF" : 1,
				"keyPattern" : {
					"c_acctbal" : 1
				},
				"indexName" : "idx_customer_e",
				"isMultiKey" : false,
				"multiKeyPaths" : {
					"c_acctbal" : [ ]
				},
				"isUnique" : false,
				"isSparse" : false,
				"isPartial" : false,
				"indexVersion" : 2,
				"direction" : "forward",
				"indexBounds" : {
					"c_acctbal" : [
						"[-inf.0, -10.0)"
					]
				},
				"keysExamined" : 13559,
				"seeks" : 1,
				"dupsTested" : 0,
				"dupsDropped" : 0
			}
		},
		"allPlansExecution" : [ ]
	},
	"serverInfo" : {
		"host" : "mt-mongo-3",
		"port" : 27013,
		"version" : "4.4.10",
		"gitVersion" : "58971da1ef93435a9f62bf4708a81713def6e88c"
	},
	"ok" : 1,
	"$clusterTime" : {
		"clusterTime" : Timestamp(1639044829, 12),
		"signature" : {
			"hash" : BinData(0,"AAAAAAAAAAAAAAAAAAAAAAAAAAA="),
			"keyId" : NumberLong(0)
		}
	},
	"operationTime" : Timestamp(1639044829, 12)
}


MongoDB shell version v4.4.10
connecting to: mongodb://mt-mongo-1:27011,mt-mongo-2:27012,mt-mongo-3:27013/?compressors=disabled&gssapiServiceName=mongodb&replicaSet=mt-exp-rs-001
Implicit session: session { "id" : UUID("7404ae88-feb8-4e8b-b2bc-313683cd3f16") }
MongoDB server version: 4.4.10
{
	"queryPlanner" : {
		"plannerVersion" : 1,
		"namespace" : "tpch_mongo_3c.customer",
		"indexFilterSet" : false,
		"parsedQuery" : {
			"c_acctbal" : {
				"$lt" : -10
			}
		},
		"optimizedPipeline" : true,
		"winningPlan" : {
			"stage" : "FETCH",
			"inputStage" : {
				"stage" : "IXSCAN",
				"keyPattern" : {
					"c_acctbal" : 1
				},
				"indexName" : "idx_customer_e",
				"isMultiKey" : false,
				"multiKeyPaths" : {
					"c_acctbal" : [ ]
				},
				"isUnique" : false,
				"isSparse" : false,
				"isPartial" : false,
				"indexVersion" : 2,
				"direction" : "forward",
				"indexBounds" : {
					"c_acctbal" : [
						"[-inf.0, -10.0)"
					]
				}
			}
		},
		"rejectedPlans" : [ ]
	},
	"executionStats" : {
		"executionSuccess" : true,
		"nReturned" : 13559,
		"executionTimeMillis" : 85,
		"totalKeysExamined" : 13559,
		"totalDocsExamined" : 13559,
		"executionStages" : {
			"stage" : "FETCH",
			"nReturned" : 13559,
			"executionTimeMillisEstimate" : 61,
			"works" : 13560,
			"advanced" : 13559,
			"needTime" : 0,
			"needYield" : 0,
			"saveState" : 15,
			"restoreState" : 15,
			"isEOF" : 1,
			"docsExamined" : 13559,
			"alreadyHasObj" : 0,
			"inputStage" : {
				"stage" : "IXSCAN",
				"nReturned" : 13559,
				"executionTimeMillisEstimate" : 5,
				"works" : 13560,
				"advanced" : 13559,
				"needTime" : 0,
				"needYield" : 0,
				"saveState" : 15,
				"restoreState" : 15,
				"isEOF" : 1,
				"keyPattern" : {
					"c_acctbal" : 1
				},
				"indexName" : "idx_customer_e",
				"isMultiKey" : false,
				"multiKeyPaths" : {
					"c_acctbal" : [ ]
				},
				"isUnique" : false,
				"isSparse" : false,
				"isPartial" : false,
				"indexVersion" : 2,
				"direction" : "forward",
				"indexBounds" : {
					"c_acctbal" : [
						"[-inf.0, -10.0)"
					]
				},
				"keysExamined" : 13559,
				"seeks" : 1,
				"dupsTested" : 0,
				"dupsDropped" : 0
			}
		},
		"allPlansExecution" : [ ]
	},
	"serverInfo" : {
		"host" : "mt-mongo-3",
		"port" : 27013,
		"version" : "4.4.10",
		"gitVersion" : "58971da1ef93435a9f62bf4708a81713def6e88c"
	},
	"ok" : 1,
	"$clusterTime" : {
		"clusterTime" : Timestamp(1639044887, 12),
		"signature" : {
			"hash" : BinData(0,"AAAAAAAAAAAAAAAAAAAAAAAAAAA="),
			"keyId" : NumberLong(0)
		}
	},
	"operationTime" : Timestamp(1639044887, 12)
}


MongoDB shell version v4.4.10
connecting to: mongodb://mt-mongo-1:27011,mt-mongo-2:27012,mt-mongo-3:27013/?compressors=disabled&gssapiServiceName=mongodb&replicaSet=mt-exp-rs-001
Implicit session: session { "id" : UUID("4e9a4792-aa48-4bbb-90b1-431fdaa1ab13") }
MongoDB server version: 4.4.10
{
	"queryPlanner" : {
		"plannerVersion" : 1,
		"namespace" : "tpch_mongo_3c.customer",
		"indexFilterSet" : false,
		"parsedQuery" : {
			"c_acctbal" : {
				"$lt" : -10
			}
		},
		"optimizedPipeline" : true,
		"winningPlan" : {
			"stage" : "FETCH",
			"inputStage" : {
				"stage" : "IXSCAN",
				"keyPattern" : {
					"c_acctbal" : 1
				},
				"indexName" : "idx_customer_e",
				"isMultiKey" : false,
				"multiKeyPaths" : {
					"c_acctbal" : [ ]
				},
				"isUnique" : false,
				"isSparse" : false,
				"isPartial" : false,
				"indexVersion" : 2,
				"direction" : "forward",
				"indexBounds" : {
					"c_acctbal" : [
						"[-inf.0, -10.0)"
					]
				}
			}
		},
		"rejectedPlans" : [ ]
	},
	"executionStats" : {
		"executionSuccess" : true,
		"nReturned" : 13559,
		"executionTimeMillis" : 42,
		"totalKeysExamined" : 13559,
		"totalDocsExamined" : 13559,
		"executionStages" : {
			"stage" : "FETCH",
			"nReturned" : 13559,
			"executionTimeMillisEstimate" : 5,
			"works" : 13560,
			"advanced" : 13559,
			"needTime" : 0,
			"needYield" : 0,
			"saveState" : 13,
			"restoreState" : 13,
			"isEOF" : 1,
			"docsExamined" : 13559,
			"alreadyHasObj" : 0,
			"inputStage" : {
				"stage" : "IXSCAN",
				"nReturned" : 13559,
				"executionTimeMillisEstimate" : 2,
				"works" : 13560,
				"advanced" : 13559,
				"needTime" : 0,
				"needYield" : 0,
				"saveState" : 13,
				"restoreState" : 13,
				"isEOF" : 1,
				"keyPattern" : {
					"c_acctbal" : 1
				},
				"indexName" : "idx_customer_e",
				"isMultiKey" : false,
				"multiKeyPaths" : {
					"c_acctbal" : [ ]
				},
				"isUnique" : false,
				"isSparse" : false,
				"isPartial" : false,
				"indexVersion" : 2,
				"direction" : "forward",
				"indexBounds" : {
					"c_acctbal" : [
						"[-inf.0, -10.0)"
					]
				},
				"keysExamined" : 13559,
				"seeks" : 1,
				"dupsTested" : 0,
				"dupsDropped" : 0
			}
		},
		"allPlansExecution" : [ ]
	},
	"serverInfo" : {
		"host" : "mt-mongo-2",
		"port" : 27012,
		"version" : "4.4.10",
		"gitVersion" : "58971da1ef93435a9f62bf4708a81713def6e88c"
	},
	"ok" : 1,
	"$clusterTime" : {
		"clusterTime" : Timestamp(1639044937, 5),
		"signature" : {
			"hash" : BinData(0,"AAAAAAAAAAAAAAAAAAAAAAAAAAA="),
			"keyId" : NumberLong(0)
		}
	},
	"operationTime" : Timestamp(1639044937, 5)
}


MongoDB shell version v4.4.10
connecting to: mongodb://mt-mongo-1:27011,mt-mongo-2:27012,mt-mongo-3:27013/?compressors=disabled&gssapiServiceName=mongodb&replicaSet=mt-exp-rs-001
Implicit session: session { "id" : UUID("2a9d6e3c-97c6-48f3-84aa-8807df66fbdf") }
MongoDB server version: 4.4.10
{
	"queryPlanner" : {
		"plannerVersion" : 1,
		"namespace" : "tpch_mongo_3c.customer",
		"indexFilterSet" : false,
		"parsedQuery" : {
			"c_acctbal" : {
				"$lt" : -10
			}
		},
		"optimizedPipeline" : true,
		"winningPlan" : {
			"stage" : "FETCH",
			"inputStage" : {
				"stage" : "IXSCAN",
				"keyPattern" : {
					"c_acctbal" : 1
				},
				"indexName" : "idx_customer_e",
				"isMultiKey" : false,
				"multiKeyPaths" : {
					"c_acctbal" : [ ]
				},
				"isUnique" : false,
				"isSparse" : false,
				"isPartial" : false,
				"indexVersion" : 2,
				"direction" : "forward",
				"indexBounds" : {
					"c_acctbal" : [
						"[-inf.0, -10.0)"
					]
				}
			}
		},
		"rejectedPlans" : [ ]
	},
	"executionStats" : {
		"executionSuccess" : true,
		"nReturned" : 13559,
		"executionTimeMillis" : 42,
		"totalKeysExamined" : 13559,
		"totalDocsExamined" : 13559,
		"executionStages" : {
			"stage" : "FETCH",
			"nReturned" : 13559,
			"executionTimeMillisEstimate" : 10,
			"works" : 13560,
			"advanced" : 13559,
			"needTime" : 0,
			"needYield" : 0,
			"saveState" : 13,
			"restoreState" : 13,
			"isEOF" : 1,
			"docsExamined" : 13559,
			"alreadyHasObj" : 0,
			"inputStage" : {
				"stage" : "IXSCAN",
				"nReturned" : 13559,
				"executionTimeMillisEstimate" : 5,
				"works" : 13560,
				"advanced" : 13559,
				"needTime" : 0,
				"needYield" : 0,
				"saveState" : 13,
				"restoreState" : 13,
				"isEOF" : 1,
				"keyPattern" : {
					"c_acctbal" : 1
				},
				"indexName" : "idx_customer_e",
				"isMultiKey" : false,
				"multiKeyPaths" : {
					"c_acctbal" : [ ]
				},
				"isUnique" : false,
				"isSparse" : false,
				"isPartial" : false,
				"indexVersion" : 2,
				"direction" : "forward",
				"indexBounds" : {
					"c_acctbal" : [
						"[-inf.0, -10.0)"
					]
				},
				"keysExamined" : 13559,
				"seeks" : 1,
				"dupsTested" : 0,
				"dupsDropped" : 0
			}
		},
		"allPlansExecution" : [ ]
	},
	"serverInfo" : {
		"host" : "mt-mongo-2",
		"port" : 27012,
		"version" : "4.4.10",
		"gitVersion" : "58971da1ef93435a9f62bf4708a81713def6e88c"
	},
	"ok" : 1,
	"$clusterTime" : {
		"clusterTime" : Timestamp(1639044983, 12),
		"signature" : {
			"hash" : BinData(0,"AAAAAAAAAAAAAAAAAAAAAAAAAAA="),
			"keyId" : NumberLong(0)
		}
	},
	"operationTime" : Timestamp(1639044983, 12)
}


