MongoDB shell version v4.4.10
connecting to: mongodb://mt-mongo-1:27011,mt-mongo-2:27012,mt-mongo-3:27013/?compressors=disabled&gssapiServiceName=mongodb&replicaSet=mt-exp-rs-001
Implicit session: session { "id" : UUID("43b901a9-0425-4451-8364-cd9161e8709c") }
MongoDB server version: 4.4.10
{
	"stages" : [
		{
			"$cursor" : {
				"queryPlanner" : {
					"plannerVersion" : 1,
					"namespace" : "tpch_mongo_1c.scale1",
					"indexFilterSet" : false,
					"parsedQuery" : {
						"c_mktsegment" : {
							"$eq" : "AUTOMOBILE"
						}
					},
					"queryHash" : "A133A489",
					"planCacheKey" : "E485CD54",
					"winningPlan" : {
						"stage" : "PROJECTION_DEFAULT",
						"transformBy" : {
							"_id" : true,
							"c_mktsegment" : true,
							"c_orders" : {
								"$filter" : {
									"input" : "$c_orders",
									"as" : "o",
									"cond" : {
										"$lt" : [
											"$$o.o_orderdate",
											{
												"$const" : ISODate("1992-01-02T00:00:00Z")
											}
										]
									}
								}
							}
						},
						"inputStage" : {
							"stage" : "FETCH",
							"inputStage" : {
								"stage" : "IXSCAN",
								"keyPattern" : {
									"c_mktsegment" : 1
								},
								"indexName" : "idx_customer_b",
								"isMultiKey" : false,
								"multiKeyPaths" : {
									"c_mktsegment" : [ ]
								},
								"isUnique" : false,
								"isSparse" : false,
								"isPartial" : false,
								"indexVersion" : 2,
								"direction" : "forward",
								"indexBounds" : {
									"c_mktsegment" : [
										"[\"AUTOMOBILE\", \"AUTOMOBILE\"]"
									]
								}
							}
						}
					},
					"rejectedPlans" : [ ]
				},
				"executionStats" : {
					"executionSuccess" : true,
					"nReturned" : 29752,
					"executionTimeMillis" : 599,
					"totalKeysExamined" : 29752,
					"totalDocsExamined" : 29752,
					"executionStages" : {
						"stage" : "PROJECTION_DEFAULT",
						"nReturned" : 29752,
						"executionTimeMillisEstimate" : 511,
						"works" : 29753,
						"advanced" : 29752,
						"needTime" : 0,
						"needYield" : 0,
						"saveState" : 40,
						"restoreState" : 40,
						"isEOF" : 1,
						"transformBy" : {
							"_id" : true,
							"c_mktsegment" : true,
							"c_orders" : {
								"$filter" : {
									"input" : "$c_orders",
									"as" : "o",
									"cond" : {
										"$lt" : [
											"$$o.o_orderdate",
											{
												"$const" : ISODate("1992-01-02T00:00:00Z")
											}
										]
									}
								}
							}
						},
						"inputStage" : {
							"stage" : "FETCH",
							"nReturned" : 29752,
							"executionTimeMillisEstimate" : 130,
							"works" : 29753,
							"advanced" : 29752,
							"needTime" : 0,
							"needYield" : 0,
							"saveState" : 40,
							"restoreState" : 40,
							"isEOF" : 1,
							"docsExamined" : 29752,
							"alreadyHasObj" : 0,
							"inputStage" : {
								"stage" : "IXSCAN",
								"nReturned" : 29752,
								"executionTimeMillisEstimate" : 6,
								"works" : 29753,
								"advanced" : 29752,
								"needTime" : 0,
								"needYield" : 0,
								"saveState" : 40,
								"restoreState" : 40,
								"isEOF" : 1,
								"keyPattern" : {
									"c_mktsegment" : 1
								},
								"indexName" : "idx_customer_b",
								"isMultiKey" : false,
								"multiKeyPaths" : {
									"c_mktsegment" : [ ]
								},
								"isUnique" : false,
								"isSparse" : false,
								"isPartial" : false,
								"indexVersion" : 2,
								"direction" : "forward",
								"indexBounds" : {
									"c_mktsegment" : [
										"[\"AUTOMOBILE\", \"AUTOMOBILE\"]"
									]
								},
								"keysExamined" : 29752,
								"seeks" : 1,
								"dupsTested" : 0,
								"dupsDropped" : 0
							}
						}
					},
					"allPlansExecution" : [ ]
				}
			},
			"nReturned" : NumberLong(29752),
			"executionTimeMillisEstimate" : NumberLong(580)
		},
		{
			"$unwind" : {
				"path" : "$c_orders"
			},
			"nReturned" : NumberLong(113),
			"executionTimeMillisEstimate" : NumberLong(595)
		},
		{
			"$project" : {
				"_id" : true,
				"o_orderkey" : "$c_orders.o_orderkey",
				"o_orderdate" : "$c_orders.o_orderdate",
				"o_shippriority" : "$c_orders.o_shippriority",
				"lineitems" : "$c_orders.o_lineitems"
			},
			"nReturned" : NumberLong(113),
			"executionTimeMillisEstimate" : NumberLong(595)
		},
		{
			"$unwind" : {
				"path" : "$lineitems"
			},
			"nReturned" : NumberLong(440),
			"executionTimeMillisEstimate" : NumberLong(595)
		},
		{
			"$match" : {
				"lineitems.l_shipdate" : {
					"$gt" : ISODate("1992-01-02T00:00:00Z")
				}
			},
			"nReturned" : NumberLong(439),
			"executionTimeMillisEstimate" : NumberLong(595)
		},
		{
			"$group" : {
				"_id" : {
					"l_orderkey" : "$o_orderkey",
					"o_orderdate" : "$o_orderdate",
					"o_shippriority" : "$o_shippriority"
				},
				"revenue" : {
					"$sum" : {
						"$multiply" : [
							"$lineitems.l_extendedprice",
							{
								"$subtract" : [
									{
										"$const" : 1
									},
									"$lineitems.l_discount"
								]
							}
						]
					}
				}
			},
			"nReturned" : NumberLong(113),
			"executionTimeMillisEstimate" : NumberLong(595)
		},
		{
			"$sort" : {
				"sortKey" : {
					"revenue" : -1,
					"_id.o_orderdate" : 1
				},
				"limit" : NumberLong(10)
			},
			"nReturned" : NumberLong(10),
			"executionTimeMillisEstimate" : NumberLong(595)
		}
	],
	"serverInfo" : {
		"host" : "mt-mongo-1",
		"port" : 27011,
		"version" : "4.4.10",
		"gitVersion" : "58971da1ef93435a9f62bf4708a81713def6e88c"
	},
	"ok" : 1,
	"$clusterTime" : {
		"clusterTime" : Timestamp(1639497629, 5),
		"signature" : {
			"hash" : BinData(0,"AAAAAAAAAAAAAAAAAAAAAAAAAAA="),
			"keyId" : NumberLong(0)
		}
	},
	"operationTime" : Timestamp(1639497629, 5)
}


MongoDB shell version v4.4.10
connecting to: mongodb://mt-mongo-1:27011,mt-mongo-2:27012,mt-mongo-3:27013/?compressors=disabled&gssapiServiceName=mongodb&replicaSet=mt-exp-rs-001
Implicit session: session { "id" : UUID("feee08a0-26db-43d5-8e0c-58e287f044e9") }
MongoDB server version: 4.4.10
{
	"stages" : [
		{
			"$cursor" : {
				"queryPlanner" : {
					"plannerVersion" : 1,
					"namespace" : "tpch_mongo_1c.scale1",
					"indexFilterSet" : false,
					"parsedQuery" : {
						"c_mktsegment" : {
							"$eq" : "AUTOMOBILE"
						}
					},
					"queryHash" : "A133A489",
					"planCacheKey" : "E485CD54",
					"winningPlan" : {
						"stage" : "PROJECTION_DEFAULT",
						"transformBy" : {
							"_id" : true,
							"c_mktsegment" : true,
							"c_orders" : {
								"$filter" : {
									"input" : "$c_orders",
									"as" : "o",
									"cond" : {
										"$lt" : [
											"$$o.o_orderdate",
											{
												"$const" : ISODate("1992-01-02T00:00:00Z")
											}
										]
									}
								}
							}
						},
						"inputStage" : {
							"stage" : "FETCH",
							"inputStage" : {
								"stage" : "IXSCAN",
								"keyPattern" : {
									"c_mktsegment" : 1
								},
								"indexName" : "idx_customer_b",
								"isMultiKey" : false,
								"multiKeyPaths" : {
									"c_mktsegment" : [ ]
								},
								"isUnique" : false,
								"isSparse" : false,
								"isPartial" : false,
								"indexVersion" : 2,
								"direction" : "forward",
								"indexBounds" : {
									"c_mktsegment" : [
										"[\"AUTOMOBILE\", \"AUTOMOBILE\"]"
									]
								}
							}
						}
					},
					"rejectedPlans" : [ ]
				},
				"executionStats" : {
					"executionSuccess" : true,
					"nReturned" : 29752,
					"executionTimeMillis" : 572,
					"totalKeysExamined" : 29752,
					"totalDocsExamined" : 29752,
					"executionStages" : {
						"stage" : "PROJECTION_DEFAULT",
						"nReturned" : 29752,
						"executionTimeMillisEstimate" : 447,
						"works" : 29753,
						"advanced" : 29752,
						"needTime" : 0,
						"needYield" : 0,
						"saveState" : 39,
						"restoreState" : 39,
						"isEOF" : 1,
						"transformBy" : {
							"_id" : true,
							"c_mktsegment" : true,
							"c_orders" : {
								"$filter" : {
									"input" : "$c_orders",
									"as" : "o",
									"cond" : {
										"$lt" : [
											"$$o.o_orderdate",
											{
												"$const" : ISODate("1992-01-02T00:00:00Z")
											}
										]
									}
								}
							}
						},
						"inputStage" : {
							"stage" : "FETCH",
							"nReturned" : 29752,
							"executionTimeMillisEstimate" : 101,
							"works" : 29753,
							"advanced" : 29752,
							"needTime" : 0,
							"needYield" : 0,
							"saveState" : 39,
							"restoreState" : 39,
							"isEOF" : 1,
							"docsExamined" : 29752,
							"alreadyHasObj" : 0,
							"inputStage" : {
								"stage" : "IXSCAN",
								"nReturned" : 29752,
								"executionTimeMillisEstimate" : 10,
								"works" : 29753,
								"advanced" : 29752,
								"needTime" : 0,
								"needYield" : 0,
								"saveState" : 39,
								"restoreState" : 39,
								"isEOF" : 1,
								"keyPattern" : {
									"c_mktsegment" : 1
								},
								"indexName" : "idx_customer_b",
								"isMultiKey" : false,
								"multiKeyPaths" : {
									"c_mktsegment" : [ ]
								},
								"isUnique" : false,
								"isSparse" : false,
								"isPartial" : false,
								"indexVersion" : 2,
								"direction" : "forward",
								"indexBounds" : {
									"c_mktsegment" : [
										"[\"AUTOMOBILE\", \"AUTOMOBILE\"]"
									]
								},
								"keysExamined" : 29752,
								"seeks" : 1,
								"dupsTested" : 0,
								"dupsDropped" : 0
							}
						}
					},
					"allPlansExecution" : [ ]
				}
			},
			"nReturned" : NumberLong(29752),
			"executionTimeMillisEstimate" : NumberLong(569)
		},
		{
			"$unwind" : {
				"path" : "$c_orders"
			},
			"nReturned" : NumberLong(113),
			"executionTimeMillisEstimate" : NumberLong(569)
		},
		{
			"$project" : {
				"_id" : true,
				"o_orderkey" : "$c_orders.o_orderkey",
				"o_orderdate" : "$c_orders.o_orderdate",
				"o_shippriority" : "$c_orders.o_shippriority",
				"lineitems" : "$c_orders.o_lineitems"
			},
			"nReturned" : NumberLong(113),
			"executionTimeMillisEstimate" : NumberLong(569)
		},
		{
			"$unwind" : {
				"path" : "$lineitems"
			},
			"nReturned" : NumberLong(440),
			"executionTimeMillisEstimate" : NumberLong(569)
		},
		{
			"$match" : {
				"lineitems.l_shipdate" : {
					"$gt" : ISODate("1992-01-02T00:00:00Z")
				}
			},
			"nReturned" : NumberLong(439),
			"executionTimeMillisEstimate" : NumberLong(569)
		},
		{
			"$group" : {
				"_id" : {
					"l_orderkey" : "$o_orderkey",
					"o_orderdate" : "$o_orderdate",
					"o_shippriority" : "$o_shippriority"
				},
				"revenue" : {
					"$sum" : {
						"$multiply" : [
							"$lineitems.l_extendedprice",
							{
								"$subtract" : [
									{
										"$const" : 1
									},
									"$lineitems.l_discount"
								]
							}
						]
					}
				}
			},
			"nReturned" : NumberLong(113),
			"executionTimeMillisEstimate" : NumberLong(569)
		},
		{
			"$sort" : {
				"sortKey" : {
					"revenue" : -1,
					"_id.o_orderdate" : 1
				},
				"limit" : NumberLong(10)
			},
			"nReturned" : NumberLong(10),
			"executionTimeMillisEstimate" : NumberLong(569)
		}
	],
	"serverInfo" : {
		"host" : "mt-mongo-3",
		"port" : 27013,
		"version" : "4.4.10",
		"gitVersion" : "58971da1ef93435a9f62bf4708a81713def6e88c"
	},
	"ok" : 1,
	"$clusterTime" : {
		"clusterTime" : Timestamp(1639497690, 4),
		"signature" : {
			"hash" : BinData(0,"AAAAAAAAAAAAAAAAAAAAAAAAAAA="),
			"keyId" : NumberLong(0)
		}
	},
	"operationTime" : Timestamp(1639497690, 4)
}


MongoDB shell version v4.4.10
connecting to: mongodb://mt-mongo-1:27011,mt-mongo-2:27012,mt-mongo-3:27013/?compressors=disabled&gssapiServiceName=mongodb&replicaSet=mt-exp-rs-001
Implicit session: session { "id" : UUID("08a17039-a6ee-4a43-a634-fdc8fe775f8f") }
MongoDB server version: 4.4.10
{
	"stages" : [
		{
			"$cursor" : {
				"queryPlanner" : {
					"plannerVersion" : 1,
					"namespace" : "tpch_mongo_1c.scale1",
					"indexFilterSet" : false,
					"parsedQuery" : {
						"c_mktsegment" : {
							"$eq" : "AUTOMOBILE"
						}
					},
					"queryHash" : "A133A489",
					"planCacheKey" : "E485CD54",
					"winningPlan" : {
						"stage" : "PROJECTION_DEFAULT",
						"transformBy" : {
							"_id" : true,
							"c_mktsegment" : true,
							"c_orders" : {
								"$filter" : {
									"input" : "$c_orders",
									"as" : "o",
									"cond" : {
										"$lt" : [
											"$$o.o_orderdate",
											{
												"$const" : ISODate("1992-01-02T00:00:00Z")
											}
										]
									}
								}
							}
						},
						"inputStage" : {
							"stage" : "FETCH",
							"inputStage" : {
								"stage" : "IXSCAN",
								"keyPattern" : {
									"c_mktsegment" : 1
								},
								"indexName" : "idx_customer_b",
								"isMultiKey" : false,
								"multiKeyPaths" : {
									"c_mktsegment" : [ ]
								},
								"isUnique" : false,
								"isSparse" : false,
								"isPartial" : false,
								"indexVersion" : 2,
								"direction" : "forward",
								"indexBounds" : {
									"c_mktsegment" : [
										"[\"AUTOMOBILE\", \"AUTOMOBILE\"]"
									]
								}
							}
						}
					},
					"rejectedPlans" : [ ]
				},
				"executionStats" : {
					"executionSuccess" : true,
					"nReturned" : 29752,
					"executionTimeMillis" : 608,
					"totalKeysExamined" : 29752,
					"totalDocsExamined" : 29752,
					"executionStages" : {
						"stage" : "PROJECTION_DEFAULT",
						"nReturned" : 29752,
						"executionTimeMillisEstimate" : 463,
						"works" : 29753,
						"advanced" : 29752,
						"needTime" : 0,
						"needYield" : 0,
						"saveState" : 40,
						"restoreState" : 40,
						"isEOF" : 1,
						"transformBy" : {
							"_id" : true,
							"c_mktsegment" : true,
							"c_orders" : {
								"$filter" : {
									"input" : "$c_orders",
									"as" : "o",
									"cond" : {
										"$lt" : [
											"$$o.o_orderdate",
											{
												"$const" : ISODate("1992-01-02T00:00:00Z")
											}
										]
									}
								}
							}
						},
						"inputStage" : {
							"stage" : "FETCH",
							"nReturned" : 29752,
							"executionTimeMillisEstimate" : 138,
							"works" : 29753,
							"advanced" : 29752,
							"needTime" : 0,
							"needYield" : 0,
							"saveState" : 40,
							"restoreState" : 40,
							"isEOF" : 1,
							"docsExamined" : 29752,
							"alreadyHasObj" : 0,
							"inputStage" : {
								"stage" : "IXSCAN",
								"nReturned" : 29752,
								"executionTimeMillisEstimate" : 47,
								"works" : 29753,
								"advanced" : 29752,
								"needTime" : 0,
								"needYield" : 0,
								"saveState" : 40,
								"restoreState" : 40,
								"isEOF" : 1,
								"keyPattern" : {
									"c_mktsegment" : 1
								},
								"indexName" : "idx_customer_b",
								"isMultiKey" : false,
								"multiKeyPaths" : {
									"c_mktsegment" : [ ]
								},
								"isUnique" : false,
								"isSparse" : false,
								"isPartial" : false,
								"indexVersion" : 2,
								"direction" : "forward",
								"indexBounds" : {
									"c_mktsegment" : [
										"[\"AUTOMOBILE\", \"AUTOMOBILE\"]"
									]
								},
								"keysExamined" : 29752,
								"seeks" : 1,
								"dupsTested" : 0,
								"dupsDropped" : 0
							}
						}
					},
					"allPlansExecution" : [ ]
				}
			},
			"nReturned" : NumberLong(29752),
			"executionTimeMillisEstimate" : NumberLong(593)
		},
		{
			"$unwind" : {
				"path" : "$c_orders"
			},
			"nReturned" : NumberLong(113),
			"executionTimeMillisEstimate" : NumberLong(598)
		},
		{
			"$project" : {
				"_id" : true,
				"o_orderkey" : "$c_orders.o_orderkey",
				"o_orderdate" : "$c_orders.o_orderdate",
				"o_shippriority" : "$c_orders.o_shippriority",
				"lineitems" : "$c_orders.o_lineitems"
			},
			"nReturned" : NumberLong(113),
			"executionTimeMillisEstimate" : NumberLong(598)
		},
		{
			"$unwind" : {
				"path" : "$lineitems"
			},
			"nReturned" : NumberLong(440),
			"executionTimeMillisEstimate" : NumberLong(598)
		},
		{
			"$match" : {
				"lineitems.l_shipdate" : {
					"$gt" : ISODate("1992-01-02T00:00:00Z")
				}
			},
			"nReturned" : NumberLong(439),
			"executionTimeMillisEstimate" : NumberLong(598)
		},
		{
			"$group" : {
				"_id" : {
					"l_orderkey" : "$o_orderkey",
					"o_orderdate" : "$o_orderdate",
					"o_shippriority" : "$o_shippriority"
				},
				"revenue" : {
					"$sum" : {
						"$multiply" : [
							"$lineitems.l_extendedprice",
							{
								"$subtract" : [
									{
										"$const" : 1
									},
									"$lineitems.l_discount"
								]
							}
						]
					}
				}
			},
			"nReturned" : NumberLong(113),
			"executionTimeMillisEstimate" : NumberLong(598)
		},
		{
			"$sort" : {
				"sortKey" : {
					"revenue" : -1,
					"_id.o_orderdate" : 1
				},
				"limit" : NumberLong(10)
			},
			"nReturned" : NumberLong(10),
			"executionTimeMillisEstimate" : NumberLong(598)
		}
	],
	"serverInfo" : {
		"host" : "mt-mongo-2",
		"port" : 27012,
		"version" : "4.4.10",
		"gitVersion" : "58971da1ef93435a9f62bf4708a81713def6e88c"
	},
	"ok" : 1,
	"$clusterTime" : {
		"clusterTime" : Timestamp(1639497744, 5),
		"signature" : {
			"hash" : BinData(0,"AAAAAAAAAAAAAAAAAAAAAAAAAAA="),
			"keyId" : NumberLong(0)
		}
	},
	"operationTime" : Timestamp(1639497744, 5)
}


MongoDB shell version v4.4.10
connecting to: mongodb://mt-mongo-1:27011,mt-mongo-2:27012,mt-mongo-3:27013/?compressors=disabled&gssapiServiceName=mongodb&replicaSet=mt-exp-rs-001
Implicit session: session { "id" : UUID("2c6d81cf-a9f5-4765-a9b4-0542850681ba") }
MongoDB server version: 4.4.10
{
	"stages" : [
		{
			"$cursor" : {
				"queryPlanner" : {
					"plannerVersion" : 1,
					"namespace" : "tpch_mongo_1c.scale1",
					"indexFilterSet" : false,
					"parsedQuery" : {
						"c_mktsegment" : {
							"$eq" : "AUTOMOBILE"
						}
					},
					"queryHash" : "A133A489",
					"planCacheKey" : "E485CD54",
					"winningPlan" : {
						"stage" : "PROJECTION_DEFAULT",
						"transformBy" : {
							"_id" : true,
							"c_mktsegment" : true,
							"c_orders" : {
								"$filter" : {
									"input" : "$c_orders",
									"as" : "o",
									"cond" : {
										"$lt" : [
											"$$o.o_orderdate",
											{
												"$const" : ISODate("1992-01-02T00:00:00Z")
											}
										]
									}
								}
							}
						},
						"inputStage" : {
							"stage" : "FETCH",
							"inputStage" : {
								"stage" : "IXSCAN",
								"keyPattern" : {
									"c_mktsegment" : 1
								},
								"indexName" : "idx_customer_b",
								"isMultiKey" : false,
								"multiKeyPaths" : {
									"c_mktsegment" : [ ]
								},
								"isUnique" : false,
								"isSparse" : false,
								"isPartial" : false,
								"indexVersion" : 2,
								"direction" : "forward",
								"indexBounds" : {
									"c_mktsegment" : [
										"[\"AUTOMOBILE\", \"AUTOMOBILE\"]"
									]
								}
							}
						}
					},
					"rejectedPlans" : [ ]
				},
				"executionStats" : {
					"executionSuccess" : true,
					"nReturned" : 29752,
					"executionTimeMillis" : 570,
					"totalKeysExamined" : 29752,
					"totalDocsExamined" : 29752,
					"executionStages" : {
						"stage" : "PROJECTION_DEFAULT",
						"nReturned" : 29752,
						"executionTimeMillisEstimate" : 414,
						"works" : 29753,
						"advanced" : 29752,
						"needTime" : 0,
						"needYield" : 0,
						"saveState" : 39,
						"restoreState" : 39,
						"isEOF" : 1,
						"transformBy" : {
							"_id" : true,
							"c_mktsegment" : true,
							"c_orders" : {
								"$filter" : {
									"input" : "$c_orders",
									"as" : "o",
									"cond" : {
										"$lt" : [
											"$$o.o_orderdate",
											{
												"$const" : ISODate("1992-01-02T00:00:00Z")
											}
										]
									}
								}
							}
						},
						"inputStage" : {
							"stage" : "FETCH",
							"nReturned" : 29752,
							"executionTimeMillisEstimate" : 120,
							"works" : 29753,
							"advanced" : 29752,
							"needTime" : 0,
							"needYield" : 0,
							"saveState" : 39,
							"restoreState" : 39,
							"isEOF" : 1,
							"docsExamined" : 29752,
							"alreadyHasObj" : 0,
							"inputStage" : {
								"stage" : "IXSCAN",
								"nReturned" : 29752,
								"executionTimeMillisEstimate" : 36,
								"works" : 29753,
								"advanced" : 29752,
								"needTime" : 0,
								"needYield" : 0,
								"saveState" : 39,
								"restoreState" : 39,
								"isEOF" : 1,
								"keyPattern" : {
									"c_mktsegment" : 1
								},
								"indexName" : "idx_customer_b",
								"isMultiKey" : false,
								"multiKeyPaths" : {
									"c_mktsegment" : [ ]
								},
								"isUnique" : false,
								"isSparse" : false,
								"isPartial" : false,
								"indexVersion" : 2,
								"direction" : "forward",
								"indexBounds" : {
									"c_mktsegment" : [
										"[\"AUTOMOBILE\", \"AUTOMOBILE\"]"
									]
								},
								"keysExamined" : 29752,
								"seeks" : 1,
								"dupsTested" : 0,
								"dupsDropped" : 0
							}
						}
					},
					"allPlansExecution" : [ ]
				}
			},
			"nReturned" : NumberLong(29752),
			"executionTimeMillisEstimate" : NumberLong(557)
		},
		{
			"$unwind" : {
				"path" : "$c_orders"
			},
			"nReturned" : NumberLong(113),
			"executionTimeMillisEstimate" : NumberLong(570)
		},
		{
			"$project" : {
				"_id" : true,
				"o_orderkey" : "$c_orders.o_orderkey",
				"o_orderdate" : "$c_orders.o_orderdate",
				"o_shippriority" : "$c_orders.o_shippriority",
				"lineitems" : "$c_orders.o_lineitems"
			},
			"nReturned" : NumberLong(113),
			"executionTimeMillisEstimate" : NumberLong(570)
		},
		{
			"$unwind" : {
				"path" : "$lineitems"
			},
			"nReturned" : NumberLong(440),
			"executionTimeMillisEstimate" : NumberLong(570)
		},
		{
			"$match" : {
				"lineitems.l_shipdate" : {
					"$gt" : ISODate("1992-01-02T00:00:00Z")
				}
			},
			"nReturned" : NumberLong(439),
			"executionTimeMillisEstimate" : NumberLong(570)
		},
		{
			"$group" : {
				"_id" : {
					"l_orderkey" : "$o_orderkey",
					"o_orderdate" : "$o_orderdate",
					"o_shippriority" : "$o_shippriority"
				},
				"revenue" : {
					"$sum" : {
						"$multiply" : [
							"$lineitems.l_extendedprice",
							{
								"$subtract" : [
									{
										"$const" : 1
									},
									"$lineitems.l_discount"
								]
							}
						]
					}
				}
			},
			"nReturned" : NumberLong(113),
			"executionTimeMillisEstimate" : NumberLong(570)
		},
		{
			"$sort" : {
				"sortKey" : {
					"revenue" : -1,
					"_id.o_orderdate" : 1
				},
				"limit" : NumberLong(10)
			},
			"nReturned" : NumberLong(10),
			"executionTimeMillisEstimate" : NumberLong(570)
		}
	],
	"serverInfo" : {
		"host" : "mt-mongo-2",
		"port" : 27012,
		"version" : "4.4.10",
		"gitVersion" : "58971da1ef93435a9f62bf4708a81713def6e88c"
	},
	"ok" : 1,
	"$clusterTime" : {
		"clusterTime" : Timestamp(1639497793, 3),
		"signature" : {
			"hash" : BinData(0,"AAAAAAAAAAAAAAAAAAAAAAAAAAA="),
			"keyId" : NumberLong(0)
		}
	},
	"operationTime" : Timestamp(1639497793, 3)
}


MongoDB shell version v4.4.10
connecting to: mongodb://mt-mongo-1:27011,mt-mongo-2:27012,mt-mongo-3:27013/?compressors=disabled&gssapiServiceName=mongodb&replicaSet=mt-exp-rs-001
Implicit session: session { "id" : UUID("d6fc3db1-024a-4d3e-b3c9-6a66c783c903") }
MongoDB server version: 4.4.10
{
	"stages" : [
		{
			"$cursor" : {
				"queryPlanner" : {
					"plannerVersion" : 1,
					"namespace" : "tpch_mongo_1c.scale1",
					"indexFilterSet" : false,
					"parsedQuery" : {
						"c_mktsegment" : {
							"$eq" : "AUTOMOBILE"
						}
					},
					"queryHash" : "A133A489",
					"planCacheKey" : "E485CD54",
					"winningPlan" : {
						"stage" : "PROJECTION_DEFAULT",
						"transformBy" : {
							"_id" : true,
							"c_mktsegment" : true,
							"c_orders" : {
								"$filter" : {
									"input" : "$c_orders",
									"as" : "o",
									"cond" : {
										"$lt" : [
											"$$o.o_orderdate",
											{
												"$const" : ISODate("1992-01-02T00:00:00Z")
											}
										]
									}
								}
							}
						},
						"inputStage" : {
							"stage" : "FETCH",
							"inputStage" : {
								"stage" : "IXSCAN",
								"keyPattern" : {
									"c_mktsegment" : 1
								},
								"indexName" : "idx_customer_b",
								"isMultiKey" : false,
								"multiKeyPaths" : {
									"c_mktsegment" : [ ]
								},
								"isUnique" : false,
								"isSparse" : false,
								"isPartial" : false,
								"indexVersion" : 2,
								"direction" : "forward",
								"indexBounds" : {
									"c_mktsegment" : [
										"[\"AUTOMOBILE\", \"AUTOMOBILE\"]"
									]
								}
							}
						}
					},
					"rejectedPlans" : [ ]
				},
				"executionStats" : {
					"executionSuccess" : true,
					"nReturned" : 29752,
					"executionTimeMillis" : 560,
					"totalKeysExamined" : 29752,
					"totalDocsExamined" : 29752,
					"executionStages" : {
						"stage" : "PROJECTION_DEFAULT",
						"nReturned" : 29752,
						"executionTimeMillisEstimate" : 450,
						"works" : 29753,
						"advanced" : 29752,
						"needTime" : 0,
						"needYield" : 0,
						"saveState" : 38,
						"restoreState" : 38,
						"isEOF" : 1,
						"transformBy" : {
							"_id" : true,
							"c_mktsegment" : true,
							"c_orders" : {
								"$filter" : {
									"input" : "$c_orders",
									"as" : "o",
									"cond" : {
										"$lt" : [
											"$$o.o_orderdate",
											{
												"$const" : ISODate("1992-01-02T00:00:00Z")
											}
										]
									}
								}
							}
						},
						"inputStage" : {
							"stage" : "FETCH",
							"nReturned" : 29752,
							"executionTimeMillisEstimate" : 145,
							"works" : 29753,
							"advanced" : 29752,
							"needTime" : 0,
							"needYield" : 0,
							"saveState" : 38,
							"restoreState" : 38,
							"isEOF" : 1,
							"docsExamined" : 29752,
							"alreadyHasObj" : 0,
							"inputStage" : {
								"stage" : "IXSCAN",
								"nReturned" : 29752,
								"executionTimeMillisEstimate" : 75,
								"works" : 29753,
								"advanced" : 29752,
								"needTime" : 0,
								"needYield" : 0,
								"saveState" : 38,
								"restoreState" : 38,
								"isEOF" : 1,
								"keyPattern" : {
									"c_mktsegment" : 1
								},
								"indexName" : "idx_customer_b",
								"isMultiKey" : false,
								"multiKeyPaths" : {
									"c_mktsegment" : [ ]
								},
								"isUnique" : false,
								"isSparse" : false,
								"isPartial" : false,
								"indexVersion" : 2,
								"direction" : "forward",
								"indexBounds" : {
									"c_mktsegment" : [
										"[\"AUTOMOBILE\", \"AUTOMOBILE\"]"
									]
								},
								"keysExamined" : 29752,
								"seeks" : 1,
								"dupsTested" : 0,
								"dupsDropped" : 0
							}
						}
					},
					"allPlansExecution" : [ ]
				}
			},
			"nReturned" : NumberLong(29752),
			"executionTimeMillisEstimate" : NumberLong(542)
		},
		{
			"$unwind" : {
				"path" : "$c_orders"
			},
			"nReturned" : NumberLong(113),
			"executionTimeMillisEstimate" : NumberLong(558)
		},
		{
			"$project" : {
				"_id" : true,
				"o_orderkey" : "$c_orders.o_orderkey",
				"o_orderdate" : "$c_orders.o_orderdate",
				"o_shippriority" : "$c_orders.o_shippriority",
				"lineitems" : "$c_orders.o_lineitems"
			},
			"nReturned" : NumberLong(113),
			"executionTimeMillisEstimate" : NumberLong(558)
		},
		{
			"$unwind" : {
				"path" : "$lineitems"
			},
			"nReturned" : NumberLong(440),
			"executionTimeMillisEstimate" : NumberLong(558)
		},
		{
			"$match" : {
				"lineitems.l_shipdate" : {
					"$gt" : ISODate("1992-01-02T00:00:00Z")
				}
			},
			"nReturned" : NumberLong(439),
			"executionTimeMillisEstimate" : NumberLong(558)
		},
		{
			"$group" : {
				"_id" : {
					"l_orderkey" : "$o_orderkey",
					"o_orderdate" : "$o_orderdate",
					"o_shippriority" : "$o_shippriority"
				},
				"revenue" : {
					"$sum" : {
						"$multiply" : [
							"$lineitems.l_extendedprice",
							{
								"$subtract" : [
									{
										"$const" : 1
									},
									"$lineitems.l_discount"
								]
							}
						]
					}
				}
			},
			"nReturned" : NumberLong(113),
			"executionTimeMillisEstimate" : NumberLong(558)
		},
		{
			"$sort" : {
				"sortKey" : {
					"revenue" : -1,
					"_id.o_orderdate" : 1
				},
				"limit" : NumberLong(10)
			},
			"nReturned" : NumberLong(10),
			"executionTimeMillisEstimate" : NumberLong(558)
		}
	],
	"serverInfo" : {
		"host" : "mt-mongo-3",
		"port" : 27013,
		"version" : "4.4.10",
		"gitVersion" : "58971da1ef93435a9f62bf4708a81713def6e88c"
	},
	"ok" : 1,
	"$clusterTime" : {
		"clusterTime" : Timestamp(1639497848, 3),
		"signature" : {
			"hash" : BinData(0,"AAAAAAAAAAAAAAAAAAAAAAAAAAA="),
			"keyId" : NumberLong(0)
		}
	},
	"operationTime" : Timestamp(1639497848, 3)
}


