MongoDB shell version v4.4.10
connecting to: mongodb://mt-mongo-1:27011,mt-mongo-2:27012,mt-mongo-3:27013/?compressors=disabled&gssapiServiceName=mongodb&replicaSet=mt-exp-rs-001
Implicit session: session { "id" : UUID("3a7f27c0-751c-4bae-847c-661d015de183") }
MongoDB server version: 4.4.10
{
	"queryPlanner" : {
		"plannerVersion" : 1,
		"namespace" : "tpch_mongo_1c.scale1",
		"indexFilterSet" : false,
		"parsedQuery" : {
			"c_acctbal" : {
				"$lt" : -10
			}
		},
		"optimizedPipeline" : true,
		"winningPlan" : {
			"stage" : "COLLSCAN",
			"filter" : {
				"c_acctbal" : {
					"$lt" : -10
				}
			},
			"direction" : "forward"
		},
		"rejectedPlans" : [ ]
	},
	"executionStats" : {
		"executionSuccess" : true,
		"nReturned" : 13559,
		"executionTimeMillis" : 5424,
		"totalKeysExamined" : 0,
		"totalDocsExamined" : 150000,
		"executionStages" : {
			"stage" : "COLLSCAN",
			"filter" : {
				"c_acctbal" : {
					"$lt" : -10
				}
			},
			"nReturned" : 13559,
			"executionTimeMillisEstimate" : 5393,
			"works" : 150002,
			"advanced" : 13559,
			"needTime" : 136442,
			"needYield" : 0,
			"saveState" : 284,
			"restoreState" : 284,
			"isEOF" : 1,
			"direction" : "forward",
			"docsExamined" : 150000
		},
		"allPlansExecution" : [ ]
	},
	"serverInfo" : {
		"host" : "mt-mongo-3",
		"port" : 27013,
		"version" : "4.4.10",
		"gitVersion" : "58971da1ef93435a9f62bf4708a81713def6e88c"
	},
	"ok" : 1,
	"$clusterTime" : {
		"clusterTime" : Timestamp(1639534980, 2),
		"signature" : {
			"hash" : BinData(0,"AAAAAAAAAAAAAAAAAAAAAAAAAAA="),
			"keyId" : NumberLong(0)
		}
	},
	"operationTime" : Timestamp(1639534980, 2)
}


MongoDB shell version v4.4.10
connecting to: mongodb://mt-mongo-1:27011,mt-mongo-2:27012,mt-mongo-3:27013/?compressors=disabled&gssapiServiceName=mongodb&replicaSet=mt-exp-rs-001
Implicit session: session { "id" : UUID("f42caaae-071c-4b7c-b267-4078eb34ce2a") }
MongoDB server version: 4.4.10
{
	"queryPlanner" : {
		"plannerVersion" : 1,
		"namespace" : "tpch_mongo_1c.scale1",
		"indexFilterSet" : false,
		"parsedQuery" : {
			"c_acctbal" : {
				"$lt" : -10
			}
		},
		"optimizedPipeline" : true,
		"winningPlan" : {
			"stage" : "COLLSCAN",
			"filter" : {
				"c_acctbal" : {
					"$lt" : -10
				}
			},
			"direction" : "forward"
		},
		"rejectedPlans" : [ ]
	},
	"executionStats" : {
		"executionSuccess" : true,
		"nReturned" : 13559,
		"executionTimeMillis" : 5916,
		"totalKeysExamined" : 0,
		"totalDocsExamined" : 150000,
		"executionStages" : {
			"stage" : "COLLSCAN",
			"filter" : {
				"c_acctbal" : {
					"$lt" : -10
				}
			},
			"nReturned" : 13559,
			"executionTimeMillisEstimate" : 5880,
			"works" : 150002,
			"advanced" : 13559,
			"needTime" : 136442,
			"needYield" : 0,
			"saveState" : 311,
			"restoreState" : 311,
			"isEOF" : 1,
			"direction" : "forward",
			"docsExamined" : 150000
		},
		"allPlansExecution" : [ ]
	},
	"serverInfo" : {
		"host" : "mt-mongo-2",
		"port" : 27012,
		"version" : "4.4.10",
		"gitVersion" : "58971da1ef93435a9f62bf4708a81713def6e88c"
	},
	"ok" : 1,
	"$clusterTime" : {
		"clusterTime" : Timestamp(1639535028, 2),
		"signature" : {
			"hash" : BinData(0,"AAAAAAAAAAAAAAAAAAAAAAAAAAA="),
			"keyId" : NumberLong(0)
		}
	},
	"operationTime" : Timestamp(1639535028, 2)
}


MongoDB shell version v4.4.10
connecting to: mongodb://mt-mongo-1:27011,mt-mongo-2:27012,mt-mongo-3:27013/?compressors=disabled&gssapiServiceName=mongodb&replicaSet=mt-exp-rs-001
Implicit session: session { "id" : UUID("9fa8e581-10bd-4bd2-8f40-38985b49d995") }
MongoDB server version: 4.4.10
{
	"queryPlanner" : {
		"plannerVersion" : 1,
		"namespace" : "tpch_mongo_1c.scale1",
		"indexFilterSet" : false,
		"parsedQuery" : {
			"c_acctbal" : {
				"$lt" : -10
			}
		},
		"optimizedPipeline" : true,
		"winningPlan" : {
			"stage" : "COLLSCAN",
			"filter" : {
				"c_acctbal" : {
					"$lt" : -10
				}
			},
			"direction" : "forward"
		},
		"rejectedPlans" : [ ]
	},
	"executionStats" : {
		"executionSuccess" : true,
		"nReturned" : 13559,
		"executionTimeMillis" : 5703,
		"totalKeysExamined" : 0,
		"totalDocsExamined" : 150000,
		"executionStages" : {
			"stage" : "COLLSCAN",
			"filter" : {
				"c_acctbal" : {
					"$lt" : -10
				}
			},
			"nReturned" : 13559,
			"executionTimeMillisEstimate" : 5674,
			"works" : 150002,
			"advanced" : 13559,
			"needTime" : 136442,
			"needYield" : 0,
			"saveState" : 298,
			"restoreState" : 298,
			"isEOF" : 1,
			"direction" : "forward",
			"docsExamined" : 150000
		},
		"allPlansExecution" : [ ]
	},
	"serverInfo" : {
		"host" : "mt-mongo-2",
		"port" : 27012,
		"version" : "4.4.10",
		"gitVersion" : "58971da1ef93435a9f62bf4708a81713def6e88c"
	},
	"ok" : 1,
	"$clusterTime" : {
		"clusterTime" : Timestamp(1639535070, 1),
		"signature" : {
			"hash" : BinData(0,"AAAAAAAAAAAAAAAAAAAAAAAAAAA="),
			"keyId" : NumberLong(0)
		}
	},
	"operationTime" : Timestamp(1639535070, 1)
}


MongoDB shell version v4.4.10
connecting to: mongodb://mt-mongo-1:27011,mt-mongo-2:27012,mt-mongo-3:27013/?compressors=disabled&gssapiServiceName=mongodb&replicaSet=mt-exp-rs-001
Implicit session: session { "id" : UUID("34138bca-4695-47ac-a0f2-d324412ad0ba") }
MongoDB server version: 4.4.10
{
	"queryPlanner" : {
		"plannerVersion" : 1,
		"namespace" : "tpch_mongo_1c.scale1",
		"indexFilterSet" : false,
		"parsedQuery" : {
			"c_acctbal" : {
				"$lt" : -10
			}
		},
		"optimizedPipeline" : true,
		"winningPlan" : {
			"stage" : "COLLSCAN",
			"filter" : {
				"c_acctbal" : {
					"$lt" : -10
				}
			},
			"direction" : "forward"
		},
		"rejectedPlans" : [ ]
	},
	"executionStats" : {
		"executionSuccess" : true,
		"nReturned" : 13559,
		"executionTimeMillis" : 5066,
		"totalKeysExamined" : 0,
		"totalDocsExamined" : 150000,
		"executionStages" : {
			"stage" : "COLLSCAN",
			"filter" : {
				"c_acctbal" : {
					"$lt" : -10
				}
			},
			"nReturned" : 13559,
			"executionTimeMillisEstimate" : 5026,
			"works" : 150002,
			"advanced" : 13559,
			"needTime" : 136442,
			"needYield" : 0,
			"saveState" : 266,
			"restoreState" : 266,
			"isEOF" : 1,
			"direction" : "forward",
			"docsExamined" : 150000
		},
		"allPlansExecution" : [ ]
	},
	"serverInfo" : {
		"host" : "mt-mongo-2",
		"port" : 27012,
		"version" : "4.4.10",
		"gitVersion" : "58971da1ef93435a9f62bf4708a81713def6e88c"
	},
	"ok" : 1,
	"$clusterTime" : {
		"clusterTime" : Timestamp(1639535115, 2),
		"signature" : {
			"hash" : BinData(0,"AAAAAAAAAAAAAAAAAAAAAAAAAAA="),
			"keyId" : NumberLong(0)
		}
	},
	"operationTime" : Timestamp(1639535115, 2)
}


MongoDB shell version v4.4.10
connecting to: mongodb://mt-mongo-1:27011,mt-mongo-2:27012,mt-mongo-3:27013/?compressors=disabled&gssapiServiceName=mongodb&replicaSet=mt-exp-rs-001
Implicit session: session { "id" : UUID("984ae5c4-2b9c-4a63-95e1-e47242fe00f8") }
MongoDB server version: 4.4.10
{
	"queryPlanner" : {
		"plannerVersion" : 1,
		"namespace" : "tpch_mongo_1c.scale1",
		"indexFilterSet" : false,
		"parsedQuery" : {
			"c_acctbal" : {
				"$lt" : -10
			}
		},
		"optimizedPipeline" : true,
		"winningPlan" : {
			"stage" : "COLLSCAN",
			"filter" : {
				"c_acctbal" : {
					"$lt" : -10
				}
			},
			"direction" : "forward"
		},
		"rejectedPlans" : [ ]
	},
	"executionStats" : {
		"executionSuccess" : true,
		"nReturned" : 13559,
		"executionTimeMillis" : 6857,
		"totalKeysExamined" : 0,
		"totalDocsExamined" : 150000,
		"executionStages" : {
			"stage" : "COLLSCAN",
			"filter" : {
				"c_acctbal" : {
					"$lt" : -10
				}
			},
			"nReturned" : 13559,
			"executionTimeMillisEstimate" : 6822,
			"works" : 150002,
			"advanced" : 13559,
			"needTime" : 136442,
			"needYield" : 0,
			"saveState" : 362,
			"restoreState" : 362,
			"isEOF" : 1,
			"direction" : "forward",
			"docsExamined" : 150000
		},
		"allPlansExecution" : [ ]
	},
	"serverInfo" : {
		"host" : "mt-mongo-3",
		"port" : 27013,
		"version" : "4.4.10",
		"gitVersion" : "58971da1ef93435a9f62bf4708a81713def6e88c"
	},
	"ok" : 1,
	"$clusterTime" : {
		"clusterTime" : Timestamp(1639535156, 2),
		"signature" : {
			"hash" : BinData(0,"AAAAAAAAAAAAAAAAAAAAAAAAAAA="),
			"keyId" : NumberLong(0)
		}
	},
	"operationTime" : Timestamp(1639535156, 2)
}


